Jul 15, 2015 10:47:39 AM org.apache.catalina.core.AprLifecycleListener lifecycleEvent
INFO: The APR based Apache Tomcat Native library which allows optimal performance in production environments was not found on the java.library.path: /Users/wtobey/Library/Java/Extensions:/Library/Java/Extensions:/Network/Library/Java/Extensions:/System/Library/Java/Extensions:/usr/lib/java:.
Jul 15, 2015 10:47:39 AM org.apache.coyote.AbstractProtocol init
INFO: Initializing ProtocolHandler ["http-bio-8085"]
Jul 15, 2015 10:47:39 AM org.apache.catalina.startup.Catalina load
INFO: Initialization processed in 617 ms
Jul 15, 2015 10:47:40 AM org.apache.catalina.core.StandardService startInternal
INFO: Starting service Catalina
Jul 15, 2015 10:47:40 AM org.apache.catalina.core.StandardEngine startInternal
INFO: Starting Servlet Engine: Apache Tomcat/7.0.59
Jul 15, 2015 10:48:40 AM org.apache.coyote.AbstractProtocol start
INFO: Starting ProtocolHandler ["http-bio-8085"]
Jul 15, 2015 10:48:40 AM org.apache.catalina.startup.Catalina start
INFO: Server startup in 60379 ms
Jul 15, 2015 3:12:02 PM org.apache.coyote.AbstractProtocol pause
INFO: Pausing ProtocolHandler ["http-bio-8085"]
Jul 15, 2015 3:12:02 PM org.apache.catalina.core.StandardService stopInternal
INFO: Stopping service Catalina
Jul 15, 2015 3:12:07 PM org.apache.coyote.AbstractProtocol stop
INFO: Stopping ProtocolHandler ["http-bio-8085"]
Jul 15, 2015 3:12:07 PM org.apache.coyote.AbstractProtocol destroy
INFO: Destroying ProtocolHandler ["http-bio-8085"]
