Jul 06, 2015 9:39:25 AM org.apache.catalina.core.AprLifecycleListener lifecycleEvent
INFO: The APR based Apache Tomcat Native library which allows optimal performance in production environments was not found on the java.library.path: /Users/WST/Library/Java/Extensions:/Library/Java/Extensions:/Network/Library/Java/Extensions:/System/Library/Java/Extensions:/usr/lib/java:.
Jul 06, 2015 9:39:25 AM org.apache.coyote.AbstractProtocol init
INFO: Initializing ProtocolHandler ["http-bio-8085"]
Jul 06, 2015 9:39:25 AM org.apache.catalina.startup.Catalina load
INFO: Initialization processed in 632 ms
Jul 06, 2015 9:39:25 AM org.apache.catalina.core.StandardService startInternal
INFO: Starting service Catalina
Jul 06, 2015 9:39:25 AM org.apache.catalina.core.StandardEngine startInternal
INFO: Starting Servlet Engine: Apache Tomcat/7.0.59
Jul 06, 2015 9:40:42 AM org.apache.coyote.AbstractProtocol start
INFO: Starting ProtocolHandler ["http-bio-8085"]
Jul 06, 2015 9:40:42 AM org.apache.catalina.startup.Catalina start
INFO: Server startup in 76546 ms
Jul 06, 2015 11:46:11 AM org.apache.coyote.AbstractProtocol pause
INFO: Pausing ProtocolHandler ["http-bio-8085"]
Jul 06, 2015 11:46:11 AM org.apache.catalina.core.StandardService stopInternal
INFO: Stopping service Catalina
Jul 06, 2015 11:46:17 AM org.apache.coyote.AbstractProtocol stop
INFO: Stopping ProtocolHandler ["http-bio-8085"]
Jul 06, 2015 11:46:17 AM org.apache.coyote.AbstractProtocol destroy
INFO: Destroying ProtocolHandler ["http-bio-8085"]
Jul 06, 2015 1:27:05 PM org.apache.catalina.core.AprLifecycleListener lifecycleEvent
INFO: The APR based Apache Tomcat Native library which allows optimal performance in production environments was not found on the java.library.path: /Users/WST/Library/Java/Extensions:/Library/Java/Extensions:/Network/Library/Java/Extensions:/System/Library/Java/Extensions:/usr/lib/java:.
Jul 06, 2015 1:27:05 PM org.apache.coyote.AbstractProtocol init
INFO: Initializing ProtocolHandler ["http-bio-8085"]
Jul 06, 2015 1:27:05 PM org.apache.catalina.startup.Catalina load
INFO: Initialization processed in 648 ms
Jul 06, 2015 1:27:05 PM org.apache.catalina.core.StandardService startInternal
INFO: Starting service Catalina
Jul 06, 2015 1:27:05 PM org.apache.catalina.core.StandardEngine startInternal
INFO: Starting Servlet Engine: Apache Tomcat/7.0.59
Jul 06, 2015 1:28:26 PM org.apache.catalina.core.AprLifecycleListener lifecycleEvent
INFO: The APR based Apache Tomcat Native library which allows optimal performance in production environments was not found on the java.library.path: /Users/WST/Library/Java/Extensions:/Library/Java/Extensions:/Network/Library/Java/Extensions:/System/Library/Java/Extensions:/usr/lib/java:.
Jul 06, 2015 1:28:27 PM org.apache.coyote.AbstractProtocol init
INFO: Initializing ProtocolHandler ["http-bio-8085"]
Jul 06, 2015 1:28:27 PM org.apache.coyote.AbstractProtocol init
SEVERE: Failed to initialize end point associated with ProtocolHandler ["http-bio-8085"]
java.net.BindException: Address already in use <null>:8085
	at org.apache.tomcat.util.net.JIoEndpoint.bind(JIoEndpoint.java:411)
	at org.apache.tomcat.util.net.AbstractEndpoint.init(AbstractEndpoint.java:646)
	at org.apache.coyote.AbstractProtocol.init(AbstractProtocol.java:434)
	at org.apache.coyote.http11.AbstractHttp11JsseProtocol.init(AbstractHttp11JsseProtocol.java:119)
	at org.apache.catalina.connector.Connector.initInternal(Connector.java:978)
	at org.apache.catalina.util.LifecycleBase.init(LifecycleBase.java:102)
	at org.apache.catalina.core.StandardService.initInternal(StandardService.java:559)
	at org.apache.catalina.util.LifecycleBase.init(LifecycleBase.java:102)
	at org.apache.catalina.core.StandardServer.initInternal(StandardServer.java:821)
	at org.apache.catalina.util.LifecycleBase.init(LifecycleBase.java:102)
	at org.apache.catalina.startup.Catalina.load(Catalina.java:638)
	at org.apache.catalina.startup.Catalina.load(Catalina.java:663)
	at sun.reflect.NativeMethodAccessorImpl.invoke0(Native Method)
	at sun.reflect.NativeMethodAccessorImpl.invoke(NativeMethodAccessorImpl.java:62)
	at sun.reflect.DelegatingMethodAccessorImpl.invoke(DelegatingMethodAccessorImpl.java:43)
	at java.lang.reflect.Method.invoke(Method.java:483)
	at org.apache.catalina.startup.Bootstrap.load(Bootstrap.java:280)
	at org.apache.catalina.startup.Bootstrap.main(Bootstrap.java:454)
Caused by: java.net.BindException: Address already in use
	at java.net.PlainSocketImpl.socketBind(Native Method)
	at java.net.AbstractPlainSocketImpl.bind(AbstractPlainSocketImpl.java:382)
	at java.net.ServerSocket.bind(ServerSocket.java:375)
	at java.net.ServerSocket.<init>(ServerSocket.java:237)
	at java.net.ServerSocket.<init>(ServerSocket.java:181)
	at org.apache.tomcat.util.net.DefaultServerSocketFactory.createSocket(DefaultServerSocketFactory.java:49)
	at org.apache.tomcat.util.net.JIoEndpoint.bind(JIoEndpoint.java:398)
	... 17 more

Jul 06, 2015 1:28:27 PM org.apache.catalina.core.StandardService initInternal
SEVERE: Failed to initialize connector [Connector[HTTP/1.1-8085]]
org.apache.catalina.LifecycleException: Failed to initialize component [Connector[HTTP/1.1-8085]]
	at org.apache.catalina.util.LifecycleBase.init(LifecycleBase.java:106)
	at org.apache.catalina.core.StandardService.initInternal(StandardService.java:559)
	at org.apache.catalina.util.LifecycleBase.init(LifecycleBase.java:102)
	at org.apache.catalina.core.StandardServer.initInternal(StandardServer.java:821)
	at org.apache.catalina.util.LifecycleBase.init(LifecycleBase.java:102)
	at org.apache.catalina.startup.Catalina.load(Catalina.java:638)
	at org.apache.catalina.startup.Catalina.load(Catalina.java:663)
	at sun.reflect.NativeMethodAccessorImpl.invoke0(Native Method)
	at sun.reflect.NativeMethodAccessorImpl.invoke(NativeMethodAccessorImpl.java:62)
	at sun.reflect.DelegatingMethodAccessorImpl.invoke(DelegatingMethodAccessorImpl.java:43)
	at java.lang.reflect.Method.invoke(Method.java:483)
	at org.apache.catalina.startup.Bootstrap.load(Bootstrap.java:280)
	at org.apache.catalina.startup.Bootstrap.main(Bootstrap.java:454)
Caused by: org.apache.catalina.LifecycleException: Protocol handler initialization failed
	at org.apache.catalina.connector.Connector.initInternal(Connector.java:980)
	at org.apache.catalina.util.LifecycleBase.init(LifecycleBase.java:102)
	... 12 more
Caused by: java.net.BindException: Address already in use <null>:8085
	at org.apache.tomcat.util.net.JIoEndpoint.bind(JIoEndpoint.java:411)
	at org.apache.tomcat.util.net.AbstractEndpoint.init(AbstractEndpoint.java:646)
	at org.apache.coyote.AbstractProtocol.init(AbstractProtocol.java:434)
	at org.apache.coyote.http11.AbstractHttp11JsseProtocol.init(AbstractHttp11JsseProtocol.java:119)
	at org.apache.catalina.connector.Connector.initInternal(Connector.java:978)
	... 13 more
Caused by: java.net.BindException: Address already in use
	at java.net.PlainSocketImpl.socketBind(Native Method)
	at java.net.AbstractPlainSocketImpl.bind(AbstractPlainSocketImpl.java:382)
	at java.net.ServerSocket.bind(ServerSocket.java:375)
	at java.net.ServerSocket.<init>(ServerSocket.java:237)
	at java.net.ServerSocket.<init>(ServerSocket.java:181)
	at org.apache.tomcat.util.net.DefaultServerSocketFactory.createSocket(DefaultServerSocketFactory.java:49)
	at org.apache.tomcat.util.net.JIoEndpoint.bind(JIoEndpoint.java:398)
	... 17 more

Jul 06, 2015 1:28:27 PM org.apache.catalina.startup.Catalina load
INFO: Initialization processed in 1311 ms
Jul 06, 2015 1:28:27 PM org.apache.catalina.core.StandardService startInternal
INFO: Starting service Catalina
Jul 06, 2015 1:28:27 PM org.apache.catalina.core.StandardEngine startInternal
INFO: Starting Servlet Engine: Apache Tomcat/7.0.59
Jul 06, 2015 1:28:31 PM org.apache.coyote.AbstractProtocol start
INFO: Starting ProtocolHandler ["http-bio-8085"]
Jul 06, 2015 1:28:31 PM org.apache.catalina.startup.Catalina start
INFO: Server startup in 85926 ms
Jul 06, 2015 3:00:16 PM org.apache.coyote.AbstractProtocol pause
INFO: Pausing ProtocolHandler ["http-bio-8085"]
Jul 06, 2015 3:00:16 PM org.apache.catalina.core.StandardService stopInternal
INFO: Stopping service Catalina
Jul 06, 2015 3:00:22 PM org.apache.coyote.AbstractProtocol stop
INFO: Stopping ProtocolHandler ["http-bio-8085"]
Jul 06, 2015 3:00:22 PM org.apache.coyote.AbstractProtocol destroy
INFO: Destroying ProtocolHandler ["http-bio-8085"]
Jul 06, 2015 3:01:18 PM org.apache.catalina.startup.Catalina start
INFO: Server startup in 5571330 ms
Jul 06, 2015 3:07:23 PM org.apache.catalina.core.StandardServer await
INFO: A valid shutdown command was received via the shutdown port. Stopping the Server instance.
Jul 06, 2015 3:07:23 PM org.apache.coyote.AbstractProtocol pause
INFO: Pausing ProtocolHandler ["http-bio-8085"]
Jul 06, 2015 3:07:23 PM org.apache.catalina.core.StandardService stopInternal
INFO: Stopping service Catalina
Jul 06, 2015 3:07:23 PM org.apache.coyote.AbstractProtocol stop
INFO: Stopping ProtocolHandler ["http-bio-8085"]
Jul 06, 2015 3:07:23 PM org.apache.coyote.AbstractProtocol destroy
INFO: Destroying ProtocolHandler ["http-bio-8085"]
Jul 06, 2015 3:07:29 PM org.apache.catalina.core.AprLifecycleListener lifecycleEvent
INFO: The APR based Apache Tomcat Native library which allows optimal performance in production environments was not found on the java.library.path: /Users/WST/Library/Java/Extensions:/Library/Java/Extensions:/Network/Library/Java/Extensions:/System/Library/Java/Extensions:/usr/lib/java:.
Jul 06, 2015 3:07:29 PM org.apache.coyote.AbstractProtocol init
INFO: Initializing ProtocolHandler ["http-bio-8085"]
Jul 06, 2015 3:07:29 PM org.apache.catalina.startup.Catalina load
INFO: Initialization processed in 770 ms
Jul 06, 2015 3:07:29 PM org.apache.catalina.core.StandardService startInternal
INFO: Starting service Catalina
Jul 06, 2015 3:07:29 PM org.apache.catalina.core.StandardEngine startInternal
INFO: Starting Servlet Engine: Apache Tomcat/7.0.59
Jul 06, 2015 3:09:08 PM org.apache.coyote.AbstractProtocol start
INFO: Starting ProtocolHandler ["http-bio-8085"]
Jul 06, 2015 3:09:08 PM org.apache.catalina.startup.Catalina start
INFO: Server startup in 98519 ms
