Jun 30, 2015 11:30:07 AM org.apache.catalina.core.AprLifecycleListener lifecycleEvent
INFO: The APR based Apache Tomcat Native library which allows optimal performance in production environments was not found on the java.library.path: /Users/WST/Library/Java/Extensions:/Library/Java/Extensions:/Network/Library/Java/Extensions:/System/Library/Java/Extensions:/usr/lib/java:.
Jun 30, 2015 11:30:07 AM org.apache.coyote.AbstractProtocol init
INFO: Initializing ProtocolHandler ["http-bio-8085"]
Jun 30, 2015 11:30:07 AM org.apache.catalina.startup.Catalina load
INFO: Initialization processed in 667 ms
Jun 30, 2015 11:30:07 AM org.apache.catalina.core.StandardService startInternal
INFO: Starting service Catalina
Jun 30, 2015 11:30:07 AM org.apache.catalina.core.StandardEngine startInternal
INFO: Starting Servlet Engine: Apache Tomcat/7.0.59
Jun 30, 2015 11:30:21 AM org.apache.coyote.AbstractProtocol start
INFO: Starting ProtocolHandler ["http-bio-8085"]
Jun 30, 2015 11:30:21 AM org.apache.catalina.startup.Catalina start
INFO: Server startup in 14047 ms
Jun 30, 2015 11:31:29 AM org.apache.catalina.core.StandardServer await
INFO: A valid shutdown command was received via the shutdown port. Stopping the Server instance.
Jun 30, 2015 11:31:29 AM org.apache.coyote.AbstractProtocol pause
INFO: Pausing ProtocolHandler ["http-bio-8085"]
Jun 30, 2015 11:31:29 AM org.apache.catalina.core.StandardService stopInternal
INFO: Stopping service Catalina
Jun 30, 2015 11:31:30 AM org.apache.coyote.AbstractProtocol stop
INFO: Stopping ProtocolHandler ["http-bio-8085"]
Jun 30, 2015 11:31:30 AM org.apache.coyote.AbstractProtocol destroy
INFO: Destroying ProtocolHandler ["http-bio-8085"]
Jun 30, 2015 11:31:35 AM org.apache.catalina.core.AprLifecycleListener lifecycleEvent
INFO: The APR based Apache Tomcat Native library which allows optimal performance in production environments was not found on the java.library.path: /Users/WST/Library/Java/Extensions:/Library/Java/Extensions:/Network/Library/Java/Extensions:/System/Library/Java/Extensions:/usr/lib/java:.
Jun 30, 2015 11:31:35 AM org.apache.coyote.AbstractProtocol init
INFO: Initializing ProtocolHandler ["http-bio-8085"]
Jun 30, 2015 11:31:35 AM org.apache.catalina.startup.Catalina load
INFO: Initialization processed in 516 ms
Jun 30, 2015 11:31:35 AM org.apache.catalina.core.StandardService startInternal
INFO: Starting service Catalina
Jun 30, 2015 11:31:35 AM org.apache.catalina.core.StandardEngine startInternal
INFO: Starting Servlet Engine: Apache Tomcat/7.0.59
Jun 30, 2015 11:31:46 AM org.apache.coyote.AbstractProtocol start
INFO: Starting ProtocolHandler ["http-bio-8085"]
Jun 30, 2015 11:31:46 AM org.apache.catalina.startup.Catalina start
INFO: Server startup in 11407 ms
Jun 30, 2015 1:59:34 PM org.apache.coyote.AbstractProtocol pause
INFO: Pausing ProtocolHandler ["http-bio-8085"]
Jun 30, 2015 1:59:34 PM org.apache.catalina.core.StandardService stopInternal
INFO: Stopping service Catalina
Jun 30, 2015 1:59:35 PM org.apache.coyote.AbstractProtocol stop
INFO: Stopping ProtocolHandler ["http-bio-8085"]
Jun 30, 2015 1:59:35 PM org.apache.coyote.AbstractProtocol destroy
INFO: Destroying ProtocolHandler ["http-bio-8085"]
