Jul 16, 2015 10:14:14 AM org.apache.catalina.core.AprLifecycleListener lifecycleEvent
INFO: The APR based Apache Tomcat Native library which allows optimal performance in production environments was not found on the java.library.path: /Users/wtobey/Library/Java/Extensions:/Library/Java/Extensions:/Network/Library/Java/Extensions:/System/Library/Java/Extensions:/usr/lib/java:.
Jul 16, 2015 10:14:14 AM org.apache.coyote.AbstractProtocol init
INFO: Initializing ProtocolHandler ["http-bio-8085"]
Jul 16, 2015 10:14:14 AM org.apache.catalina.startup.Catalina load
INFO: Initialization processed in 626 ms
Jul 16, 2015 10:14:14 AM org.apache.catalina.core.StandardService startInternal
INFO: Starting service Catalina
Jul 16, 2015 10:14:14 AM org.apache.catalina.core.StandardEngine startInternal
INFO: Starting Servlet Engine: Apache Tomcat/7.0.59
Jul 16, 2015 10:15:28 AM org.apache.coyote.AbstractProtocol start
INFO: Starting ProtocolHandler ["http-bio-8085"]
Jul 16, 2015 10:15:28 AM org.apache.catalina.startup.Catalina start
INFO: Server startup in 73949 ms
Jul 16, 2015 11:58:16 AM org.apache.coyote.AbstractProtocol pause
INFO: Pausing ProtocolHandler ["http-bio-8085"]
Jul 16, 2015 11:58:16 AM org.apache.catalina.core.StandardService stopInternal
INFO: Stopping service Catalina
Jul 16, 2015 11:58:21 AM org.apache.coyote.AbstractProtocol stop
INFO: Stopping ProtocolHandler ["http-bio-8085"]
Jul 16, 2015 11:58:21 AM org.apache.coyote.AbstractProtocol destroy
INFO: Destroying ProtocolHandler ["http-bio-8085"]
Jul 16, 2015 12:09:58 PM org.apache.catalina.core.AprLifecycleListener lifecycleEvent
INFO: The APR based Apache Tomcat Native library which allows optimal performance in production environments was not found on the java.library.path: /Users/wtobey/Library/Java/Extensions:/Library/Java/Extensions:/Network/Library/Java/Extensions:/System/Library/Java/Extensions:/usr/lib/java:.
Jul 16, 2015 12:09:59 PM org.apache.coyote.AbstractProtocol init
INFO: Initializing ProtocolHandler ["http-bio-8085"]
Jul 16, 2015 12:09:59 PM org.apache.catalina.startup.Catalina load
INFO: Initialization processed in 578 ms
Jul 16, 2015 12:09:59 PM org.apache.catalina.core.StandardService startInternal
INFO: Starting service Catalina
Jul 16, 2015 12:09:59 PM org.apache.catalina.core.StandardEngine startInternal
INFO: Starting Servlet Engine: Apache Tomcat/7.0.59
Jul 16, 2015 12:10:57 PM org.apache.coyote.AbstractProtocol start
INFO: Starting ProtocolHandler ["http-bio-8085"]
Jul 16, 2015 12:10:57 PM org.apache.catalina.startup.Catalina start
INFO: Server startup in 58368 ms
Jul 16, 2015 3:35:48 PM org.apache.coyote.AbstractProtocol pause
INFO: Pausing ProtocolHandler ["http-bio-8085"]
Jul 16, 2015 3:35:48 PM org.apache.catalina.core.StandardService stopInternal
INFO: Stopping service Catalina
Jul 16, 2015 3:35:54 PM org.apache.coyote.AbstractProtocol stop
INFO: Stopping ProtocolHandler ["http-bio-8085"]
Jul 16, 2015 3:35:54 PM org.apache.coyote.AbstractProtocol destroy
INFO: Destroying ProtocolHandler ["http-bio-8085"]
Jul 16, 2015 5:58:38 PM org.apache.catalina.core.AprLifecycleListener lifecycleEvent
INFO: The APR based Apache Tomcat Native library which allows optimal performance in production environments was not found on the java.library.path: /Users/wtobey/Library/Java/Extensions:/Library/Java/Extensions:/Network/Library/Java/Extensions:/System/Library/Java/Extensions:/usr/lib/java:.
Jul 16, 2015 5:58:38 PM org.apache.coyote.AbstractProtocol init
INFO: Initializing ProtocolHandler ["http-bio-8085"]
Jul 16, 2015 5:58:39 PM org.apache.catalina.startup.Catalina load
INFO: Initialization processed in 599 ms
Jul 16, 2015 5:58:39 PM org.apache.catalina.core.StandardService startInternal
INFO: Starting service Catalina
Jul 16, 2015 5:58:39 PM org.apache.catalina.core.StandardEngine startInternal
INFO: Starting Servlet Engine: Apache Tomcat/7.0.59
Jul 16, 2015 6:00:00 PM org.apache.coyote.AbstractProtocol start
INFO: Starting ProtocolHandler ["http-bio-8085"]
Jul 16, 2015 6:00:00 PM org.apache.catalina.startup.Catalina start
INFO: Server startup in 81017 ms
