Jul 06, 2015 9:39:36 AM org.apache.catalina.core.ApplicationContext log
INFO: No Spring WebApplicationInitializer types detected on classpath
Jul 06, 2015 9:39:38 AM org.apache.catalina.core.ApplicationContext log
INFO: Initializing Spring root WebApplicationContext
Jul 06, 2015 9:40:36 AM org.apache.catalina.core.ApplicationContext log
INFO:  [CompressingFilter/1.4] CompressingFilter has initialized
Jul 06, 2015 9:40:36 AM org.apache.catalina.core.ApplicationContext log
INFO: org.tuckey.web.filters.urlrewrite.UrlRewriteFilter INFO: loaded (conf ok)
Jul 06, 2015 11:46:11 AM org.apache.catalina.core.ApplicationContext log
INFO:  [CompressingFilter/1.4] CompressingFilter is being destroyed...
Jul 06, 2015 11:46:11 AM org.apache.catalina.core.ApplicationContext log
INFO: org.tuckey.web.filters.urlrewrite.UrlRewriteFilter INFO: destroy called
Jul 06, 2015 11:46:11 AM org.apache.catalina.core.ApplicationContext log
INFO: Closing Spring root WebApplicationContext
Jul 06, 2015 1:27:15 PM org.apache.catalina.core.ApplicationContext log
INFO: No Spring WebApplicationInitializer types detected on classpath
Jul 06, 2015 1:27:18 PM org.apache.catalina.core.ApplicationContext log
INFO: Initializing Spring root WebApplicationContext
Jul 06, 2015 1:28:23 PM org.apache.catalina.core.ApplicationContext log
INFO:  [CompressingFilter/1.4] CompressingFilter has initialized
Jul 06, 2015 1:28:23 PM org.apache.catalina.core.ApplicationContext log
INFO: org.tuckey.web.filters.urlrewrite.UrlRewriteFilter INFO: loaded (conf ok)
Jul 06, 2015 1:28:46 PM org.apache.catalina.core.ApplicationContext log
INFO: No Spring WebApplicationInitializer types detected on classpath
Jul 06, 2015 1:28:53 PM org.apache.catalina.core.ApplicationContext log
INFO: Initializing Spring root WebApplicationContext
Jul 06, 2015 3:00:16 PM org.apache.catalina.core.ApplicationContext log
INFO:  [CompressingFilter/1.4] CompressingFilter is being destroyed...
Jul 06, 2015 3:00:16 PM org.apache.catalina.core.ApplicationContext log
INFO: org.tuckey.web.filters.urlrewrite.UrlRewriteFilter INFO: destroy called
Jul 06, 2015 3:00:16 PM org.apache.catalina.core.ApplicationContext log
INFO: Closing Spring root WebApplicationContext
Jul 06, 2015 3:01:11 PM org.apache.catalina.core.ApplicationContext log
INFO:  [CompressingFilter/1.4] CompressingFilter has initialized
Jul 06, 2015 3:01:11 PM org.apache.catalina.core.ApplicationContext log
INFO: org.tuckey.web.filters.urlrewrite.UrlRewriteFilter INFO: loaded (conf ok)
Jul 06, 2015 3:07:23 PM org.apache.catalina.core.ApplicationContext log
INFO:  [CompressingFilter/1.4] CompressingFilter is being destroyed...
Jul 06, 2015 3:07:23 PM org.apache.catalina.core.ApplicationContext log
INFO: org.tuckey.web.filters.urlrewrite.UrlRewriteFilter INFO: destroy called
Jul 06, 2015 3:07:23 PM org.apache.catalina.core.ApplicationContext log
INFO: Closing Spring root WebApplicationContext
Jul 06, 2015 3:07:41 PM org.apache.catalina.core.ApplicationContext log
INFO: No Spring WebApplicationInitializer types detected on classpath
Jul 06, 2015 3:07:44 PM org.apache.catalina.core.ApplicationContext log
INFO: Initializing Spring root WebApplicationContext
Jul 06, 2015 3:09:00 PM org.apache.catalina.core.ApplicationContext log
INFO:  [CompressingFilter/1.4] CompressingFilter has initialized
Jul 06, 2015 3:09:00 PM org.apache.catalina.core.ApplicationContext log
INFO: org.tuckey.web.filters.urlrewrite.UrlRewriteFilter INFO: loaded (conf ok)
