Jul 07, 2015 10:31:19 AM org.apache.catalina.core.ApplicationContext log
INFO:  [CompressingFilter/1.4] CompressingFilter is being destroyed...
Jul 07, 2015 10:31:19 AM org.apache.catalina.core.ApplicationContext log
INFO: org.tuckey.web.filters.urlrewrite.UrlRewriteFilter INFO: destroy called
Jul 07, 2015 10:31:19 AM org.apache.catalina.core.ApplicationContext log
INFO: Closing Spring root WebApplicationContext
Jul 07, 2015 10:32:29 AM org.apache.catalina.core.ApplicationContext log
INFO: No Spring WebApplicationInitializer types detected on classpath
Jul 07, 2015 10:32:32 AM org.apache.catalina.core.ApplicationContext log
INFO: Initializing Spring root WebApplicationContext
Jul 07, 2015 10:33:42 AM org.apache.catalina.core.ApplicationContext log
INFO:  [CompressingFilter/1.4] CompressingFilter has initialized
Jul 07, 2015 10:33:42 AM org.apache.catalina.core.ApplicationContext log
INFO: org.tuckey.web.filters.urlrewrite.UrlRewriteFilter INFO: loaded (conf ok)
Jul 07, 2015 12:26:33 PM org.apache.catalina.core.ApplicationContext log
INFO:  [CompressingFilter/1.4] CompressingFilter is being destroyed...
Jul 07, 2015 12:26:33 PM org.apache.catalina.core.ApplicationContext log
INFO: org.tuckey.web.filters.urlrewrite.UrlRewriteFilter INFO: destroy called
Jul 07, 2015 12:26:33 PM org.apache.catalina.core.ApplicationContext log
INFO: Closing Spring root WebApplicationContext
Jul 07, 2015 1:30:15 PM org.apache.catalina.core.ApplicationContext log
INFO: No Spring WebApplicationInitializer types detected on classpath
Jul 07, 2015 1:30:19 PM org.apache.catalina.core.ApplicationContext log
INFO: Initializing Spring root WebApplicationContext
Jul 07, 2015 1:31:19 PM org.apache.catalina.core.ApplicationContext log
INFO:  [CompressingFilter/1.4] CompressingFilter has initialized
Jul 07, 2015 1:31:19 PM org.apache.catalina.core.ApplicationContext log
INFO: org.tuckey.web.filters.urlrewrite.UrlRewriteFilter INFO: loaded (conf ok)
