simple	29-Jun-2015 14:36:17	Build First Test - ON GT Commit - Default Job #4 (FT-OGC-JOB1-4) started building on agent Default Agent
simple	29-Jun-2015 14:36:17	
simple	29-Jun-2015 14:36:17	Build working directory is /Users/WST/Desktop/UIAutomation/bamboo-home/xml-data/build-dir/FT-OGC-JOB1
simple	29-Jun-2015 14:36:17	Executing build First Test - ON GT Commit - Default Job #4 (FT-OGC-JOB1-4)
simple	29-Jun-2015 14:36:17	Running pre-build action: VCS Version Collector
simple	29-Jun-2015 14:36:17	Starting task 'Script' of type 'com.atlassian.bamboo.plugins.scripttask:task.builder.script'
command	29-Jun-2015 14:36:17	Beginning to execute external process for build 'First Test - ON GT Commit - Default Job #4 (FT-OGC-JOB1-4)'\n ... running command line: \n/bin/sh /Users/WST/atlassian-bamboo-5.9.1/temp/FT-OGC-JOB1-4-ScriptBuildTask-8163242598991448505.sh\n ... in: /Users/WST/Desktop/UIAutomation/bamboo-home/xml-data/build-dir/FT-OGC-JOB1\n ... using extra environment variables: \nbamboo_planRepository_1_branch=master\nbamboo_repository_revision_number=5a186061ca3a9bc02b9e86b2fa62f8601a5adf7e\nbamboo_repository_327682_revision_number=5a186061ca3a9bc02b9e86b2fa62f8601a5adf7e\nbamboo_resultsUrl=http://172.16.34.157:8085/browse/FT-OGC-JOB1-4\nbamboo_planRepository_1_name=BambooTests\nbamboo_build_working_directory=/Users/WST/Desktop/UIAutomation/bamboo-home/xml-data/build-dir/FT-OGC-JOB1\nbamboo_buildKey=FT-OGC-JOB1\nbamboo_repository_327682_git_username=wt65074\nbamboo_shortPlanName=ON GT Commit\nbamboo_planRepository_name=BambooTests\nbamboo_buildNumber=4\nbamboo_shortJobName=Default Job\nbamboo_buildResultsUrl=http://172.16.34.157:8085/browse/FT-OGC-JOB1-4\nbamboo_planRepository_repositoryUrl=https://github.com/wt65074/bamboo-tests.git\nbamboo_agentId=131073\nbamboo_planName=First Test - ON GT Commit\nbamboo_shortPlanKey=OGC\nbamboo_shortJobKey=JOB1\nbamboo_planRepository_revision=5a186061ca3a9bc02b9e86b2fa62f8601a5adf7e\nbamboo_repository_previous_revision_number=5a186061ca3a9bc02b9e86b2fa62f8601a5adf7e\nbamboo_buildTimeStamp=2015-06-29T14:36:17.214-07:00\nbamboo_planRepository_previousRevision=5a186061ca3a9bc02b9e86b2fa62f8601a5adf7e\nbamboo_buildResultKey=FT-OGC-JOB1-4\nbamboo_repository_git_branch=master\nbamboo_repository_branch_name=master\nbamboo_buildPlanName=First Test - ON GT Commit - Default Job\nbamboo_planRepository_1_revision=5a186061ca3a9bc02b9e86b2fa62f8601a5adf7e\nbamboo_repository_name=BambooTests\nbamboo_repository_327682_name=BambooTests\nbamboo_repository_327682_branch_name=master\nbamboo_dependenciesDisabled=false\nbamboo_planRepository_branch=master\nbamboo_repository_327682_git_repositoryUrl=https://github.com/wt65074/bamboo-tests.git\nbamboo_agentWorkingDirectory=/Users/WST/Desktop/UIAutomation/bamboo-home/xml-data/build-dir\nbamboo_capability_system_git_executable=/usr/bin/git\nbamboo_planRepository_1_previousRevision=5a186061ca3a9bc02b9e86b2fa62f8601a5adf7e\nbamboo_repository_git_username=wt65074\nbamboo_planRepository_1_type=gh\nbamboo_planRepository_branchName=master\nbamboo_repository_327682_git_branch=master\nbamboo_capability_system_jdk_JDK=/Library/Java/JavaVirtualMachines/jdk1.8.0_20.jdk/Contents/Home\nbamboo_capability_system_jdk_JDK_1_8_0_20=/Library/Java/JavaVirtualMachines/jdk1.8.0_20.jdk/Contents/Home\nbamboo_planRepository_type=gh\nbamboo_planRepository_1_username=wt65074\nbamboo_ManualBuildTriggerReason_userName=wtobey\nbamboo_repository_git_repositoryUrl=https://github.com/wt65074/bamboo-tests.git\nbamboo_working_directory=/Users/WST/Desktop/UIAutomation/bamboo-home/xml-data/build-dir/FT-OGC-JOB1\nbamboo_planKey=FT-OGC\nbamboo_planRepository_1_repositoryUrl=https://github.com/wt65074/bamboo-tests.git\nbamboo_planRepository_username=wt65074\nbamboo_capability_system_jdk_JDK_1_8=/Library/Java/JavaVirtualMachines/jdk1.8.0_20.jdk/Contents/Home\nbamboo_planRepository_1_branchName=master\nbamboo_repository_327682_previous_revision_number=5a186061ca3a9bc02b9e86b2fa62f8601a5adf7e\n
build	29-Jun-2015 14:36:17	This shit worked :0
simple	29-Jun-2015 14:36:17	Finished task 'Script' with result: Success
simple	29-Jun-2015 14:36:17	Running post build plugin 'npm Cache Cleanup'
simple	29-Jun-2015 14:36:17	Running post build plugin 'NCover Results Collector'
simple	29-Jun-2015 14:36:17	Running post build plugin 'Clover Results Collector'
simple	29-Jun-2015 14:36:17	Running post build plugin 'Docker Container Cleanup'
simple	29-Jun-2015 14:36:17	Running post build plugin 'Artifact Copier'
simple	29-Jun-2015 14:36:17	Finalising the build...
simple	29-Jun-2015 14:36:17	Stopping timer.
simple	29-Jun-2015 14:36:17	Build FT-OGC-JOB1-4 completed.
simple	29-Jun-2015 14:36:17	Running on server: post build plugin 'NCover Results Collector'
simple	29-Jun-2015 14:36:17	Running on server: post build plugin 'Clover Delta Calculator'
simple	29-Jun-2015 14:36:17	Running on server: post build plugin 'Maven Dependencies Postprocessor'
simple	29-Jun-2015 14:36:17	Running on server: post build plugin 'Build Hanging Detection Configuration'
simple	29-Jun-2015 14:36:17	All post build plugins have finished
simple	29-Jun-2015 14:36:17	Generating build results summary...
simple	29-Jun-2015 14:36:17	Saving build results to disk...
simple	29-Jun-2015 14:36:17	Logging substituted variables...
simple	29-Jun-2015 14:36:17	Indexing build results...
simple	29-Jun-2015 14:36:17	Finished building FT-OGC-JOB1-4.
