simple	21-Jul-2015 19:47:14	Build Wishbone UI Testing - Build and Test - Default Job #159 (WUT-BT-JOB1-159) started building on agent Default Agent
simple	21-Jul-2015 19:47:14	
simple	21-Jul-2015 19:47:14	Build working directory is /Users/wtobey/Desktop/AUITesting/bamboo-home/xml-data/build-dir/131073/WUT-BT-JOB1
simple	21-Jul-2015 19:47:14	Executing build Wishbone UI Testing - Build and Test - Default Job #159 (WUT-BT-JOB1-159)
simple	21-Jul-2015 19:47:14	Running pre-build action: VCS Version Collector
simple	21-Jul-2015 19:47:14	Starting task 'Build and Run' of type 'com.atlassian.bamboo.plugins.scripttask:task.builder.script'
command	21-Jul-2015 19:47:14	Beginning to execute external process for build 'Wishbone UI Testing - Build and Test - Default Job #159 (WUT-BT-JOB1-159)'\n ... running command line: \n/bin/sh /Users/wtobey/Desktop/AUITesting/atlassian-bamboo-5.9.1/temp/WUT-BT-JOB1-159-ScriptBuildTask-1831438079957551123.sh\n ... in: /Users/wtobey/Desktop/AUITesting/bamboo-home/xml-data/build-dir/131073/WUT-BT-JOB1\n ... using extra environment variables: \nbamboo_planRepository_1_branch=V-3.0.6\nbamboo_repository_revision_number=6c2c123a812e361046a86aa5b844b0eb0220564c\nbamboo_resultsUrl=http://172.16.34.157:8085/browse/WUT-BT-JOB1-159\nbamboo_repository_983041_revision_number=6c2c123a812e361046a86aa5b844b0eb0220564c\nbamboo_planRepository_1_name=Wishbone\nbamboo_repository_983041_branch_name=V-3.0.6\nbamboo_build_working_directory=/Users/wtobey/Desktop/AUITesting/bamboo-home/xml-data/build-dir/131073/WUT-BT-JOB1\nbamboo_buildKey=WUT-BT-JOB1\nbamboo_shortPlanName=Build and Test\nbamboo_planRepository_name=Wishbone\nbamboo_buildNumber=159\nbamboo_shortJobName=Default Job\nbamboo_buildResultsUrl=http://172.16.34.157:8085/browse/WUT-BT-JOB1-159\nbamboo_planRepository_repositoryUrl=https://github.com/SciDevs/wishbone.git\nbamboo_agentId=131073\nbamboo_planName=Wishbone UI Testing - Build and Test\nbamboo_shortPlanKey=BT\nbamboo_shortJobKey=JOB1\nbamboo_planRepository_revision=6c2c123a812e361046a86aa5b844b0eb0220564c\nbamboo_repository_previous_revision_number=6c2c123a812e361046a86aa5b844b0eb0220564c\nbamboo_buildTimeStamp=2015-07-21T19:47:12.606-07:00\nbamboo_planRepository_previousRevision=6c2c123a812e361046a86aa5b844b0eb0220564c\nbamboo_buildResultKey=WUT-BT-JOB1-159\nbamboo_repository_git_branch=V-3.0.6\nbamboo_repository_branch_name=V-3.0.6\nbamboo_buildPlanName=Wishbone UI Testing - Build and Test - Default Job\nbamboo_repository_983041_git_repositoryUrl=https://github.com/SciDevs/wishbone.git\nbamboo_planRepository_1_revision=6c2c123a812e361046a86aa5b844b0eb0220564c\nbamboo_repository_983041_git_username=wt65074\nbamboo_repository_name=Wishbone\nbamboo_repository_983041_name=Wishbone\nbamboo_dependenciesDisabled=false\nbamboo_planRepository_branch=V-3.0.6\nbamboo_agentWorkingDirectory=/Users/wtobey/Desktop/AUITesting/bamboo-home/xml-data/build-dir/131073\nbamboo_capability_system_git_executable=/usr/bin/git\nbamboo_planRepository_1_previousRevision=6c2c123a812e361046a86aa5b844b0eb0220564c\nbamboo_repository_git_username=wt65074\nbamboo_repository_983041_previous_revision_number=6c2c123a812e361046a86aa5b844b0eb0220564c\nbamboo_planRepository_1_type=gh\nbamboo_planRepository_branchName=V-3.0.6\nbamboo_capability_system_jdk_JDK=/Library/Java/JavaVirtualMachines/jdk1.8.0_20.jdk/Contents/Home\nbamboo_capability_system_jdk_JDK_1_8_0_20=/Library/Java/JavaVirtualMachines/jdk1.8.0_20.jdk/Contents/Home\nbamboo_planRepository_type=gh\nbamboo_planRepository_1_username=wt65074\nbamboo_ManualBuildTriggerReason_userName=wtobey\nbamboo_repository_git_repositoryUrl=https://github.com/SciDevs/wishbone.git\nbamboo_repository_983041_git_branch=V-3.0.6\nbamboo_working_directory=/Users/wtobey/Desktop/AUITesting/bamboo-home/xml-data/build-dir/131073/WUT-BT-JOB1\nbamboo_planKey=WUT-BT\nbamboo_planRepository_1_repositoryUrl=https://github.com/SciDevs/wishbone.git\nbamboo_planRepository_username=wt65074\nbamboo_capability_system_jdk_JDK_1_8=/Library/Java/JavaVirtualMachines/jdk1.8.0_20.jdk/Contents/Home\nbamboo_planRepository_1_branchName=V-3.0.6\n
build	21-Jul-2015 19:47:14	===================================BuildingWishbone.app===================================
build	21-Jul-2015 19:47:16	=== BUILD TARGET Wishbone OF PROJECT Wishbone WITH CONFIGURATION Debug ===
build	21-Jul-2015 19:47:16	
build	21-Jul-2015 19:47:16	Check dependencies
build	21-Jul-2015 19:47:17	warning: no rule to process file '/Users/wtobey/Desktop/Wishbone/Wishbone/Shared/MoPubSDK/AdNetworkSupport/Millennial/SDK/README.md' of type net.daringfireball.markdown for architecture x86_64
build	21-Jul-2015 19:47:17	warning: no rule to process file '/Users/wtobey/Desktop/Wishbone/Wishbone/Shared/MoPubSDK/AdNetworkSupport/GoogleAdMob/SDK/README.md' of type net.daringfireball.markdown for architecture x86_64
build	21-Jul-2015 19:47:17	warning: no rule to process file '/Users/wtobey/Desktop/Wishbone/Wishbone/Shared/MoPubSDK/AdNetworkSupport/Chartboost/SDK/README.md' of type net.daringfireball.markdown for architecture x86_64
build	21-Jul-2015 19:47:17	warning: no rule to process file '/Users/wtobey/Desktop/Wishbone/Wishbone/Shared/SDWebImage/README.md' of type net.daringfireball.markdown for architecture x86_64
build	21-Jul-2015 19:47:17	warning: no rule to process file '/Users/wtobey/Desktop/Wishbone/Wishbone/Shared/MoPubSDK/AdNetworkSupport/Vungle/SDK/README.md' of type net.daringfireball.markdown for architecture x86_64
build	21-Jul-2015 19:47:17	Warning: Multiple build commands for output file /Users/wtobey/Library/Developer/Xcode/DerivedData/Wishbone-eekgnurymbvwimgmkjagwaqhgzyt/Build/Products/Debug-iphonesimulator/Wishbone.app/LICENSE
build	21-Jul-2015 19:47:17	Warning: Multiple build commands for output file /Users/wtobey/Library/Developer/Xcode/DerivedData/Wishbone-eekgnurymbvwimgmkjagwaqhgzyt/Build/Products/Debug-iphonesimulator/Wishbone.app/Line@2x.png
build	21-Jul-2015 19:47:17	
build	21-Jul-2015 19:47:17	=== BUILD TARGET WishboneTests OF PROJECT Wishbone WITH CONFIGURATION Debug ===
build	21-Jul-2015 19:47:17	
build	21-Jul-2015 19:47:17	Check dependencies
build	21-Jul-2015 19:47:17	
build	21-Jul-2015 19:47:22	** TEST SUCCEEDED **
build	21-Jul-2015 19:47:22	
build	21-Jul-2015 19:47:22	2015-07-21 19:47:21.434 Wishbone[1471:58946] Flurry: Starting session on Agent Version [Flurry_iOS_142_6.0.0] 
build	21-Jul-2015 19:47:22	2015-07-21 19:47:21.480 Wishbone[1471:58946] <Google> ACTConversionIDReporter: already sent successful ping.
build	21-Jul-2015 19:47:22	2015-07-21 19:47:21.481 Wishbone[1471:58946] ADCOLONY 2.4.13.11 [info] AdColony library version: 2.4.13.11 64-bit production
build	21-Jul-2015 19:47:22	2015-07-21 19:47:21.595 Wishbone[1471:59111] ADCOLONY 2.4.13.11 [info] Developer logging enabled
build	21-Jul-2015 19:47:22	2015-07-21 19:47:21.729 Wishbone[1471:59121] Resolved sdk-api-ssl.playhaven.com -> 48.78.6.12
build	21-Jul-2015 19:47:22	2015-07-21 19:47:21.729 Wishbone[1471:59122] Resolved media.playhaven.com -> 48.78.6.12
build	21-Jul-2015 19:47:22	2015-07-21 19:47:21.731 Wishbone[1471:58946] AppsFlyer SDK version 2.5.3.15 started
build	21-Jul-2015 19:47:22	2015-07-21 19:47:21.879 Wishbone[1471:58946] INFO: GoogleAnalytics 3.03c -[GAIReachabilityChecker reachabilityFlagsChanged:] (GAIReachabilityChecker.m:159): Reachability flags update: 0X000002
build	21-Jul-2015 19:47:22	2015-07-21 19:47:21.904 Wishbone[1471:58946] <Google> ACTAutomatedUsageReporterPrivate: sending ping: https://www.googleadservices.com/pagead/conversion/974033742/?appversion=2.8.7&auto=1&bundleid=com.Science.Cyclops&lat=0&muid=R4YE8uzNfsgIHhUD5L1-IQ&osversion=8.4&sdkversion=ct-sdk-i-v3.1.1&timestamp=1437536731.00547&usage_tracking_enabled=1.
build	21-Jul-2015 19:47:22	2015-07-21 19:47:21.917 Wishbone[1471:58946] [PlayHaven-2.0.2] Sending request: https://sdk-api-ssl.playhaven.com/v3/publisher/open/?ifa=D9142DFB-8E1C-48F5-B8A6-62A86FD7A6D1&tz=-7.0&app_version=2.8.7&scount=2&os=iPhone+OS+8.4&sig4=E_hGXn5M2DFXpHUYpnOarSPuGwQ&plugin=ios&nonce=THP2HPKT_4e0aGupfbMWU6Cd9lU&sdk-ios=2.0.2&token=6b9f6fb7b24d47128221cc82c3b43553&hardware=iPhone+Simulator&connection=2&idfv=C8F69181-6BCC-45ED-B434-DFEB494149E3&scale=2&height=548&tracking=1&width=320&opt_out=0&ssum=0&languages=en&idiom=0&app=com.Science.Cyclops
build	21-Jul-2015 19:47:22	2015-07-21 19:47:22.151 Wishbone[1471:59053] VERBOSE: GoogleAnalytics 3.03c -[GAIBatchingDispatcher persist:] (GAIBatchingDispatcher.m:418): Saved hit: {
build	21-Jul-2015 19:47:22	    parameters =     {
build	21-Jul-2015 19:47:22	        "&_u" = ".etno";
build	21-Jul-2015 19:47:22	        "&_v" = "mi3.0.3c";
build	21-Jul-2015 19:47:22	        "&an" = Wishbone;
build	21-Jul-2015 19:47:22	        "&av" = "3.0.5";
build	21-Jul-2015 19:47:22	        "&cd" = "Daily Dozen View";
build	21-Jul-2015 19:47:22	        "&cid" = "96ad941e-32f9-4569-b814-9598917a7217";
build	21-Jul-2015 19:47:22	        "&sr" = 320x568;
build	21-Jul-2015 19:47:22	        "&t" = appview;
build	21-Jul-2015 19:47:22	        "&tid" = "UA-48537804-1";
build	21-Jul-2015 19:47:22	        "&ul" = en;
build	21-Jul-2015 19:47:22	        "&v" = 1;
build	21-Jul-2015 19:47:22	        "&z" = 3208616999674560306;
build	21-Jul-2015 19:47:22	        gaiVersion = "3.03c";
build	21-Jul-2015 19:47:22	    };
build	21-Jul-2015 19:47:22	    timestamp = "2015-07-22 02:47:22 +0000";
build	21-Jul-2015 19:47:22	}
build	21-Jul-2015 19:47:22	2015-07-21 19:47:22.179 Wishbone[1471:59120] Error in registration. Error: Error Domain=NSCocoaErrorDomain Code=3010 "remote notifications are not supported in the simulator" UserInfo=0x7ff4f6455d40 {NSLocalizedDescription=remote notifications are not supported in the simulator}
build	21-Jul-2015 19:47:22	Test Suite 'All tests' started at 2015-07-22 02:47:22 +0000
build	21-Jul-2015 19:47:22	Test Suite 'WishboneTests.xctest' started at 2015-07-22 02:47:22 +0000
build	21-Jul-2015 19:47:22	Test Suite 'WishboneTests' started at 2015-07-22 02:47:22 +0000
build	21-Jul-2015 19:47:22	Test Case '-[WishboneTests testExample]' started.
build	21-Jul-2015 19:47:22	Test Case '-[WishboneTests testExample]' passed (0.000 seconds).
build	21-Jul-2015 19:47:22	Test Case '-[WishboneTests testPerformanceExample]' started.
build	21-Jul-2015 19:47:22	2015-07-21 19:47:22.232 Wishbone[1471:59111] ADCOLONY 2.4.13.11 [trace] Configuration succeeded!
build	21-Jul-2015 19:47:22	2015-07-21 19:47:22.250 Wishbone[1471:58946] MOPUB: Interstitial controller is loading ad with MoPub server URL: http://ads.mopub.com/m/ad?v=8&udid=ifa:XXXX&id=d3a160f291aa41878cd6dae784a05016&nv=3.8.0&o=p&sc=2.0&z=-0700&ll=37.785834,-122.406417&lla=5&llsdk=1&llf=109910&mr=1&ct=2&av=3.0.5&dn=x86_64&w=640&h=1136&bundle=com.Science.Cyclops
build	21-Jul-2015 19:47:22	2015-07-21 19:47:22.255 Wishbone[1471:58946] [PlayHaven-2.0.2] Request recieved HTTP response: 200
build	21-Jul-2015 19:47:22	2015-07-21 19:47:22.255 Wishbone[1471:58946] [PlayHaven-2.0.2] Request finished!
build	21-Jul-2015 19:47:22	2015-07-21 19:47:22.259 Wishbone[1471:58946] <Google> ping successful.
build	21-Jul-2015 19:47:22	2015-07-21 19:47:22.351 Wishbone[1471:59111] ADCOLONY 2.4.13.11 [info] Ads are not ready for zone vz28b7f3058a8a4bbb94
build	21-Jul-2015 19:47:22	/Users/wtobey/Desktop/Wishbone/WishboneTests/WishboneTests.m:35: Test Case '-[WishboneTests testPerformanceExample]' measured [Time, seconds] average: 0.000, relative standard deviation: 94.323%, values: [0.000002, 0.000001, 0.000000, 0.000000, 0.000000, 0.000000, 0.000000, 0.000000, 0.000000, 0.000000], performanceMetricID:com.apple.XCTPerformanceMetric_WallClockTime, baselineName: "", baselineAverage: , maxPercentRegression: 10.000%, maxPercentRelativeStandardDeviation: 10.000%, maxRegression: 0.100, maxStandardDeviation: 0.100
build	21-Jul-2015 19:47:22	Test Case '-[WishboneTests testPerformanceExample]' passed (0.277 seconds).
build	21-Jul-2015 19:47:22	Test Suite 'WishboneTests' passed at 2015-07-22 02:47:22 +0000.
build	21-Jul-2015 19:47:22		 Executed 2 tests, with 0 failures (0 unexpected) in 0.277 (0.278) seconds
build	21-Jul-2015 19:47:22	Test Suite 'WishboneTests.xctest' passed at 2015-07-22 02:47:22 +0000.
build	21-Jul-2015 19:47:22		 Executed 2 tests, with 0 failures (0 unexpected) in 0.277 (0.279) seconds
build	21-Jul-2015 19:47:22	Test Suite 'All tests' passed at 2015-07-22 02:47:22 +0000.
build	21-Jul-2015 19:47:22		 Executed 2 tests, with 0 failures (0 unexpected) in 0.277 (0.280) seconds
build	21-Jul-2015 19:47:22	===================================Building instruments.sh===================================
build	21-Jul-2015 19:47:23	===================================Running instruments.sh===================================
build	21-Jul-2015 19:47:28	2015-07-22 02:47:28 +0000 Start: First Screen
build	21-Jul-2015 19:47:28	2015-07-22 02:47:28 +0000 Debug: target.captureRectOnScreenWithName("{origin:{x:0.00,y:0.00}, size:{height:667.00,width:375.00}}", UIScreen, "First Screen Wed, 22 Jul 2015 02:47:28 GMT")
build	21-Jul-2015 19:47:28	2015-07-22 02:47:28 +0000 Screenshot captured.
build	21-Jul-2015 19:47:28	2015-07-22 02:47:28 +0000 Start: First Screen > Skip Login
build	21-Jul-2015 19:47:38	2015-07-22 02:47:38 +0000 Debug: Cannot perform action on invalid element: UIAElementNil from target.frontMostApp().mainWindow().buttons()["Skip Login"]
build	21-Jul-2015 19:47:38	2015-07-22 02:47:38 +0000 Error: Script threw an uncaught JavaScript error: Cannot perform action on invalid element: UIAElementNil from target.frontMostApp().mainWindow().buttons()["Skip Login"] on line 69 of Wishbone.js
build	21-Jul-2015 19:47:38	2015-07-22 02:47:38 +0000 Stopped: Script was stopped by the user
error	21-Jul-2015 19:47:38	2015-07-21 19:47:38.667 instruments[1487:59241] Attempting to set event horizon when core is not engaged, request ignored
build	21-Jul-2015 19:47:38	Instruments Trace Complete (Duration : 14.245871s; Output : /Users/wtobey/Desktop/AUITesting/instrumentscli1.trace)
build	21-Jul-2015 19:47:38	===================================Running Parser.py===================================
build	21-Jul-2015 19:47:38	(0, 'First Screen > Skip Login')
build	21-Jul-2015 19:47:38	retrievedPath/Users/wtobey/Desktop/AUITesting/Run 1/First Screen Wed, 22 Jul 2015 02-45-47 GMT 2.png
build	21-Jul-2015 19:47:38	retrievedPath/Users/wtobey/Desktop/AUITesting/Run 1/First Screen Wed, 22 Jul 2015 02-45-47 GMT 3.png
build	21-Jul-2015 19:47:38	retrievedPath/Users/wtobey/Desktop/AUITesting/Run 1/First Screen Wed, 22 Jul 2015 02-45-47 GMT.png
build	21-Jul-2015 19:47:38	retrievedPath/Users/wtobey/Desktop/AUITesting/Run 1/First Screen Wed, 22 Jul 2015 02-45-51 GMT.png
build	21-Jul-2015 19:47:38	===================================Removing Trace===================================
build	21-Jul-2015 19:47:38	===================================Shutting Down Simulators===================================
build	21-Jul-2015 19:47:44	===================================Erasing Simulators===================================
build	21-Jul-2015 19:47:46	===================================Quitting Simulators===================================
error	21-Jul-2015 19:47:46	grep: RunSummary.txt: No such file or directory
build	21-Jul-2015 19:47:46	TESTS SUCCEEDED
build	21-Jul-2015 19:47:46	  adding: Run 1 (2)/ (stored 0%)
build	21-Jul-2015 19:47:46	  adding: Run 1 (2)/Automation Results.plist (deflated 73%)
build	21-Jul-2015 19:47:46	  adding: Run 1 (2)/First Screen Wed, 22 Jul 2015 02-47-28 GMT.png (deflated 1%)
build	21-Jul-2015 19:47:46	  adding: Run 1 (2)/RunSummary.txt (stored 0%)
build	21-Jul-2015 19:47:46	Run 1 (2)
build	21-Jul-2015 19:47:46	Run 1 (2).zip
build	21-Jul-2015 19:47:46	~/Desktop/AUITesting/Run 1 (2).zip
build	21-Jul-2015 19:47:51	upload: ./Run 1 (2).zip to s3://wishbone-auitesting/Run 1 (2).zip
build	21-Jul-2015 19:47:51	===================================Running Mailer.py===================================
simple	21-Jul-2015 19:47:55	Finished task 'Build and Run' with result: Success
simple	21-Jul-2015 19:47:55	Running post build plugin 'npm Cache Cleanup'
simple	21-Jul-2015 19:47:55	Running post build plugin 'NCover Results Collector'
simple	21-Jul-2015 19:47:55	Running post build plugin 'Clover Results Collector'
simple	21-Jul-2015 19:47:55	Running post build plugin 'Docker Container Cleanup'
simple	21-Jul-2015 19:47:55	Running post build plugin 'Artifact Copier'
simple	21-Jul-2015 19:47:55	Finalising the build...
simple	21-Jul-2015 19:47:55	Stopping timer.
simple	21-Jul-2015 19:47:55	Build WUT-BT-JOB1-159 completed.
simple	21-Jul-2015 19:47:55	Running on server: post build plugin 'NCover Results Collector'
simple	21-Jul-2015 19:47:55	Running on server: post build plugin 'Clover Delta Calculator'
simple	21-Jul-2015 19:47:55	Running on server: post build plugin 'Maven Dependencies Postprocessor'
simple	21-Jul-2015 19:47:55	Running on server: post build plugin 'Build Hanging Detection Configuration'
simple	21-Jul-2015 19:47:55	All post build plugins have finished
simple	21-Jul-2015 19:47:55	Generating build results summary...
simple	21-Jul-2015 19:47:55	Saving build results to disk...
simple	21-Jul-2015 19:47:55	Logging substituted variables...
simple	21-Jul-2015 19:47:55	Indexing build results...
simple	21-Jul-2015 19:47:55	Finished building WUT-BT-JOB1-159.
