simple	22-Jul-2015 11:48:18	Build Wishbone UI Testing - Build and Test - Default Job #177 (WUT-BT-JOB1-177) started building on agent Default Agent
simple	22-Jul-2015 11:48:18	
simple	22-Jul-2015 11:48:18	Build working directory is /Users/wtobey/Desktop/AUITesting/bamboo-home/xml-data/build-dir/131073/WUT-BT-JOB1
simple	22-Jul-2015 11:48:18	Executing build Wishbone UI Testing - Build and Test - Default Job #177 (WUT-BT-JOB1-177)
simple	22-Jul-2015 11:48:18	Running pre-build action: VCS Version Collector
simple	22-Jul-2015 11:48:18	Starting task 'Build and Run' of type 'com.atlassian.bamboo.plugins.scripttask:task.builder.script'
command	22-Jul-2015 11:48:18	Beginning to execute external process for build 'Wishbone UI Testing - Build and Test - Default Job #177 (WUT-BT-JOB1-177)'\n ... running command line: \n/bin/sh /Users/wtobey/Desktop/AUITesting/atlassian-bamboo-5.9.1/temp/WUT-BT-JOB1-177-ScriptBuildTask-6203726142139184295.sh\n ... in: /Users/wtobey/Desktop/AUITesting/bamboo-home/xml-data/build-dir/131073/WUT-BT-JOB1\n ... using extra environment variables: \nbamboo_planRepository_1_branch=V-3.0.6\nbamboo_repository_revision_number=6c2c123a812e361046a86aa5b844b0eb0220564c\nbamboo_resultsUrl=http://172.16.34.157:8085/browse/WUT-BT-JOB1-177\nbamboo_repository_983041_revision_number=6c2c123a812e361046a86aa5b844b0eb0220564c\nbamboo_planRepository_1_name=Wishbone\nbamboo_repository_983041_branch_name=V-3.0.6\nbamboo_build_working_directory=/Users/wtobey/Desktop/AUITesting/bamboo-home/xml-data/build-dir/131073/WUT-BT-JOB1\nbamboo_buildKey=WUT-BT-JOB1\nbamboo_shortPlanName=Build and Test\nbamboo_planRepository_name=Wishbone\nbamboo_buildNumber=177\nbamboo_shortJobName=Default Job\nbamboo_buildResultsUrl=http://172.16.34.157:8085/browse/WUT-BT-JOB1-177\nbamboo_planRepository_repositoryUrl=https://github.com/SciDevs/wishbone.git\nbamboo_agentId=131073\nbamboo_planName=Wishbone UI Testing - Build and Test\nbamboo_shortPlanKey=BT\nbamboo_shortJobKey=JOB1\nbamboo_planRepository_revision=6c2c123a812e361046a86aa5b844b0eb0220564c\nbamboo_repository_previous_revision_number=6c2c123a812e361046a86aa5b844b0eb0220564c\nbamboo_buildTimeStamp=2015-07-22T11:47:55.487-07:00\nbamboo_planRepository_previousRevision=6c2c123a812e361046a86aa5b844b0eb0220564c\nbamboo_buildResultKey=WUT-BT-JOB1-177\nbamboo_repository_git_branch=V-3.0.6\nbamboo_repository_branch_name=V-3.0.6\nbamboo_buildPlanName=Wishbone UI Testing - Build and Test - Default Job\nbamboo_repository_983041_git_repositoryUrl=https://github.com/SciDevs/wishbone.git\nbamboo_planRepository_1_revision=6c2c123a812e361046a86aa5b844b0eb0220564c\nbamboo_repository_983041_git_username=wt65074\nbamboo_repository_name=Wishbone\nbamboo_repository_983041_name=Wishbone\nbamboo_dependenciesDisabled=false\nbamboo_planRepository_branch=V-3.0.6\nbamboo_agentWorkingDirectory=/Users/wtobey/Desktop/AUITesting/bamboo-home/xml-data/build-dir/131073\nbamboo_capability_system_git_executable=/usr/bin/git\nbamboo_planRepository_1_previousRevision=6c2c123a812e361046a86aa5b844b0eb0220564c\nbamboo_repository_git_username=wt65074\nbamboo_repository_983041_previous_revision_number=6c2c123a812e361046a86aa5b844b0eb0220564c\nbamboo_planRepository_1_type=gh\nbamboo_planRepository_branchName=V-3.0.6\nbamboo_capability_system_jdk_JDK=/Library/Java/JavaVirtualMachines/jdk1.8.0_20.jdk/Contents/Home\nbamboo_capability_system_jdk_JDK_1_8_0_20=/Library/Java/JavaVirtualMachines/jdk1.8.0_20.jdk/Contents/Home\nbamboo_planRepository_type=gh\nbamboo_planRepository_1_username=wt65074\nbamboo_ManualBuildTriggerReason_userName=wtobey\nbamboo_repository_git_repositoryUrl=https://github.com/SciDevs/wishbone.git\nbamboo_repository_983041_git_branch=V-3.0.6\nbamboo_working_directory=/Users/wtobey/Desktop/AUITesting/bamboo-home/xml-data/build-dir/131073/WUT-BT-JOB1\nbamboo_planKey=WUT-BT\nbamboo_planRepository_1_repositoryUrl=https://github.com/SciDevs/wishbone.git\nbamboo_planRepository_username=wt65074\nbamboo_capability_system_jdk_JDK_1_8=/Library/Java/JavaVirtualMachines/jdk1.8.0_20.jdk/Contents/Home\nbamboo_planRepository_1_branchName=V-3.0.6\n
build	22-Jul-2015 11:48:18	===================================Shutting Down Simulators===================================
build	22-Jul-2015 11:48:18	===================================Erasing Simulators===================================
build	22-Jul-2015 11:48:21	===================================BuildingWishbone.app===================================
build	22-Jul-2015 11:48:22	=== BUILD TARGET Wishbone OF PROJECT Wishbone WITH CONFIGURATION Debug ===
build	22-Jul-2015 11:48:22	
build	22-Jul-2015 11:48:22	Check dependencies
build	22-Jul-2015 11:48:23	warning: no rule to process file '/Users/wtobey/Desktop/Wishbone/Wishbone/Shared/MoPubSDK/AdNetworkSupport/Millennial/SDK/README.md' of type net.daringfireball.markdown for architecture x86_64
build	22-Jul-2015 11:48:23	warning: no rule to process file '/Users/wtobey/Desktop/Wishbone/Wishbone/Shared/MoPubSDK/AdNetworkSupport/GoogleAdMob/SDK/README.md' of type net.daringfireball.markdown for architecture x86_64
build	22-Jul-2015 11:48:23	warning: no rule to process file '/Users/wtobey/Desktop/Wishbone/Wishbone/Shared/MoPubSDK/AdNetworkSupport/Chartboost/SDK/README.md' of type net.daringfireball.markdown for architecture x86_64
build	22-Jul-2015 11:48:23	warning: no rule to process file '/Users/wtobey/Desktop/Wishbone/Wishbone/Shared/SDWebImage/README.md' of type net.daringfireball.markdown for architecture x86_64
build	22-Jul-2015 11:48:23	warning: no rule to process file '/Users/wtobey/Desktop/Wishbone/Wishbone/Shared/MoPubSDK/AdNetworkSupport/Vungle/SDK/README.md' of type net.daringfireball.markdown for architecture x86_64
build	22-Jul-2015 11:48:23	Warning: Multiple build commands for output file /Users/wtobey/Library/Developer/Xcode/DerivedData/Wishbone-eekgnurymbvwimgmkjagwaqhgzyt/Build/Products/Debug-iphonesimulator/Wishbone.app/LICENSE
build	22-Jul-2015 11:48:23	Warning: Multiple build commands for output file /Users/wtobey/Library/Developer/Xcode/DerivedData/Wishbone-eekgnurymbvwimgmkjagwaqhgzyt/Build/Products/Debug-iphonesimulator/Wishbone.app/Line@2x.png
build	22-Jul-2015 11:48:23	
build	22-Jul-2015 11:48:23	=== BUILD TARGET WishboneTests OF PROJECT Wishbone WITH CONFIGURATION Debug ===
build	22-Jul-2015 11:48:23	
build	22-Jul-2015 11:48:23	Check dependencies
build	22-Jul-2015 11:48:23	
build	22-Jul-2015 11:48:32	** TEST SUCCEEDED **
build	22-Jul-2015 11:48:32	
build	22-Jul-2015 11:48:32	2015-07-22 11:48:30.433 Wishbone[4892:385639] Flurry: Starting session on Agent Version [Flurry_iOS_142_6.0.0] 
build	22-Jul-2015 11:48:32	2015-07-22 11:48:30.499 Wishbone[4892:385639] <Google> ACTConversionIDReporter: sending ping: https://www.googleadservices.com/pagead/conversion/974033742/?appversion=2.8.7&bundleid=com.Science.Cyclops&label=ZhphCPH6g1YQzqa60AM&lat=0&muid=zzh6IKgowgqOlqy1cMubqA&osversion=8.4&sdkversion=ct-sdk-i-v3.1.1&timestamp=1437590910.495807&usage_tracking_enabled=1&value=1.00.
build	22-Jul-2015 11:48:32	2015-07-22 11:48:30.515 Wishbone[4892:385639] ADCOLONY 2.4.13.11 [info] AdColony library version: 2.4.13.11 64-bit production
build	22-Jul-2015 11:48:32	2015-07-22 11:48:30.591 Wishbone[4892:386016] ADCOLONY 2.4.13.11 [info] Developer logging enabled
build	22-Jul-2015 11:48:32	2015-07-22 11:48:30.768 Wishbone[4892:386040] Resolved media.playhaven.com -> 48.254.2.15
build	22-Jul-2015 11:48:32	2015-07-22 11:48:30.768 Wishbone[4892:386039] Resolved sdk-api-ssl.playhaven.com -> 48.254.2.15
build	22-Jul-2015 11:48:32	2015-07-22 11:48:30.772 Wishbone[4892:385639] AppsFlyer SDK version 2.5.3.15 started
build	22-Jul-2015 11:48:32	2015-07-22 11:48:30.882 Wishbone[4892:385639] INFO: GoogleAnalytics 3.03c -[GAIReachabilityChecker reachabilityFlagsChanged:] (GAIReachabilityChecker.m:159): Reachability flags update: 0X000002
build	22-Jul-2015 11:48:32	2015-07-22 11:48:30.905 Wishbone[4892:385639] <Google> ACTAutomatedUsageReporterPrivate: sending ping: https://www.googleadservices.com/pagead/conversion/974033742/?appversion=2.8.7&auto=1&bundleid=com.Science.Cyclops&lat=0&muid=zzh6IKgowgqOlqy1cMubqA&osversion=8.4&sdkversion=ct-sdk-i-v3.1.1&timestamp=1437594510.903697&usage_tracking_enabled=1.
build	22-Jul-2015 11:48:32	2015-07-22 11:48:30.933 Wishbone[4892:385639] [PlayHaven-2.0.2] Sending request: https://sdk-api-ssl.playhaven.com/v3/publisher/open/?ifa=FA603D24-B9FF-4CE5-9E51-D518598A7697&tz=-7.0&app_version=2.8.7&scount=1&os=iPhone+OS+8.4&sig4=0AyF0gT1FWtbR1RqwbO8_BDDj80&plugin=ios&nonce=t0XSvnMUyFO2LQdItxvWKE7-VjU&sdk-ios=2.0.2&token=6b9f6fb7b24d47128221cc82c3b43553&hardware=iPhone+Simulator&connection=2&idfv=EE16081D-2222-498C-AC1C-32E3DE523EEA&scale=2&height=568&tracking=1&width=320&opt_out=0&ssum=0&languages=en&idiom=0&app=com.Science.Cyclops
build	22-Jul-2015 11:48:32	2015-07-22 11:48:31.135 Wishbone[4892:386007] VERBOSE: GoogleAnalytics 3.03c -[GAIBatchingDispatcher persist:] (GAIBatchingDispatcher.m:418): Saved hit: {
build	22-Jul-2015 11:48:32	    parameters =     {
build	22-Jul-2015 11:48:32	        "&_u" = ".etno";
build	22-Jul-2015 11:48:32	        "&_v" = "mi3.0.3c";
build	22-Jul-2015 11:48:32	        "&an" = Wishbone;
build	22-Jul-2015 11:48:32	        "&av" = "3.0.5";
build	22-Jul-2015 11:48:32	        "&cd" = "Login View";
build	22-Jul-2015 11:48:32	        "&cid" = "378bb1ca-0a1b-42af-bf9e-cf1b6cbcc100";
build	22-Jul-2015 11:48:32	        "&sr" = 320x568;
build	22-Jul-2015 11:48:32	        "&t" = appview;
build	22-Jul-2015 11:48:32	        "&tid" = "UA-48537804-1";
build	22-Jul-2015 11:48:32	        "&ul" = en;
build	22-Jul-2015 11:48:32	        "&v" = 1;
build	22-Jul-2015 11:48:32	        "&z" = 10673464846678994236;
build	22-Jul-2015 11:48:32	        gaiVersion = "3.03c";
build	22-Jul-2015 11:48:32	    };
build	22-Jul-2015 11:48:32	    timestamp = "2015-07-22 18:48:31 +0000";
build	22-Jul-2015 11:48:32	}
build	22-Jul-2015 11:48:32	Test Suite 'All tests' started at 2015-07-22 18:48:31 +0000
build	22-Jul-2015 11:48:32	Test Suite 'WishboneTests.xctest' started at 2015-07-22 18:48:31 +0000
build	22-Jul-2015 11:48:32	Test Suite 'WishboneTests' started at 2015-07-22 18:48:31 +0000
build	22-Jul-2015 11:48:32	Test Case '-[WishboneTests testExample]' started.
build	22-Jul-2015 11:48:32	Test Case '-[WishboneTests testExample]' passed (0.000 seconds).
build	22-Jul-2015 11:48:32	Test Case '-[WishboneTests testPerformanceExample]' started.
build	22-Jul-2015 11:48:32	Invalid connection: com.apple.coresymbolicationd
build	22-Jul-2015 11:48:32	/Users/wtobey/Desktop/Wishbone/WishboneTests/WishboneTests.m:35: Test Case '-[WishboneTests testPerformanceExample]' measured [Time, seconds] average: 0.000, relative standard deviation: 99.163%, values: [0.000002, 0.000001, 0.000000, 0.000000, 0.000000, 0.000000, 0.000000, 0.000000, 0.000000, 0.000000], performanceMetricID:com.apple.XCTPerformanceMetric_WallClockTime, baselineName: "", baselineAverage: , maxPercentRegression: 10.000%, maxPercentRelativeStandardDeviation: 10.000%, maxRegression: 0.100, maxStandardDeviation: 0.100
build	22-Jul-2015 11:48:32	Test Case '-[WishboneTests testPerformanceExample]' passed (1.297 seconds).
build	22-Jul-2015 11:48:32	Test Suite 'WishboneTests' passed at 2015-07-22 18:48:32 +0000.
build	22-Jul-2015 11:48:32		 Executed 2 tests, with 0 failures (0 unexpected) in 1.297 (1.298) seconds
build	22-Jul-2015 11:48:32	Test Suite 'WishboneTests.xctest' passed at 2015-07-22 18:48:32 +0000.
build	22-Jul-2015 11:48:32		 Executed 2 tests, with 0 failures (0 unexpected) in 1.297 (1.299) seconds
build	22-Jul-2015 11:48:32	Test Suite 'All tests' passed at 2015-07-22 18:48:32 +0000.
build	22-Jul-2015 11:48:32		 Executed 2 tests, with 0 failures (0 unexpected) in 1.297 (1.299) seconds
build	22-Jul-2015 11:48:32	===================================Building instruments.sh===================================
build	22-Jul-2015 11:48:33	===================================Running instruments.sh===================================
build	22-Jul-2015 11:48:38	2015-07-22 18:48:38 +0000 Start: First Screen
build	22-Jul-2015 11:48:38	2015-07-22 18:48:38 +0000 Debug: target.captureRectOnScreenWithName("{origin:{x:0.00,y:0.00}, size:{height:667.00,width:375.00}}", UIScreen, "First Screen Wed, 22 Jul 2015 18:48:38 GMT")
build	22-Jul-2015 11:48:39	2015-07-22 18:48:38 +0000 Screenshot captured.
build	22-Jul-2015 11:48:39	2015-07-22 18:48:38 +0000 Start: First Screen > Skip Login
build	22-Jul-2015 11:48:39	2015-07-22 18:48:38 +0000 Debug: target.frontMostApp().mainWindow().buttons()["Skip Login"].tap()
build	22-Jul-2015 11:48:39	2015-07-22 18:48:39 +0000 Pass: First Screen > Skip Login
build	22-Jul-2015 11:48:39	2015-07-22 18:48:39 +0000 Debug: target.captureRectOnScreenWithName("{origin:{x:0.00,y:0.00}, size:{height:667.00,width:375.00}}", UIScreen, "First Screen Wed, 22 Jul 2015 18:48:39 GMT")
build	22-Jul-2015 11:48:39	2015-07-22 18:48:39 +0000 Screenshot captured.
build	22-Jul-2015 11:48:39	2015-07-22 18:48:39 +0000 Debug: target.captureRectOnScreenWithName("{origin:{x:0.00,y:0.00}, size:{height:667.00,width:375.00}}", UIScreen, "First Screen Wed, 22 Jul 2015 18:48:39 GMT")
build	22-Jul-2015 11:48:39	2015-07-22 18:48:39 +0000 Screenshot captured.
build	22-Jul-2015 11:48:43	2015-07-22 18:48:43 +0000 Debug: target.frontMostApp().alert().cancelButton().tap()
build	22-Jul-2015 11:48:44	2015-07-22 18:48:44 +0000 Debug: target.frontMostApp().mainWindow().pageIndicators()[0].withValueForKey("1", "isVisible").selectPage("1")
build	22-Jul-2015 11:48:45	2015-07-22 18:48:45 +0000 Debug: target.captureRectOnScreenWithName("{origin:{x:0.00,y:0.00}, size:{height:667.00,width:375.00}}", UIScreen, "First Screen Wed, 22 Jul 2015 18:48:45 GMT")
build	22-Jul-2015 11:48:45	2015-07-22 18:48:45 +0000 Screenshot captured.
build	22-Jul-2015 11:48:45	2015-07-22 18:48:45 +0000 Debug: target.frontMostApp().mainWindow().scrollViews()[0].withValueForKey("1", "isVisible").scrollViews()[0].buttons()[0].tap()
build	22-Jul-2015 11:48:47	2015-07-22 18:48:47 +0000 Pass: First Screen
build	22-Jul-2015 11:48:47	2015-07-22 18:48:47 +0000 Start: Create View
build	22-Jul-2015 11:48:47	2015-07-22 18:48:47 +0000 Debug: target.frontMostApp().mainWindow().buttons()[0].withValueForKey("1", "isVisible").tap()
build	22-Jul-2015 11:48:47	2015-07-22 18:48:47 +0000 Debug: target.captureRectOnScreenWithName("{origin:{x:0.00,y:0.00}, size:{height:667.00,width:375.00}}", UIScreen, "Create View Wed, 22 Jul 2015 18:48:47 GMT")
build	22-Jul-2015 11:48:48	2015-07-22 18:48:47 +0000 Screenshot captured.
build	22-Jul-2015 11:48:58	2015-07-22 18:48:58 +0000 Debug: Cannot perform action on invalid element: UIAElementNil from target.frontMostApp().mainWindow().textViews()[0].withValueForKey("1", "isVisible")
build	22-Jul-2015 11:48:58	2015-07-22 18:48:58 +0000 Error: Script threw an uncaught JavaScript error: Cannot perform action on invalid element: UIAElementNil from target.frontMostApp().mainWindow().textViews()[0].withValueForKey("1", "isVisible") on line 585 of Wishbone.js
build	22-Jul-2015 11:48:58	2015-07-22 18:48:58 +0000 Stopped: Script was stopped by the user
error	22-Jul-2015 11:48:58	2015-07-22 11:48:58.460 instruments[4919:386641] Attempting to set event horizon when core is not engaged, request ignored
build	22-Jul-2015 11:48:59	Instruments Trace Complete (Duration : 24.222872s; Output : /Users/wtobey/Desktop/AUITesting/instrumentscli0.trace)
build	22-Jul-2015 11:48:59	===================================Running Parser.py===================================
build	22-Jul-2015 11:48:59	(0, 'First Screen > Skip Login')
build	22-Jul-2015 11:48:59	retrievedPath/Users/wtobey/Desktop/AUITesting/Run 1/First Screen Wed, 22 Jul 2015 18-48-38 GMT.png
build	22-Jul-2015 11:48:59	retrievedPath/Users/wtobey/Desktop/AUITesting/Run 1/First Screen Wed, 22 Jul 2015 18-48-39 GMT 2.png
build	22-Jul-2015 11:48:59	retrievedPath/Users/wtobey/Desktop/AUITesting/Run 1/First Screen Wed, 22 Jul 2015 18-48-39 GMT.png
build	22-Jul-2015 11:48:59	retrievedPath/Users/wtobey/Desktop/AUITesting/Run 1/First Screen Wed, 22 Jul 2015 18-48-45 GMT.png
build	22-Jul-2015 11:48:59	===================================Removing Trace===================================
build	22-Jul-2015 11:48:59	===================================Shutting Down Simulators===================================
command	22-Jul-2015 11:49:06	Request to stop 'WUT-BT-JOB1-177' received from wtobey
simple	22-Jul-2015 11:49:06	Failing task since return code of [/bin/sh /Users/wtobey/Desktop/AUITesting/atlassian-bamboo-5.9.1/temp/WUT-BT-JOB1-177-ScriptBuildTask-6203726142139184295.sh] was 143 while expected 0
simple	22-Jul-2015 11:49:06	Finished task 'Build and Run' with result: Failed
simple	22-Jul-2015 11:49:06	Running post build plugin 'npm Cache Cleanup'
simple	22-Jul-2015 11:49:06	Running post build plugin 'NCover Results Collector'
simple	22-Jul-2015 11:49:06	Running post build plugin 'Clover Results Collector'
simple	22-Jul-2015 11:49:06	Running post build plugin 'Docker Container Cleanup'
simple	22-Jul-2015 11:49:06	Running post build plugin 'Artifact Copier'
simple	22-Jul-2015 11:49:06	Finalising the build...
simple	22-Jul-2015 11:49:06	Stopping timer.
simple	22-Jul-2015 11:49:06	Build WUT-BT-JOB1-177 completed.
simple	22-Jul-2015 11:49:06	Running on server: post build plugin 'NCover Results Collector'
simple	22-Jul-2015 11:49:06	Running on server: post build plugin 'Clover Delta Calculator'
simple	22-Jul-2015 11:49:06	Running on server: post build plugin 'Maven Dependencies Postprocessor'
simple	22-Jul-2015 11:49:06	Running on server: post build plugin 'Build Hanging Detection Configuration'
simple	22-Jul-2015 11:49:06	All post build plugins have finished
simple	22-Jul-2015 11:49:06	Generating build results summary...
simple	22-Jul-2015 11:49:06	Saving build results to disk...
simple	22-Jul-2015 11:49:06	Logging substituted variables...
simple	22-Jul-2015 11:49:06	Indexing build results...
simple	22-Jul-2015 11:49:06	Finished building WUT-BT-JOB1-177.
