simple	17-Jul-2015 09:56:42	Build Wishbone UI Testing - Build and Test - Default Job #87 (WUT-BT-JOB1-87) started building on agent Default Agent
simple	17-Jul-2015 09:56:42	
simple	17-Jul-2015 09:56:42	Build working directory is /Users/wtobey/Desktop/AUITesting/bamboo-home/xml-data/build-dir/131073/WUT-BT-JOB1
simple	17-Jul-2015 09:56:42	Executing build Wishbone UI Testing - Build and Test - Default Job #87 (WUT-BT-JOB1-87)
simple	17-Jul-2015 09:56:42	Running pre-build action: VCS Version Collector
simple	17-Jul-2015 09:56:42	Starting task 'Build and Run' of type 'com.atlassian.bamboo.plugins.scripttask:task.builder.script'
command	17-Jul-2015 09:56:42	Beginning to execute external process for build 'Wishbone UI Testing - Build and Test - Default Job #87 (WUT-BT-JOB1-87)'\n ... running command line: \n/bin/sh /Users/wtobey/Desktop/AUITesting/atlassian-bamboo-5.9.1/temp/WUT-BT-JOB1-87-ScriptBuildTask-8611630757468552067.sh\n ... in: /Users/wtobey/Desktop/AUITesting/bamboo-home/xml-data/build-dir/131073/WUT-BT-JOB1\n ... using extra environment variables: \nbamboo_planRepository_1_branch=V-3.0.6\nbamboo_repository_revision_number=6c2c123a812e361046a86aa5b844b0eb0220564c\nbamboo_resultsUrl=http://172.16.34.157:8085/browse/WUT-BT-JOB1-87\nbamboo_repository_983041_revision_number=6c2c123a812e361046a86aa5b844b0eb0220564c\nbamboo_planRepository_1_name=Wishbone\nbamboo_repository_983041_branch_name=V-3.0.6\nbamboo_build_working_directory=/Users/wtobey/Desktop/AUITesting/bamboo-home/xml-data/build-dir/131073/WUT-BT-JOB1\nbamboo_buildKey=WUT-BT-JOB1\nbamboo_shortPlanName=Build and Test\nbamboo_planRepository_name=Wishbone\nbamboo_buildNumber=87\nbamboo_shortJobName=Default Job\nbamboo_buildResultsUrl=http://172.16.34.157:8085/browse/WUT-BT-JOB1-87\nbamboo_planRepository_repositoryUrl=https://github.com/SciDevs/wishbone.git\nbamboo_agentId=131073\nbamboo_planName=Wishbone UI Testing - Build and Test\nbamboo_shortPlanKey=BT\nbamboo_shortJobKey=JOB1\nbamboo_planRepository_revision=6c2c123a812e361046a86aa5b844b0eb0220564c\nbamboo_repository_previous_revision_number=6c2c123a812e361046a86aa5b844b0eb0220564c\nbamboo_buildTimeStamp=2015-07-17T09:56:42.722-07:00\nbamboo_planRepository_previousRevision=6c2c123a812e361046a86aa5b844b0eb0220564c\nbamboo_buildResultKey=WUT-BT-JOB1-87\nbamboo_repository_git_branch=V-3.0.6\nbamboo_repository_branch_name=V-3.0.6\nbamboo_buildPlanName=Wishbone UI Testing - Build and Test - Default Job\nbamboo_repository_983041_git_repositoryUrl=https://github.com/SciDevs/wishbone.git\nbamboo_planRepository_1_revision=6c2c123a812e361046a86aa5b844b0eb0220564c\nbamboo_repository_983041_git_username=wt65074\nbamboo_repository_name=Wishbone\nbamboo_repository_983041_name=Wishbone\nbamboo_dependenciesDisabled=false\nbamboo_planRepository_branch=V-3.0.6\nbamboo_agentWorkingDirectory=/Users/wtobey/Desktop/AUITesting/bamboo-home/xml-data/build-dir/131073\nbamboo_capability_system_git_executable=/usr/bin/git\nbamboo_planRepository_1_previousRevision=6c2c123a812e361046a86aa5b844b0eb0220564c\nbamboo_repository_git_username=wt65074\nbamboo_repository_983041_previous_revision_number=6c2c123a812e361046a86aa5b844b0eb0220564c\nbamboo_planRepository_1_type=gh\nbamboo_planRepository_branchName=V-3.0.6\nbamboo_capability_system_jdk_JDK=/Library/Java/JavaVirtualMachines/jdk1.8.0_20.jdk/Contents/Home\nbamboo_capability_system_jdk_JDK_1_8_0_20=/Library/Java/JavaVirtualMachines/jdk1.8.0_20.jdk/Contents/Home\nbamboo_planRepository_type=gh\nbamboo_planRepository_1_username=wt65074\nbamboo_ManualBuildTriggerReason_userName=wtobey\nbamboo_repository_git_repositoryUrl=https://github.com/SciDevs/wishbone.git\nbamboo_repository_983041_git_branch=V-3.0.6\nbamboo_working_directory=/Users/wtobey/Desktop/AUITesting/bamboo-home/xml-data/build-dir/131073/WUT-BT-JOB1\nbamboo_planKey=WUT-BT\nbamboo_planRepository_1_repositoryUrl=https://github.com/SciDevs/wishbone.git\nbamboo_planRepository_username=wt65074\nbamboo_capability_system_jdk_JDK_1_8=/Library/Java/JavaVirtualMachines/jdk1.8.0_20.jdk/Contents/Home\nbamboo_planRepository_1_branchName=V-3.0.6\n
build	17-Jul-2015 09:56:42	===================================Building Wishbone.app===================================
build	17-Jul-2015 09:56:45	=== BUILD TARGET Wishbone OF PROJECT Wishbone WITH CONFIGURATION Debug ===
build	17-Jul-2015 09:56:45	
build	17-Jul-2015 09:56:45	Check dependencies
build	17-Jul-2015 09:56:46	warning: no rule to process file '/Users/wtobey/Desktop/Wishbone/Wishbone/Shared/MoPubSDK/AdNetworkSupport/Millennial/SDK/README.md' of type net.daringfireball.markdown for architecture x86_64
build	17-Jul-2015 09:56:46	warning: no rule to process file '/Users/wtobey/Desktop/Wishbone/Wishbone/Shared/MoPubSDK/AdNetworkSupport/GoogleAdMob/SDK/README.md' of type net.daringfireball.markdown for architecture x86_64
build	17-Jul-2015 09:56:46	warning: no rule to process file '/Users/wtobey/Desktop/Wishbone/Wishbone/Shared/MoPubSDK/AdNetworkSupport/Chartboost/SDK/README.md' of type net.daringfireball.markdown for architecture x86_64
build	17-Jul-2015 09:56:46	warning: no rule to process file '/Users/wtobey/Desktop/Wishbone/Wishbone/Shared/SDWebImage/README.md' of type net.daringfireball.markdown for architecture x86_64
build	17-Jul-2015 09:56:46	warning: no rule to process file '/Users/wtobey/Desktop/Wishbone/Wishbone/Shared/MoPubSDK/AdNetworkSupport/Vungle/SDK/README.md' of type net.daringfireball.markdown for architecture x86_64
build	17-Jul-2015 09:56:46	Warning: Multiple build commands for output file /Users/wtobey/Library/Developer/Xcode/DerivedData/Wishbone-eekgnurymbvwimgmkjagwaqhgzyt/Build/Products/Debug-iphonesimulator/Wishbone.app/LICENSE
build	17-Jul-2015 09:56:46	Warning: Multiple build commands for output file /Users/wtobey/Library/Developer/Xcode/DerivedData/Wishbone-eekgnurymbvwimgmkjagwaqhgzyt/Build/Products/Debug-iphonesimulator/Wishbone.app/Line@2x.png
build	17-Jul-2015 09:56:46	
build	17-Jul-2015 09:56:46	=== BUILD TARGET WishboneTests OF PROJECT Wishbone WITH CONFIGURATION Debug ===
build	17-Jul-2015 09:56:46	
build	17-Jul-2015 09:56:46	Check dependencies
build	17-Jul-2015 09:56:46	
build	17-Jul-2015 09:57:04	** TEST SUCCEEDED **
build	17-Jul-2015 09:57:04	
build	17-Jul-2015 09:57:04	2015-07-17 09:57:01.685 Wishbone[1294:313048] Flurry: Starting session on Agent Version [Flurry_iOS_142_6.0.0] 
build	17-Jul-2015 09:57:04	2015-07-17 09:57:01.792 Wishbone[1294:313048] <Google> ACTConversionIDReporter: sending ping: https://www.googleadservices.com/pagead/conversion/974033742/?appversion=2.8.7&bundleid=com.Science.Cyclops&label=ZhphCPH6g1YQzqa60AM&lat=0&muid=I4rT2FoDRvqQVmclicwd7w&osversion=8.4&sdkversion=ct-sdk-i-v3.1.1&timestamp=1437152221.786511&usage_tracking_enabled=1&value=1.00.
build	17-Jul-2015 09:57:04	2015-07-17 09:57:01.817 Wishbone[1294:313048] ADCOLONY 2.4.13.11 [info] AdColony library version: 2.4.13.11 64-bit production
build	17-Jul-2015 09:57:04	2015-07-17 09:57:01.952 Wishbone[1294:313468] ADCOLONY 2.4.13.11 [info] Developer logging enabled
build	17-Jul-2015 09:57:04	2015-07-17 09:57:02.442 Wishbone[1294:313468] ADCOLONY 2.4.13.11 [trace] Configuration succeeded!
build	17-Jul-2015 09:57:04	2015-07-17 09:57:02.479 Wishbone[1294:313468] ADCOLONY 2.4.13.11 [info] Ads are not ready for zone vz28b7f3058a8a4bbb94
build	17-Jul-2015 09:57:04	2015-07-17 09:57:02.629 Wishbone[1294:313048] AppsFlyer SDK version 2.5.3.15 started
build	17-Jul-2015 09:57:04	2015-07-17 09:57:02.633 Wishbone[1294:313480] Resolved sdk-api-ssl.playhaven.com -> 48.94.1.21
build	17-Jul-2015 09:57:04	2015-07-17 09:57:02.633 Wishbone[1294:313481] Resolved media.playhaven.com -> 48.94.1.21
build	17-Jul-2015 09:57:04	2015-07-17 09:57:02.894 Wishbone[1294:313048] INFO: GoogleAnalytics 3.03c -[GAIReachabilityChecker reachabilityFlagsChanged:] (GAIReachabilityChecker.m:159): Reachability flags update: 0X000002
build	17-Jul-2015 09:57:04	2015-07-17 09:57:03.068 Wishbone[1294:313048] <Google> ping successful.
build	17-Jul-2015 09:57:04	2015-07-17 09:57:03.085 Wishbone[1294:313048] <Google> ACTAutomatedUsageReporterPrivate: sending ping: https://www.googleadservices.com/pagead/conversion/974033742/?appversion=2.8.7&auto=1&bundleid=com.Science.Cyclops&lat=0&muid=I4rT2FoDRvqQVmclicwd7w&osversion=8.4&sdkversion=ct-sdk-i-v3.1.1&timestamp=1437155823.078536&usage_tracking_enabled=1.
build	17-Jul-2015 09:57:04	2015-07-17 09:57:03.140 Wishbone[1294:313048] [PlayHaven-2.0.2] Sending request: https://sdk-api-ssl.playhaven.com/v3/publisher/open/?ifa=1E81B7BC-A642-4B56-8266-5C3DC7660AAE&tz=-7.0&app_version=2.8.7&scount=1&os=iPhone+OS+8.4&sig4=juAwRuDHk__uDwVsi2H6NxtjF1I&plugin=ios&nonce=8P7WCgmQ3VAIrY8LaL235k8BVX0&sdk-ios=2.0.2&token=6b9f6fb7b24d47128221cc82c3b43553&hardware=iPhone+Simulator&connection=2&idfv=2340EBFF-0081-498D-A304-CA54C709A705&scale=2&height=568&tracking=1&width=320&opt_out=0&ssum=0&languages=en&idiom=0&app=com.Science.Cyclops
build	17-Jul-2015 09:57:04	2015-07-17 09:57:03.210 Wishbone[1294:313048] <Google> ping successful.
build	17-Jul-2015 09:57:04	2015-07-17 09:57:03.454 Wishbone[1294:313468] ADCOLONY 2.4.13.11 [info] Ads are ready for zone vz28b7f3058a8a4bbb94
build	17-Jul-2015 09:57:04	2015-07-17 09:57:03.587 Wishbone[1294:313456] VERBOSE: GoogleAnalytics 3.03c -[GAIBatchingDispatcher persist:] (GAIBatchingDispatcher.m:418): Saved hit: {
build	17-Jul-2015 09:57:04	    parameters =     {
build	17-Jul-2015 09:57:04	        "&_u" = ".etno";
build	17-Jul-2015 09:57:04	        "&_v" = "mi3.0.3c";
build	17-Jul-2015 09:57:04	        "&an" = Wishbone;
build	17-Jul-2015 09:57:04	        "&av" = "3.0.5";
build	17-Jul-2015 09:57:04	        "&cd" = "Login View";
build	17-Jul-2015 09:57:04	        "&cid" = "12042524-c9ff-4dc1-b7e4-0e39160b62c3";
build	17-Jul-2015 09:57:04	        "&sr" = 320x568;
build	17-Jul-2015 09:57:04	        "&t" = appview;
build	17-Jul-2015 09:57:04	        "&tid" = "UA-48537804-1";
build	17-Jul-2015 09:57:04	        "&ul" = en;
build	17-Jul-2015 09:57:04	        "&v" = 1;
build	17-Jul-2015 09:57:04	        "&z" = 13650329549165087757;
build	17-Jul-2015 09:57:04	        gaiVersion = "3.03c";
build	17-Jul-2015 09:57:04	    };
build	17-Jul-2015 09:57:04	    timestamp = "2015-07-17 16:57:03 +0000";
build	17-Jul-2015 09:57:04	}
build	17-Jul-2015 09:57:04	2015-07-17 09:57:03.766 Wishbone[1294:313048] AppsFlyer: sent information to server
build	17-Jul-2015 09:57:04	2015-07-17 09:57:03.767 Wishbone[1294:313048] Cache size 0
build	17-Jul-2015 09:57:04	Test Suite 'All tests' started at 2015-07-17 16:57:03 +0000
build	17-Jul-2015 09:57:04	Test Suite 'WishboneTests.xctest' started at 2015-07-17 16:57:03 +0000
build	17-Jul-2015 09:57:04	Test Suite 'WishboneTests' started at 2015-07-17 16:57:03 +0000
build	17-Jul-2015 09:57:04	Test Case '-[WishboneTests testExample]' started.
build	17-Jul-2015 09:57:04	Test Case '-[WishboneTests testExample]' passed (0.001 seconds).
build	17-Jul-2015 09:57:04	Test Case '-[WishboneTests testPerformanceExample]' started.
build	17-Jul-2015 09:57:04	2015-07-17 09:57:03.815 Wishbone[1294:313048] [PlayHaven-2.0.2] Request recieved HTTP response: 200
build	17-Jul-2015 09:57:04	2015-07-17 09:57:03.815 Wishbone[1294:313048] [PlayHaven-2.0.2] Request finished!
build	17-Jul-2015 09:57:04	/Users/wtobey/Desktop/Wishbone/WishboneTests/WishboneTests.m:35: Test Case '-[WishboneTests testPerformanceExample]' measured [Time, seconds] average: 0.000, relative standard deviation: 133.092%, values: [0.000005, 0.000001, 0.000001, 0.000001, 0.000001, 0.000000, 0.000000, 0.000001, 0.000000, 0.000000], performanceMetricID:com.apple.XCTPerformanceMetric_WallClockTime, baselineName: "", baselineAverage: , maxPercentRegression: 10.000%, maxPercentRelativeStandardDeviation: 10.000%, maxRegression: 0.100, maxStandardDeviation: 0.100
build	17-Jul-2015 09:57:04	Test Case '-[WishboneTests testPerformanceExample]' passed (0.605 seconds).
build	17-Jul-2015 09:57:04	Test Suite 'WishboneTests' passed at 2015-07-17 16:57:04 +0000.
build	17-Jul-2015 09:57:04		 Executed 2 tests, with 0 failures (0 unexpected) in 0.606 (0.608) seconds
build	17-Jul-2015 09:57:04	Test Suite 'WishboneTests.xctest' passed at 2015-07-17 16:57:04 +0000.
build	17-Jul-2015 09:57:04		 Executed 2 tests, with 0 failures (0 unexpected) in 0.606 (0.610) seconds
build	17-Jul-2015 09:57:04	Test Suite 'All tests' passed at 2015-07-17 16:57:04 +0000.
build	17-Jul-2015 09:57:04		 Executed 2 tests, with 0 failures (0 unexpected) in 0.606 (0.613) seconds
build	17-Jul-2015 09:57:04	===================================Building instruments.sh===================================
build	17-Jul-2015 09:57:08	===================================Running instruments.sh===================================
build	17-Jul-2015 09:57:11	2015-07-17 16:57:11 +0000 Error: Script threw an uncaught JavaScript error: Unexpected token ',' on line 210 of Wishbone.js
build	17-Jul-2015 09:57:12	Instruments Trace Complete (Duration : 2.140061s; Output : /Users/wtobey/Desktop/AUITesting/instrumentscli0.trace)
build	17-Jul-2015 09:57:12	===================================Running Parser.py===================================
build	17-Jul-2015 09:57:12	The current working directory is /Users/wtobey/Desktop/AUITesting
build	17-Jul-2015 09:57:12	[]
build	17-Jul-2015 09:57:12	[]
build	17-Jul-2015 09:57:12	['.DS_Store', '.git', 'Archived Runs', 'atlassian-bamboo-5.9.1', 'bamboo-home', 'BambooTests', 'instruments.sh', 'instrumentscli0.trace', 'parser.py', 'README.md', 'Run 1', 'Run 2015-07-15 21:26:31', 'Run 2015-07-15 21:40:12', 'Run 2015-07-15 21:57:29', 'Run 2015-07-16 17:50:14', 'Run 2015-07-16 18:22:38', 'Run 2015-07-16 18:43:44', 'Run 2015-07-16 19:13:06', 'Run 2015-07-16 21:49:14', 'Run 2015-07-16 22:22:17', 'Run 2015-07-17 01:06:57', 'RunSummary.txt', 'Wishbone.js', 'WishboneTemplate.tracetemplate']
build	17-Jul-2015 09:57:12	===================================Removing Trace===================================
build	17-Jul-2015 09:57:12	===================================Shutting Down Simulators===================================
build	17-Jul-2015 09:57:19	===================================Erasing Simulators===================================
build	17-Jul-2015 09:57:21	===================================Squitting Simulators===================================
simple	17-Jul-2015 09:57:22	Finished task 'Build and Run' with result: Success
simple	17-Jul-2015 09:57:22	Running post build plugin 'npm Cache Cleanup'
simple	17-Jul-2015 09:57:22	Running post build plugin 'NCover Results Collector'
simple	17-Jul-2015 09:57:22	Running post build plugin 'Clover Results Collector'
simple	17-Jul-2015 09:57:22	Running post build plugin 'Docker Container Cleanup'
simple	17-Jul-2015 09:57:22	Running post build plugin 'Artifact Copier'
simple	17-Jul-2015 09:57:22	Finalising the build...
simple	17-Jul-2015 09:57:22	Stopping timer.
simple	17-Jul-2015 09:57:22	Build WUT-BT-JOB1-87 completed.
simple	17-Jul-2015 09:57:22	Running on server: post build plugin 'NCover Results Collector'
simple	17-Jul-2015 09:57:22	Running on server: post build plugin 'Clover Delta Calculator'
simple	17-Jul-2015 09:57:22	Running on server: post build plugin 'Maven Dependencies Postprocessor'
simple	17-Jul-2015 09:57:22	Running on server: post build plugin 'Build Hanging Detection Configuration'
simple	17-Jul-2015 09:57:22	All post build plugins have finished
simple	17-Jul-2015 09:57:22	Generating build results summary...
simple	17-Jul-2015 09:57:22	Saving build results to disk...
simple	17-Jul-2015 09:57:22	Logging substituted variables...
simple	17-Jul-2015 09:57:22	Indexing build results...
simple	17-Jul-2015 09:57:22	Finished building WUT-BT-JOB1-87.
