simple	22-Jul-2015 10:22:24	Build Wishbone UI Testing - Build and Test - Default Job #169 (WUT-BT-JOB1-169) started building on agent Default Agent
simple	22-Jul-2015 10:22:24	
simple	22-Jul-2015 10:22:24	Build working directory is /Users/wtobey/Desktop/AUITesting/bamboo-home/xml-data/build-dir/131073/WUT-BT-JOB1
simple	22-Jul-2015 10:22:24	Executing build Wishbone UI Testing - Build and Test - Default Job #169 (WUT-BT-JOB1-169)
simple	22-Jul-2015 10:22:24	Running pre-build action: VCS Version Collector
simple	22-Jul-2015 10:22:24	Starting task 'Build and Run' of type 'com.atlassian.bamboo.plugins.scripttask:task.builder.script'
command	22-Jul-2015 10:22:24	Beginning to execute external process for build 'Wishbone UI Testing - Build and Test - Default Job #169 (WUT-BT-JOB1-169)'\n ... running command line: \n/bin/sh /Users/wtobey/Desktop/AUITesting/atlassian-bamboo-5.9.1/temp/WUT-BT-JOB1-169-ScriptBuildTask-5274786677513705260.sh\n ... in: /Users/wtobey/Desktop/AUITesting/bamboo-home/xml-data/build-dir/131073/WUT-BT-JOB1\n ... using extra environment variables: \nbamboo_planRepository_1_branch=V-3.0.6\nbamboo_repository_revision_number=6c2c123a812e361046a86aa5b844b0eb0220564c\nbamboo_resultsUrl=http://172.16.34.157:8085/browse/WUT-BT-JOB1-169\nbamboo_repository_983041_revision_number=6c2c123a812e361046a86aa5b844b0eb0220564c\nbamboo_planRepository_1_name=Wishbone\nbamboo_repository_983041_branch_name=V-3.0.6\nbamboo_build_working_directory=/Users/wtobey/Desktop/AUITesting/bamboo-home/xml-data/build-dir/131073/WUT-BT-JOB1\nbamboo_buildKey=WUT-BT-JOB1\nbamboo_shortPlanName=Build and Test\nbamboo_planRepository_name=Wishbone\nbamboo_buildNumber=169\nbamboo_shortJobName=Default Job\nbamboo_buildResultsUrl=http://172.16.34.157:8085/browse/WUT-BT-JOB1-169\nbamboo_planRepository_repositoryUrl=https://github.com/SciDevs/wishbone.git\nbamboo_agentId=131073\nbamboo_planName=Wishbone UI Testing - Build and Test\nbamboo_shortPlanKey=BT\nbamboo_shortJobKey=JOB1\nbamboo_planRepository_revision=6c2c123a812e361046a86aa5b844b0eb0220564c\nbamboo_repository_previous_revision_number=6c2c123a812e361046a86aa5b844b0eb0220564c\nbamboo_buildTimeStamp=2015-07-22T10:22:24.502-07:00\nbamboo_planRepository_previousRevision=6c2c123a812e361046a86aa5b844b0eb0220564c\nbamboo_buildResultKey=WUT-BT-JOB1-169\nbamboo_repository_git_branch=V-3.0.6\nbamboo_repository_branch_name=V-3.0.6\nbamboo_buildPlanName=Wishbone UI Testing - Build and Test - Default Job\nbamboo_repository_983041_git_repositoryUrl=https://github.com/SciDevs/wishbone.git\nbamboo_planRepository_1_revision=6c2c123a812e361046a86aa5b844b0eb0220564c\nbamboo_repository_983041_git_username=wt65074\nbamboo_repository_name=Wishbone\nbamboo_repository_983041_name=Wishbone\nbamboo_dependenciesDisabled=false\nbamboo_planRepository_branch=V-3.0.6\nbamboo_agentWorkingDirectory=/Users/wtobey/Desktop/AUITesting/bamboo-home/xml-data/build-dir/131073\nbamboo_capability_system_git_executable=/usr/bin/git\nbamboo_planRepository_1_previousRevision=6c2c123a812e361046a86aa5b844b0eb0220564c\nbamboo_repository_git_username=wt65074\nbamboo_repository_983041_previous_revision_number=6c2c123a812e361046a86aa5b844b0eb0220564c\nbamboo_planRepository_1_type=gh\nbamboo_planRepository_branchName=V-3.0.6\nbamboo_capability_system_jdk_JDK=/Library/Java/JavaVirtualMachines/jdk1.8.0_20.jdk/Contents/Home\nbamboo_capability_system_jdk_JDK_1_8_0_20=/Library/Java/JavaVirtualMachines/jdk1.8.0_20.jdk/Contents/Home\nbamboo_planRepository_type=gh\nbamboo_planRepository_1_username=wt65074\nbamboo_ManualBuildTriggerReason_userName=wtobey\nbamboo_repository_git_repositoryUrl=https://github.com/SciDevs/wishbone.git\nbamboo_repository_983041_git_branch=V-3.0.6\nbamboo_working_directory=/Users/wtobey/Desktop/AUITesting/bamboo-home/xml-data/build-dir/131073/WUT-BT-JOB1\nbamboo_planKey=WUT-BT\nbamboo_planRepository_1_repositoryUrl=https://github.com/SciDevs/wishbone.git\nbamboo_planRepository_username=wt65074\nbamboo_capability_system_jdk_JDK_1_8=/Library/Java/JavaVirtualMachines/jdk1.8.0_20.jdk/Contents/Home\nbamboo_planRepository_1_branchName=V-3.0.6\n
error	22-Jul-2015 10:22:24	AUITestingScript.sh: line 12: [-f: command not found
build	22-Jul-2015 10:22:24	===================================BuildingWishbone.app===================================
build	22-Jul-2015 10:22:25	=== BUILD TARGET Wishbone OF PROJECT Wishbone WITH CONFIGURATION Debug ===
build	22-Jul-2015 10:22:25	
build	22-Jul-2015 10:22:25	Check dependencies
build	22-Jul-2015 10:22:26	warning: no rule to process file '/Users/wtobey/Desktop/Wishbone/Wishbone/Shared/MoPubSDK/AdNetworkSupport/Millennial/SDK/README.md' of type net.daringfireball.markdown for architecture x86_64
build	22-Jul-2015 10:22:26	warning: no rule to process file '/Users/wtobey/Desktop/Wishbone/Wishbone/Shared/MoPubSDK/AdNetworkSupport/GoogleAdMob/SDK/README.md' of type net.daringfireball.markdown for architecture x86_64
build	22-Jul-2015 10:22:26	warning: no rule to process file '/Users/wtobey/Desktop/Wishbone/Wishbone/Shared/MoPubSDK/AdNetworkSupport/Chartboost/SDK/README.md' of type net.daringfireball.markdown for architecture x86_64
build	22-Jul-2015 10:22:26	warning: no rule to process file '/Users/wtobey/Desktop/Wishbone/Wishbone/Shared/SDWebImage/README.md' of type net.daringfireball.markdown for architecture x86_64
build	22-Jul-2015 10:22:26	warning: no rule to process file '/Users/wtobey/Desktop/Wishbone/Wishbone/Shared/MoPubSDK/AdNetworkSupport/Vungle/SDK/README.md' of type net.daringfireball.markdown for architecture x86_64
build	22-Jul-2015 10:22:26	Warning: Multiple build commands for output file /Users/wtobey/Library/Developer/Xcode/DerivedData/Wishbone-eekgnurymbvwimgmkjagwaqhgzyt/Build/Products/Debug-iphonesimulator/Wishbone.app/LICENSE
build	22-Jul-2015 10:22:26	Warning: Multiple build commands for output file /Users/wtobey/Library/Developer/Xcode/DerivedData/Wishbone-eekgnurymbvwimgmkjagwaqhgzyt/Build/Products/Debug-iphonesimulator/Wishbone.app/Line@2x.png
build	22-Jul-2015 10:22:26	
build	22-Jul-2015 10:22:27	=== BUILD TARGET WishboneTests OF PROJECT Wishbone WITH CONFIGURATION Debug ===
build	22-Jul-2015 10:22:27	
build	22-Jul-2015 10:22:27	Check dependencies
build	22-Jul-2015 10:22:27	
build	22-Jul-2015 10:22:32	** TEST SUCCEEDED **
build	22-Jul-2015 10:22:32	
build	22-Jul-2015 10:22:32	2015-07-22 10:22:31.159 Wishbone[3182:120119] Flurry: Starting session on Agent Version [Flurry_iOS_142_6.0.0] 
build	22-Jul-2015 10:22:32	2015-07-22 10:22:31.241 Wishbone[3182:120119] <Google> ACTConversionIDReporter: sending ping: https://www.googleadservices.com/pagead/conversion/974033742/?appversion=2.8.7&bundleid=com.Science.Cyclops&label=ZhphCPH6g1YQzqa60AM&lat=0&muid=xosYuo4dksoLKE46w-UIQQ&osversion=8.4&sdkversion=ct-sdk-i-v3.1.1&timestamp=1437585751.238573&usage_tracking_enabled=1&value=1.00.
build	22-Jul-2015 10:22:32	2015-07-22 10:22:31.260 Wishbone[3182:120119] ADCOLONY 2.4.13.11 [info] AdColony library version: 2.4.13.11 64-bit production
build	22-Jul-2015 10:22:32	2015-07-22 10:22:31.341 Wishbone[3182:120216] ADCOLONY 2.4.13.11 [info] Developer logging enabled
build	22-Jul-2015 10:22:32	2015-07-22 10:22:31.524 Wishbone[3182:120228] Resolved media.playhaven.com -> 48.174.196.19
build	22-Jul-2015 10:22:32	2015-07-22 10:22:31.524 Wishbone[3182:120227] Resolved sdk-api-ssl.playhaven.com -> 48.174.196.19
build	22-Jul-2015 10:22:32	2015-07-22 10:22:31.527 Wishbone[3182:120119] AppsFlyer SDK version 2.5.3.15 started
build	22-Jul-2015 10:22:32	2015-07-22 10:22:31.639 Wishbone[3182:120119] INFO: GoogleAnalytics 3.03c -[GAIReachabilityChecker reachabilityFlagsChanged:] (GAIReachabilityChecker.m:159): Reachability flags update: 0X000002
build	22-Jul-2015 10:22:32	2015-07-22 10:22:31.682 Wishbone[3182:120119] <Google> ACTAutomatedUsageReporterPrivate: sending ping: https://www.googleadservices.com/pagead/conversion/974033742/?appversion=2.8.7&auto=1&bundleid=com.Science.Cyclops&lat=0&muid=xosYuo4dksoLKE46w-UIQQ&osversion=8.4&sdkversion=ct-sdk-i-v3.1.1&timestamp=1437589351.680401&usage_tracking_enabled=1.
build	22-Jul-2015 10:22:32	2015-07-22 10:22:31.699 Wishbone[3182:120119] [PlayHaven-2.0.2] Sending request: https://sdk-api-ssl.playhaven.com/v3/publisher/open/?ifa=F56767E1-EA7D-424E-8491-D071C3369AAE&tz=-7.0&app_version=2.8.7&scount=1&os=iPhone+OS+8.4&sig4=_Rjj-foDc4s_0VJa6WlMiAvNZts&plugin=ios&nonce=YGOY7OwdKJF1nJwvJ0WAvuVtYak&sdk-ios=2.0.2&token=6b9f6fb7b24d47128221cc82c3b43553&hardware=iPhone+Simulator&connection=2&idfv=6644174D-74D2-4F6E-8134-32DA36D30BD2&scale=2&height=568&tracking=1&width=320&opt_out=0&ssum=0&languages=en&idiom=0&app=com.Science.Cyclops
build	22-Jul-2015 10:22:32	2015-07-22 10:22:31.790 Wishbone[3182:120216] ADCOLONY 2.4.13.11 [trace] Configuration succeeded!
build	22-Jul-2015 10:22:32	2015-07-22 10:22:31.846 Wishbone[3182:120186] VERBOSE: GoogleAnalytics 3.03c -[GAIBatchingDispatcher persist:] (GAIBatchingDispatcher.m:418): Saved hit: {
build	22-Jul-2015 10:22:32	    parameters =     {
build	22-Jul-2015 10:22:32	        "&_u" = ".etno";
build	22-Jul-2015 10:22:32	        "&_v" = "mi3.0.3c";
build	22-Jul-2015 10:22:32	        "&an" = Wishbone;
build	22-Jul-2015 10:22:32	        "&av" = "3.0.5";
build	22-Jul-2015 10:22:32	        "&cd" = "Login View";
build	22-Jul-2015 10:22:32	        "&cid" = "9ff9328d-f5fd-4e7e-94bd-788f727c2fb7";
build	22-Jul-2015 10:22:32	        "&sr" = 320x568;
build	22-Jul-2015 10:22:32	        "&t" = appview;
build	22-Jul-2015 10:22:32	        "&tid" = "UA-48537804-1";
build	22-Jul-2015 10:22:32	        "&ul" = en;
build	22-Jul-2015 10:22:32	        "&v" = 1;
build	22-Jul-2015 10:22:32	        "&z" = 11446185229512378945;
build	22-Jul-2015 10:22:32	        gaiVersion = "3.03c";
build	22-Jul-2015 10:22:32	    };
build	22-Jul-2015 10:22:32	    timestamp = "2015-07-22 17:22:31 +0000";
build	22-Jul-2015 10:22:32	}
build	22-Jul-2015 10:22:32	2015-07-22 10:22:31.853 Wishbone[3182:120216] ADCOLONY 2.4.13.11 [info] Ads are not ready for zone vz28b7f3058a8a4bbb94
build	22-Jul-2015 10:22:32	2015-07-22 10:22:31.892 Wishbone[3182:120119] <Google> ping successful.
build	22-Jul-2015 10:22:32	2015-07-22 10:22:31.894 Wishbone[3182:120119] <Google> ping successful.
build	22-Jul-2015 10:22:32	Test Suite 'All tests' started at 2015-07-22 17:22:31 +0000
build	22-Jul-2015 10:22:32	Test Suite 'WishboneTests.xctest' started at 2015-07-22 17:22:31 +0000
build	22-Jul-2015 10:22:32	Test Suite 'WishboneTests' started at 2015-07-22 17:22:31 +0000
build	22-Jul-2015 10:22:32	Test Case '-[WishboneTests testExample]' started.
build	22-Jul-2015 10:22:32	Test Case '-[WishboneTests testExample]' passed (0.000 seconds).
build	22-Jul-2015 10:22:32	Test Case '-[WishboneTests testPerformanceExample]' started.
build	22-Jul-2015 10:22:32	2015-07-22 10:22:32.065 Wishbone[3182:120119] [PlayHaven-2.0.2] Request recieved HTTP response: 200
build	22-Jul-2015 10:22:32	2015-07-22 10:22:32.066 Wishbone[3182:120119] [PlayHaven-2.0.2] Request finished!
build	22-Jul-2015 10:22:32	/Users/wtobey/Desktop/Wishbone/WishboneTests/WishboneTests.m:35: Test Case '-[WishboneTests testPerformanceExample]' measured [Time, seconds] average: 0.000, relative standard deviation: 90.937%, values: [0.000003, 0.000001, 0.000001, 0.000000, 0.000001, 0.000001, 0.000001, 0.000001, 0.000001, 0.000001], performanceMetricID:com.apple.XCTPerformanceMetric_WallClockTime, baselineName: "", baselineAverage: , maxPercentRegression: 10.000%, maxPercentRelativeStandardDeviation: 10.000%, maxRegression: 0.100, maxStandardDeviation: 0.100
build	22-Jul-2015 10:22:32	Test Case '-[WishboneTests testPerformanceExample]' passed (0.280 seconds).
build	22-Jul-2015 10:22:32	Test Suite 'WishboneTests' passed at 2015-07-22 17:22:32 +0000.
build	22-Jul-2015 10:22:32		 Executed 2 tests, with 0 failures (0 unexpected) in 0.280 (0.281) seconds
build	22-Jul-2015 10:22:32	Test Suite 'WishboneTests.xctest' passed at 2015-07-22 17:22:32 +0000.
build	22-Jul-2015 10:22:32		 Executed 2 tests, with 0 failures (0 unexpected) in 0.280 (0.282) seconds
build	22-Jul-2015 10:22:32	Test Suite 'All tests' passed at 2015-07-22 17:22:32 +0000.
build	22-Jul-2015 10:22:32		 Executed 2 tests, with 0 failures (0 unexpected) in 0.280 (0.283) seconds
build	22-Jul-2015 10:22:32	===================================Building instruments.sh===================================
build	22-Jul-2015 10:22:33	===================================Running instruments.sh===================================
command	22-Jul-2015 10:22:35	Request to stop 'WUT-BT-JOB1-169' received from wtobey
simple	22-Jul-2015 10:22:35	Failing task since return code of [/bin/sh /Users/wtobey/Desktop/AUITesting/atlassian-bamboo-5.9.1/temp/WUT-BT-JOB1-169-ScriptBuildTask-5274786677513705260.sh] was 143 while expected 0
simple	22-Jul-2015 10:22:35	Finished task 'Build and Run' with result: Failed
simple	22-Jul-2015 10:22:35	Running post build plugin 'npm Cache Cleanup'
simple	22-Jul-2015 10:22:35	Running post build plugin 'NCover Results Collector'
simple	22-Jul-2015 10:22:35	Running post build plugin 'Clover Results Collector'
simple	22-Jul-2015 10:22:35	Running post build plugin 'Docker Container Cleanup'
simple	22-Jul-2015 10:22:35	Running post build plugin 'Artifact Copier'
simple	22-Jul-2015 10:22:35	Finalising the build...
simple	22-Jul-2015 10:22:35	Stopping timer.
simple	22-Jul-2015 10:22:35	Build WUT-BT-JOB1-169 completed.
simple	22-Jul-2015 10:22:35	Running on server: post build plugin 'NCover Results Collector'
simple	22-Jul-2015 10:22:35	Running on server: post build plugin 'Clover Delta Calculator'
simple	22-Jul-2015 10:22:35	Running on server: post build plugin 'Maven Dependencies Postprocessor'
simple	22-Jul-2015 10:22:35	Running on server: post build plugin 'Build Hanging Detection Configuration'
simple	22-Jul-2015 10:22:35	All post build plugins have finished
simple	22-Jul-2015 10:22:35	Generating build results summary...
simple	22-Jul-2015 10:22:35	Saving build results to disk...
simple	22-Jul-2015 10:22:35	Logging substituted variables...
simple	22-Jul-2015 10:22:35	Indexing build results...
simple	22-Jul-2015 10:22:35	Finished building WUT-BT-JOB1-169.
