simple	22-Jul-2015 11:44:48	Build Wishbone UI Testing - Build and Test - Default Job #176 (WUT-BT-JOB1-176) started building on agent Default Agent
simple	22-Jul-2015 11:44:48	
simple	22-Jul-2015 11:44:48	Build working directory is /Users/wtobey/Desktop/AUITesting/bamboo-home/xml-data/build-dir/131073/WUT-BT-JOB1
simple	22-Jul-2015 11:44:48	Executing build Wishbone UI Testing - Build and Test - Default Job #176 (WUT-BT-JOB1-176)
simple	22-Jul-2015 11:44:48	Running pre-build action: VCS Version Collector
simple	22-Jul-2015 11:44:48	Starting task 'Build and Run' of type 'com.atlassian.bamboo.plugins.scripttask:task.builder.script'
command	22-Jul-2015 11:44:48	Beginning to execute external process for build 'Wishbone UI Testing - Build and Test - Default Job #176 (WUT-BT-JOB1-176)'\n ... running command line: \n/bin/sh /Users/wtobey/Desktop/AUITesting/atlassian-bamboo-5.9.1/temp/WUT-BT-JOB1-176-ScriptBuildTask-4039187510218943989.sh\n ... in: /Users/wtobey/Desktop/AUITesting/bamboo-home/xml-data/build-dir/131073/WUT-BT-JOB1\n ... using extra environment variables: \nbamboo_planRepository_1_branch=V-3.0.6\nbamboo_repository_revision_number=6c2c123a812e361046a86aa5b844b0eb0220564c\nbamboo_resultsUrl=http://172.16.34.157:8085/browse/WUT-BT-JOB1-176\nbamboo_repository_983041_revision_number=6c2c123a812e361046a86aa5b844b0eb0220564c\nbamboo_planRepository_1_name=Wishbone\nbamboo_repository_983041_branch_name=V-3.0.6\nbamboo_build_working_directory=/Users/wtobey/Desktop/AUITesting/bamboo-home/xml-data/build-dir/131073/WUT-BT-JOB1\nbamboo_buildKey=WUT-BT-JOB1\nbamboo_shortPlanName=Build and Test\nbamboo_planRepository_name=Wishbone\nbamboo_buildNumber=176\nbamboo_shortJobName=Default Job\nbamboo_buildResultsUrl=http://172.16.34.157:8085/browse/WUT-BT-JOB1-176\nbamboo_planRepository_repositoryUrl=https://github.com/SciDevs/wishbone.git\nbamboo_agentId=131073\nbamboo_planName=Wishbone UI Testing - Build and Test\nbamboo_shortPlanKey=BT\nbamboo_shortJobKey=JOB1\nbamboo_planRepository_revision=6c2c123a812e361046a86aa5b844b0eb0220564c\nbamboo_repository_previous_revision_number=6c2c123a812e361046a86aa5b844b0eb0220564c\nbamboo_buildTimeStamp=2015-07-22T11:44:48.853-07:00\nbamboo_planRepository_previousRevision=6c2c123a812e361046a86aa5b844b0eb0220564c\nbamboo_buildResultKey=WUT-BT-JOB1-176\nbamboo_repository_git_branch=V-3.0.6\nbamboo_repository_branch_name=V-3.0.6\nbamboo_buildPlanName=Wishbone UI Testing - Build and Test - Default Job\nbamboo_repository_983041_git_repositoryUrl=https://github.com/SciDevs/wishbone.git\nbamboo_planRepository_1_revision=6c2c123a812e361046a86aa5b844b0eb0220564c\nbamboo_repository_983041_git_username=wt65074\nbamboo_repository_name=Wishbone\nbamboo_repository_983041_name=Wishbone\nbamboo_dependenciesDisabled=false\nbamboo_planRepository_branch=V-3.0.6\nbamboo_agentWorkingDirectory=/Users/wtobey/Desktop/AUITesting/bamboo-home/xml-data/build-dir/131073\nbamboo_capability_system_git_executable=/usr/bin/git\nbamboo_planRepository_1_previousRevision=6c2c123a812e361046a86aa5b844b0eb0220564c\nbamboo_repository_git_username=wt65074\nbamboo_repository_983041_previous_revision_number=6c2c123a812e361046a86aa5b844b0eb0220564c\nbamboo_planRepository_1_type=gh\nbamboo_planRepository_branchName=V-3.0.6\nbamboo_capability_system_jdk_JDK=/Library/Java/JavaVirtualMachines/jdk1.8.0_20.jdk/Contents/Home\nbamboo_capability_system_jdk_JDK_1_8_0_20=/Library/Java/JavaVirtualMachines/jdk1.8.0_20.jdk/Contents/Home\nbamboo_planRepository_type=gh\nbamboo_planRepository_1_username=wt65074\nbamboo_ManualBuildTriggerReason_userName=wtobey\nbamboo_repository_git_repositoryUrl=https://github.com/SciDevs/wishbone.git\nbamboo_repository_983041_git_branch=V-3.0.6\nbamboo_working_directory=/Users/wtobey/Desktop/AUITesting/bamboo-home/xml-data/build-dir/131073/WUT-BT-JOB1\nbamboo_planKey=WUT-BT\nbamboo_planRepository_1_repositoryUrl=https://github.com/SciDevs/wishbone.git\nbamboo_planRepository_username=wt65074\nbamboo_capability_system_jdk_JDK_1_8=/Library/Java/JavaVirtualMachines/jdk1.8.0_20.jdk/Contents/Home\nbamboo_planRepository_1_branchName=V-3.0.6\n
build	22-Jul-2015 11:44:48	===================================Shutting Down Simulators===================================
build	22-Jul-2015 11:44:48	===================================Erasing Simulators===================================
build	22-Jul-2015 11:44:51	===================================BuildingWishbone.app===================================
build	22-Jul-2015 11:44:52	=== BUILD TARGET Wishbone OF PROJECT Wishbone WITH CONFIGURATION Debug ===
build	22-Jul-2015 11:44:52	
build	22-Jul-2015 11:44:52	Check dependencies
build	22-Jul-2015 11:44:53	warning: no rule to process file '/Users/wtobey/Desktop/Wishbone/Wishbone/Shared/MoPubSDK/AdNetworkSupport/Millennial/SDK/README.md' of type net.daringfireball.markdown for architecture x86_64
build	22-Jul-2015 11:44:53	warning: no rule to process file '/Users/wtobey/Desktop/Wishbone/Wishbone/Shared/MoPubSDK/AdNetworkSupport/GoogleAdMob/SDK/README.md' of type net.daringfireball.markdown for architecture x86_64
build	22-Jul-2015 11:44:53	warning: no rule to process file '/Users/wtobey/Desktop/Wishbone/Wishbone/Shared/MoPubSDK/AdNetworkSupport/Chartboost/SDK/README.md' of type net.daringfireball.markdown for architecture x86_64
build	22-Jul-2015 11:44:53	warning: no rule to process file '/Users/wtobey/Desktop/Wishbone/Wishbone/Shared/SDWebImage/README.md' of type net.daringfireball.markdown for architecture x86_64
build	22-Jul-2015 11:44:53	warning: no rule to process file '/Users/wtobey/Desktop/Wishbone/Wishbone/Shared/MoPubSDK/AdNetworkSupport/Vungle/SDK/README.md' of type net.daringfireball.markdown for architecture x86_64
build	22-Jul-2015 11:44:53	Warning: Multiple build commands for output file /Users/wtobey/Library/Developer/Xcode/DerivedData/Wishbone-eekgnurymbvwimgmkjagwaqhgzyt/Build/Products/Debug-iphonesimulator/Wishbone.app/LICENSE
build	22-Jul-2015 11:44:53	Warning: Multiple build commands for output file /Users/wtobey/Library/Developer/Xcode/DerivedData/Wishbone-eekgnurymbvwimgmkjagwaqhgzyt/Build/Products/Debug-iphonesimulator/Wishbone.app/Line@2x.png
build	22-Jul-2015 11:44:53	
build	22-Jul-2015 11:44:53	=== BUILD TARGET WishboneTests OF PROJECT Wishbone WITH CONFIGURATION Debug ===
build	22-Jul-2015 11:44:53	
build	22-Jul-2015 11:44:53	Check dependencies
build	22-Jul-2015 11:44:53	
build	22-Jul-2015 11:45:03	** TEST SUCCEEDED **
build	22-Jul-2015 11:45:03	
build	22-Jul-2015 11:45:03	2015-07-22 11:45:01.885 Wishbone[4580:369398] Flurry: Starting session on Agent Version [Flurry_iOS_142_6.0.0] 
build	22-Jul-2015 11:45:03	2015-07-22 11:45:01.952 Wishbone[4580:369398] <Google> ACTConversionIDReporter: sending ping: https://www.googleadservices.com/pagead/conversion/974033742/?appversion=2.8.7&bundleid=com.Science.Cyclops&label=ZhphCPH6g1YQzqa60AM&lat=0&muid=OTNy621Ot1bVzsHByux06Q&osversion=8.4&sdkversion=ct-sdk-i-v3.1.1&timestamp=1437590701.948017&usage_tracking_enabled=1&value=1.00.
build	22-Jul-2015 11:45:03	2015-07-22 11:45:01.969 Wishbone[4580:369398] ADCOLONY 2.4.13.11 [info] AdColony library version: 2.4.13.11 64-bit production
build	22-Jul-2015 11:45:03	2015-07-22 11:45:02.052 Wishbone[4580:369756] ADCOLONY 2.4.13.11 [info] Developer logging enabled
build	22-Jul-2015 11:45:03	2015-07-22 11:45:02.264 Wishbone[4580:369398] AppsFlyer SDK version 2.5.3.15 started
build	22-Jul-2015 11:45:03	2015-07-22 11:45:02.274 Wishbone[4580:369770] Resolved sdk-api-ssl.playhaven.com -> 48.46.10.11
build	22-Jul-2015 11:45:03	2015-07-22 11:45:02.274 Wishbone[4580:369771] Resolved media.playhaven.com -> 48.46.10.11
build	22-Jul-2015 11:45:03	2015-07-22 11:45:02.392 Wishbone[4580:369398] INFO: GoogleAnalytics 3.03c -[GAIReachabilityChecker reachabilityFlagsChanged:] (GAIReachabilityChecker.m:159): Reachability flags update: 0X000002
build	22-Jul-2015 11:45:03	2015-07-22 11:45:02.415 Wishbone[4580:369398] <Google> ACTAutomatedUsageReporterPrivate: sending ping: https://www.googleadservices.com/pagead/conversion/974033742/?appversion=2.8.7&auto=1&bundleid=com.Science.Cyclops&lat=0&muid=OTNy621Ot1bVzsHByux06Q&osversion=8.4&sdkversion=ct-sdk-i-v3.1.1&timestamp=1437594302.414327&usage_tracking_enabled=1.
build	22-Jul-2015 11:45:03	2015-07-22 11:45:02.443 Wishbone[4580:369398] [PlayHaven-2.0.2] Sending request: https://sdk-api-ssl.playhaven.com/v3/publisher/open/?ifa=174430CF-32E2-4171-8E92-17B2B9220C88&tz=-7.0&app_version=2.8.7&scount=1&os=iPhone+OS+8.4&sig4=ZuMS_fH0uPrdFMUNsSNXRz5LkdU&plugin=ios&nonce=oFKQIcnKkcLtX9OVi52fpp28clo&sdk-ios=2.0.2&token=6b9f6fb7b24d47128221cc82c3b43553&hardware=iPhone+Simulator&connection=2&idfv=9C2C6891-393E-44C5-9259-61A9205201AB&scale=2&height=568&tracking=1&width=320&opt_out=0&ssum=0&languages=en&idiom=0&app=com.Science.Cyclops
build	22-Jul-2015 11:45:03	2015-07-22 11:45:02.561 Wishbone[4580:369398] <Google> ping successful.
build	22-Jul-2015 11:45:03	2015-07-22 11:45:02.565 Wishbone[4580:369398] <Google> ping successful.
build	22-Jul-2015 11:45:03	2015-07-22 11:45:02.609 Wishbone[4580:369749] VERBOSE: GoogleAnalytics 3.03c -[GAIBatchingDispatcher persist:] (GAIBatchingDispatcher.m:418): Saved hit: {
build	22-Jul-2015 11:45:03	    parameters =     {
build	22-Jul-2015 11:45:03	        "&_u" = ".etno";
build	22-Jul-2015 11:45:03	        "&_v" = "mi3.0.3c";
build	22-Jul-2015 11:45:03	        "&an" = Wishbone;
build	22-Jul-2015 11:45:03	        "&av" = "3.0.5";
build	22-Jul-2015 11:45:03	        "&cd" = "Login View";
build	22-Jul-2015 11:45:03	        "&cid" = "71a4aeb8-2dff-4554-9c67-b4bc5bd0c215";
build	22-Jul-2015 11:45:03	        "&sr" = 320x568;
build	22-Jul-2015 11:45:03	        "&t" = appview;
build	22-Jul-2015 11:45:03	        "&tid" = "UA-48537804-1";
build	22-Jul-2015 11:45:03	        "&ul" = en;
build	22-Jul-2015 11:45:03	        "&v" = 1;
build	22-Jul-2015 11:45:03	        "&z" = 17777006101836988797;
build	22-Jul-2015 11:45:03	        gaiVersion = "3.03c";
build	22-Jul-2015 11:45:03	    };
build	22-Jul-2015 11:45:03	    timestamp = "2015-07-22 18:45:02 +0000";
build	22-Jul-2015 11:45:03	}
build	22-Jul-2015 11:45:03	Test Suite 'All tests' started at 2015-07-22 18:45:02 +0000
build	22-Jul-2015 11:45:03	Test Suite 'WishboneTests.xctest' started at 2015-07-22 18:45:02 +0000
build	22-Jul-2015 11:45:03	Test Suite 'WishboneTests' started at 2015-07-22 18:45:02 +0000
build	22-Jul-2015 11:45:03	Test Case '-[WishboneTests testExample]' started.
build	22-Jul-2015 11:45:03	Test Case '-[WishboneTests testExample]' passed (0.001 seconds).
build	22-Jul-2015 11:45:03	Test Case '-[WishboneTests testPerformanceExample]' started.
build	22-Jul-2015 11:45:03	/Users/wtobey/Desktop/Wishbone/WishboneTests/WishboneTests.m:35: Test Case '-[WishboneTests testPerformanceExample]' measured [Time, seconds] average: 0.000, relative standard deviation: 93.773%, values: [0.000003, 0.000001, 0.000001, 0.000001, 0.000001, 0.000001, 0.000000, 0.000000, 0.000000, 0.000000], performanceMetricID:com.apple.XCTPerformanceMetric_WallClockTime, baselineName: "", baselineAverage: , maxPercentRegression: 10.000%, maxPercentRelativeStandardDeviation: 10.000%, maxRegression: 0.100, maxStandardDeviation: 0.100
build	22-Jul-2015 11:45:03	Test Case '-[WishboneTests testPerformanceExample]' passed (0.335 seconds).
build	22-Jul-2015 11:45:03	Test Suite 'WishboneTests' passed at 2015-07-22 18:45:03 +0000.
build	22-Jul-2015 11:45:03		 Executed 2 tests, with 0 failures (0 unexpected) in 0.336 (0.338) seconds
build	22-Jul-2015 11:45:03	Test Suite 'WishboneTests.xctest' passed at 2015-07-22 18:45:03 +0000.
build	22-Jul-2015 11:45:03		 Executed 2 tests, with 0 failures (0 unexpected) in 0.336 (0.339) seconds
build	22-Jul-2015 11:45:03	Test Suite 'All tests' passed at 2015-07-22 18:45:03 +0000.
build	22-Jul-2015 11:45:03		 Executed 2 tests, with 0 failures (0 unexpected) in 0.336 (0.341) seconds
build	22-Jul-2015 11:45:03	===================================Building instruments.sh===================================
build	22-Jul-2015 11:45:05	===================================Running instruments.sh===================================
build	22-Jul-2015 11:45:10	2015-07-22 18:45:10 +0000 Start: First Screen
build	22-Jul-2015 11:45:10	2015-07-22 18:45:10 +0000 Debug: target.captureRectOnScreenWithName("{origin:{x:0.00,y:0.00}, size:{height:667.00,width:375.00}}", UIScreen, "First Screen Wed, 22 Jul 2015 18:45:10 GMT")
build	22-Jul-2015 11:45:10	2015-07-22 18:45:10 +0000 Screenshot captured.
build	22-Jul-2015 11:45:10	2015-07-22 18:45:10 +0000 Start: First Screen > Skip Login
build	22-Jul-2015 11:45:10	2015-07-22 18:45:10 +0000 Debug: target.frontMostApp().mainWindow().buttons()["Skip Login"].tap()
build	22-Jul-2015 11:45:10	2015-07-22 18:45:10 +0000 Pass: First Screen > Skip Login
build	22-Jul-2015 11:45:10	2015-07-22 18:45:10 +0000 Debug: target.captureRectOnScreenWithName("{origin:{x:0.00,y:0.00}, size:{height:667.00,width:375.00}}", UIScreen, "First Screen Wed, 22 Jul 2015 18:45:10 GMT")
build	22-Jul-2015 11:45:10	2015-07-22 18:45:10 +0000 Screenshot captured.
build	22-Jul-2015 11:45:10	2015-07-22 18:45:10 +0000 Debug: target.captureRectOnScreenWithName("{origin:{x:0.00,y:0.00}, size:{height:667.00,width:375.00}}", UIScreen, "First Screen Wed, 22 Jul 2015 18:45:10 GMT")
build	22-Jul-2015 11:45:10	2015-07-22 18:45:10 +0000 Screenshot captured.
build	22-Jul-2015 11:45:14	2015-07-22 18:45:14 +0000 Debug: target.frontMostApp().alert().cancelButton().tap()
build	22-Jul-2015 11:45:15	2015-07-22 18:45:15 +0000 Debug: target.frontMostApp().mainWindow().pageIndicators()[0].withValueForKey("1", "isVisible").selectPage("1")
build	22-Jul-2015 11:45:16	2015-07-22 18:45:16 +0000 Debug: target.captureRectOnScreenWithName("{origin:{x:0.00,y:0.00}, size:{height:667.00,width:375.00}}", UIScreen, "First Screen Wed, 22 Jul 2015 18:45:16 GMT")
build	22-Jul-2015 11:45:17	2015-07-22 18:45:16 +0000 Screenshot captured.
build	22-Jul-2015 11:45:17	2015-07-22 18:45:17 +0000 Debug: target.frontMostApp().mainWindow().scrollViews()[0].withValueForKey("1", "isVisible").scrollViews()[0].buttons()[0].tap()
build	22-Jul-2015 11:45:19	2015-07-22 18:45:19 +0000 Pass: First Screen
build	22-Jul-2015 11:45:19	2015-07-22 18:45:19 +0000 Start: Create View
build	22-Jul-2015 11:45:19	2015-07-22 18:45:19 +0000 Debug: target.frontMostApp().mainWindow().buttons()[0].withValueForKey("1", "isVisible").tap()
build	22-Jul-2015 11:45:19	2015-07-22 18:45:19 +0000 Debug: target.captureRectOnScreenWithName("{origin:{x:0.00,y:0.00}, size:{height:667.00,width:375.00}}", UIScreen, "Create View Wed, 22 Jul 2015 18:45:19 GMT")
build	22-Jul-2015 11:45:19	2015-07-22 18:45:19 +0000 Screenshot captured.
build	22-Jul-2015 11:45:29	2015-07-22 18:45:29 +0000 Debug: Cannot perform action on invalid element: UIAElementNil from target.frontMostApp().mainWindow().textViews()[0].withValueForKey("1", "isVisible")
build	22-Jul-2015 11:45:29	2015-07-22 18:45:29 +0000 Error: Script threw an uncaught JavaScript error: Cannot perform action on invalid element: UIAElementNil from target.frontMostApp().mainWindow().textViews()[0].withValueForKey("1", "isVisible") on line 585 of Wishbone.js
build	22-Jul-2015 11:45:29	2015-07-22 18:45:29 +0000 Stopped: Script was stopped by the user
error	22-Jul-2015 11:45:29	2015-07-22 11:45:29.765 instruments[4603:370249] Attempting to set event horizon when core is not engaged, request ignored
error	22-Jul-2015 11:45:29	2015-07-22 11:45:29.765 instruments[4603:370249] Attempting to set event horizon when core is not engaged, request ignored
build	22-Jul-2015 11:45:30	Instruments Trace Complete (Duration : 23.301064s; Output : /Users/wtobey/Desktop/AUITesting/instrumentscli0.trace)
build	22-Jul-2015 11:45:30	===================================Running Parser.py===================================
build	22-Jul-2015 11:45:30	(0, 'First Screen > Skip Login')
build	22-Jul-2015 11:45:30	retrievedPath/Users/wtobey/Desktop/AUITesting/Run 1/First Screen Wed, 22 Jul 2015 18-45-10 GMT 2.png
build	22-Jul-2015 11:45:30	retrievedPath/Users/wtobey/Desktop/AUITesting/Run 1/First Screen Wed, 22 Jul 2015 18-45-10 GMT 3.png
build	22-Jul-2015 11:45:30	retrievedPath/Users/wtobey/Desktop/AUITesting/Run 1/First Screen Wed, 22 Jul 2015 18-45-10 GMT.png
build	22-Jul-2015 11:45:30	retrievedPath/Users/wtobey/Desktop/AUITesting/Run 1/First Screen Wed, 22 Jul 2015 18-45-16 GMT.png
build	22-Jul-2015 11:45:30	===================================Removing Trace===================================
build	22-Jul-2015 11:45:30	===================================Shutting Down Simulators===================================
build	22-Jul-2015 11:45:41	===================================Erasing Simulators===================================
build	22-Jul-2015 11:45:43	===================================Quitting Simulators===================================
build	22-Jul-2015 11:45:43	TESTING FAILED
build	22-Jul-2015 11:45:43	===================================Shutting Down Simulators===================================
build	22-Jul-2015 11:45:43	===================================Erasing Simulators===================================
build	22-Jul-2015 11:45:45	===================================BuildingWishbone.app===================================
build	22-Jul-2015 11:45:46	=== BUILD TARGET Wishbone OF PROJECT Wishbone WITH CONFIGURATION Debug ===
build	22-Jul-2015 11:45:46	
build	22-Jul-2015 11:45:46	Check dependencies
build	22-Jul-2015 11:45:47	warning: no rule to process file '/Users/wtobey/Desktop/Wishbone/Wishbone/Shared/MoPubSDK/AdNetworkSupport/Millennial/SDK/README.md' of type net.daringfireball.markdown for architecture x86_64
build	22-Jul-2015 11:45:47	warning: no rule to process file '/Users/wtobey/Desktop/Wishbone/Wishbone/Shared/MoPubSDK/AdNetworkSupport/GoogleAdMob/SDK/README.md' of type net.daringfireball.markdown for architecture x86_64
build	22-Jul-2015 11:45:47	warning: no rule to process file '/Users/wtobey/Desktop/Wishbone/Wishbone/Shared/MoPubSDK/AdNetworkSupport/Chartboost/SDK/README.md' of type net.daringfireball.markdown for architecture x86_64
build	22-Jul-2015 11:45:47	warning: no rule to process file '/Users/wtobey/Desktop/Wishbone/Wishbone/Shared/SDWebImage/README.md' of type net.daringfireball.markdown for architecture x86_64
build	22-Jul-2015 11:45:47	warning: no rule to process file '/Users/wtobey/Desktop/Wishbone/Wishbone/Shared/MoPubSDK/AdNetworkSupport/Vungle/SDK/README.md' of type net.daringfireball.markdown for architecture x86_64
build	22-Jul-2015 11:45:47	Warning: Multiple build commands for output file /Users/wtobey/Library/Developer/Xcode/DerivedData/Wishbone-eekgnurymbvwimgmkjagwaqhgzyt/Build/Products/Debug-iphonesimulator/Wishbone.app/LICENSE
build	22-Jul-2015 11:45:47	Warning: Multiple build commands for output file /Users/wtobey/Library/Developer/Xcode/DerivedData/Wishbone-eekgnurymbvwimgmkjagwaqhgzyt/Build/Products/Debug-iphonesimulator/Wishbone.app/Line@2x.png
build	22-Jul-2015 11:45:47	
build	22-Jul-2015 11:45:48	=== BUILD TARGET WishboneTests OF PROJECT Wishbone WITH CONFIGURATION Debug ===
build	22-Jul-2015 11:45:48	
build	22-Jul-2015 11:45:48	Check dependencies
build	22-Jul-2015 11:45:48	
build	22-Jul-2015 11:45:56	** TEST SUCCEEDED **
build	22-Jul-2015 11:45:56	
build	22-Jul-2015 11:45:56	2015-07-22 11:45:55.348 Wishbone[4720:373963] Flurry: Starting session on Agent Version [Flurry_iOS_142_6.0.0] 
build	22-Jul-2015 11:45:56	2015-07-22 11:45:55.415 Wishbone[4720:373963] <Google> ACTConversionIDReporter: sending ping: https://www.googleadservices.com/pagead/conversion/974033742/?appversion=2.8.7&bundleid=com.Science.Cyclops&label=ZhphCPH6g1YQzqa60AM&lat=0&muid=J-Q4qT9XcrE2Sne-ayzI1A&osversion=8.4&sdkversion=ct-sdk-i-v3.1.1&timestamp=1437590755.410359&usage_tracking_enabled=1&value=1.00.
build	22-Jul-2015 11:45:56	2015-07-22 11:45:55.433 Wishbone[4720:373963] ADCOLONY 2.4.13.11 [info] AdColony library version: 2.4.13.11 64-bit production
build	22-Jul-2015 11:45:56	2015-07-22 11:45:55.506 Wishbone[4720:374582] ADCOLONY 2.4.13.11 [info] Developer logging enabled
build	22-Jul-2015 11:45:56	2015-07-22 11:45:55.690 Wishbone[4720:374628] Resolved media.playhaven.com -> 48.174.95.18
build	22-Jul-2015 11:45:56	2015-07-22 11:45:55.690 Wishbone[4720:374627] Resolved sdk-api-ssl.playhaven.com -> 48.174.95.18
build	22-Jul-2015 11:45:56	2015-07-22 11:45:55.694 Wishbone[4720:373963] AppsFlyer SDK version 2.5.3.15 started
build	22-Jul-2015 11:45:56	2015-07-22 11:45:55.831 Wishbone[4720:373963] INFO: GoogleAnalytics 3.03c -[GAIReachabilityChecker reachabilityFlagsChanged:] (GAIReachabilityChecker.m:159): Reachability flags update: 0X000002
build	22-Jul-2015 11:45:56	2015-07-22 11:45:55.857 Wishbone[4720:373963] <Google> ACTAutomatedUsageReporterPrivate: sending ping: https://www.googleadservices.com/pagead/conversion/974033742/?appversion=2.8.7&auto=1&bundleid=com.Science.Cyclops&lat=0&muid=J-Q4qT9XcrE2Sne-ayzI1A&osversion=8.4&sdkversion=ct-sdk-i-v3.1.1&timestamp=1437594355.856457&usage_tracking_enabled=1.
build	22-Jul-2015 11:45:56	2015-07-22 11:45:55.878 Wishbone[4720:373963] [PlayHaven-2.0.2] Sending request: https://sdk-api-ssl.playhaven.com/v3/publisher/open/?ifa=B834B6F6-BCE7-4D68-9851-4C3B605E10C6&tz=-7.0&app_version=2.8.7&scount=1&os=iPhone+OS+8.4&sig4=46JUE0uIWgG7JfFsiEZvCvoBMhM&plugin=ios&nonce=GtgN6jPCuvb29otEVQgM_pGRfTw&sdk-ios=2.0.2&token=6b9f6fb7b24d47128221cc82c3b43553&hardware=iPhone+Simulator&connection=2&idfv=2D4851C9-17F4-4C24-8E1A-473057EF2E2E&scale=2&height=568&tracking=1&width=320&opt_out=0&ssum=0&languages=en&idiom=0&app=com.Science.Cyclops
build	22-Jul-2015 11:45:56	2015-07-22 11:45:56.025 Wishbone[4720:374573] VERBOSE: GoogleAnalytics 3.03c -[GAIBatchingDispatcher persist:] (GAIBatchingDispatcher.m:418): Saved hit: {
build	22-Jul-2015 11:45:56	    parameters =     {
build	22-Jul-2015 11:45:56	        "&_u" = ".etno";
build	22-Jul-2015 11:45:56	        "&_v" = "mi3.0.3c";
build	22-Jul-2015 11:45:56	        "&an" = Wishbone;
build	22-Jul-2015 11:45:56	        "&av" = "3.0.5";
build	22-Jul-2015 11:45:56	        "&cd" = "Login View";
build	22-Jul-2015 11:45:56	        "&cid" = "97985fec-aa83-49a6-b6dc-6e408dcd149e";
build	22-Jul-2015 11:45:56	        "&sr" = 320x568;
build	22-Jul-2015 11:45:56	        "&t" = appview;
build	22-Jul-2015 11:45:56	        "&tid" = "UA-48537804-1";
build	22-Jul-2015 11:45:56	        "&ul" = en;
build	22-Jul-2015 11:45:56	        "&v" = 1;
build	22-Jul-2015 11:45:56	        "&z" = 1473109223569508970;
build	22-Jul-2015 11:45:56	        gaiVersion = "3.03c";
build	22-Jul-2015 11:45:56	    };
build	22-Jul-2015 11:45:56	    timestamp = "2015-07-22 18:45:56 +0000";
build	22-Jul-2015 11:45:56	}
build	22-Jul-2015 11:45:56	Test Suite 'All tests' started at 2015-07-22 18:45:56 +0000
build	22-Jul-2015 11:45:56	Test Suite 'WishboneTests.xctest' started at 2015-07-22 18:45:56 +0000
build	22-Jul-2015 11:45:56	Test Suite 'WishboneTests' started at 2015-07-22 18:45:56 +0000
build	22-Jul-2015 11:45:56	Test Case '-[WishboneTests testExample]' started.
build	22-Jul-2015 11:45:56	Test Case '-[WishboneTests testExample]' passed (0.000 seconds).
build	22-Jul-2015 11:45:56	Test Case '-[WishboneTests testPerformanceExample]' started.
build	22-Jul-2015 11:45:56	/Users/wtobey/Desktop/Wishbone/WishboneTests/WishboneTests.m:35: Test Case '-[WishboneTests testPerformanceExample]' measured [Time, seconds] average: 0.000, relative standard deviation: 78.878%, values: [0.000003, 0.000001, 0.000001, 0.000001, 0.000001, 0.000001, 0.000002, 0.000001, 0.000001, 0.000001], performanceMetricID:com.apple.XCTPerformanceMetric_WallClockTime, baselineName: "", baselineAverage: , maxPercentRegression: 10.000%, maxPercentRelativeStandardDeviation: 10.000%, maxRegression: 0.100, maxStandardDeviation: 0.100
build	22-Jul-2015 11:45:56	Test Case '-[WishboneTests testPerformanceExample]' passed (0.336 seconds).
build	22-Jul-2015 11:45:56	Test Suite 'WishboneTests' passed at 2015-07-22 18:45:56 +0000.
build	22-Jul-2015 11:45:56		 Executed 2 tests, with 0 failures (0 unexpected) in 0.337 (0.338) seconds
build	22-Jul-2015 11:45:56	Test Suite 'WishboneTests.xctest' passed at 2015-07-22 18:45:56 +0000.
build	22-Jul-2015 11:45:56		 Executed 2 tests, with 0 failures (0 unexpected) in 0.337 (0.339) seconds
build	22-Jul-2015 11:45:56	Test Suite 'All tests' passed at 2015-07-22 18:45:56 +0000.
build	22-Jul-2015 11:45:56		 Executed 2 tests, with 0 failures (0 unexpected) in 0.337 (0.340) seconds
build	22-Jul-2015 11:45:56	===================================Building instruments.sh===================================
build	22-Jul-2015 11:45:57	===================================Running instruments.sh===================================
build	22-Jul-2015 11:46:02	2015-07-22 18:46:02 +0000 Start: First Screen
build	22-Jul-2015 11:46:02	2015-07-22 18:46:02 +0000 Debug: target.captureRectOnScreenWithName("{origin:{x:0.00,y:0.00}, size:{height:667.00,width:375.00}}", UIScreen, "First Screen Wed, 22 Jul 2015 18:46:02 GMT")
build	22-Jul-2015 11:46:02	2015-07-22 18:46:02 +0000 Screenshot captured.
build	22-Jul-2015 11:46:02	2015-07-22 18:46:02 +0000 Start: First Screen > Skip Login
build	22-Jul-2015 11:46:02	2015-07-22 18:46:02 +0000 Debug: target.frontMostApp().mainWindow().buttons()["Skip Login"].tap()
build	22-Jul-2015 11:46:02	2015-07-22 18:46:02 +0000 Pass: First Screen > Skip Login
build	22-Jul-2015 11:46:02	2015-07-22 18:46:02 +0000 Debug: target.captureRectOnScreenWithName("{origin:{x:0.00,y:0.00}, size:{height:667.00,width:375.00}}", UIScreen, "First Screen Wed, 22 Jul 2015 18:46:02 GMT")
build	22-Jul-2015 11:46:02	2015-07-22 18:46:02 +0000 Screenshot captured.
build	22-Jul-2015 11:46:02	2015-07-22 18:46:02 +0000 Debug: target.captureRectOnScreenWithName("{origin:{x:0.00,y:0.00}, size:{height:667.00,width:375.00}}", UIScreen, "First Screen Wed, 22 Jul 2015 18:46:02 GMT")
build	22-Jul-2015 11:46:03	2015-07-22 18:46:02 +0000 Screenshot captured.
build	22-Jul-2015 11:46:06	2015-07-22 18:46:06 +0000 Debug: target.frontMostApp().alert().cancelButton().tap()
build	22-Jul-2015 11:46:08	2015-07-22 18:46:08 +0000 Debug: target.frontMostApp().mainWindow().pageIndicators()[0].withValueForKey("1", "isVisible").selectPage("1")
build	22-Jul-2015 11:46:09	2015-07-22 18:46:09 +0000 Debug: target.captureRectOnScreenWithName("{origin:{x:0.00,y:0.00}, size:{height:667.00,width:375.00}}", UIScreen, "First Screen Wed, 22 Jul 2015 18:46:09 GMT")
build	22-Jul-2015 11:46:09	2015-07-22 18:46:09 +0000 Screenshot captured.
build	22-Jul-2015 11:46:09	2015-07-22 18:46:09 +0000 Debug: target.frontMostApp().mainWindow().scrollViews()[0].withValueForKey("1", "isVisible").scrollViews()[0].buttons()[0].tap()
build	22-Jul-2015 11:46:11	2015-07-22 18:46:11 +0000 Pass: First Screen
build	22-Jul-2015 11:46:11	2015-07-22 18:46:11 +0000 Start: Create View
build	22-Jul-2015 11:46:11	2015-07-22 18:46:11 +0000 Debug: target.frontMostApp().mainWindow().buttons()[0].withValueForKey("1", "isVisible").tap()
build	22-Jul-2015 11:46:11	2015-07-22 18:46:11 +0000 Debug: target.captureRectOnScreenWithName("{origin:{x:0.00,y:0.00}, size:{height:667.00,width:375.00}}", UIScreen, "Create View Wed, 22 Jul 2015 18:46:11 GMT")
build	22-Jul-2015 11:46:11	2015-07-22 18:46:11 +0000 Screenshot captured.
build	22-Jul-2015 11:46:21	2015-07-22 18:46:21 +0000 Debug: Cannot perform action on invalid element: UIAElementNil from target.frontMostApp().mainWindow().textViews()[0].withValueForKey("1", "isVisible")
build	22-Jul-2015 11:46:21	2015-07-22 18:46:21 +0000 Error: Script threw an uncaught JavaScript error: Cannot perform action on invalid element: UIAElementNil from target.frontMostApp().mainWindow().textViews()[0].withValueForKey("1", "isVisible") on line 585 of Wishbone.js
build	22-Jul-2015 11:46:21	2015-07-22 18:46:21 +0000 Stopped: Script was stopped by the user
error	22-Jul-2015 11:46:22	2015-07-22 11:46:22.118 instruments[4742:374751] Attempting to set event horizon when core is not engaged, request ignored
build	22-Jul-2015 11:46:22	Instruments Trace Complete (Duration : 23.413055s; Output : /Users/wtobey/Desktop/AUITesting/instrumentscli0.trace)
build	22-Jul-2015 11:46:22	===================================Running Parser.py===================================
build	22-Jul-2015 11:46:22	(0, 'First Screen > Skip Login')
build	22-Jul-2015 11:46:22	retrievedPath/Users/wtobey/Desktop/AUITesting/Run 1/First Screen Wed, 22 Jul 2015 18-46-02 GMT 2.png
build	22-Jul-2015 11:46:22	retrievedPath/Users/wtobey/Desktop/AUITesting/Run 1/First Screen Wed, 22 Jul 2015 18-46-02 GMT 3.png
build	22-Jul-2015 11:46:22	retrievedPath/Users/wtobey/Desktop/AUITesting/Run 1/First Screen Wed, 22 Jul 2015 18-46-02 GMT.png
build	22-Jul-2015 11:46:22	retrievedPath/Users/wtobey/Desktop/AUITesting/Run 1/First Screen Wed, 22 Jul 2015 18-46-09 GMT.png
build	22-Jul-2015 11:46:22	===================================Removing Trace===================================
build	22-Jul-2015 11:46:22	===================================Shutting Down Simulators===================================
build	22-Jul-2015 11:46:33	===================================Erasing Simulators===================================
build	22-Jul-2015 11:46:35	===================================Quitting Simulators===================================
build	22-Jul-2015 11:46:35	ERROR DETECTED
build	22-Jul-2015 11:46:35	  adding: Run 2015-07-22 18:45:10/ (stored 0%)
build	22-Jul-2015 11:46:35	  adding: Run 2015-07-22 18:45:10/ArchivedRun 2015-07-22 18:45:10/ (stored 0%)
build	22-Jul-2015 11:46:35	  adding: Run 2015-07-22 18:45:10/ArchivedRun 2015-07-22 18:45:10/Automation Results.plist (deflated 86%)
build	22-Jul-2015 11:46:35	  adding: Run 2015-07-22 18:45:10/ArchivedRun 2015-07-22 18:45:10/Create View Wed, 22 Jul 2015 18-45-19 GMT.png (deflated 44%)
build	22-Jul-2015 11:46:35	  adding: Run 2015-07-22 18:45:10/First Screen/ (stored 0%)
build	22-Jul-2015 11:46:35	  adding: Run 2015-07-22 18:45:10/First Screen/First Screen Wed, 22 Jul 2015 18-45-10 GMT 2.png (deflated 37%)
build	22-Jul-2015 11:46:35	  adding: Run 2015-07-22 18:45:10/First Screen/First Screen Wed, 22 Jul 2015 18-45-10 GMT 3.png (deflated 24%)
build	22-Jul-2015 11:46:35	  adding: Run 2015-07-22 18:45:10/First Screen/First Screen Wed, 22 Jul 2015 18-45-10 GMT.png (deflated 37%)
build	22-Jul-2015 11:46:35	  adding: Run 2015-07-22 18:45:10/First Screen/First Screen Wed, 22 Jul 2015 18-45-16 GMT.png (deflated 1%)
build	22-Jul-2015 11:46:35	  adding: Run 2015-07-22 18:45:10/RunSummary.txt (deflated 19%)
build	22-Jul-2015 11:47:38	upload: ./Run 2015-07-22 18:45:10.zip to s3://wishbone-auitesting/Run 2015-07-22 18:45:10.zip
build	22-Jul-2015 11:47:38	  adding: Run 2015-07-22 18:46:02/ (stored 0%)
build	22-Jul-2015 11:47:38	  adding: Run 2015-07-22 18:46:02/ArchivedRun 2015-07-22 18:46:02/ (stored 0%)
build	22-Jul-2015 11:47:38	  adding: Run 2015-07-22 18:46:02/ArchivedRun 2015-07-22 18:46:02/Automation Results.plist (deflated 86%)
build	22-Jul-2015 11:47:38	  adding: Run 2015-07-22 18:46:02/ArchivedRun 2015-07-22 18:46:02/Create View Wed, 22 Jul 2015 18-46-11 GMT.png (deflated 44%)
build	22-Jul-2015 11:47:38	  adding: Run 2015-07-22 18:46:02/First Screen/ (stored 0%)
build	22-Jul-2015 11:47:38	  adding: Run 2015-07-22 18:46:02/First Screen/First Screen Wed, 22 Jul 2015 18-46-02 GMT 2.png (deflated 37%)
build	22-Jul-2015 11:47:38	  adding: Run 2015-07-22 18:46:02/First Screen/First Screen Wed, 22 Jul 2015 18-46-02 GMT 3.png (deflated 22%)
build	22-Jul-2015 11:47:38	  adding: Run 2015-07-22 18:46:02/First Screen/First Screen Wed, 22 Jul 2015 18-46-02 GMT.png (deflated 37%)
build	22-Jul-2015 11:47:38	  adding: Run 2015-07-22 18:46:02/First Screen/First Screen Wed, 22 Jul 2015 18-46-09 GMT.png (deflated 1%)
build	22-Jul-2015 11:47:38	  adding: Run 2015-07-22 18:46:02/RunSummary.txt (deflated 19%)
command	22-Jul-2015 11:48:18	Request to stop 'WUT-BT-JOB1-176' received from wtobey
simple	22-Jul-2015 11:48:18	Failing task since return code of [/bin/sh /Users/wtobey/Desktop/AUITesting/atlassian-bamboo-5.9.1/temp/WUT-BT-JOB1-176-ScriptBuildTask-4039187510218943989.sh] was 143 while expected 0
simple	22-Jul-2015 11:48:18	Finished task 'Build and Run' with result: Failed
simple	22-Jul-2015 11:48:18	Running post build plugin 'npm Cache Cleanup'
simple	22-Jul-2015 11:48:18	Running post build plugin 'NCover Results Collector'
simple	22-Jul-2015 11:48:18	Running post build plugin 'Clover Results Collector'
simple	22-Jul-2015 11:48:18	Running post build plugin 'Docker Container Cleanup'
simple	22-Jul-2015 11:48:18	Running post build plugin 'Artifact Copier'
simple	22-Jul-2015 11:48:18	Finalising the build...
simple	22-Jul-2015 11:48:18	Stopping timer.
simple	22-Jul-2015 11:48:18	Build WUT-BT-JOB1-176 completed.
simple	22-Jul-2015 11:48:18	Running on server: post build plugin 'NCover Results Collector'
simple	22-Jul-2015 11:48:18	Running on server: post build plugin 'Clover Delta Calculator'
simple	22-Jul-2015 11:48:18	Running on server: post build plugin 'Maven Dependencies Postprocessor'
simple	22-Jul-2015 11:48:18	Running on server: post build plugin 'Build Hanging Detection Configuration'
simple	22-Jul-2015 11:48:18	All post build plugins have finished
simple	22-Jul-2015 11:48:18	Generating build results summary...
simple	22-Jul-2015 11:48:18	Saving build results to disk...
simple	22-Jul-2015 11:48:18	Logging substituted variables...
simple	22-Jul-2015 11:48:18	Indexing build results...
simple	22-Jul-2015 11:48:18	Finished building WUT-BT-JOB1-176.
