simple	17-Jul-2015 12:01:55	Build Wishbone UI Testing - Build and Test - Default Job #102 (WUT-BT-JOB1-102) started building on agent Default Agent
simple	17-Jul-2015 12:01:55	
simple	17-Jul-2015 12:01:55	Build working directory is /Users/wtobey/Desktop/AUITesting/bamboo-home/xml-data/build-dir/131073/WUT-BT-JOB1
simple	17-Jul-2015 12:01:55	Executing build Wishbone UI Testing - Build and Test - Default Job #102 (WUT-BT-JOB1-102)
simple	17-Jul-2015 12:01:55	Running pre-build action: VCS Version Collector
simple	17-Jul-2015 12:01:55	Starting task 'Build and Run' of type 'com.atlassian.bamboo.plugins.scripttask:task.builder.script'
command	17-Jul-2015 12:01:55	Beginning to execute external process for build 'Wishbone UI Testing - Build and Test - Default Job #102 (WUT-BT-JOB1-102)'\n ... running command line: \n/bin/sh /Users/wtobey/Desktop/AUITesting/atlassian-bamboo-5.9.1/temp/WUT-BT-JOB1-102-ScriptBuildTask-3268595730460671085.sh\n ... in: /Users/wtobey/Desktop/AUITesting/bamboo-home/xml-data/build-dir/131073/WUT-BT-JOB1\n ... using extra environment variables: \nbamboo_planRepository_1_branch=V-3.0.6\nbamboo_repository_revision_number=6c2c123a812e361046a86aa5b844b0eb0220564c\nbamboo_resultsUrl=http://172.16.34.157:8085/browse/WUT-BT-JOB1-102\nbamboo_repository_983041_revision_number=6c2c123a812e361046a86aa5b844b0eb0220564c\nbamboo_planRepository_1_name=Wishbone\nbamboo_repository_983041_branch_name=V-3.0.6\nbamboo_build_working_directory=/Users/wtobey/Desktop/AUITesting/bamboo-home/xml-data/build-dir/131073/WUT-BT-JOB1\nbamboo_buildKey=WUT-BT-JOB1\nbamboo_shortPlanName=Build and Test\nbamboo_planRepository_name=Wishbone\nbamboo_buildNumber=102\nbamboo_shortJobName=Default Job\nbamboo_buildResultsUrl=http://172.16.34.157:8085/browse/WUT-BT-JOB1-102\nbamboo_planRepository_repositoryUrl=https://github.com/SciDevs/wishbone.git\nbamboo_agentId=131073\nbamboo_planName=Wishbone UI Testing - Build and Test\nbamboo_shortPlanKey=BT\nbamboo_shortJobKey=JOB1\nbamboo_planRepository_revision=6c2c123a812e361046a86aa5b844b0eb0220564c\nbamboo_repository_previous_revision_number=6c2c123a812e361046a86aa5b844b0eb0220564c\nbamboo_buildTimeStamp=2015-07-17T12:01:55.605-07:00\nbamboo_planRepository_previousRevision=6c2c123a812e361046a86aa5b844b0eb0220564c\nbamboo_buildResultKey=WUT-BT-JOB1-102\nbamboo_repository_git_branch=V-3.0.6\nbamboo_repository_branch_name=V-3.0.6\nbamboo_buildPlanName=Wishbone UI Testing - Build and Test - Default Job\nbamboo_repository_983041_git_repositoryUrl=https://github.com/SciDevs/wishbone.git\nbamboo_planRepository_1_revision=6c2c123a812e361046a86aa5b844b0eb0220564c\nbamboo_repository_983041_git_username=wt65074\nbamboo_repository_name=Wishbone\nbamboo_repository_983041_name=Wishbone\nbamboo_dependenciesDisabled=false\nbamboo_planRepository_branch=V-3.0.6\nbamboo_agentWorkingDirectory=/Users/wtobey/Desktop/AUITesting/bamboo-home/xml-data/build-dir/131073\nbamboo_capability_system_git_executable=/usr/bin/git\nbamboo_planRepository_1_previousRevision=6c2c123a812e361046a86aa5b844b0eb0220564c\nbamboo_repository_git_username=wt65074\nbamboo_repository_983041_previous_revision_number=6c2c123a812e361046a86aa5b844b0eb0220564c\nbamboo_planRepository_1_type=gh\nbamboo_planRepository_branchName=V-3.0.6\nbamboo_capability_system_jdk_JDK=/Library/Java/JavaVirtualMachines/jdk1.8.0_20.jdk/Contents/Home\nbamboo_capability_system_jdk_JDK_1_8_0_20=/Library/Java/JavaVirtualMachines/jdk1.8.0_20.jdk/Contents/Home\nbamboo_planRepository_type=gh\nbamboo_planRepository_1_username=wt65074\nbamboo_ManualBuildTriggerReason_userName=wtobey\nbamboo_repository_git_repositoryUrl=https://github.com/SciDevs/wishbone.git\nbamboo_repository_983041_git_branch=V-3.0.6\nbamboo_working_directory=/Users/wtobey/Desktop/AUITesting/bamboo-home/xml-data/build-dir/131073/WUT-BT-JOB1\nbamboo_planKey=WUT-BT\nbamboo_planRepository_1_repositoryUrl=https://github.com/SciDevs/wishbone.git\nbamboo_planRepository_username=wt65074\nbamboo_capability_system_jdk_JDK_1_8=/Library/Java/JavaVirtualMachines/jdk1.8.0_20.jdk/Contents/Home\nbamboo_planRepository_1_branchName=V-3.0.6\n
build	17-Jul-2015 12:01:55	===================================Building Wishbone.app===================================
build	17-Jul-2015 12:01:56	=== BUILD TARGET Wishbone OF PROJECT Wishbone WITH CONFIGURATION Debug ===
build	17-Jul-2015 12:01:56	
build	17-Jul-2015 12:01:56	Check dependencies
build	17-Jul-2015 12:01:57	warning: no rule to process file '/Users/wtobey/Desktop/Wishbone/Wishbone/Shared/MoPubSDK/AdNetworkSupport/Millennial/SDK/README.md' of type net.daringfireball.markdown for architecture x86_64
build	17-Jul-2015 12:01:57	warning: no rule to process file '/Users/wtobey/Desktop/Wishbone/Wishbone/Shared/MoPubSDK/AdNetworkSupport/GoogleAdMob/SDK/README.md' of type net.daringfireball.markdown for architecture x86_64
build	17-Jul-2015 12:01:57	warning: no rule to process file '/Users/wtobey/Desktop/Wishbone/Wishbone/Shared/MoPubSDK/AdNetworkSupport/Chartboost/SDK/README.md' of type net.daringfireball.markdown for architecture x86_64
build	17-Jul-2015 12:01:57	warning: no rule to process file '/Users/wtobey/Desktop/Wishbone/Wishbone/Shared/SDWebImage/README.md' of type net.daringfireball.markdown for architecture x86_64
build	17-Jul-2015 12:01:57	warning: no rule to process file '/Users/wtobey/Desktop/Wishbone/Wishbone/Shared/MoPubSDK/AdNetworkSupport/Vungle/SDK/README.md' of type net.daringfireball.markdown for architecture x86_64
build	17-Jul-2015 12:01:57	Warning: Multiple build commands for output file /Users/wtobey/Library/Developer/Xcode/DerivedData/Wishbone-eekgnurymbvwimgmkjagwaqhgzyt/Build/Products/Debug-iphonesimulator/Wishbone.app/LICENSE
build	17-Jul-2015 12:01:57	Warning: Multiple build commands for output file /Users/wtobey/Library/Developer/Xcode/DerivedData/Wishbone-eekgnurymbvwimgmkjagwaqhgzyt/Build/Products/Debug-iphonesimulator/Wishbone.app/Line@2x.png
build	17-Jul-2015 12:01:57	
build	17-Jul-2015 12:01:57	=== BUILD TARGET WishboneTests OF PROJECT Wishbone WITH CONFIGURATION Debug ===
build	17-Jul-2015 12:01:57	
build	17-Jul-2015 12:01:57	Check dependencies
build	17-Jul-2015 12:01:57	
build	17-Jul-2015 12:02:06	** TEST SUCCEEDED **
build	17-Jul-2015 12:02:06	
build	17-Jul-2015 12:02:06	2015-07-17 12:02:05.398 Wishbone[3594:731787] Flurry: Starting session on Agent Version [Flurry_iOS_142_6.0.0] 
build	17-Jul-2015 12:02:06	2015-07-17 12:02:05.468 Wishbone[3594:731787] <Google> ACTConversionIDReporter: sending ping: https://www.googleadservices.com/pagead/conversion/974033742/?appversion=2.8.7&bundleid=com.Science.Cyclops&label=ZhphCPH6g1YQzqa60AM&lat=0&muid=BjPP4-lopWEo2cak3hPbfA&osversion=8.4&sdkversion=ct-sdk-i-v3.1.1&timestamp=1437159725.464543&usage_tracking_enabled=1&value=1.00.
build	17-Jul-2015 12:02:06	2015-07-17 12:02:05.487 Wishbone[3594:731787] ADCOLONY 2.4.13.11 [info] AdColony library version: 2.4.13.11 64-bit production
build	17-Jul-2015 12:02:06	2015-07-17 12:02:05.566 Wishbone[3594:732167] ADCOLONY 2.4.13.11 [info] Developer logging enabled
build	17-Jul-2015 12:02:06	2015-07-17 12:02:05.744 Wishbone[3594:732214] Resolved sdk-api-ssl.playhaven.com -> 48.254.247.8
build	17-Jul-2015 12:02:06	2015-07-17 12:02:05.744 Wishbone[3594:732215] Resolved media.playhaven.com -> 48.254.247.8
build	17-Jul-2015 12:02:06	2015-07-17 12:02:05.753 Wishbone[3594:731787] AppsFlyer SDK version 2.5.3.15 started
build	17-Jul-2015 12:02:06	2015-07-17 12:02:05.865 Wishbone[3594:731787] INFO: GoogleAnalytics 3.03c -[GAIReachabilityChecker reachabilityFlagsChanged:] (GAIReachabilityChecker.m:159): Reachability flags update: 0X000002
build	17-Jul-2015 12:02:06	2015-07-17 12:02:06.028 Wishbone[3594:732167] ADCOLONY 2.4.13.11 [trace] Configuration succeeded!
build	17-Jul-2015 12:02:06	2015-07-17 12:02:06.073 Wishbone[3594:732167] ADCOLONY 2.4.13.11 [info] Ads are not ready for zone vz28b7f3058a8a4bbb94
build	17-Jul-2015 12:02:06	2015-07-17 12:02:06.090 Wishbone[3594:731787] <Google> ACTAutomatedUsageReporterPrivate: sending ping: https://www.googleadservices.com/pagead/conversion/974033742/?appversion=2.8.7&auto=1&bundleid=com.Science.Cyclops&lat=0&muid=BjPP4-lopWEo2cak3hPbfA&osversion=8.4&sdkversion=ct-sdk-i-v3.1.1&timestamp=1437163326.087138&usage_tracking_enabled=1.
build	17-Jul-2015 12:02:06	2015-07-17 12:02:06.099 Wishbone[3594:732148] VERBOSE: GoogleAnalytics 3.03c -[GAIBatchingDispatcher persist:] (GAIBatchingDispatcher.m:418): Saved hit: {
build	17-Jul-2015 12:02:06	    parameters =     {
build	17-Jul-2015 12:02:06	        "&_u" = ".etno";
build	17-Jul-2015 12:02:06	        "&_v" = "mi3.0.3c";
build	17-Jul-2015 12:02:06	        "&an" = Wishbone;
build	17-Jul-2015 12:02:06	        "&av" = "3.0.5";
build	17-Jul-2015 12:02:06	        "&cd" = "Login View";
build	17-Jul-2015 12:02:06	        "&cid" = "794b77ae-a722-4451-ba06-86079d6ba23a";
build	17-Jul-2015 12:02:06	        "&sr" = 320x568;
build	17-Jul-2015 12:02:06	        "&t" = appview;
build	17-Jul-2015 12:02:06	        "&tid" = "UA-48537804-1";
build	17-Jul-2015 12:02:06	        "&ul" = en;
build	17-Jul-2015 12:02:06	        "&v" = 1;
build	17-Jul-2015 12:02:06	        "&z" = 11398030478892185917;
build	17-Jul-2015 12:02:06	        gaiVersion = "3.03c";
build	17-Jul-2015 12:02:06	    };
build	17-Jul-2015 12:02:06	    timestamp = "2015-07-17 19:02:06 +0000";
build	17-Jul-2015 12:02:06	}
build	17-Jul-2015 12:02:06	2015-07-17 12:02:06.129 Wishbone[3594:731787] [PlayHaven-2.0.2] Sending request: https://sdk-api-ssl.playhaven.com/v3/publisher/open/?ifa=2D07D2E7-4EE7-4CBE-BDE3-05F9A681AAE8&tz=-7.0&app_version=2.8.7&scount=1&os=iPhone+OS+8.4&sig4=VZUmTtOVHPHNUIqciW672KmFebY&plugin=ios&nonce=IYfavY6ymlpjPBpO3v7_IoqxyMc&sdk-ios=2.0.2&token=6b9f6fb7b24d47128221cc82c3b43553&hardware=iPhone+Simulator&connection=2&idfv=B4E63B5E-9202-479C-B796-3AC31243406B&scale=2&height=568&tracking=1&width=320&opt_out=0&ssum=0&languages=en&idiom=0&app=com.Science.Cyclops
build	17-Jul-2015 12:02:06	2015-07-17 12:02:06.130 Wishbone[3594:731787] <Google> ping successful.
build	17-Jul-2015 12:02:06	2015-07-17 12:02:06.141 Wishbone[3594:731787] <Google> ping successful.
build	17-Jul-2015 12:02:06	Test Suite 'All tests' started at 2015-07-17 19:02:06 +0000
build	17-Jul-2015 12:02:06	Test Suite 'WishboneTests.xctest' started at 2015-07-17 19:02:06 +0000
build	17-Jul-2015 12:02:06	Test Suite 'WishboneTests' started at 2015-07-17 19:02:06 +0000
build	17-Jul-2015 12:02:06	Test Case '-[WishboneTests testExample]' started.
build	17-Jul-2015 12:02:06	Test Case '-[WishboneTests testExample]' passed (0.000 seconds).
build	17-Jul-2015 12:02:06	Test Case '-[WishboneTests testPerformanceExample]' started.
build	17-Jul-2015 12:02:06	2015-07-17 12:02:06.360 Wishbone[3594:731787] [PlayHaven-2.0.2] Request recieved HTTP response: 200
build	17-Jul-2015 12:02:06	2015-07-17 12:02:06.360 Wishbone[3594:731787] [PlayHaven-2.0.2] Request finished!
build	17-Jul-2015 12:02:06	/Users/wtobey/Desktop/Wishbone/WishboneTests/WishboneTests.m:35: Test Case '-[WishboneTests testPerformanceExample]' measured [Time, seconds] average: 0.000, relative standard deviation: 95.031%, values: [0.000004, 0.000001, 0.000001, 0.000001, 0.000001, 0.000001, 0.000001, 0.000001, 0.000001, 0.000001], performanceMetricID:com.apple.XCTPerformanceMetric_WallClockTime, baselineName: "", baselineAverage: , maxPercentRegression: 10.000%, maxPercentRelativeStandardDeviation: 10.000%, maxRegression: 0.100, maxStandardDeviation: 0.100
build	17-Jul-2015 12:02:06	Test Case '-[WishboneTests testPerformanceExample]' passed (0.379 seconds).
build	17-Jul-2015 12:02:06	Test Suite 'WishboneTests' passed at 2015-07-17 19:02:06 +0000.
build	17-Jul-2015 12:02:06		 Executed 2 tests, with 0 failures (0 unexpected) in 0.379 (0.383) seconds
build	17-Jul-2015 12:02:06	Test Suite 'WishboneTests.xctest' passed at 2015-07-17 19:02:06 +0000.
build	17-Jul-2015 12:02:06		 Executed 2 tests, with 0 failures (0 unexpected) in 0.379 (0.387) seconds
build	17-Jul-2015 12:02:06	Test Suite 'All tests' passed at 2015-07-17 19:02:06 +0000.
build	17-Jul-2015 12:02:06		 Executed 2 tests, with 0 failures (0 unexpected) in 0.379 (0.389) seconds
build	17-Jul-2015 12:02:06	===================================Building instruments.sh===================================
build	17-Jul-2015 12:02:07	===================================Running instruments.sh===================================
build	17-Jul-2015 12:02:11	2015-07-17 19:02:11 +0000 Start: First Screen
build	17-Jul-2015 12:02:11	2015-07-17 19:02:11 +0000 Debug: target.captureRectOnScreenWithName("{origin:{x:0.00,y:0.00}, size:{height:667.00,width:375.00}}", UIScreen, "First Screen Fri, 17 Jul 2015 19:02:11 GMT")
build	17-Jul-2015 12:02:12	2015-07-17 19:02:11 +0000 Screenshot captured.
build	17-Jul-2015 12:02:12	2015-07-17 19:02:11 +0000 Start: First Screen > Skip Login
build	17-Jul-2015 12:02:12	2015-07-17 19:02:11 +0000 Debug: target.frontMostApp().mainWindow().buttons()["Skip Login"].tap()
build	17-Jul-2015 12:02:12	2015-07-17 19:02:11 +0000 Pass: First Screen > Skip Login
build	17-Jul-2015 12:02:12	2015-07-17 19:02:11 +0000 Debug: target.captureRectOnScreenWithName("{origin:{x:0.00,y:0.00}, size:{height:667.00,width:375.00}}", UIScreen, "First Screen Fri, 17 Jul 2015 19:02:11 GMT")
build	17-Jul-2015 12:02:12	2015-07-17 19:02:11 +0000 Screenshot captured.
build	17-Jul-2015 12:02:12	2015-07-17 19:02:11 +0000 Debug: target.captureRectOnScreenWithName("{origin:{x:0.00,y:0.00}, size:{height:667.00,width:375.00}}", UIScreen, "First Screen Fri, 17 Jul 2015 19:02:11 GMT")
build	17-Jul-2015 12:02:12	2015-07-17 19:02:12 +0000 Screenshot captured.
build	17-Jul-2015 12:02:14	2015-07-17 19:02:13 +0000 Debug: target.frontMostApp().alert().cancelButton().tap()
build	17-Jul-2015 12:02:15	2015-07-17 19:02:15 +0000 Debug: target.frontMostApp().mainWindow().pageIndicators()[0].withValueForKey("1", "isVisible").selectPage("1")
build	17-Jul-2015 12:02:16	2015-07-17 19:02:16 +0000 Debug: target.captureRectOnScreenWithName("{origin:{x:0.00,y:0.00}, size:{height:667.00,width:375.00}}", UIScreen, "First Screen Fri, 17 Jul 2015 19:02:16 GMT")
build	17-Jul-2015 12:02:16	2015-07-17 19:02:16 +0000 Screenshot captured.
build	17-Jul-2015 12:02:16	2015-07-17 19:02:16 +0000 Debug: target.frontMostApp().mainWindow().scrollViews()[0].withValueForKey("1", "isVisible").scrollViews()[0].buttons()[0].tap()
build	17-Jul-2015 12:02:18	2015-07-17 19:02:18 +0000 Pass: First Screen
build	17-Jul-2015 12:02:18	2015-07-17 19:02:18 +0000 Start: Create View
build	17-Jul-2015 12:02:18	2015-07-17 19:02:18 +0000 Debug: target.frontMostApp().mainWindow().buttons()[0].withValueForKey("1", "isVisible").tap()
build	17-Jul-2015 12:02:18	2015-07-17 19:02:18 +0000 Debug: target.captureRectOnScreenWithName("{origin:{x:0.00,y:0.00}, size:{height:667.00,width:375.00}}", UIScreen, "Create View Fri, 17 Jul 2015 19:02:18 GMT")
build	17-Jul-2015 12:02:18	2015-07-17 19:02:18 +0000 Screenshot captured.
build	17-Jul-2015 12:02:18	2015-07-17 19:02:18 +0000 Debug: target.frontMostApp().mainWindow().textViews()[0].withValueForKey("1", "isVisible").tap()
build	17-Jul-2015 12:02:19	2015-07-17 19:02:19 +0000 Debug: target.frontMostApp().keyboard().typeString("Test Post")
build	17-Jul-2015 12:02:22	2015-07-17 19:02:22 +0000 Debug: target.frontMostApp().mainWindow().tapWithOptions({x:"0.5", y:"0.5"})
build	17-Jul-2015 12:02:22	2015-07-17 19:02:22 +0000 Debug: target.frontMostApp().mainWindow().buttons()[1].withValueForKey("1", "isVisible").tap()
build	17-Jul-2015 12:02:23	2015-07-17 19:02:23 +0000 Debug: target.captureRectOnScreenWithName("{origin:{x:0.00,y:0.00}, size:{height:667.00,width:375.00}}", UIScreen, "Create View Fri, 17 Jul 2015 19:02:23 GMT")
build	17-Jul-2015 12:02:23	2015-07-17 19:02:23 +0000 Screenshot captured.
build	17-Jul-2015 12:02:23	2015-07-17 19:02:23 +0000 Start: Create View > Search Web
build	17-Jul-2015 12:02:23	2015-07-17 19:02:23 +0000 Debug: target.frontMostApp().mainWindow().buttons()["Search Web"].tap()
build	17-Jul-2015 12:02:23	2015-07-17 19:02:23 +0000 Debug: target.captureRectOnScreenWithName("{origin:{x:0.00,y:0.00}, size:{height:667.00,width:375.00}}", UIScreen, "Create View > Search Web Fri, 17 Jul 2015 19:02:23 GMT")
build	17-Jul-2015 12:02:24	2015-07-17 19:02:23 +0000 Screenshot captured.
build	17-Jul-2015 12:02:24	2015-07-17 19:02:23 +0000 Debug: target.frontMostApp().keyboard().typeString("Cat\n")
build	17-Jul-2015 12:02:25	2015-07-17 19:02:25 +0000 Debug: target.captureRectOnScreenWithName("{origin:{x:0.00,y:0.00}, size:{height:667.00,width:375.00}}", UIScreen, "Create View > Search Web Fri, 17 Jul 2015 19:02:25 GMT")
build	17-Jul-2015 12:02:25	2015-07-17 19:02:25 +0000 Screenshot captured.
build	17-Jul-2015 12:02:26	2015-07-17 19:02:26 +0000 Debug: target.frontMostApp().mainWindow().collectionViews()[0].cells()[0].withValueForKey("1", "isVisible").tap()
build	17-Jul-2015 12:02:27	2015-07-17 19:02:27 +0000 Debug: target.captureRectOnScreenWithName("{origin:{x:0.00,y:0.00}, size:{height:667.00,width:375.00}}", UIScreen, "Create View Fri, 17 Jul 2015 19:02:27 GMT")
build	17-Jul-2015 12:02:27	2015-07-17 19:02:27 +0000 Screenshot captured.
build	17-Jul-2015 12:02:27	2015-07-17 19:02:27 +0000 Debug: target.frontMostApp().mainWindow().buttons()["Ok red"].tap()
build	17-Jul-2015 12:02:32	2015-07-17 19:02:32 +0000 Pass: Create View > Search Web
build	17-Jul-2015 12:02:32	2015-07-17 19:02:32 +0000 Debug: target.frontMostApp().mainWindow().buttons()[1].withValueForKey("1", "isVisible").tap()
build	17-Jul-2015 12:02:32	2015-07-17 19:02:32 +0000 Debug: target.captureRectOnScreenWithName("{origin:{x:0.00,y:0.00}, size:{height:667.00,width:375.00}}", UIScreen, "Create View Fri, 17 Jul 2015 19:02:32 GMT")
build	17-Jul-2015 12:02:32	2015-07-17 19:02:32 +0000 Screenshot captured.
build	17-Jul-2015 12:02:32	2015-07-17 19:02:32 +0000 Start: Create View > Add Sticker
build	17-Jul-2015 12:02:32	2015-07-17 19:02:32 +0000 Debug: target.frontMostApp().mainWindow().images()["add-sticker.png"].withValueForKey("1", "isVisible").tap()
build	17-Jul-2015 12:02:34	2015-07-17 19:02:34 +0000 Debug: target.frontMostApp().mainWindow().collectionViews()[0].cells()[0].withValueForKey("1", "isVisible").tap()
build	17-Jul-2015 12:02:35	2015-07-17 19:02:35 +0000 Debug: target.captureRectOnScreenWithName("{origin:{x:0.00,y:0.00}, size:{height:667.00,width:375.00}}", UIScreen, "Create View > Add Sticker Fri, 17 Jul 2015 19:02:35 GMT")
build	17-Jul-2015 12:02:35	2015-07-17 19:02:35 +0000 Screenshot captured.
build	17-Jul-2015 12:02:35	2015-07-17 19:02:35 +0000 Debug: target.captureRectOnScreenWithName("{origin:{x:0.00,y:0.00}, size:{height:667.00,width:375.00}}", UIScreen, "Create View Fri, 17 Jul 2015 19:02:35 GMT")
build	17-Jul-2015 12:02:35	2015-07-17 19:02:35 +0000 Screenshot captured.
build	17-Jul-2015 12:02:35	2015-07-17 19:02:35 +0000 Debug: target.frontMostApp().mainWindow().buttons()["Ok red"].tap()
build	17-Jul-2015 12:02:41	2015-07-17 19:02:40 +0000 Pass: Create View > Add Sticker
build	17-Jul-2015 12:02:41	2015-07-17 19:02:40 +0000 Debug: target.frontMostApp().mainWindow().buttons()[2].withValueForKey("1", "isVisible").tap()
build	17-Jul-2015 12:02:41	2015-07-17 19:02:41 +0000 Debug: target.captureRectOnScreenWithName("{origin:{x:0.00,y:0.00}, size:{height:667.00,width:375.00}}", UIScreen, "Create View Fri, 17 Jul 2015 19:02:41 GMT")
build	17-Jul-2015 12:02:41	2015-07-17 19:02:41 +0000 Screenshot captured.
build	17-Jul-2015 12:02:41	2015-07-17 19:02:41 +0000 Start: Create View > Choose From Library
build	17-Jul-2015 12:02:41	2015-07-17 19:02:41 +0000 Debug: target.frontMostApp().mainWindow().buttons()["Choose from library"].withValueForKey("1", "isVisible").tap()
build	17-Jul-2015 12:02:41	2015-07-17 19:02:41 +0000 Debug: target.captureRectOnScreenWithName("{origin:{x:0.00,y:0.00}, size:{height:667.00,width:375.00}}", UIScreen, "Create View > Choose From Library Fri, 17 Jul 2015 19:02:41 GMT")
build	17-Jul-2015 12:02:41	2015-07-17 19:02:41 +0000 Screenshot captured.
build	17-Jul-2015 12:02:43	2015-07-17 19:02:43 +0000 Debug: target.frontMostApp().alert().defaultButton().tap()
build	17-Jul-2015 12:02:44	2015-07-17 19:02:44 +0000 Debug: target.frontMostApp().mainWindow().tableViews()[0].cells()[0].withValueForKey("1", "isVisible").tap()
build	17-Jul-2015 12:02:44	2015-07-17 19:02:44 +0000 Debug: target.captureRectOnScreenWithName("{origin:{x:0.00,y:0.00}, size:{height:667.00,width:375.00}}", UIScreen, "Create View > Choose From Library Fri, 17 Jul 2015 19:02:44 GMT")
build	17-Jul-2015 12:02:44	2015-07-17 19:02:44 +0000 Screenshot captured.
build	17-Jul-2015 12:02:45	2015-07-17 19:02:45 +0000 Debug: target.frontMostApp().mainWindow().collectionViews()[0].visibleCells()[0].withValueForKey("1", "isVisible").tap()
build	17-Jul-2015 12:02:45	2015-07-17 19:02:45 +0000 Debug: target.captureRectOnScreenWithName("{origin:{x:0.00,y:0.00}, size:{height:667.00,width:375.00}}", UIScreen, "Create View > Choose From Library Fri, 17 Jul 2015 19:02:45 GMT")
build	17-Jul-2015 12:02:45	2015-07-17 19:02:45 +0000 Screenshot captured.
build	17-Jul-2015 12:02:55	2015-07-17 19:02:55 +0000 Pass: Create View > Choose From Library
build	17-Jul-2015 12:02:55	2015-07-17 19:02:55 +0000 Debug: target.captureRectOnScreenWithName("{origin:{x:0.00,y:0.00}, size:{height:667.00,width:375.00}}", UIScreen, "Create View Fri, 17 Jul 2015 19:02:55 GMT")
build	17-Jul-2015 12:02:55	2015-07-17 19:02:55 +0000 Screenshot captured.
build	17-Jul-2015 12:02:55	2015-07-17 19:02:55 +0000 Debug: target.frontMostApp().mainWindow().buttons()["Done"].tap()
build	17-Jul-2015 12:02:58	2015-07-17 19:02:58 +0000 Debug: target.frontMostApp().mainWindow().buttons()["create share done"].tap()
build	17-Jul-2015 12:02:58	2015-07-17 19:02:58 +0000 Debug: target.captureRectOnScreenWithName("{origin:{x:0.00,y:0.00}, size:{height:667.00,width:375.00}}", UIScreen, "Create View Fri, 17 Jul 2015 19:02:58 GMT")
build	17-Jul-2015 12:02:58	2015-07-17 19:02:58 +0000 Screenshot captured.
build	17-Jul-2015 12:02:58	2015-07-17 19:02:58 +0000 Pass: Create View
build	17-Jul-2015 12:03:00	2015-07-17 19:02:59 +0000 logElementTree:
build	17-Jul-2015 12:03:00	UIATarget "iPhone Simulator" {{0, 0}, {375, 667}}
build	17-Jul-2015 12:03:00	elements: {
build	17-Jul-2015 12:03:00		UIAApplication "Wishbone" {{0, 24.125}, {375, 642.1875}}
build	17-Jul-2015 12:03:00		elements: {
build	17-Jul-2015 12:03:00			UIAWindow "(null)" {{0, 0}, {375, 667}}
build	17-Jul-2015 12:03:00			UIAWindow "(null)" {{0, 0.6875}, {375, 665.625}}
build	17-Jul-2015 12:03:00			elements: {
build	17-Jul-2015 12:03:00				UIATableView "(null)" {{0, -224.3125}, {375, 283.59375}}
build	17-Jul-2015 12:03:00				elements: {
build	17-Jul-2015 12:03:00					UIATableCell "My Wishbones" {{0, -224.3125}, {375, 51.5625}}
build	17-Jul-2015 12:03:00					elements: {
build	17-Jul-2015 12:03:00						UIAStaticText "My Wishbones" {{23.4375, -202.046875}, {328.125, 24.609375}}
build	17-Jul-2015 12:03:00					}
build	17-Jul-2015 12:03:00					UIATableCell "Find Friends" {{0, -172.75}, {375, 51.5625}}
build	17-Jul-2015 12:03:00					elements: {
build	17-Jul-2015 12:03:00						UIAStaticText "Find Friends" {{23.4375, -150.484375}, {328.125, 24.609375}}
build	17-Jul-2015 12:03:00					}
build	17-Jul-2015 12:03:00					UIATableCell "About Wishbone" {{0, -121.1875}, {375, 51.5625}}
build	17-Jul-2015 12:03:00					elements: {
build	17-Jul-2015 12:03:00						UIAStaticText "About Wishbone" {{23.4375, -98.921875}, {328.125, 24.609375}}
build	17-Jul-2015 12:03:00					}
build	17-Jul-2015 12:03:00					UIATableCell "Share with a Friend" {{0, -69.625}, {375, 51.5625}}
build	17-Jul-2015 12:03:00					elements: {
build	17-Jul-2015 12:03:00						UIAStaticText "Share with a Friend" {{23.4375, -47.359375}, {328.125, 24.609375}}
build	17-Jul-2015 12:03:00					}
build	17-Jul-2015 12:03:00					UIATableCell "Contact Us" {{0, -18.0625}, {375, 51.5625}}
build	17-Jul-2015 12:03:00					elements: {
build	17-Jul-2015 12:03:00						UIAStaticText "Contact Us" {{23.4375, 4.203125}, {328.125, 24.609375}}
build	17-Jul-2015 12:03:00					}
build	17-Jul-2015 12:03:00				}
build	17-Jul-2015 12:03:00				UIAImage "menu.png" {{17.578125, 39.359375}, {23.4375, 9.375}}
build	17-Jul-2015 12:03:00				UIASegmentedControl "(null)" {{62.109375, 26.46875}, {251.953125, 33.984375}}
build	17-Jul-2015 12:03:00				elements: {
build	17-Jul-2015 12:03:00					UIAButton "Trending" {{62.109375, 26.46875}, {125.390625, 33.984375}}
build	17-Jul-2015 12:03:00					UIAButton "Friends" {{188.671875, 26.46875}, {125.390625, 33.984375}}
build	17-Jul-2015 12:03:00				}
build	17-Jul-2015 12:03:00				UIAImage "Nav-Header-Logo" {{179.296875, 33.5}, {17.578125, 21.09375}}
build	17-Jul-2015 12:03:00				UIAButton "create card" {{314.0625, 26.46875}, {51.5625, 35.15625}}
build	17-Jul-2015 12:03:00				UIATableView "(null)" {{0, 65.140625}, {375, 601.171875}}
build	17-Jul-2015 12:03:00				elements: {
build	17-Jul-2015 12:03:00					UIATableCell "Knee High Socks or Tights?" {{0, 65.140625}, {375, 601.171875}}
build	17-Jul-2015 12:03:00					elements: {
build	17-Jul-2015 12:03:00						UIAStaticText "Knee High Socks or Tights?" {{18.75, 94.4375}, {337.5, 22.5}}
build	17-Jul-2015 12:03:00						UIAStaticText "Fashion" {{73.828125, 569.046875}, {168.75, 24.609375}}
build	17-Jul-2015 12:03:00						UIAStaticText "1/12" {{169.921875, 142.484375}, {31.640625, 19.921875}}
build	17-Jul-2015 12:03:00						UIAStaticText "321743 votes" {{250.78125, 567.875}, {105.46875, 24.609375}}
build	17-Jul-2015 12:03:00						UIAButton "new share" {{317.578125, 491.703125}, {48.046875, 48.046875}}
build	17-Jul-2015 12:03:00					}
build	17-Jul-2015 12:03:00					UIATableCell "Alone or overcrowded?" {{0, 666.3125}, {375, 601.171875}}
build	17-Jul-2015 12:03:00					elements: {
build	17-Jul-2015 12:03:00						UIAStaticText "Alone or overcrowded?" {{0, 0}, {288, 19.200000000000003}}
build	17-Jul-2015 12:03:00						UIAStaticText "2/12" {{0, 0}, {28, 17}}
build	17-Jul-2015 12:03:00						UIAStaticText "Life Posts" {{0, 0}, {144, 21}}
build	17-Jul-2015 12:03:00						UIAStaticText "318978 votes" {{0, 0}, {90, 21}}
build	17-Jul-2015 12:03:00						UIAButton "new share" {{0, 0.6875}, {48.046875, 48.046875}}
build	17-Jul-2015 12:03:00					}
build	17-Jul-2015 12:03:00					UIATableCell "Who wore it best?" {{0, 1267.484375}, {375, 601.171875}}
build	17-Jul-2015 12:03:00					elements: {
build	17-Jul-2015 12:03:00						UIAStaticText "Who wore it best?" {{0, 0}, {288, 19.200000000000003}}
build	17-Jul-2015 12:03:00						UIAStaticText "3/12" {{0, 0}, {28, 17}}
build	17-Jul-2015 12:03:00						UIAStaticText "Fashion Police" {{0, 0}, {144, 21}}
build	17-Jul-2015 12:03:00						UIAStaticText "314510 votes" {{0, 0}, {90, 21}}
build	17-Jul-2015 12:03:00						UIAButton "new share" {{0, 0.6875}, {48.046875, 48.046875}}
build	17-Jul-2015 12:03:00					}
build	17-Jul-2015 12:03:00					UIATableCell "Go a week without food or without sleep?" {{0, 1868.65625}, {375, 601.171875}}
build	17-Jul-2015 12:03:00					elements: {
build	17-Jul-2015 12:03:00						UIAStaticText "Go a week without food or without sleep?" {{0, 0}, {288, 38.5}}
build	17-Jul-2015 12:03:00						UIAStaticText "4/12" {{0, 0}, {28.5, 17}}
build	17-Jul-2015 12:03:00						UIAStaticText "Would You Rather" {{0, 0}, {144, 21}}
build	17-Jul-2015 12:03:00						UIAStaticText "313687 votes" {{0, 0}, {90, 21}}
build	17-Jul-2015 12:03:00						UIAButton "new share" {{0, 0.6875}, {48.046875, 48.046875}}
build	17-Jul-2015 12:03:00					}
build	17-Jul-2015 12:03:00					UIATableCell "Have a baby or adopt a baby?" {{0, 2469.828125}, {375, 601.171875}}
build	17-Jul-2015 12:03:00					elements: {
build	17-Jul-2015 12:03:00						UIAStaticText "Have a baby or adopt a baby?" {{0, 0}, {288, 19.200000000000003}}
build	17-Jul-2015 12:03:00						UIAStaticText "5/12" {{0, 0}, {28, 17}}
build	17-Jul-2015 12:03:00						UIAStaticText "Would You Rather" {{0, 0}, {144, 21}}
build	17-Jul-2015 12:03:00						UIAStaticText "312069 votes" {{0, 0}, {90, 21}}
build	17-Jul-2015 12:03:00						UIAButton "new share" {{0, 0.6875}, {48.046875, 48.046875}}
build	17-Jul-2015 12:03:00					}
build	17-Jul-2015 12:03:00					UIATableCell "Which date is more generic? Movies or Starbucks?" {{0, 3071}, {375, 601.171875}}
build	17-Jul-2015 12:03:00					elements: {
build	17-Jul-2015 12:03:00						UIAStaticText "Which date is more generic? Movies or Starbucks?" {{0, 0}, {288, 38.5}}
build	17-Jul-2015 12:03:00						UIAStaticText "6/12" {{0, 0}, {28.5, 17}}
build	17-Jul-2015 12:03:00						UIAStaticText "Romance & Love" {{0, 0}, {144, 21}}
build	17-Jul-2015 12:03:00						UIAStaticText "311010 votes" {{0, 0}, {90, 21}}
build	17-Jul-2015 12:03:00						UIAButton "new share" {{0, 0.6875}, {48.046875, 48.046875}}
build	17-Jul-2015 12:03:00					}
build	17-Jul-2015 12:03:00					UIATableCell "Old Mickey or New Mickey?" {{0, 3672.171875}, {375, 601.171875}}
build	17-Jul-2015 12:03:00					elements: {
build	17-Jul-2015 12:03:00						UIAStaticText "Old Mickey or New Mickey?" {{0, 0}, {288, 19.200000000000003}}
build	17-Jul-2015 12:03:00						UIAStaticText "7/12" {{0, 0}, {27.5, 17}}
build	17-Jul-2015 12:03:00						UIAStaticText "Films&TV " {{0, 0}, {144, 21}}
build	17-Jul-2015 12:03:00						UIAStaticText "309626 votes" {{0, 0}, {90, 21}}
build	17-Jul-2015 12:03:00						UIAButton "new share" {{0, 0.6875}, {48.046875, 48.046875}}
build	17-Jul-2015 12:03:00					}
build	17-Jul-2015 12:03:00					UIATableCell "Do you prefer the movie version or book version of a story?" {{0, 4273.34375}, {375, 601.171875}}
build	17-Jul-2015 12:03:00					elements: {
build	17-Jul-2015 12:03:00						UIAStaticText "Do you prefer the movie version or book version of a story?" {{0, 0}, {288, 38.5}}
build	17-Jul-2015 12:03:00						UIAStaticText "8/12" {{0, 0}, {28.5, 17}}
build	17-Jul-2015 12:03:00						UIAStaticText "Films&TV " {{0, 0}, {144, 21}}
build	17-Jul-2015 12:03:00						UIAStaticText "303361 votes" {{0, 0}, {90, 21}}
build	17-Jul-2015 12:03:00						UIAButton "new share" {{0, 0.6875}, {48.046875, 48.046875}}
build	17-Jul-2015 12:03:00					}
build	17-Jul-2015 12:03:00					UIATableCell "Whose beard do you like more? Leonardo or Brad?" {{0, 4874.515625}, {375, 601.171875}}
build	17-Jul-2015 12:03:00					elements: {
build	17-Jul-2015 12:03:00						UIAStaticText "Whose beard do you like more? Leonardo or Brad?" {{0, 0}, {288, 38.5}}
build	17-Jul-2015 12:03:00						UIAStaticText "9/12" {{0, 0}, {28.5, 17}}
build	17-Jul-2015 12:03:00						UIAStaticText "Celeb Obsessed " {{0, 0}, {144, 21}}
build	17-Jul-2015 12:03:00						UIAStaticText "300911 votes" {{0, 0}, {90, 21}}
build	17-Jul-2015 12:03:00						UIAButton "new share" {{0, 0.6875}, {48.046875, 48.046875}}
build	17-Jul-2015 12:03:00					}
build	17-Jul-2015 12:03:00					UIATableCell "Be a celebrity and ugly  OR average person and attractive?" {{0, 5475.6875}, {375, 601.171875}}
build	17-Jul-2015 12:03:00					elements: {
build	17-Jul-2015 12:03:00						UIAStaticText "Be a celebrity and ugly  OR average person and attractive?" {{0, 0}, {288, 38.5}}
build	17-Jul-2015 12:03:00						UIAStaticText "10/12" {{0, 0}, {35.5, 17}}
build	17-Jul-2015 12:03:00						UIAStaticText "Would You Rather" {{0, 0}, {144, 21}}
build	17-Jul-2015 12:03:00						UIAStaticText "304668 votes" {{0, 0}, {90, 21}}
build	17-Jul-2015 12:03:00						UIAButton "new share" {{0, 0.6875}, {48.046875, 48.046875}}
build	17-Jul-2015 12:03:00					}
build	17-Jul-2015 12:03:00					UIATableCell "Have your portrait digitally done or hand painted?" {{0, 6076.859375}, {375, 601.171875}}
build	17-Jul-2015 12:03:00					elements: {
build	17-Jul-2015 12:03:00						UIAStaticText "Have your portrait digitally done or hand painted?" {{0, 0}, {288, 38.5}}
build	17-Jul-2015 12:03:00						UIAStaticText "11/12" {{0, 0}, {33.5, 17}}
build	17-Jul-2015 12:03:00						UIAStaticText "Would You Rather" {{0, 0}, {144, 21}}
build	17-Jul-2015 12:03:00						UIAStaticText "297442 votes" {{0, 0}, {90, 21}}
build	17-Jul-2015 12:03:00						UIAButton "new share" {{0, 0.6875}, {48.046875, 48.046875}}
build	17-Jul-2015 12:03:00					}
build	17-Jul-2015 12:03:00					UIATableCell "Never have to shave or never have to workout?" {{0, 6678.03125}, {375, 601.171875}}
build	17-Jul-2015 12:03:00					elements: {
build	17-Jul-2015 12:03:00						UIAStaticText "Never have to shave or never have to workout?" {{0, 0}, {288, 38.5}}
build	17-Jul-2015 12:03:00						UIAStaticText "12/12" {{0, 0}, {34.5, 17}}
build	17-Jul-2015 12:03:00						UIAStaticText "Would You Rather" {{0, 0}, {144, 21}}
build	17-Jul-2015 12:03:00						UIAStaticText "290892 votes" {{0, 0}, {90, 21}}
build	17-Jul-2015 12:03:00						UIAButton "new share" {{0, 0.6875}, {48.046875, 48.046875}}
build	17-Jul-2015 12:03:00					}
build	17-Jul-2015 12:03:00					UIAStaticText "Your Daily Dozen" {{56.25, 7362.40625}, {295.3125, 35.15625}}
build	17-Jul-2015 12:03:00					UIAStaticText "0 of 12 complete" {{56.25, 7406.9375}, {295.3125, 24.609375}}
build	17-Jul-2015 12:03:00					UIAButton "1   Not Filled" {{56.25, 7480.765625}, {36.328125, 36.328125}}
build	17-Jul-2015 12:03:00					UIAButton "2   Not Filled" {{101.953125, 7480.765625}, {36.328125, 36.328125}}
build	17-Jul-2015 12:03:00					UIAButton "3   Not Filled" {{147.65625, 7480.765625}, {36.328125, 36.328125}}
build	17-Jul-2015 12:03:00					UIAButton "4   Not Filled" {{193.359375, 7480.765625}, {36.328125, 36.328125}}
build	17-Jul-2015 12:03:00					UIAButton "5   Not Filled" {{239.0625, 7480.765625}, {36.328125, 36.328125}}
build	17-Jul-2015 12:03:00					UIAButton "6   Not Filled" {{284.765625, 7480.765625}, {36.328125, 36.328125}}
build	17-Jul-2015 12:03:00					UIAButton "7   Not Filled" {{56.25, 7526.46875}, {36.328125, 36.328125}}
build	17-Jul-2015 12:03:00					UIAButton "8   Not Filled" {{101.953125, 7526.46875}, {36.328125, 36.328125}}
build	17-Jul-2015 12:03:00					UIAButton "9   Not Filled" {{147.65625, 7526.46875}, {36.328125, 36.328125}}
build	17-Jul-2015 12:03:00					UIAButton "10   Not Filled" {{193.359375, 7526.46875}, {36.328125, 36.328125}}
build	17-Jul-2015 12:03:00					UIAButton "11   Not Filled" {{239.0625, 7526.46875}, {36.328125, 36.328125}}
build	17-Jul-2015 12:03:00					UIAButton "12   Not Filled" {{284.765625, 7526.46875}, {36.328125, 36.328125}}
build	17-Jul-2015 12:03:00					UIAButton "13   Not Filled" {{147.65625, 7597.953125}, {36.328125, 36.328125}}
build	17-Jul-2015 12:03:00					elements: {
build	17-Jul-2015 12:03:00						UIAImage "13 - Not Filled.png" {{147.65625, 7597.953125}, {36.328125, 36.328125}}
build	17-Jul-2015 12:03:00					}
build	17-Jul-2015 12:03:00					UIAButton "14   Not Filled" {{193.359375, 7597.953125}, {36.328125, 36.328125}}
build	17-Jul-2015 12:03:00					elements: {
build	17-Jul-2015 12:03:00						UIAImage "14 - Not Filled.png" {{193.359375, 7597.953125}, {36.328125, 36.328125}}
build	17-Jul-2015 12:03:00					}
build	17-Jul-2015 12:03:00					UIAButton "Share" {{56.25, 7643.65625}, {263.671875, 64.453125}}
build	17-Jul-2015 12:03:00					UIAButton "watch a 10 seconds video" {{93.75, 7717.484375}, {215.625, 51.5625}}
build	17-Jul-2015 12:03:00					elements: {
build	17-Jul-2015 12:03:00						UIAStaticText "watch a 10 seconds video" {{98.4375, 7732.71875}, {206.8359375, 21.09375}}
build	17-Jul-2015 12:03:00					}
build	17-Jul-2015 12:03:00					UIAStaticText "or" {{71.484375, 7731.546875}, {17.578125, 24.609375}}
build	17-Jul-2015 12:03:00					UIAStaticText "to earn 2 bonus questions" {{56.25, 7743.265625}, {267.1875, 24.609375}}
build	17-Jul-2015 12:03:00					UIAButton "gear" {{166.40625, 7772.5625}, {46.875, 46.875}}
build	17-Jul-2015 12:03:00					elements: {
build	17-Jul-2015 12:03:00						UIAImage "gear.png" {{174.0234375, 7780.1796875}, {31.0546875, 31.0546875}}
build	17-Jul-2015 12:03:00					}
build	17-Jul-2015 12:03:00				}
build	17-Jul-2015 12:03:00				UIAStaticText "Daily Dozen" {{9.375, 625.296875}, {168.75, 24.609375}}
build	17-Jul-2015 12:03:00				UIAStaticText "Community" {{196.875, 625.296875}, {168.75, 24.609375}}
build	17-Jul-2015 12:03:00				UIAToolbar "(null)" {{0, 666.3125}, {375, 51.5625}}
build	17-Jul-2015 12:03:00				elements: {
build	17-Jul-2015 12:03:00					UIAImage "(null)" {{0, 665.7265625}, {375, 0.5859375}}
build	17-Jul-2015 12:03:00					UIAImage "(null)" {{0, 666.3125}, {375, 51.5625}}
build	17-Jul-2015 12:03:00				}
build	17-Jul-2015 12:03:00				UIAImage "create-share-mark.png" {{164.0625, 738.96875}, {46.875, 44.53125}}
build	17-Jul-2015 12:03:00				UIAStaticText "WISHBONE CREATED" {{46.875, 830.375}, {281.25, 24.609375}}
build	17-Jul-2015 12:03:00				UIAStaticText "We get many cards submitted everyday, so cross your fingers we select yours to be featured!" {{21.09375, 877.25}, {333.984375, 59.765625}}
build	17-Jul-2015 12:03:00				UIAStaticText "Poll your friends now to get instant votes and increase your odds of getting selected!" {{21.09375, 1012.015625}, {333.984375, 38.671875}}
build	17-Jul-2015 12:03:00				UIAStaticText "POLL WITH" {{18.75, 1074.125}, {337.5, 24.609375}}
build	17-Jul-2015 12:03:00				UIAButton "create share msg" {{21.09375, 1124.515625}, {105.46875, 105.46875}}
build	17-Jul-2015 12:03:00				UIAButton "create share tw" {{134.765625, 1124.515625}, {105.46875, 105.46875}}
build	17-Jul-2015 12:03:00				UIAButton "create share insta" {{249.609375, 1124.515625}, {106.640625, 105.46875}}
build	17-Jul-2015 12:03:00				UIAButton "create share done" {{21.09375, 1244.046875}, {333.984375, 64.453125}}
build	17-Jul-2015 12:03:00			}
build	17-Jul-2015 12:03:00			UIAWindow "(null)" {{0, 0.6875}, {375, 665.625}}
build	17-Jul-2015 12:03:00			UIAWindow "(null)" {{0, 0.6875}, {375, 665.625}}
build	17-Jul-2015 12:03:00			elements: {
build	17-Jul-2015 12:03:00				UIAStatusBar "(null)" {{0, 0.6875}, {375, 23.4375}}
build	17-Jul-2015 12:03:00				elements: {
build	17-Jul-2015 12:03:00					UIAElement "Swipe down with three fingers to reveal the notification center., Swipe up with three fingers to reveal the control center, Double-tap to scroll to top" {{7.03125, 0.6875}, {44.53125, 23.4375}}
build	17-Jul-2015 12:03:00					UIAElement "3 of 3 Wi-Fi bars" {{57.421875, 0.6875}, {15.234375, 23.4375}}
build	17-Jul-2015 12:03:00					UIAElement "12:02 PM" {{157.03125, 0.6875}, {60.9375, 23.4375}}
build	17-Jul-2015 12:03:00					UIAElement "100% battery power" {{339.84375, 0.6875}, {29.296875, 23.4375}}
build	17-Jul-2015 12:03:00				}
build	17-Jul-2015 12:03:00			}
build	17-Jul-2015 12:03:00		}
build	17-Jul-2015 12:03:00	}
build	17-Jul-2015 12:03:00	
build	17-Jul-2015 12:03:00	2015-07-17 19:02:59 +0000 Start: Menu
build	17-Jul-2015 12:03:04	2015-07-17 19:03:04 +0000 Debug: target.tap({x:"16.5", y:"26.5"})
build	17-Jul-2015 12:03:09	2015-07-17 19:03:09 +0000 Start: Menu > My Wishbones
build	17-Jul-2015 12:03:09	2015-07-17 19:03:09 +0000 Debug: target.frontMostApp().mainWindow().tableViews().firstWithPredicate("value like 'rows 1 to 5 of 5'").withValueForKey("1", "isVisible").cells()[0].withValueForKey("1", "isVisible").tap()
build	17-Jul-2015 12:03:09	2015-07-17 19:03:09 +0000 Debug: target.captureRectOnScreenWithName("{origin:{x:0.00,y:0.00}, size:{height:667.00,width:375.00}}", UIScreen, "Menu > My Wishbones Fri, 17 Jul 2015 19:03:09 GMT")
build	17-Jul-2015 12:03:09	2015-07-17 19:03:09 +0000 Screenshot captured.
build	17-Jul-2015 12:03:10	2015-07-17 19:03:10 +0000 Debug: target.frontMostApp().mainWindow().tableViews()[0].buttons()["edit profile"].withValueForKey("1", "isVisible").tap()
build	17-Jul-2015 12:03:10	2015-07-17 19:03:10 +0000 Debug: target.captureRectOnScreenWithName("{origin:{x:0.00,y:0.00}, size:{height:667.00,width:375.00}}", UIScreen, "Menu > My Wishbones Fri, 17 Jul 2015 19:03:10 GMT")
build	17-Jul-2015 12:03:10	2015-07-17 19:03:10 +0000 Screenshot captured.
build	17-Jul-2015 12:03:10	2015-07-17 19:03:10 +0000 Debug: target.frontMostApp().mainWindow().scrollViews()[0].buttons()["Edit"].withValueForKey("1", "isVisible").tap()
build	17-Jul-2015 12:03:11	2015-07-17 19:03:11 +0000 Debug: target.captureRectOnScreenWithName("{origin:{x:0.00,y:0.00}, size:{height:667.00,width:375.00}}", UIScreen, "Menu > My Wishbones Fri, 17 Jul 2015 19:03:11 GMT")
build	17-Jul-2015 12:03:11	2015-07-17 19:03:11 +0000 Screenshot captured.
build	17-Jul-2015 12:03:11	2015-07-17 19:03:11 +0000 Start: Create View > Choose From Library
build	17-Jul-2015 12:03:11	2015-07-17 19:03:11 +0000 Debug: target.frontMostApp().mainWindow().buttons()["Choose from library"].withValueForKey("1", "isVisible").tap()
build	17-Jul-2015 12:03:12	2015-07-17 19:03:12 +0000 Debug: target.captureRectOnScreenWithName("{origin:{x:0.00,y:0.00}, size:{height:667.00,width:375.00}}", UIScreen, "Create View > Choose From Library Fri, 17 Jul 2015 19:03:12 GMT")
build	17-Jul-2015 12:03:12	2015-07-17 19:03:12 +0000 Screenshot captured.
build	17-Jul-2015 12:03:12	2015-07-17 19:03:12 +0000 Debug: target.frontMostApp().mainWindow().tableViews()[0].cells()[0].withValueForKey("1", "isVisible").tap()
build	17-Jul-2015 12:03:13	2015-07-17 19:03:13 +0000 Debug: target.captureRectOnScreenWithName("{origin:{x:0.00,y:0.00}, size:{height:667.00,width:375.00}}", UIScreen, "Create View > Choose From Library Fri, 17 Jul 2015 19:03:13 GMT")
build	17-Jul-2015 12:03:13	2015-07-17 19:03:13 +0000 Screenshot captured.
build	17-Jul-2015 12:03:13	2015-07-17 19:03:13 +0000 Debug: target.frontMostApp().mainWindow().collectionViews()[0].visibleCells()[0].withValueForKey("1", "isVisible").tap()
build	17-Jul-2015 12:03:14	2015-07-17 19:03:14 +0000 Debug: target.captureRectOnScreenWithName("{origin:{x:0.00,y:0.00}, size:{height:667.00,width:375.00}}", UIScreen, "Create View > Choose From Library Fri, 17 Jul 2015 19:03:14 GMT")
build	17-Jul-2015 12:03:14	2015-07-17 19:03:14 +0000 Screenshot captured.
build	17-Jul-2015 12:03:24	2015-07-17 19:03:24 +0000 Pass: Create View > Choose From Library
build	17-Jul-2015 12:03:24	2015-07-17 19:03:24 +0000 Debug: target.frontMostApp().mainWindow().scrollViews()[0].textFields()[4].withValueForKey("1", "isVisible").tap()
build	17-Jul-2015 12:03:24	2015-07-17 19:03:24 +0000 Debug: target.captureRectOnScreenWithName("{origin:{x:0.00,y:0.00}, size:{height:667.00,width:375.00}}", UIScreen, "Menu > My Wishbones Fri, 17 Jul 2015 19:03:24 GMT")
build	17-Jul-2015 12:03:24	2015-07-17 19:03:24 +0000 Screenshot captured.
build	17-Jul-2015 12:03:25	2015-07-17 19:03:24 +0000 Debug: target.frontMostApp().actionSheet().collectionViews()[0].cells()["Male"].buttons()["Male"].withValueForKey("1", "isVisible").tap()
build	17-Jul-2015 12:03:28	2015-07-17 19:03:28 +0000 Debug: target.frontMostApp().mainWindow().scrollViews()[0].textFields()[5].withValueForKey("1", "isVisible").tap()
build	17-Jul-2015 12:03:28	2015-07-17 19:03:28 +0000 Error: Script threw an uncaught JavaScript error: Can't find variable: tthis on line 497 of Wishbone.js
build	17-Jul-2015 12:03:28	2015-07-17 19:03:28 +0000 Stopped: Script was stopped by the user
error	17-Jul-2015 12:03:28	2015-07-17 12:03:28.918 instruments[3612:735432] Attempting to set event horizon when core is not engaged, request ignored
build	17-Jul-2015 12:03:31	Instruments Trace Complete (Duration : 80.995102s; Output : /Users/wtobey/Desktop/AUITesting/instrumentscli0.trace)
build	17-Jul-2015 12:03:31	===================================Running Parser.py===================================
build	17-Jul-2015 12:03:31	The current working directory is /Users/wtobey/Desktop/AUITesting
error	17-Jul-2015 12:03:31	Traceback (most recent call last):
build	17-Jul-2015 12:03:31	['First Screen', 'Create View', 'Menu']
build	17-Jul-2015 12:03:31	['First Screen', 'Create View']
build	17-Jul-2015 12:03:31	(0, 'First Screen > Skip Login')
build	17-Jul-2015 12:03:31	(0, 'Create View > Search Web')
build	17-Jul-2015 12:03:31	(1, 'Create View > Add Sticker')
build	17-Jul-2015 12:03:31	(2, 'Create View > Choose From Library')
build	17-Jul-2015 12:03:31	(3, 'Create View > Choose From Library')
build	17-Jul-2015 12:03:31	(0, 'Menu > My Wishbones')
build	17-Jul-2015 12:03:31	['.DS_Store', '.git', 'Archived Runs', 'atlassian-bamboo-5.9.1', 'bamboo-home', 'BambooTests', 'instruments.sh', 'instrumentscli0.trace', 'parser.py', 'README.md', 'Run 1', 'Run 2015-07-15 21:26:31', 'Run 2015-07-15 21:40:12', 'Run 2015-07-15 21:57:29', 'Run 2015-07-16 17:50:14', 'Run 2015-07-16 18:22:38', 'Run 2015-07-16 18:43:44', 'Run 2015-07-16 19:13:06', 'Run 2015-07-16 21:49:14', 'Run 2015-07-16 22:22:17', 'Run 2015-07-17 01:06:57', 'Run 2015-07-17 16:57:11', 'Run 2015-07-17 17:14:59', 'Run 2015-07-17 17:16:49', 'Run 2015-07-17 17:17:39', 'Run 2015-07-17 17:32:06', 'Run 2015-07-17 17:52:57', 'Run 2015-07-17 17:56:31', 'Run 2015-07-17 18:28:00', 'Run 2015-07-17 18:56:01', 'Run 2015-07-17 18:57:10', 'Run 2015-07-17 18:58:14', 'Run 2015-07-17 18:59:27', 'Run 2015-07-17 19:00:36', 'RunSummary.txt', 'Wishbone.js', 'WishboneTemplate.tracetemplate']
build	17-Jul-2015 12:03:31	['/Users/wtobey/Desktop/AUITesting/Run 1/First Screen Fri, 17 Jul 2015 19-02-11 GMT 2.png', '/Users/wtobey/Desktop/AUITesting/Run 1/First Screen Fri, 17 Jul 2015 19-02-11 GMT 3.png', '/Users/wtobey/Desktop/AUITesting/Run 1/First Screen Fri, 17 Jul 2015 19-02-11 GMT.png', '/Users/wtobey/Desktop/AUITesting/Run 1/First Screen Fri, 17 Jul 2015 19-02-16 GMT.png']
build	17-Jul-2015 12:03:31	['/Users/wtobey/Desktop/AUITesting/Run 1/Create View > Add Sticker Fri, 17 Jul 2015 19-02-35 GMT.png', '/Users/wtobey/Desktop/AUITesting/Run 1/Create View > Choose From Library Fri, 17 Jul 2015 19-02-41 GMT.png', '/Users/wtobey/Desktop/AUITesting/Run 1/Create View > Choose From Library Fri, 17 Jul 2015 19-02-44 GMT.png', '/Users/wtobey/Desktop/AUITesting/Run 1/Create View > Choose From Library Fri, 17 Jul 2015 19-02-45 GMT.png', '/Users/wtobey/Desktop/AUITesting/Run 1/Create View > Choose From Library Fri, 17 Jul 2015 19-03-12 GMT.png', '/Users/wtobey/Desktop/AUITesting/Run 1/Create View > Choose From Library Fri, 17 Jul 2015 19-03-13 GMT.png', '/Users/wtobey/Desktop/AUITesting/Run 1/Create View > Choose From Library Fri, 17 Jul 2015 19-03-14 GMT.png', '/Users/wtobey/Desktop/AUITesting/Run 1/Create View > Search Web Fri, 17 Jul 2015 19-02-23 GMT.png', '/Users/wtobey/Desktop/AUITesting/Run 1/Create View > Search Web Fri, 17 Jul 2015 19-02-25 GMT.png', '/Users/wtobey/Desktop/AUITesting/Run 1/Create View Fri, 17 Jul 2015 19-02-18 GMT.png', '/Users/wtobey/Desktop/AUITesting/Run 1/Create View Fri, 17 Jul 2015 19-02-23 GMT.png', '/Users/wtobey/Desktop/AUITesting/Run 1/Create View Fri, 17 Jul 2015 19-02-27 GMT.png', '/Users/wtobey/Desktop/AUITesting/Run 1/Create View Fri, 17 Jul 2015 19-02-32 GMT.png', '/Users/wtobey/Desktop/AUITesting/Run 1/Create View Fri, 17 Jul 2015 19-02-35 GMT.png', '/Users/wtobey/Desktop/AUITesting/Run 1/Create View Fri, 17 Jul 2015 19-02-41 GMT.png', '/Users/wtobey/Desktop/AUITesting/Run 1/Create View Fri, 17 Jul 2015 19-02-55 GMT.png', '/Users/wtobey/Desktop/AUITesting/Run 1/Create View Fri, 17 Jul 2015 19-02-58 GMT.png']
error	17-Jul-2015 12:03:31	  File "parser.py", line 166, in <module>
error	17-Jul-2015 12:03:31	    shutil.move(retrievedPath, path + "/" + subtest)
error	17-Jul-2015 12:03:31	  File "/System/Library/Frameworks/Python.framework/Versions/2.7/lib/python2.7/shutil.py", line 291, in move
error	17-Jul-2015 12:03:31	    raise Error, "Destination path '%s' already exists" % real_dst
error	17-Jul-2015 12:03:31	shutil.Error: Destination path '/Users/wtobey/Desktop/AUITesting/Run 2015-07-17 19:02:11/Create View/Choose From Library/Create View > Choose From Library Fri, 17 Jul 2015 19-02-41 GMT.png' already exists
build	17-Jul-2015 12:03:31	===================================Removing Trace===================================
build	17-Jul-2015 12:03:31	===================================Shutting Down Simulators===================================
build	17-Jul-2015 12:03:33	===================================Erasing Simulators===================================
build	17-Jul-2015 12:03:35	===================================Squitting Simulators===================================
simple	17-Jul-2015 12:03:35	Finished task 'Build and Run' with result: Success
simple	17-Jul-2015 12:03:35	Running post build plugin 'npm Cache Cleanup'
simple	17-Jul-2015 12:03:35	Running post build plugin 'NCover Results Collector'
simple	17-Jul-2015 12:03:35	Running post build plugin 'Clover Results Collector'
simple	17-Jul-2015 12:03:35	Running post build plugin 'Docker Container Cleanup'
simple	17-Jul-2015 12:03:35	Running post build plugin 'Artifact Copier'
simple	17-Jul-2015 12:03:35	Finalising the build...
simple	17-Jul-2015 12:03:35	Stopping timer.
simple	17-Jul-2015 12:03:35	Build WUT-BT-JOB1-102 completed.
simple	17-Jul-2015 12:03:35	Running on server: post build plugin 'NCover Results Collector'
simple	17-Jul-2015 12:03:35	Running on server: post build plugin 'Clover Delta Calculator'
simple	17-Jul-2015 12:03:35	Running on server: post build plugin 'Maven Dependencies Postprocessor'
simple	17-Jul-2015 12:03:35	Running on server: post build plugin 'Build Hanging Detection Configuration'
simple	17-Jul-2015 12:03:35	All post build plugins have finished
simple	17-Jul-2015 12:03:35	Generating build results summary...
simple	17-Jul-2015 12:03:35	Saving build results to disk...
simple	17-Jul-2015 12:03:35	Logging substituted variables...
simple	17-Jul-2015 12:03:35	Indexing build results...
simple	17-Jul-2015 12:03:35	Finished building WUT-BT-JOB1-102.
