simple	21-Jul-2015 15:11:46	Build Wishbone UI Testing - Build and Test - Default Job #147 (WUT-BT-JOB1-147) started building on agent Default Agent
simple	21-Jul-2015 15:11:46	
simple	21-Jul-2015 15:11:46	Build working directory is /Users/wtobey/Desktop/AUITesting/bamboo-home/xml-data/build-dir/131073/WUT-BT-JOB1
simple	21-Jul-2015 15:11:46	Executing build Wishbone UI Testing - Build and Test - Default Job #147 (WUT-BT-JOB1-147)
simple	21-Jul-2015 15:11:46	Running pre-build action: VCS Version Collector
simple	21-Jul-2015 15:11:46	Starting task 'Build and Run' of type 'com.atlassian.bamboo.plugins.scripttask:task.builder.script'
command	21-Jul-2015 15:11:46	Beginning to execute external process for build 'Wishbone UI Testing - Build and Test - Default Job #147 (WUT-BT-JOB1-147)'\n ... running command line: \n/bin/sh /Users/wtobey/Desktop/AUITesting/atlassian-bamboo-5.9.1/temp/WUT-BT-JOB1-147-ScriptBuildTask-1489566838145066766.sh\n ... in: /Users/wtobey/Desktop/AUITesting/bamboo-home/xml-data/build-dir/131073/WUT-BT-JOB1\n ... using extra environment variables: \nbamboo_planRepository_1_branch=V-3.0.6\nbamboo_repository_revision_number=6c2c123a812e361046a86aa5b844b0eb0220564c\nbamboo_resultsUrl=http://172.16.34.157:8085/browse/WUT-BT-JOB1-147\nbamboo_repository_983041_revision_number=6c2c123a812e361046a86aa5b844b0eb0220564c\nbamboo_planRepository_1_name=Wishbone\nbamboo_repository_983041_branch_name=V-3.0.6\nbamboo_build_working_directory=/Users/wtobey/Desktop/AUITesting/bamboo-home/xml-data/build-dir/131073/WUT-BT-JOB1\nbamboo_buildKey=WUT-BT-JOB1\nbamboo_shortPlanName=Build and Test\nbamboo_planRepository_name=Wishbone\nbamboo_buildNumber=147\nbamboo_shortJobName=Default Job\nbamboo_buildResultsUrl=http://172.16.34.157:8085/browse/WUT-BT-JOB1-147\nbamboo_planRepository_repositoryUrl=https://github.com/SciDevs/wishbone.git\nbamboo_agentId=131073\nbamboo_planName=Wishbone UI Testing - Build and Test\nbamboo_shortPlanKey=BT\nbamboo_shortJobKey=JOB1\nbamboo_planRepository_revision=6c2c123a812e361046a86aa5b844b0eb0220564c\nbamboo_repository_previous_revision_number=6c2c123a812e361046a86aa5b844b0eb0220564c\nbamboo_buildTimeStamp=2015-07-21T15:11:46.738-07:00\nbamboo_planRepository_previousRevision=6c2c123a812e361046a86aa5b844b0eb0220564c\nbamboo_buildResultKey=WUT-BT-JOB1-147\nbamboo_repository_git_branch=V-3.0.6\nbamboo_repository_branch_name=V-3.0.6\nbamboo_buildPlanName=Wishbone UI Testing - Build and Test - Default Job\nbamboo_repository_983041_git_repositoryUrl=https://github.com/SciDevs/wishbone.git\nbamboo_planRepository_1_revision=6c2c123a812e361046a86aa5b844b0eb0220564c\nbamboo_repository_983041_git_username=wt65074\nbamboo_repository_name=Wishbone\nbamboo_repository_983041_name=Wishbone\nbamboo_dependenciesDisabled=false\nbamboo_planRepository_branch=V-3.0.6\nbamboo_agentWorkingDirectory=/Users/wtobey/Desktop/AUITesting/bamboo-home/xml-data/build-dir/131073\nbamboo_capability_system_git_executable=/usr/bin/git\nbamboo_planRepository_1_previousRevision=6c2c123a812e361046a86aa5b844b0eb0220564c\nbamboo_repository_git_username=wt65074\nbamboo_repository_983041_previous_revision_number=6c2c123a812e361046a86aa5b844b0eb0220564c\nbamboo_planRepository_1_type=gh\nbamboo_planRepository_branchName=V-3.0.6\nbamboo_capability_system_jdk_JDK=/Library/Java/JavaVirtualMachines/jdk1.8.0_20.jdk/Contents/Home\nbamboo_capability_system_jdk_JDK_1_8_0_20=/Library/Java/JavaVirtualMachines/jdk1.8.0_20.jdk/Contents/Home\nbamboo_planRepository_type=gh\nbamboo_planRepository_1_username=wt65074\nbamboo_ManualBuildTriggerReason_userName=wtobey\nbamboo_repository_git_repositoryUrl=https://github.com/SciDevs/wishbone.git\nbamboo_repository_983041_git_branch=V-3.0.6\nbamboo_working_directory=/Users/wtobey/Desktop/AUITesting/bamboo-home/xml-data/build-dir/131073/WUT-BT-JOB1\nbamboo_planKey=WUT-BT\nbamboo_planRepository_1_repositoryUrl=https://github.com/SciDevs/wishbone.git\nbamboo_planRepository_username=wt65074\nbamboo_capability_system_jdk_JDK_1_8=/Library/Java/JavaVirtualMachines/jdk1.8.0_20.jdk/Contents/Home\nbamboo_planRepository_1_branchName=V-3.0.6\n
build	21-Jul-2015 15:11:47	===================================BuildingWishbone.app===================================
build	21-Jul-2015 15:11:48	=== BUILD TARGET Wishbone OF PROJECT Wishbone WITH CONFIGURATION Debug ===
build	21-Jul-2015 15:11:48	
build	21-Jul-2015 15:11:48	Check dependencies
build	21-Jul-2015 15:11:49	warning: no rule to process file '/Users/wtobey/Desktop/Wishbone/Wishbone/Shared/MoPubSDK/AdNetworkSupport/Millennial/SDK/README.md' of type net.daringfireball.markdown for architecture x86_64
build	21-Jul-2015 15:11:49	warning: no rule to process file '/Users/wtobey/Desktop/Wishbone/Wishbone/Shared/MoPubSDK/AdNetworkSupport/GoogleAdMob/SDK/README.md' of type net.daringfireball.markdown for architecture x86_64
build	21-Jul-2015 15:11:49	warning: no rule to process file '/Users/wtobey/Desktop/Wishbone/Wishbone/Shared/MoPubSDK/AdNetworkSupport/Chartboost/SDK/README.md' of type net.daringfireball.markdown for architecture x86_64
build	21-Jul-2015 15:11:49	warning: no rule to process file '/Users/wtobey/Desktop/Wishbone/Wishbone/Shared/SDWebImage/README.md' of type net.daringfireball.markdown for architecture x86_64
build	21-Jul-2015 15:11:49	warning: no rule to process file '/Users/wtobey/Desktop/Wishbone/Wishbone/Shared/MoPubSDK/AdNetworkSupport/Vungle/SDK/README.md' of type net.daringfireball.markdown for architecture x86_64
build	21-Jul-2015 15:11:49	Warning: Multiple build commands for output file /Users/wtobey/Library/Developer/Xcode/DerivedData/Wishbone-eekgnurymbvwimgmkjagwaqhgzyt/Build/Products/Debug-iphonesimulator/Wishbone.app/LICENSE
build	21-Jul-2015 15:11:49	Warning: Multiple build commands for output file /Users/wtobey/Library/Developer/Xcode/DerivedData/Wishbone-eekgnurymbvwimgmkjagwaqhgzyt/Build/Products/Debug-iphonesimulator/Wishbone.app/Line@2x.png
build	21-Jul-2015 15:11:49	
build	21-Jul-2015 15:11:49	=== BUILD TARGET WishboneTests OF PROJECT Wishbone WITH CONFIGURATION Debug ===
build	21-Jul-2015 15:11:49	
build	21-Jul-2015 15:11:49	Check dependencies
build	21-Jul-2015 15:11:49	
build	21-Jul-2015 15:12:02	** TEST SUCCEEDED **
build	21-Jul-2015 15:12:02	
build	21-Jul-2015 15:12:02	2015-07-21 15:12:00.332 Wishbone[6200:645121] Flurry: Starting session on Agent Version [Flurry_iOS_142_6.0.0] 
build	21-Jul-2015 15:12:02	2015-07-21 15:12:00.445 Wishbone[6200:645121] <Google> ACTConversionIDReporter: sending ping: https://www.googleadservices.com/pagead/conversion/974033742/?appversion=2.8.7&bundleid=com.Science.Cyclops&label=ZhphCPH6g1YQzqa60AM&lat=0&muid=4tdxxsV2rU3ESOihIhAOBQ&osversion=8.4&sdkversion=ct-sdk-i-v3.1.1&timestamp=1437516720.441237&usage_tracking_enabled=1&value=1.00.
build	21-Jul-2015 15:12:02	2015-07-21 15:12:00.466 Wishbone[6200:645121] ADCOLONY 2.4.13.11 [info] AdColony library version: 2.4.13.11 64-bit production
build	21-Jul-2015 15:12:02	2015-07-21 15:12:00.597 Wishbone[6200:645456] ADCOLONY 2.4.13.11 [info] Developer logging enabled
build	21-Jul-2015 15:12:02	2015-07-21 15:12:01.048 Wishbone[6200:645456] ADCOLONY 2.4.13.11 [trace] Configuration succeeded!
build	21-Jul-2015 15:12:02	2015-07-21 15:12:01.077 Wishbone[6200:645480] Resolved sdk-api-ssl.playhaven.com -> 48.30.31.14
build	21-Jul-2015 15:12:02	2015-07-21 15:12:01.078 Wishbone[6200:645121] AppsFlyer SDK version 2.5.3.15 started
build	21-Jul-2015 15:12:02	2015-07-21 15:12:01.083 Wishbone[6200:645481] Resolved media.playhaven.com -> 48.30.31.14
build	21-Jul-2015 15:12:02	2015-07-21 15:12:01.110 Wishbone[6200:645456] ADCOLONY 2.4.13.11 [info] Ads are not ready for zone vz28b7f3058a8a4bbb94
build	21-Jul-2015 15:12:02	2015-07-21 15:12:01.215 Wishbone[6200:645121] INFO: GoogleAnalytics 3.03c -[GAIReachabilityChecker reachabilityFlagsChanged:] (GAIReachabilityChecker.m:159): Reachability flags update: 0X000002
build	21-Jul-2015 15:12:02	2015-07-21 15:12:01.220 Wishbone[6200:645121] <Google> ACTAutomatedUsageReporterPrivate: sending ping: https://www.googleadservices.com/pagead/conversion/974033742/?appversion=2.8.7&auto=1&bundleid=com.Science.Cyclops&lat=0&muid=4tdxxsV2rU3ESOihIhAOBQ&osversion=8.4&sdkversion=ct-sdk-i-v3.1.1&timestamp=1437520321.218394&usage_tracking_enabled=1.
build	21-Jul-2015 15:12:02	2015-07-21 15:12:01.247 Wishbone[6200:645121] [PlayHaven-2.0.2] Sending request: https://sdk-api-ssl.playhaven.com/v3/publisher/open/?ifa=B0958167-C510-49ED-A840-3BD0B079280B&tz=-7.0&app_version=2.8.7&scount=1&os=iPhone+OS+8.4&sig4=6vVx7NqZsSS1-sf4SRMMYeGKcLw&plugin=ios&nonce=SLbyz58aw6q7-lbEQUid1ghReNU&sdk-ios=2.0.2&token=6b9f6fb7b24d47128221cc82c3b43553&hardware=iPhone+Simulator&connection=2&idfv=11DBDA99-C1E9-4397-BDBE-2FC20EEC467C&scale=2&height=568&tracking=1&width=320&opt_out=0&ssum=0&languages=en&idiom=0&app=com.Science.Cyclops
build	21-Jul-2015 15:12:02	2015-07-21 15:12:01.428 Wishbone[6200:645121] <Google> ping successful.
build	21-Jul-2015 15:12:02	2015-07-21 15:12:01.433 Wishbone[6200:645121] <Google> ping successful.
build	21-Jul-2015 15:12:02	2015-07-21 15:12:01.535 Wishbone[6200:645445] VERBOSE: GoogleAnalytics 3.03c -[GAIBatchingDispatcher persist:] (GAIBatchingDispatcher.m:418): Saved hit: {
build	21-Jul-2015 15:12:02	    parameters =     {
build	21-Jul-2015 15:12:02	        "&_u" = ".etno";
build	21-Jul-2015 15:12:02	        "&_v" = "mi3.0.3c";
build	21-Jul-2015 15:12:02	        "&an" = Wishbone;
build	21-Jul-2015 15:12:02	        "&av" = "3.0.5";
build	21-Jul-2015 15:12:02	        "&cd" = "Login View";
build	21-Jul-2015 15:12:02	        "&cid" = "10d4fc86-c6ef-41c1-b2d5-580a1713583d";
build	21-Jul-2015 15:12:02	        "&sr" = 320x568;
build	21-Jul-2015 15:12:02	        "&t" = appview;
build	21-Jul-2015 15:12:02	        "&tid" = "UA-48537804-1";
build	21-Jul-2015 15:12:02	        "&ul" = en;
build	21-Jul-2015 15:12:02	        "&v" = 1;
build	21-Jul-2015 15:12:02	        "&z" = 13142932409696894927;
build	21-Jul-2015 15:12:02	        gaiVersion = "3.03c";
build	21-Jul-2015 15:12:02	    };
build	21-Jul-2015 15:12:02	    timestamp = "2015-07-21 22:12:01 +0000";
build	21-Jul-2015 15:12:02	}
build	21-Jul-2015 15:12:02	2015-07-21 15:12:01.595 Wishbone[6200:645121] [PlayHaven-2.0.2] Request recieved HTTP response: 200
build	21-Jul-2015 15:12:02	2015-07-21 15:12:01.596 Wishbone[6200:645121] [PlayHaven-2.0.2] Request finished!
build	21-Jul-2015 15:12:02	Test Suite 'All tests' started at 2015-07-21 22:12:01 +0000
build	21-Jul-2015 15:12:02	Test Suite 'WishboneTests.xctest' started at 2015-07-21 22:12:01 +0000
build	21-Jul-2015 15:12:02	Test Suite 'WishboneTests' started at 2015-07-21 22:12:01 +0000
build	21-Jul-2015 15:12:02	Test Case '-[WishboneTests testExample]' started.
build	21-Jul-2015 15:12:02	Test Case '-[WishboneTests testExample]' passed (0.000 seconds).
build	21-Jul-2015 15:12:02	Test Case '-[WishboneTests testPerformanceExample]' started.
build	21-Jul-2015 15:12:02	2015-07-21 15:12:01.978 Wishbone[6200:645456] ADCOLONY 2.4.13.11 [info] Ads are ready for zone vz28b7f3058a8a4bbb94
build	21-Jul-2015 15:12:02	/Users/wtobey/Desktop/Wishbone/WishboneTests/WishboneTests.m:35: Test Case '-[WishboneTests testPerformanceExample]' measured [Time, seconds] average: 0.000, relative standard deviation: 81.940%, values: [0.000003, 0.000001, 0.000001, 0.000001, 0.000001, 0.000001, 0.000001, 0.000001, 0.000001, 0.000001], performanceMetricID:com.apple.XCTPerformanceMetric_WallClockTime, baselineName: "", baselineAverage: , maxPercentRegression: 10.000%, maxPercentRelativeStandardDeviation: 10.000%, maxRegression: 0.100, maxStandardDeviation: 0.100
build	21-Jul-2015 15:12:02	Test Case '-[WishboneTests testPerformanceExample]' passed (0.442 seconds).
build	21-Jul-2015 15:12:02	Test Suite 'WishboneTests' passed at 2015-07-21 22:12:02 +0000.
build	21-Jul-2015 15:12:02		 Executed 2 tests, with 0 failures (0 unexpected) in 0.442 (0.443) seconds
build	21-Jul-2015 15:12:02	Test Suite 'WishboneTests.xctest' passed at 2015-07-21 22:12:02 +0000.
build	21-Jul-2015 15:12:02		 Executed 2 tests, with 0 failures (0 unexpected) in 0.442 (0.444) seconds
build	21-Jul-2015 15:12:02	Test Suite 'All tests' passed at 2015-07-21 22:12:02 +0000.
build	21-Jul-2015 15:12:02		 Executed 2 tests, with 0 failures (0 unexpected) in 0.442 (0.445) seconds
build	21-Jul-2015 15:12:02	===================================Building instruments.sh===================================
build	21-Jul-2015 15:12:05	===================================Running instruments.sh===================================
build	21-Jul-2015 15:12:09	2015-07-21 22:12:09 +0000 Start: First Screen
build	21-Jul-2015 15:12:09	2015-07-21 22:12:09 +0000 Debug: target.captureRectOnScreenWithName("{origin:{x:0.00,y:0.00}, size:{height:667.00,width:375.00}}", UIScreen, "First Screen Tue, 21 Jul 2015 22:12:09 GMT")
build	21-Jul-2015 15:12:11	2015-07-21 22:12:09 +0000 Screenshot captured.
build	21-Jul-2015 15:12:11	2015-07-21 22:12:09 +0000 Start: First Screen > Skip Login
build	21-Jul-2015 15:12:11	2015-07-21 22:12:10 +0000 Debug: target.frontMostApp().mainWindow().buttons()["Skip Login"].tap()
build	21-Jul-2015 15:12:11	2015-07-21 22:12:10 +0000 Pass: First Screen > Skip Login
build	21-Jul-2015 15:12:11	2015-07-21 22:12:10 +0000 Debug: target.captureRectOnScreenWithName("{origin:{x:0.00,y:0.00}, size:{height:667.00,width:375.00}}", UIScreen, "First Screen Tue, 21 Jul 2015 22:12:10 GMT")
build	21-Jul-2015 15:12:11	2015-07-21 22:12:10 +0000 Screenshot captured.
build	21-Jul-2015 15:12:11	2015-07-21 22:12:10 +0000 Debug: target.captureRectOnScreenWithName("{origin:{x:0.00,y:0.00}, size:{height:667.00,width:375.00}}", UIScreen, "First Screen Tue, 21 Jul 2015 22:12:10 GMT")
build	21-Jul-2015 15:12:11	2015-07-21 22:12:10 +0000 Screenshot captured.
build	21-Jul-2015 15:12:12	2015-07-21 22:12:12 +0000 Debug: target.frontMostApp().alert().cancelButton().tap()
build	21-Jul-2015 15:12:13	2015-07-21 22:12:13 +0000 Debug: target.frontMostApp().mainWindow().pageIndicators()[0].withValueForKey("1", "isVisible").selectPage("1")
build	21-Jul-2015 15:12:14	2015-07-21 22:12:14 +0000 Debug: target.captureRectOnScreenWithName("{origin:{x:0.00,y:0.00}, size:{height:667.00,width:375.00}}", UIScreen, "First Screen Tue, 21 Jul 2015 22:12:14 GMT")
build	21-Jul-2015 15:12:14	2015-07-21 22:12:14 +0000 Screenshot captured.
build	21-Jul-2015 15:12:14	2015-07-21 22:12:14 +0000 Debug: target.frontMostApp().mainWindow().scrollViews()[0].withValueForKey("1", "isVisible").scrollViews()[0].buttons()[0].tap()
build	21-Jul-2015 15:12:16	2015-07-21 22:12:16 +0000 Pass: First Screen
build	21-Jul-2015 15:12:18	2015-07-21 22:12:17 +0000 logElementTree:
build	21-Jul-2015 15:12:18	UIATarget "iPhone Simulator" {{0, 0}, {375, 667}}
build	21-Jul-2015 15:12:18	elements: {
build	21-Jul-2015 15:12:18		UIAApplication "Wishbone" {{0, 24.125}, {375, 642.1875}}
build	21-Jul-2015 15:12:18		elements: {
build	21-Jul-2015 15:12:18			UIAWindow "(null)" {{0, 0}, {375, 667}}
build	21-Jul-2015 15:12:18			UIAWindow "(null)" {{0, 0.6875}, {375, 665.625}}
build	21-Jul-2015 15:12:18			elements: {
build	21-Jul-2015 15:12:18				UIATableView "(null)" {{0, -224.3125}, {375, 283.59375}}
build	21-Jul-2015 15:12:18				elements: {
build	21-Jul-2015 15:12:18					UIATableCell "My Wishbones" {{0, -224.3125}, {375, 51.5625}}
build	21-Jul-2015 15:12:18					elements: {
build	21-Jul-2015 15:12:18						UIAStaticText "My Wishbones" {{23.4375, -202.046875}, {328.125, 24.609375}}
build	21-Jul-2015 15:12:18					}
build	21-Jul-2015 15:12:18					UIATableCell "Find Friends" {{0, -172.75}, {375, 51.5625}}
build	21-Jul-2015 15:12:18					elements: {
build	21-Jul-2015 15:12:18						UIAStaticText "Find Friends" {{23.4375, -150.484375}, {328.125, 24.609375}}
build	21-Jul-2015 15:12:18					}
build	21-Jul-2015 15:12:18					UIATableCell "About Wishbone" {{0, -121.1875}, {375, 51.5625}}
build	21-Jul-2015 15:12:18					elements: {
build	21-Jul-2015 15:12:18						UIAStaticText "About Wishbone" {{23.4375, -98.921875}, {328.125, 24.609375}}
build	21-Jul-2015 15:12:18					}
build	21-Jul-2015 15:12:18					UIATableCell "Share with a Friend" {{0, -69.625}, {375, 51.5625}}
build	21-Jul-2015 15:12:18					elements: {
build	21-Jul-2015 15:12:18						UIAStaticText "Share with a Friend" {{23.4375, -47.359375}, {328.125, 24.609375}}
build	21-Jul-2015 15:12:18					}
build	21-Jul-2015 15:12:18					UIATableCell "Contact Us" {{0, -18.0625}, {375, 51.5625}}
build	21-Jul-2015 15:12:18					elements: {
build	21-Jul-2015 15:12:18						UIAStaticText "Contact Us" {{23.4375, 4.203125}, {328.125, 24.609375}}
build	21-Jul-2015 15:12:18					}
build	21-Jul-2015 15:12:18				}
build	21-Jul-2015 15:12:18				UIAImage "menu.png" {{17.578125, 39.359375}, {23.4375, 9.375}}
build	21-Jul-2015 15:12:18				UIASegmentedControl "(null)" {{62.109375, 26.46875}, {251.953125, 33.984375}}
build	21-Jul-2015 15:12:18				elements: {
build	21-Jul-2015 15:12:18					UIAButton "Trending" {{62.109375, 26.46875}, {125.390625, 33.984375}}
build	21-Jul-2015 15:12:18					UIAButton "Friends" {{188.671875, 26.46875}, {125.390625, 33.984375}}
build	21-Jul-2015 15:12:18				}
build	21-Jul-2015 15:12:18				UIAImage "Nav-Header-Logo" {{179.296875, 33.5}, {17.578125, 21.09375}}
build	21-Jul-2015 15:12:18				UIAButton "create card" {{314.0625, 26.46875}, {51.5625, 35.15625}}
build	21-Jul-2015 15:12:18				UIATableView "(null)" {{0, 65.140625}, {375, 601.171875}}
build	21-Jul-2015 15:12:18				elements: {
build	21-Jul-2015 15:12:18					UIATableCell "Which disney princess set is better?" {{0, 65.140625}, {375, 601.171875}}
build	21-Jul-2015 15:12:18					elements: {
build	21-Jul-2015 15:12:18						UIAStaticText "Which disney princess set is better?" {{18.75, 94.4375}, {337.5, 22.5}}
build	21-Jul-2015 15:12:18						UIAStaticText "Films&TV " {{73.828125, 569.046875}, {168.75, 24.609375}}
build	21-Jul-2015 15:12:18						UIAStaticText "1/12" {{169.921875, 142.484375}, {31.640625, 19.921875}}
build	21-Jul-2015 15:12:18						UIAStaticText "429430 votes" {{250.78125, 567.875}, {105.46875, 24.609375}}
build	21-Jul-2015 15:12:18						UIAButton "new share" {{317.578125, 491.703125}, {48.046875, 48.046875}}
build	21-Jul-2015 15:12:18					}
build	21-Jul-2015 15:12:18					UIATableCell "Do you have more fun with your family or friends?" {{0, 666.3125}, {375, 601.171875}}
build	21-Jul-2015 15:12:18					elements: {
build	21-Jul-2015 15:12:18						UIAStaticText "Do you have more fun with your family or friends?" {{0, 0}, {288, 38.5}}
build	21-Jul-2015 15:12:18						UIAStaticText "2/12" {{0, 0}, {28, 17}}
build	21-Jul-2015 15:12:18						UIAStaticText "Life Posts" {{0, 0}, {144, 21}}
build	21-Jul-2015 15:12:18						UIAStaticText "425470 votes" {{0, 0}, {90, 21}}
build	21-Jul-2015 15:12:18						UIAButton "new share" {{0, 0.6875}, {48.046875, 48.046875}}
build	21-Jul-2015 15:12:18					}
build	21-Jul-2015 15:12:18					UIATableCell "Would you rather go water rafting or cliff diving? " {{0, 1267.484375}, {375, 601.171875}}
build	21-Jul-2015 15:12:18					elements: {
build	21-Jul-2015 15:12:18						UIAStaticText "Would you rather go water rafting or cliff diving? " {{0, 0}, {288, 38.5}}
build	21-Jul-2015 15:12:18						UIAStaticText "3/12" {{0, 0}, {28, 17}}
build	21-Jul-2015 15:12:18						UIAStaticText "Would You Rather" {{0, 0}, {144, 21}}
build	21-Jul-2015 15:12:18						UIAStaticText "422855 votes" {{0, 0}, {90, 21}}
build	21-Jul-2015 15:12:18						UIAButton "new share" {{0, 0.6875}, {48.046875, 48.046875}}
build	21-Jul-2015 15:12:18					}
build	21-Jul-2015 15:12:18					UIATableCell "Would you rather be a firefly or a butterfly?" {{0, 1868.65625}, {375, 601.171875}}
build	21-Jul-2015 15:12:18					elements: {
build	21-Jul-2015 15:12:18						UIAStaticText "Would you rather be a firefly or a butterfly?" {{0, 0}, {288, 38.5}}
build	21-Jul-2015 15:12:18						UIAStaticText "4/12" {{0, 0}, {28.5, 17}}
build	21-Jul-2015 15:12:18						UIAStaticText "Animal Friendly " {{0, 0}, {144, 21}}
build	21-Jul-2015 15:12:18						UIAStaticText "419184 votes" {{0, 0}, {90, 21}}
build	21-Jul-2015 15:12:18						UIAButton "new share" {{0, 0.6875}, {48.046875, 48.046875}}
build	21-Jul-2015 15:12:18					}
build	21-Jul-2015 15:12:18					UIATableCell "What's worse, clumpy lashes or lipstick on teeth?" {{0, 2469.828125}, {375, 601.171875}}
build	21-Jul-2015 15:12:18					elements: {
build	21-Jul-2015 15:12:18						UIAStaticText "What's worse, clumpy lashes or lipstick on teeth?" {{0, 0}, {288, 38.5}}
build	21-Jul-2015 15:12:18						UIAStaticText "5/12" {{0, 0}, {28, 17}}
build	21-Jul-2015 15:12:18						UIAStaticText "Fashion" {{0, 0}, {144, 21}}
build	21-Jul-2015 15:12:18						UIAStaticText "417412 votes" {{0, 0}, {90, 21}}
build	21-Jul-2015 15:12:18						UIAButton "new share" {{0, 0.6875}, {48.046875, 48.046875}}
build	21-Jul-2015 15:12:18					}
build	21-Jul-2015 15:12:18					UIATableCell "Sexy or classy?" {{0, 3071}, {375, 601.171875}}
build	21-Jul-2015 15:12:18					elements: {
build	21-Jul-2015 15:12:18						UIAStaticText "Sexy or classy?" {{0, 0}, {288, 19.200000000000003}}
build	21-Jul-2015 15:12:18						UIAStaticText "6/12" {{0, 0}, {28.5, 17}}
build	21-Jul-2015 15:12:18						UIAStaticText "Hot or Not" {{0, 0}, {144, 21}}
build	21-Jul-2015 15:12:18						UIAStaticText "412252 votes" {{0, 0}, {90, 21}}
build	21-Jul-2015 15:12:18						UIAButton "new share" {{0, 0.6875}, {48.046875, 48.046875}}
build	21-Jul-2015 15:12:18					}
build	21-Jul-2015 15:12:18					UIATableCell "Who's hotter?" {{0, 3672.171875}, {375, 601.171875}}
build	21-Jul-2015 15:12:18					elements: {
build	21-Jul-2015 15:12:18						UIAStaticText "Who's hotter?" {{0, 0}, {288, 19.200000000000003}}
build	21-Jul-2015 15:12:18						UIAStaticText "7/12" {{0, 0}, {27.5, 17}}
build	21-Jul-2015 15:12:18						UIAStaticText "Celeb Obsessed " {{0, 0}, {144, 21}}
build	21-Jul-2015 15:12:18						UIAStaticText "406250 votes" {{0, 0}, {90, 21}}
build	21-Jul-2015 15:12:18						UIAButton "new share" {{0, 0.6875}, {48.046875, 48.046875}}
build	21-Jul-2015 15:12:18					}
build	21-Jul-2015 15:12:18					UIATableCell "Neck or foot massages?" {{0, 4273.34375}, {375, 601.171875}}
build	21-Jul-2015 15:12:18					elements: {
build	21-Jul-2015 15:12:18						UIAStaticText "Neck or foot massages?" {{0, 0}, {288, 19.200000000000003}}
build	21-Jul-2015 15:12:18						UIAStaticText "8/12" {{0, 0}, {28.5, 17}}
build	21-Jul-2015 15:12:18						UIAStaticText "Life Posts" {{0, 0}, {144, 21}}
build	21-Jul-2015 15:12:18						UIAStaticText "410085 votes" {{0, 0}, {90, 21}}
build	21-Jul-2015 15:12:18						UIAButton "new share" {{0, 0.6875}, {48.046875, 48.046875}}
build	21-Jul-2015 15:12:18					}
build	21-Jul-2015 15:12:18					UIATableCell "What's worse peeling or being burned? " {{0, 4874.515625}, {375, 601.171875}}
build	21-Jul-2015 15:12:18					elements: {
build	21-Jul-2015 15:12:18						UIAStaticText "What's worse peeling or being burned? " {{0, 0}, {288, 38.5}}
build	21-Jul-2015 15:12:18						UIAStaticText "9/12" {{0, 0}, {28.5, 17}}
build	21-Jul-2015 15:12:18						UIAStaticText "Life Posts" {{0, 0}, {144, 21}}
build	21-Jul-2015 15:12:18						UIAStaticText "408122 votes" {{0, 0}, {90, 21}}
build	21-Jul-2015 15:12:18						UIAButton "new share" {{0, 0.6875}, {48.046875, 48.046875}}
build	21-Jul-2015 15:12:18					}
build	21-Jul-2015 15:12:18					UIATableCell "Which mean girls quote?" {{0, 5475.6875}, {375, 601.171875}}
build	21-Jul-2015 15:12:18					elements: {
build	21-Jul-2015 15:12:18						UIAStaticText "Which mean girls quote?" {{0, 0}, {288, 19.200000000000003}}
build	21-Jul-2015 15:12:18						UIAStaticText "10/12" {{0, 0}, {35.5, 17}}
build	21-Jul-2015 15:12:18						UIAStaticText "Films&TV " {{0, 0}, {144, 21}}
build	21-Jul-2015 15:12:18						UIAStaticText "404984 votes" {{0, 0}, {90, 21}}
build	21-Jul-2015 15:12:18						UIAButton "new share" {{0, 0.6875}, {48.046875, 48.046875}}
build	21-Jul-2015 15:12:18					}
build	21-Jul-2015 15:12:18					UIATableCell "Do you prefer humid or dry weather?" {{0, 6076.859375}, {375, 601.171875}}
build	21-Jul-2015 15:12:18					elements: {
build	21-Jul-2015 15:12:18						UIAStaticText "Do you prefer humid or dry weather?" {{0, 0}, {288, 19.200000000000003}}
build	21-Jul-2015 15:12:18						UIAStaticText "11/12" {{0, 0}, {33.5, 17}}
build	21-Jul-2015 15:12:18						UIAStaticText "Life Posts" {{0, 0}, {144, 21}}
build	21-Jul-2015 15:12:18						UIAStaticText "398017 votes" {{0, 0}, {90, 21}}
build	21-Jul-2015 15:12:18						UIAButton "new share" {{0, 0.6875}, {48.046875, 48.046875}}
build	21-Jul-2015 15:12:18					}
build	21-Jul-2015 15:12:18					UIATableCell "Be in a freezing bath or boiling hot bath?" {{0, 6678.03125}, {375, 601.171875}}
build	21-Jul-2015 15:12:18					elements: {
build	21-Jul-2015 15:12:18						UIAStaticText "Be in a freezing bath or boiling hot bath?" {{0, 0}, {288, 38.5}}
build	21-Jul-2015 15:12:18						UIAStaticText "12/12" {{0, 0}, {34.5, 17}}
build	21-Jul-2015 15:12:18						UIAStaticText "Would You Rather" {{0, 0}, {144, 21}}
build	21-Jul-2015 15:12:18						UIAStaticText "390363 votes" {{0, 0}, {90, 21}}
build	21-Jul-2015 15:12:18						UIAButton "new share" {{0, 0.6875}, {48.046875, 48.046875}}
build	21-Jul-2015 15:12:18					}
build	21-Jul-2015 15:12:18					UIAStaticText "Your Daily Dozen" {{56.25, 7362.40625}, {295.3125, 35.15625}}
build	21-Jul-2015 15:12:18					UIAStaticText "0 of 12 complete" {{56.25, 7406.9375}, {295.3125, 24.609375}}
build	21-Jul-2015 15:12:18					UIAButton "1   Not Filled" {{56.25, 7480.765625}, {36.328125, 36.328125}}
build	21-Jul-2015 15:12:18					UIAButton "2   Not Filled" {{101.953125, 7480.765625}, {36.328125, 36.328125}}
build	21-Jul-2015 15:12:18					UIAButton "3   Not Filled" {{147.65625, 7480.765625}, {36.328125, 36.328125}}
build	21-Jul-2015 15:12:18					UIAButton "4   Not Filled" {{193.359375, 7480.765625}, {36.328125, 36.328125}}
build	21-Jul-2015 15:12:18					UIAButton "5   Not Filled" {{239.0625, 7480.765625}, {36.328125, 36.328125}}
build	21-Jul-2015 15:12:18					UIAButton "6   Not Filled" {{284.765625, 7480.765625}, {36.328125, 36.328125}}
build	21-Jul-2015 15:12:18					UIAButton "7   Not Filled" {{56.25, 7526.46875}, {36.328125, 36.328125}}
build	21-Jul-2015 15:12:18					UIAButton "8   Not Filled" {{101.953125, 7526.46875}, {36.328125, 36.328125}}
build	21-Jul-2015 15:12:18					UIAButton "9   Not Filled" {{147.65625, 7526.46875}, {36.328125, 36.328125}}
build	21-Jul-2015 15:12:18					UIAButton "10   Not Filled" {{193.359375, 7526.46875}, {36.328125, 36.328125}}
build	21-Jul-2015 15:12:18					UIAButton "11   Not Filled" {{239.0625, 7526.46875}, {36.328125, 36.328125}}
build	21-Jul-2015 15:12:18					UIAButton "12   Not Filled" {{284.765625, 7526.46875}, {36.328125, 36.328125}}
build	21-Jul-2015 15:12:18					UIAButton "13   Not Filled" {{147.65625, 7597.953125}, {36.328125, 36.328125}}
build	21-Jul-2015 15:12:18					elements: {
build	21-Jul-2015 15:12:18						UIAImage "13 - Not Filled.png" {{147.65625, 7597.953125}, {36.328125, 36.328125}}
build	21-Jul-2015 15:12:18					}
build	21-Jul-2015 15:12:18					UIAButton "14   Not Filled" {{193.359375, 7597.953125}, {36.328125, 36.328125}}
build	21-Jul-2015 15:12:18					elements: {
build	21-Jul-2015 15:12:18						UIAImage "14 - Not Filled.png" {{193.359375, 7597.953125}, {36.328125, 36.328125}}
build	21-Jul-2015 15:12:18					}
build	21-Jul-2015 15:12:18					UIAButton "Share" {{56.25, 7643.65625}, {263.671875, 64.453125}}
build	21-Jul-2015 15:12:18					UIAButton "watch a 10 seconds video" {{93.75, 7717.484375}, {215.625, 51.5625}}
build	21-Jul-2015 15:12:18					elements: {
build	21-Jul-2015 15:12:18						UIAStaticText "watch a 10 seconds video" {{98.4375, 7732.71875}, {206.8359375, 21.09375}}
build	21-Jul-2015 15:12:18					}
build	21-Jul-2015 15:12:18					UIAStaticText "or" {{71.484375, 7731.546875}, {17.578125, 24.609375}}
build	21-Jul-2015 15:12:18					UIAStaticText "to earn 2 bonus questions" {{56.25, 7743.265625}, {267.1875, 24.609375}}
build	21-Jul-2015 15:12:18					UIAButton "gear" {{166.40625, 7772.5625}, {46.875, 46.875}}
build	21-Jul-2015 15:12:18					elements: {
build	21-Jul-2015 15:12:18						UIAImage "gear.png" {{174.0234375, 7780.1796875}, {31.0546875, 31.0546875}}
build	21-Jul-2015 15:12:18					}
build	21-Jul-2015 15:12:18				}
build	21-Jul-2015 15:12:18				UIAStaticText "Daily Dozen" {{9.375, 625.296875}, {168.75, 24.609375}}
build	21-Jul-2015 15:12:18				UIAStaticText "Community" {{196.875, 625.296875}, {168.75, 24.609375}}
build	21-Jul-2015 15:12:18			}
build	21-Jul-2015 15:12:18			UIAWindow "(null)" {{0, 0.6875}, {375, 665.625}}
build	21-Jul-2015 15:12:18			elements: {
build	21-Jul-2015 15:12:18				UIAStatusBar "(null)" {{0, 0.6875}, {375, 23.4375}}
build	21-Jul-2015 15:12:18				elements: {
build	21-Jul-2015 15:12:18					UIAElement "Swipe down with three fingers to reveal the notification center., Swipe up with three fingers to reveal the control center, Double-tap to scroll to top" {{7.03125, 0.6875}, {44.53125, 23.4375}}
build	21-Jul-2015 15:12:18					UIAElement "3 of 3 Wi-Fi bars" {{57.421875, 0.6875}, {15.234375, 23.4375}}
build	21-Jul-2015 15:12:18					UIAElement "3:12 PM" {{161.71875, 0.6875}, {52.734375, 23.4375}}
build	21-Jul-2015 15:12:18					UIAElement "100% battery power" {{339.84375, 0.6875}, {29.296875, 23.4375}}
build	21-Jul-2015 15:12:18				}
build	21-Jul-2015 15:12:18			}
build	21-Jul-2015 15:12:18		}
build	21-Jul-2015 15:12:18	}
build	21-Jul-2015 15:12:18	
build	21-Jul-2015 15:12:18	2015-07-21 22:12:17 +0000 Start: Menu
build	21-Jul-2015 15:12:22	2015-07-21 22:12:22 +0000 Debug: target.tap({x:"16.5", y:"26.5"})
build	21-Jul-2015 15:12:27	2015-07-21 22:12:27 +0000 Start: Menu > My Wishbones
build	21-Jul-2015 15:12:27	2015-07-21 22:12:27 +0000 Debug: target.frontMostApp().mainWindow().tableViews().firstWithPredicate("value like 'rows 1 to 5 of 5'").withValueForKey("1", "isVisible").cells()[0].withValueForKey("1", "isVisible").tap()
build	21-Jul-2015 15:12:27	2015-07-21 22:12:27 +0000 Debug: target.captureRectOnScreenWithName("{origin:{x:0.00,y:0.00}, size:{height:667.00,width:375.00}}", UIScreen, "Menu > My Wishbones Tue, 21 Jul 2015 22:12:27 GMT")
build	21-Jul-2015 15:12:27	2015-07-21 22:12:27 +0000 Screenshot captured.
build	21-Jul-2015 15:12:28	2015-07-21 22:12:28 +0000 Debug: target.frontMostApp().mainWindow().tableViews()[0].buttons()["edit profile"].withValueForKey("1", "isVisible").tap()
build	21-Jul-2015 15:12:28	2015-07-21 22:12:28 +0000 Debug: target.captureRectOnScreenWithName("{origin:{x:0.00,y:0.00}, size:{height:667.00,width:375.00}}", UIScreen, "Menu > My Wishbones Tue, 21 Jul 2015 22:12:28 GMT")
build	21-Jul-2015 15:12:29	2015-07-21 22:12:28 +0000 Screenshot captured.
build	21-Jul-2015 15:12:29	2015-07-21 22:12:28 +0000 Debug: target.frontMostApp().mainWindow().scrollViews()[0].buttons()["Edit"].withValueForKey("1", "isVisible").tap()
build	21-Jul-2015 15:12:29	2015-07-21 22:12:29 +0000 Debug: target.captureRectOnScreenWithName("{origin:{x:0.00,y:0.00}, size:{height:667.00,width:375.00}}", UIScreen, "Menu > My Wishbones Tue, 21 Jul 2015 22:12:29 GMT")
build	21-Jul-2015 15:12:29	2015-07-21 22:12:29 +0000 Screenshot captured.
build	21-Jul-2015 15:12:29	2015-07-21 22:12:29 +0000 Start: Create View > Choose From Library
build	21-Jul-2015 15:12:29	2015-07-21 22:12:29 +0000 Debug: target.frontMostApp().mainWindow().buttons()["Choose from library"].withValueForKey("1", "isVisible").tap()
build	21-Jul-2015 15:12:30	2015-07-21 22:12:30 +0000 Debug: target.captureRectOnScreenWithName("{origin:{x:0.00,y:0.00}, size:{height:667.00,width:375.00}}", UIScreen, "Create View > Choose From Library Tue, 21 Jul 2015 22:12:30 GMT")
build	21-Jul-2015 15:12:30	2015-07-21 22:12:30 +0000 Screenshot captured.
build	21-Jul-2015 15:12:32	2015-07-21 22:12:32 +0000 Debug: target.frontMostApp().alert().defaultButton().tap()
build	21-Jul-2015 15:12:33	2015-07-21 22:12:33 +0000 Debug: target.frontMostApp().mainWindow().tableViews()[0].cells()[0].withValueForKey("1", "isVisible").tap()
build	21-Jul-2015 15:12:33	2015-07-21 22:12:33 +0000 Debug: target.captureRectOnScreenWithName("{origin:{x:0.00,y:0.00}, size:{height:667.00,width:375.00}}", UIScreen, "Create View > Choose From Library Tue, 21 Jul 2015 22:12:33 GMT")
build	21-Jul-2015 15:12:34	2015-07-21 22:12:33 +0000 Screenshot captured.
build	21-Jul-2015 15:12:34	2015-07-21 22:12:34 +0000 Debug: target.frontMostApp().mainWindow().collectionViews()[0].visibleCells()[0].withValueForKey("1", "isVisible").tap()
build	21-Jul-2015 15:12:34	2015-07-21 22:12:34 +0000 Debug: target.captureRectOnScreenWithName("{origin:{x:0.00,y:0.00}, size:{height:667.00,width:375.00}}", UIScreen, "Create View > Choose From Library Tue, 21 Jul 2015 22:12:34 GMT")
build	21-Jul-2015 15:12:34	2015-07-21 22:12:34 +0000 Screenshot captured.
build	21-Jul-2015 15:12:44	2015-07-21 22:12:44 +0000 Pass: Create View > Choose From Library
build	21-Jul-2015 15:12:44	2015-07-21 22:12:44 +0000 Debug: target.frontMostApp().mainWindow().scrollViews()[0].textFields()[4].withValueForKey("1", "isVisible").tap()
build	21-Jul-2015 15:12:44	2015-07-21 22:12:44 +0000 Debug: target.captureRectOnScreenWithName("{origin:{x:0.00,y:0.00}, size:{height:667.00,width:375.00}}", UIScreen, "Menu > My Wishbones Tue, 21 Jul 2015 22:12:44 GMT")
build	21-Jul-2015 15:12:45	2015-07-21 22:12:44 +0000 Screenshot captured.
build	21-Jul-2015 15:12:45	2015-07-21 22:12:45 +0000 Debug: target.frontMostApp().actionSheet().collectionViews()[0].cells()["Male"].buttons()["Male"].withValueForKey("1", "isVisible").tap()
build	21-Jul-2015 15:12:48	2015-07-21 22:12:48 +0000 Debug: target.frontMostApp().mainWindow().scrollViews()[0].textFields()[5].withValueForKey("1", "isVisible").tap()
build	21-Jul-2015 15:12:48	2015-07-21 22:12:48 +0000 Debug: target.captureRectOnScreenWithName("{origin:{x:0.00,y:0.00}, size:{height:667.00,width:375.00}}", UIScreen, "Menu > My Wishbones Tue, 21 Jul 2015 22:12:48 GMT")
build	21-Jul-2015 15:12:49	2015-07-21 22:12:48 +0000 Screenshot captured.
build	21-Jul-2015 15:12:50	2015-07-21 22:12:49 +0000 logElementTree:
build	21-Jul-2015 15:12:50	UIATarget "iPhone Simulator" {{0, 0}, {375, 667}}
build	21-Jul-2015 15:12:50	elements: {
build	21-Jul-2015 15:12:50		UIAApplication "Wishbone" {{0, 24.125}, {375, 642.1875}}
build	21-Jul-2015 15:12:50		elements: {
build	21-Jul-2015 15:12:50			UIAWindow "(null)" {{0, 0}, {375, 667}}
build	21-Jul-2015 15:12:50			UIAWindow "(null)" {{0, 0.6875}, {375, 665.625}}
build	21-Jul-2015 15:12:50			elements: {
build	21-Jul-2015 15:12:50				UIAButton "create back" {{1.171875, 18.265625}, {46.875, 46.875}}
build	21-Jul-2015 15:12:50				UIAStaticText "Edit Profile" {{80.859375, 28.8125}, {214.453125, 24.609375}}
build	21-Jul-2015 15:12:50				UIAButton "Done" {{307.03125, 24.125}, {53.90625, 35.15625}}
build	21-Jul-2015 15:12:50				UIAScrollView "(null)" {{0, 65.140625}, {375, 601.171875}}
build	21-Jul-2015 15:12:50				elements: {
build	21-Jul-2015 15:12:50					UIAImage "(null)" {{18.75, -25.09375}, {70.3125, 70.3125}}
build	21-Jul-2015 15:12:50					UIATextField "(null)" {{139.453125, -31.5390625}, {187.5, 35.15625}}
build	21-Jul-2015 15:12:50					elements: {
build	21-Jul-2015 15:12:50						UIATextField "(null)" {{139.453125, -31.5390625}, {187.5, 35.15625}}
build	21-Jul-2015 15:12:50					}
build	21-Jul-2015 15:12:50					UIAImage "user-handle-img.png" {{117.1875, -12.7890625}, {12.890625, 16.40625}}
build	21-Jul-2015 15:12:50					UIAImage "available-mark.png" {{342.1875, -19.8203125}, {10.546875, 10.546875}}
build	21-Jul-2015 15:12:50					UIATextField "(null)" {{139.453125, 17.6796875}, {216.796875, 35.15625}}
build	21-Jul-2015 15:12:50					elements: {
build	21-Jul-2015 15:12:50						UIATextField "(null)" {{139.453125, 17.6796875}, {216.796875, 35.15625}}
build	21-Jul-2015 15:12:50					}
build	21-Jul-2015 15:12:50					UIAButton "Edit" {{26.953125, 43.4609375}, {53.90625, 35.15625}}
build	21-Jul-2015 15:12:50					UIAImage "user-name-img.png" {{117.1875, 37.6015625}, {15.234375, 15.234375}}
build	21-Jul-2015 15:12:50					UIAStaticText "Private Information" {{18.75, 97.3671875}, {337.5, 24.609375}}
build	21-Jul-2015 15:12:50					UIATextField "(null)" {{46.875, 123.1484375}, {309.375, 35.15625}}
build	21-Jul-2015 15:12:50					elements: {
build	21-Jul-2015 15:12:50						UIATextField "(null)" {{46.875, 123.1484375}, {309.375, 35.15625}}
build	21-Jul-2015 15:12:50					}
build	21-Jul-2015 15:12:50					UIAImage "email-img.png" {{18.75, 145.4140625}, {17.578125, 12.890625}}
build	21-Jul-2015 15:12:50					UIATextField "(null)" {{46.875, 179.3984375}, {308.203125, 35.15625}}
build	21-Jul-2015 15:12:50					elements: {
build	21-Jul-2015 15:12:50						UIATextField "(null)" {{46.875, 179.3984375}, {308.203125, 35.15625}}
build	21-Jul-2015 15:12:50					}
build	21-Jul-2015 15:12:50					UIAImage "phone-img.png" {{18.75, 198.1484375}, {11.71875, 16.40625}}
build	21-Jul-2015 15:12:50					UIATextField "(null)" {{46.875, 235.6484375}, {308.203125, 35.15625}}
build	21-Jul-2015 15:12:50					elements: {
build	21-Jul-2015 15:12:50						UIATextField "(null)" {{46.875, 235.6484375}, {308.203125, 35.15625}}
build	21-Jul-2015 15:12:50					}
build	21-Jul-2015 15:12:50					UIAImage "gender-img.png" {{18.75, 254.3984375}, {12.890625, 16.40625}}
build	21-Jul-2015 15:12:50					UIATextField "(null)" {{46.875, 293.0703125}, {308.203125, 35.15625}}
build	21-Jul-2015 15:12:50					elements: {
build	21-Jul-2015 15:12:50						UIATextField "(null)" {{46.875, 292.484375}, {308.203125, 35.15625}}
build	21-Jul-2015 15:12:50					}
build	21-Jul-2015 15:12:50					UIAImage "age-img.png" {{18.75, 310.0625}, {12.890625, 16.40625}}
build	21-Jul-2015 15:12:50					UIAButton "profile gear" {{328.125, 502.25}, {46.875, 46.875}}
build	21-Jul-2015 15:12:50					UIAImage "(null)" {{366.796875, 546.1953125}, {8.203125, 2.9296875}}
build	21-Jul-2015 15:12:50					UIAImage "(null)" {{372.0703125, 540.921875}, {2.9296875, 8.203125}}
build	21-Jul-2015 15:12:50				}
build	21-Jul-2015 15:12:50				UIAToolbar "(null)" {{0, 666.3125}, {375, 51.5625}}
build	21-Jul-2015 15:12:50				elements: {
build	21-Jul-2015 15:12:50					UIAImage "(null)" {{0, 665.7265625}, {375, 0.5859375}}
build	21-Jul-2015 15:12:50					UIAImage "(null)" {{0, 666.3125}, {375, 51.5625}}
build	21-Jul-2015 15:12:50				}
build	21-Jul-2015 15:12:50			}
build	21-Jul-2015 15:12:50			UIAWindow "(null)" {{0, 0.6875}, {375, 665.625}}
build	21-Jul-2015 15:12:50			elements: {
build	21-Jul-2015 15:12:50				UIAToolbar "(null)" {{0, 361.625}, {375, 51.5625}}
build	21-Jul-2015 15:12:50				elements: {
build	21-Jul-2015 15:12:50					UIAImage "(null)" {{0, 361.0390625}, {375, 0.5859375}}
build	21-Jul-2015 15:12:50					UIAImage "(null)" {{0, 361.625}, {375, 51.5625}}
build	21-Jul-2015 15:12:50					UIAButton "Done" {{3.515625, 363.96875}, {59.765625, 46.875}}
build	21-Jul-2015 15:12:50				}
build	21-Jul-2015 15:12:50				UIAPicker "(null)" {{0, 413.1875}, {375, 253.125}}
build	21-Jul-2015 15:12:50				elements: {
build	21-Jul-2015 15:12:50					UIAPickerWheel "(null)" {{33.984375, 369.2421875}, {157.03125, 341.015625}}
build	21-Jul-2015 15:12:50					UIAPickerWheel "(null)" {{196.875, 369.2421875}, {53.90625, 341.015625}}
build	21-Jul-2015 15:12:50					UIAPickerWheel "(null)" {{256.640625, 369.2421875}, {84.375, 341.015625}}
build	21-Jul-2015 15:12:50				}
build	21-Jul-2015 15:12:50			}
build	21-Jul-2015 15:12:50			UIAWindow "(null)" {{0, 0.6875}, {375, 665.625}}
build	21-Jul-2015 15:12:50			elements: {
build	21-Jul-2015 15:12:50				UIAStatusBar "(null)" {{0, 0.6875}, {375, 23.4375}}
build	21-Jul-2015 15:12:50				elements: {
build	21-Jul-2015 15:12:50					UIAElement "Swipe down with three fingers to reveal the notification center., Swipe up with three fingers to reveal the control center, Double-tap to scroll to top" {{7.03125, 0.6875}, {44.53125, 23.4375}}
build	21-Jul-2015 15:12:50					UIAElement "3 of 3 Wi-Fi bars" {{57.421875, 0.6875}, {15.234375, 23.4375}}
build	21-Jul-2015 15:12:50					UIAElement "3:12 PM" {{161.71875, 0.6875}, {52.734375, 23.4375}}
build	21-Jul-2015 15:12:50					UIAElement "100% battery power" {{339.84375, 0.6875}, {29.296875, 23.4375}}
build	21-Jul-2015 15:12:50				}
build	21-Jul-2015 15:12:50			}
build	21-Jul-2015 15:12:50		}
build	21-Jul-2015 15:12:50	}
build	21-Jul-2015 15:12:50	
build	21-Jul-2015 15:12:50	2015-07-21 22:12:49 +0000 Default: index 0
build	21-Jul-2015 15:12:50	2015-07-21 22:12:49 +0000 Default: index 1
build	21-Jul-2015 15:12:50	2015-07-21 22:12:49 +0000 Default: index 2
build	21-Jul-2015 15:12:50	2015-07-21 22:12:49 +0000 Default: index 3
build	21-Jul-2015 15:13:02	2015-07-21 22:13:02 +0000 Debug: target.captureRectOnScreenWithName("{origin:{x:0.00,y:0.00}, size:{height:667.00,width:375.00}}", UIScreen, "Menu > My Wishbones Tue, 21 Jul 2015 22:13:02 GMT")
build	21-Jul-2015 15:13:03	2015-07-21 22:13:03 +0000 Screenshot captured.
build	21-Jul-2015 15:13:03	2015-07-21 22:13:03 +0000 Debug: target.frontMostApp().windows()[2].toolbar().buttons()["Done"].withValueForKey("1", "isVisible").tap()
build	21-Jul-2015 15:13:03	2015-07-21 22:13:03 +0000 Debug: target.captureRectOnScreenWithName("{origin:{x:0.00,y:0.00}, size:{height:667.00,width:375.00}}", UIScreen, "Menu > My Wishbones Tue, 21 Jul 2015 22:13:03 GMT")
build	21-Jul-2015 15:13:03	2015-07-21 22:13:03 +0000 Screenshot captured.
build	21-Jul-2015 15:13:03	2015-07-21 22:13:03 +0000 Debug: target.frontMostApp().mainWindow().scrollViews()[0].textFields()[2].tap()
build	21-Jul-2015 15:13:04	2015-07-21 22:13:04 +0000 Debug: target.frontMostApp().keyboard().typeString("wtobey@science-inc.com")
build	21-Jul-2015 15:13:09	2015-07-21 22:13:09 +0000 Debug: target.captureRectOnScreenWithName("{origin:{x:0.00,y:0.00}, size:{height:667.00,width:375.00}}", UIScreen, "Menu > My Wishbones Tue, 21 Jul 2015 22:13:09 GMT")
build	21-Jul-2015 15:13:09	2015-07-21 22:13:09 +0000 Screenshot captured.
build	21-Jul-2015 15:13:09	2015-07-21 22:13:09 +0000 Debug: target.frontMostApp().mainWindow().buttons()["Done"].withValueForKey("1", "isVisible").tap()
build	21-Jul-2015 15:13:09	2015-07-21 22:13:09 +0000 Debug: target.captureRectOnScreenWithName("{origin:{x:0.00,y:0.00}, size:{height:667.00,width:375.00}}", UIScreen, "Menu > My Wishbones Tue, 21 Jul 2015 22:13:09 GMT")
build	21-Jul-2015 15:13:09	2015-07-21 22:13:09 +0000 Screenshot captured.
build	21-Jul-2015 15:13:11	2015-07-21 22:13:11 +0000 Debug: target.frontMostApp().alert().buttons()[0].tap()
build	21-Jul-2015 15:13:12	2015-07-21 22:13:12 +0000 Debug: target.frontMostApp().mainWindow().buttons()["create close"].withValueForKey("1", "isVisible").tap()
build	21-Jul-2015 15:13:12	2015-07-21 22:13:12 +0000 Debug: target.captureRectOnScreenWithName("{origin:{x:0.00,y:0.00}, size:{height:667.00,width:375.00}}", UIScreen, "Menu Tue, 21 Jul 2015 22:13:12 GMT")
build	21-Jul-2015 15:13:12	2015-07-21 22:13:12 +0000 Screenshot captured.
build	21-Jul-2015 15:13:12	2015-07-21 22:13:12 +0000 Pass: Menu > My Wishbones
build	21-Jul-2015 15:13:14	2015-07-21 22:13:14 +0000 Debug: target.tap({x:"16.5", y:"26.5"})
build	21-Jul-2015 15:13:14	2015-07-21 22:13:14 +0000 Start: Menu > Find Friends
build	21-Jul-2015 15:13:14	2015-07-21 22:13:14 +0000 Debug: target.frontMostApp().mainWindow().tableViews().firstWithPredicate("value like 'rows 1 to 5 of 5'").withValueForKey("1", "isVisible").cells()[1].tap()
build	21-Jul-2015 15:13:20	2015-07-21 22:13:20 +0000 Debug: target.captureRectOnScreenWithName("{origin:{x:0.00,y:0.00}, size:{height:667.00,width:375.00}}", UIScreen, "Menu > Find Friends Tue, 21 Jul 2015 22:13:20 GMT")
build	21-Jul-2015 15:13:20	2015-07-21 22:13:20 +0000 Screenshot captured.
build	21-Jul-2015 15:13:20	2015-07-21 22:13:20 +0000 Debug: target.frontMostApp().mainWindow().tableViews()[0].searchBars()[0].withValueForKey("1", "isVisible").tap()
build	21-Jul-2015 15:13:20	2015-07-21 22:13:20 +0000 Debug: target.frontMostApp().keyboard().withValueForKey("1", "isVisible").typeString("Abc\n")
build	21-Jul-2015 15:13:24	2015-07-21 22:13:23 +0000 Debug: target.captureRectOnScreenWithName("{origin:{x:0.00,y:0.00}, size:{height:667.00,width:375.00}}", UIScreen, "Menu > Find Friends Tue, 21 Jul 2015 22:13:23 GMT")
build	21-Jul-2015 15:13:24	2015-07-21 22:13:23 +0000 Screenshot captured.
build	21-Jul-2015 15:13:24	2015-07-21 22:13:24 +0000 Debug: target.frontMostApp().mainWindow().tableViews()[0].cells()[0].withValueForKey("1", "isVisible").tap()
build	21-Jul-2015 15:13:29	2015-07-21 22:13:29 +0000 Debug: target.captureRectOnScreenWithName("{origin:{x:0.00,y:0.00}, size:{height:667.00,width:375.00}}", UIScreen, "Menu > Find Friends Tue, 21 Jul 2015 22:13:29 GMT")
build	21-Jul-2015 15:13:29	2015-07-21 22:13:29 +0000 Screenshot captured.
build	21-Jul-2015 15:13:29	2015-07-21 22:13:29 +0000 Debug: target.frontMostApp().mainWindow().tableViews()[0].buttons()["follow"].withValueForKey("1", "isVisible").tap()
build	21-Jul-2015 15:13:29	2015-07-21 22:13:29 +0000 Debug: target.captureRectOnScreenWithName("{origin:{x:0.00,y:0.00}, size:{height:667.00,width:375.00}}", UIScreen, "Menu > Find Friends Tue, 21 Jul 2015 22:13:29 GMT")
build	21-Jul-2015 15:13:29	2015-07-21 22:13:29 +0000 Screenshot captured.
build	21-Jul-2015 15:13:29	2015-07-21 22:13:29 +0000 Debug: target.frontMostApp().mainWindow().buttons()["create back"].withValueForKey("1", "isVisible").tap()
build	21-Jul-2015 15:13:29	2015-07-21 22:13:29 +0000 Debug: target.captureRectOnScreenWithName("{origin:{x:0.00,y:0.00}, size:{height:667.00,width:375.00}}", UIScreen, "Menu > Find Friends Tue, 21 Jul 2015 22:13:29 GMT")
build	21-Jul-2015 15:13:29	2015-07-21 22:13:29 +0000 Screenshot captured.
build	21-Jul-2015 15:13:29	2015-07-21 22:13:29 +0000 Debug: target.frontMostApp().mainWindow().buttons()["create close"].withValueForKey("1", "isVisible").tap()
build	21-Jul-2015 15:13:30	2015-07-21 22:13:30 +0000 Pass: Menu > Find Friends
build	21-Jul-2015 15:13:32	2015-07-21 22:13:32 +0000 Debug: target.tap({x:"16.5", y:"26.5"})
build	21-Jul-2015 15:13:32	2015-07-21 22:13:32 +0000 Default: Select About Wishbone from dropdown menu
build	21-Jul-2015 15:13:32	2015-07-21 22:13:32 +0000 Debug: target.frontMostApp().mainWindow().tableViews().firstWithPredicate("value like 'rows 1 to 5 of 5'").withValueForKey("1", "isVisible").cells()[2].tap()
build	21-Jul-2015 15:13:34	2015-07-21 22:13:33 +0000 Debug: target.frontMostApp().mainWindow().buttons()["create close"].withValueForKey("1", "isVisible").tap()
build	21-Jul-2015 15:13:34	2015-07-21 22:13:34 +0000 Debug: target.captureRectOnScreenWithName("{origin:{x:0.00,y:0.00}, size:{height:667.00,width:375.00}}", UIScreen, "Menu Tue, 21 Jul 2015 22:13:34 GMT")
build	21-Jul-2015 15:13:34	2015-07-21 22:13:34 +0000 Screenshot captured.
build	21-Jul-2015 15:13:34	2015-07-21 22:13:34 +0000 Pass: Menu
build	21-Jul-2015 15:13:37	Instruments Trace Complete (Duration : 88.362267s; Output : /Users/wtobey/Desktop/AUITesting/instrumentscli0.trace)
build	21-Jul-2015 15:13:37	===================================Running Parser.py===================================
build	21-Jul-2015 15:13:37	(0, 'First Screen > Skip Login')
build	21-Jul-2015 15:13:37	(0, 'Menu > My Wishbones')
build	21-Jul-2015 15:13:37	(1, 'Menu > Find Friends')
build	21-Jul-2015 15:13:37	retrievedPath/Users/wtobey/Desktop/AUITesting/Run 1/First Screen Tue, 21 Jul 2015 22-12-09 GMT.png
build	21-Jul-2015 15:13:37	retrievedPath/Users/wtobey/Desktop/AUITesting/Run 1/First Screen Tue, 21 Jul 2015 22-12-10 GMT 2.png
build	21-Jul-2015 15:13:37	retrievedPath/Users/wtobey/Desktop/AUITesting/Run 1/First Screen Tue, 21 Jul 2015 22-12-10 GMT.png
build	21-Jul-2015 15:13:37	retrievedPath/Users/wtobey/Desktop/AUITesting/Run 1/First Screen Tue, 21 Jul 2015 22-12-14 GMT.png
build	21-Jul-2015 15:13:37	retrievedPath/Users/wtobey/Desktop/AUITesting/Run 1/Menu > Find Friends Tue, 21 Jul 2015 22-13-20 GMT.png
build	21-Jul-2015 15:13:37	matchingMenu > Find Friends
build	21-Jul-2015 15:13:37	NEW PATH:/Users/wtobey/Desktop/AUITesting/Run 2015-07-21 22:12:09/Menu/Find Friends
build	21-Jul-2015 15:13:37	retrievedPath/Users/wtobey/Desktop/AUITesting/Run 1/Menu > Find Friends Tue, 21 Jul 2015 22-13-23 GMT.png
build	21-Jul-2015 15:13:37	matchingMenu > Find Friends
build	21-Jul-2015 15:13:37	NEW PATH:/Users/wtobey/Desktop/AUITesting/Run 2015-07-21 22:12:09/Menu/Find Friends
build	21-Jul-2015 15:13:37	retrievedPath/Users/wtobey/Desktop/AUITesting/Run 1/Menu > Find Friends Tue, 21 Jul 2015 22-13-29 GMT 2.png
build	21-Jul-2015 15:13:37	matchingMenu > Find Friends
build	21-Jul-2015 15:13:37	NEW PATH:/Users/wtobey/Desktop/AUITesting/Run 2015-07-21 22:12:09/Menu/Find Friends
build	21-Jul-2015 15:13:37	retrievedPath/Users/wtobey/Desktop/AUITesting/Run 1/Menu > Find Friends Tue, 21 Jul 2015 22-13-29 GMT 3.png
build	21-Jul-2015 15:13:37	matchingMenu > Find Friends
build	21-Jul-2015 15:13:37	NEW PATH:/Users/wtobey/Desktop/AUITesting/Run 2015-07-21 22:12:09/Menu/Find Friends
build	21-Jul-2015 15:13:37	retrievedPath/Users/wtobey/Desktop/AUITesting/Run 1/Menu > Find Friends Tue, 21 Jul 2015 22-13-29 GMT.png
build	21-Jul-2015 15:13:37	matchingMenu > Find Friends
build	21-Jul-2015 15:13:37	NEW PATH:/Users/wtobey/Desktop/AUITesting/Run 2015-07-21 22:12:09/Menu/Find Friends
build	21-Jul-2015 15:13:37	retrievedPath/Users/wtobey/Desktop/AUITesting/Run 1/Menu > My Wishbones Tue, 21 Jul 2015 22-12-27 GMT.png
build	21-Jul-2015 15:13:37	matchingMenu > My Wishbones
build	21-Jul-2015 15:13:37	NEW PATH:/Users/wtobey/Desktop/AUITesting/Run 2015-07-21 22:12:09/Menu/My Wishbones
build	21-Jul-2015 15:13:37	retrievedPath/Users/wtobey/Desktop/AUITesting/Run 1/Menu > My Wishbones Tue, 21 Jul 2015 22-12-28 GMT.png
build	21-Jul-2015 15:13:37	matchingMenu > My Wishbones
build	21-Jul-2015 15:13:37	NEW PATH:/Users/wtobey/Desktop/AUITesting/Run 2015-07-21 22:12:09/Menu/My Wishbones
build	21-Jul-2015 15:13:37	retrievedPath/Users/wtobey/Desktop/AUITesting/Run 1/Menu > My Wishbones Tue, 21 Jul 2015 22-12-29 GMT.png
build	21-Jul-2015 15:13:37	matchingMenu > My Wishbones
build	21-Jul-2015 15:13:37	NEW PATH:/Users/wtobey/Desktop/AUITesting/Run 2015-07-21 22:12:09/Menu/My Wishbones
build	21-Jul-2015 15:13:37	retrievedPath/Users/wtobey/Desktop/AUITesting/Run 1/Menu > My Wishbones Tue, 21 Jul 2015 22-12-44 GMT.png
build	21-Jul-2015 15:13:37	matchingMenu > My Wishbones
build	21-Jul-2015 15:13:37	NEW PATH:/Users/wtobey/Desktop/AUITesting/Run 2015-07-21 22:12:09/Menu/My Wishbones
build	21-Jul-2015 15:13:37	retrievedPath/Users/wtobey/Desktop/AUITesting/Run 1/Menu > My Wishbones Tue, 21 Jul 2015 22-12-48 GMT.png
build	21-Jul-2015 15:13:37	matchingMenu > My Wishbones
build	21-Jul-2015 15:13:37	NEW PATH:/Users/wtobey/Desktop/AUITesting/Run 2015-07-21 22:12:09/Menu/My Wishbones
build	21-Jul-2015 15:13:37	retrievedPath/Users/wtobey/Desktop/AUITesting/Run 1/Menu > My Wishbones Tue, 21 Jul 2015 22-13-02 GMT.png
build	21-Jul-2015 15:13:37	matchingMenu > My Wishbones
build	21-Jul-2015 15:13:37	NEW PATH:/Users/wtobey/Desktop/AUITesting/Run 2015-07-21 22:12:09/Menu/My Wishbones
build	21-Jul-2015 15:13:37	retrievedPath/Users/wtobey/Desktop/AUITesting/Run 1/Menu > My Wishbones Tue, 21 Jul 2015 22-13-03 GMT.png
build	21-Jul-2015 15:13:37	matchingMenu > My Wishbones
build	21-Jul-2015 15:13:37	NEW PATH:/Users/wtobey/Desktop/AUITesting/Run 2015-07-21 22:12:09/Menu/My Wishbones
build	21-Jul-2015 15:13:37	retrievedPath/Users/wtobey/Desktop/AUITesting/Run 1/Menu > My Wishbones Tue, 21 Jul 2015 22-13-09 GMT 2.png
build	21-Jul-2015 15:13:37	matchingMenu > My Wishbones
build	21-Jul-2015 15:13:37	NEW PATH:/Users/wtobey/Desktop/AUITesting/Run 2015-07-21 22:12:09/Menu/My Wishbones
build	21-Jul-2015 15:13:37	retrievedPath/Users/wtobey/Desktop/AUITesting/Run 1/Menu > My Wishbones Tue, 21 Jul 2015 22-13-09 GMT.png
build	21-Jul-2015 15:13:37	matchingMenu > My Wishbones
build	21-Jul-2015 15:13:37	NEW PATH:/Users/wtobey/Desktop/AUITesting/Run 2015-07-21 22:12:09/Menu/My Wishbones
build	21-Jul-2015 15:13:37	retrievedPath/Users/wtobey/Desktop/AUITesting/Run 1/Menu Tue, 21 Jul 2015 22-13-12 GMT.png
build	21-Jul-2015 15:13:37	retrievedPath/Users/wtobey/Desktop/AUITesting/Run 1/Menu Tue, 21 Jul 2015 22-13-34 GMT.png
build	21-Jul-2015 15:13:37	===================================Removing Trace===================================
build	21-Jul-2015 15:13:37	===================================Shutting Down Simulators===================================
build	21-Jul-2015 15:13:39	===================================Erasing Simulators===================================
build	21-Jul-2015 15:13:41	===================================Quitting Simulators===================================
build	21-Jul-2015 15:13:41	TESTS SUCCEEDED
build	21-Jul-2015 15:13:41	  adding: Run 2015-07-21 22:12:09/ (stored 0%)
build	21-Jul-2015 15:13:41	  adding: Run 2015-07-21 22:12:09/ArchivedRun 2015-07-21 22:12:09/ (stored 0%)
build	21-Jul-2015 15:13:41	  adding: Run 2015-07-21 22:12:09/ArchivedRun 2015-07-21 22:12:09/Automation Results.plist (deflated 91%)
build	21-Jul-2015 15:13:41	  adding: Run 2015-07-21 22:12:09/ArchivedRun 2015-07-21 22:12:09/Create View > Choose From Library Tue, 21 Jul 2015 22-12-30 GMT.png (deflated 15%)
build	21-Jul-2015 15:13:41	  adding: Run 2015-07-21 22:12:09/ArchivedRun 2015-07-21 22:12:09/Create View > Choose From Library Tue, 21 Jul 2015 22-12-33 GMT.png (deflated 9%)
build	21-Jul-2015 15:13:42	  adding: Run 2015-07-21 22:12:09/ArchivedRun 2015-07-21 22:12:09/Create View > Choose From Library Tue, 21 Jul 2015 22-12-34 GMT.png (deflated 2%)
build	21-Jul-2015 15:13:42	  adding: Run 2015-07-21 22:12:09/ArchivedRun 2015-07-21 22:12:09/UIATarget- name-iPhone Simulator rect-{{0, 0}, {375, 667}}/ (stored 0%)
build	21-Jul-2015 15:13:42	  adding: Run 2015-07-21 22:12:09/ArchivedRun 2015-07-21 22:12:09/UIATarget- name-iPhone Simulator rect-{{0, 0}, {375, 667}}/UIAApplication- name-Wishbone rect-{{0, 24}, {375, 642}}.png (deflated 1%)
build	21-Jul-2015 15:13:42	  adding: Run 2015-07-21 22:12:09/ArchivedRun 2015-07-21 22:12:09/UIATarget- name-iPhone Simulator rect-{{0, 0}, {375, 667}}/UIAButton- name-create card rect-{{314, 26}, {52, 35}}.png (deflated 9%)
build	21-Jul-2015 15:13:42	  adding: Run 2015-07-21 22:12:09/ArchivedRun 2015-07-21 22:12:09/UIATarget- name-iPhone Simulator rect-{{0, 0}, {375, 667}}/UIAButton- name-Friends value- rect-{{189, 26}, {125, 34}}.png (deflated 4%)
build	21-Jul-2015 15:13:42	  adding: Run 2015-07-21 22:12:09/ArchivedRun 2015-07-21 22:12:09/UIATarget- name-iPhone Simulator rect-{{0, 0}, {375, 667}}/UIAButton- name-new share rect-{{0, 1}, {48, 48}} 10.png (deflated 5%)
build	21-Jul-2015 15:13:42	  adding: Run 2015-07-21 22:12:09/ArchivedRun 2015-07-21 22:12:09/UIATarget- name-iPhone Simulator rect-{{0, 0}, {375, 667}}/UIAButton- name-new share rect-{{0, 1}, {48, 48}} 11.png (deflated 5%)
build	21-Jul-2015 15:13:42	  adding: Run 2015-07-21 22:12:09/ArchivedRun 2015-07-21 22:12:09/UIATarget- name-iPhone Simulator rect-{{0, 0}, {375, 667}}/UIAButton- name-new share rect-{{0, 1}, {48, 48}} 2.png (deflated 5%)
build	21-Jul-2015 15:13:42	  adding: Run 2015-07-21 22:12:09/ArchivedRun 2015-07-21 22:12:09/UIATarget- name-iPhone Simulator rect-{{0, 0}, {375, 667}}/UIAButton- name-new share rect-{{0, 1}, {48, 48}} 3.png (deflated 5%)
build	21-Jul-2015 15:13:42	  adding: Run 2015-07-21 22:12:09/ArchivedRun 2015-07-21 22:12:09/UIATarget- name-iPhone Simulator rect-{{0, 0}, {375, 667}}/UIAButton- name-new share rect-{{0, 1}, {48, 48}} 4.png (deflated 5%)
build	21-Jul-2015 15:13:42	  adding: Run 2015-07-21 22:12:09/ArchivedRun 2015-07-21 22:12:09/UIATarget- name-iPhone Simulator rect-{{0, 0}, {375, 667}}/UIAButton- name-new share rect-{{0, 1}, {48, 48}} 5.png (deflated 5%)
build	21-Jul-2015 15:13:42	  adding: Run 2015-07-21 22:12:09/ArchivedRun 2015-07-21 22:12:09/UIATarget- name-iPhone Simulator rect-{{0, 0}, {375, 667}}/UIAButton- name-new share rect-{{0, 1}, {48, 48}} 6.png (deflated 5%)
build	21-Jul-2015 15:13:42	  adding: Run 2015-07-21 22:12:09/ArchivedRun 2015-07-21 22:12:09/UIATarget- name-iPhone Simulator rect-{{0, 0}, {375, 667}}/UIAButton- name-new share rect-{{0, 1}, {48, 48}} 7.png (deflated 5%)
build	21-Jul-2015 15:13:42	  adding: Run 2015-07-21 22:12:09/ArchivedRun 2015-07-21 22:12:09/UIATarget- name-iPhone Simulator rect-{{0, 0}, {375, 667}}/UIAButton- name-new share rect-{{0, 1}, {48, 48}} 8.png (deflated 5%)
build	21-Jul-2015 15:13:42	  adding: Run 2015-07-21 22:12:09/ArchivedRun 2015-07-21 22:12:09/UIATarget- name-iPhone Simulator rect-{{0, 0}, {375, 667}}/UIAButton- name-new share rect-{{0, 1}, {48, 48}} 9.png (deflated 5%)
build	21-Jul-2015 15:13:42	  adding: Run 2015-07-21 22:12:09/ArchivedRun 2015-07-21 22:12:09/UIATarget- name-iPhone Simulator rect-{{0, 0}, {375, 667}}/UIAButton- name-new share rect-{{0, 1}, {48, 48}}.png (deflated 5%)
build	21-Jul-2015 15:13:42	  adding: Run 2015-07-21 22:12:09/ArchivedRun 2015-07-21 22:12:09/UIATarget- name-iPhone Simulator rect-{{0, 0}, {375, 667}}/UIAButton- name-new share rect-{{318, 492}, {48, 48}}.png (stored 0%)
build	21-Jul-2015 15:13:42	  adding: Run 2015-07-21 22:12:09/ArchivedRun 2015-07-21 22:12:09/UIATarget- name-iPhone Simulator rect-{{0, 0}, {375, 667}}/UIAButton- name-Trending value- rect-{{62, 26}, {125, 34}}.png (deflated 1%)
build	21-Jul-2015 15:13:42	  adding: Run 2015-07-21 22:12:09/ArchivedRun 2015-07-21 22:12:09/UIATarget- name-iPhone Simulator rect-{{0, 0}, {375, 667}}/UIAElement- name-100% battery power rect-{{340, 1}, {29, 23}}.png (stored 0%)
build	21-Jul-2015 15:13:42	  adding: Run 2015-07-21 22:12:09/ArchivedRun 2015-07-21 22:12:09/UIATarget- name-iPhone Simulator rect-{{0, 0}, {375, 667}}/UIAElement- name-3 of 3 Wi-Fi bars rect-{{57, 1}, {15, 23}}.png (stored 0%)
build	21-Jul-2015 15:13:42	  adding: Run 2015-07-21 22:12:09/ArchivedRun 2015-07-21 22:12:09/UIATarget- name-iPhone Simulator rect-{{0, 0}, {375, 667}}/UIAElement- name-3-12 PM rect-{{162, 1}, {53, 23}}.png (stored 0%)
build	21-Jul-2015 15:13:42	  adding: Run 2015-07-21 22:12:09/ArchivedRun 2015-07-21 22:12:09/UIATarget- name-iPhone Simulator rect-{{0, 0}, {375, 667}}/UIAElement- name-Swipe down with three fingers to reveal the notification center., Swipe up with three fingers to reveal the control center, Double-tap to scroll to top rect-{{7, 1}, {45, 23}}.png (stored 0%)
build	21-Jul-2015 15:13:42	  adding: Run 2015-07-21 22:12:09/ArchivedRun 2015-07-21 22:12:09/UIATarget- name-iPhone Simulator rect-{{0, 0}, {375, 667}}/UIAImage- name-menu.png rect-{{18, 39}, {23, 9}}.png (deflated 2%)
build	21-Jul-2015 15:13:42	  adding: Run 2015-07-21 22:12:09/ArchivedRun 2015-07-21 22:12:09/UIATarget- name-iPhone Simulator rect-{{0, 0}, {375, 667}}/UIAImage- name-Nav-Header-Logo rect-{{179, 34}, {18, 21}}.png (stored 0%)
build	21-Jul-2015 15:13:42	  adding: Run 2015-07-21 22:12:09/ArchivedRun 2015-07-21 22:12:09/UIATarget- name-iPhone Simulator rect-{{0, 0}, {375, 667}}/UIASegmentedControl- rect-{{62, 26}, {252, 34}}.png (deflated 6%)
build	21-Jul-2015 15:13:42	  adding: Run 2015-07-21 22:12:09/ArchivedRun 2015-07-21 22:12:09/UIATarget- name-iPhone Simulator rect-{{0, 0}, {375, 667}}/UIAStaticText- name-1:12 value-1:12 rect-{{170, 142}, {32, 20}}.png (stored 0%)
build	21-Jul-2015 15:13:42	  adding: Run 2015-07-21 22:12:09/ArchivedRun 2015-07-21 22:12:09/UIATarget- name-iPhone Simulator rect-{{0, 0}, {375, 667}}/UIAStaticText- name-10:12 value-10:12 rect-{{0, 0}, {36, 17}}.png (stored 0%)
build	21-Jul-2015 15:13:42	  adding: Run 2015-07-21 22:12:09/ArchivedRun 2015-07-21 22:12:09/UIATarget- name-iPhone Simulator rect-{{0, 0}, {375, 667}}/UIAStaticText- name-11:12 value-11:12 rect-{{0, 0}, {34, 17}}.png (stored 0%)
build	21-Jul-2015 15:13:42	  adding: Run 2015-07-21 22:12:09/ArchivedRun 2015-07-21 22:12:09/UIATarget- name-iPhone Simulator rect-{{0, 0}, {375, 667}}/UIAStaticText- name-12:12 value-12:12 rect-{{0, 0}, {34, 17}}.png (stored 0%)
build	21-Jul-2015 15:13:42	  adding: Run 2015-07-21 22:12:09/ArchivedRun 2015-07-21 22:12:09/UIATarget- name-iPhone Simulator rect-{{0, 0}, {375, 667}}/UIAStaticText- name-2:12 value-2:12 rect-{{0, 0}, {28, 17}}.png (stored 0%)
build	21-Jul-2015 15:13:42	  adding: Run 2015-07-21 22:12:09/ArchivedRun 2015-07-21 22:12:09/UIATarget- name-iPhone Simulator rect-{{0, 0}, {375, 667}}/UIAStaticText- name-3:12 value-3:12 rect-{{0, 0}, {28, 17}}.png (stored 0%)
build	21-Jul-2015 15:13:42	  adding: Run 2015-07-21 22:12:09/ArchivedRun 2015-07-21 22:12:09/UIATarget- name-iPhone Simulator rect-{{0, 0}, {375, 667}}/UIAStaticText- name-390363 votes value-390363 votes rect-{{0, 0}, {90, 21}}.png (stored 0%)
build	21-Jul-2015 15:13:42	  adding: Run 2015-07-21 22:12:09/ArchivedRun 2015-07-21 22:12:09/UIATarget- name-iPhone Simulator rect-{{0, 0}, {375, 667}}/UIAStaticText- name-398017 votes value-398017 votes rect-{{0, 0}, {90, 21}}.png (stored 0%)
build	21-Jul-2015 15:13:42	  adding: Run 2015-07-21 22:12:09/ArchivedRun 2015-07-21 22:12:09/UIATarget- name-iPhone Simulator rect-{{0, 0}, {375, 667}}/UIAStaticText- name-4:12 value-4:12 rect-{{0, 0}, {28, 17}}.png (stored 0%)
build	21-Jul-2015 15:13:42	  adding: Run 2015-07-21 22:12:09/ArchivedRun 2015-07-21 22:12:09/UIATarget- name-iPhone Simulator rect-{{0, 0}, {375, 667}}/UIAStaticText- name-404984 votes value-404984 votes rect-{{0, 0}, {90, 21}}.png (stored 0%)
build	21-Jul-2015 15:13:42	  adding: Run 2015-07-21 22:12:09/ArchivedRun 2015-07-21 22:12:09/UIATarget- name-iPhone Simulator rect-{{0, 0}, {375, 667}}/UIAStaticText- name-406250 votes value-406250 votes rect-{{0, 0}, {90, 21}}.png (stored 0%)
build	21-Jul-2015 15:13:42	  adding: Run 2015-07-21 22:12:09/ArchivedRun 2015-07-21 22:12:09/UIATarget- name-iPhone Simulator rect-{{0, 0}, {375, 667}}/UIAStaticText- name-408122 votes value-408122 votes rect-{{0, 0}, {90, 21}}.png (stored 0%)
build	21-Jul-2015 15:13:42	  adding: Run 2015-07-21 22:12:09/ArchivedRun 2015-07-21 22:12:09/UIATarget- name-iPhone Simulator rect-{{0, 0}, {375, 667}}/UIAStaticText- name-410085 votes value-410085 votes rect-{{0, 0}, {90, 21}}.png (stored 0%)
build	21-Jul-2015 15:13:42	  adding: Run 2015-07-21 22:12:09/ArchivedRun 2015-07-21 22:12:09/UIATarget- name-iPhone Simulator rect-{{0, 0}, {375, 667}}/UIAStaticText- name-412252 votes value-412252 votes rect-{{0, 0}, {90, 21}}.png (stored 0%)
build	21-Jul-2015 15:13:42	  adding: Run 2015-07-21 22:12:09/ArchivedRun 2015-07-21 22:12:09/UIATarget- name-iPhone Simulator rect-{{0, 0}, {375, 667}}/UIAStaticText- name-417412 votes value-417412 votes rect-{{0, 0}, {90, 21}}.png (stored 0%)
build	21-Jul-2015 15:13:42	  adding: Run 2015-07-21 22:12:09/ArchivedRun 2015-07-21 22:12:09/UIATarget- name-iPhone Simulator rect-{{0, 0}, {375, 667}}/UIAStaticText- name-419184 votes value-419184 votes rect-{{0, 0}, {90, 21}}.png (stored 0%)
build	21-Jul-2015 15:13:42	  adding: Run 2015-07-21 22:12:09/ArchivedRun 2015-07-21 22:12:09/UIATarget- name-iPhone Simulator rect-{{0, 0}, {375, 667}}/UIAStaticText- name-422855 votes value-422855 votes rect-{{0, 0}, {90, 21}}.png (stored 0%)
build	21-Jul-2015 15:13:42	  adding: Run 2015-07-21 22:12:09/ArchivedRun 2015-07-21 22:12:09/UIATarget- name-iPhone Simulator rect-{{0, 0}, {375, 667}}/UIAStaticText- name-425470 votes value-425470 votes rect-{{0, 0}, {90, 21}}.png (stored 0%)
build	21-Jul-2015 15:13:42	  adding: Run 2015-07-21 22:12:09/ArchivedRun 2015-07-21 22:12:09/UIATarget- name-iPhone Simulator rect-{{0, 0}, {375, 667}}/UIAStaticText- name-429430 votes value-429430 votes rect-{{251, 568}, {105, 25}}.png (stored 0%)
build	21-Jul-2015 15:13:42	  adding: Run 2015-07-21 22:12:09/ArchivedRun 2015-07-21 22:12:09/UIATarget- name-iPhone Simulator rect-{{0, 0}, {375, 667}}/UIAStaticText- name-5:12 value-5:12 rect-{{0, 0}, {28, 17}}.png (stored 0%)
build	21-Jul-2015 15:13:42	  adding: Run 2015-07-21 22:12:09/ArchivedRun 2015-07-21 22:12:09/UIATarget- name-iPhone Simulator rect-{{0, 0}, {375, 667}}/UIAStaticText- name-6:12 value-6:12 rect-{{0, 0}, {28, 17}}.png (stored 0%)
build	21-Jul-2015 15:13:42	  adding: Run 2015-07-21 22:12:09/ArchivedRun 2015-07-21 22:12:09/UIATarget- name-iPhone Simulator rect-{{0, 0}, {375, 667}}/UIAStaticText- name-7:12 value-7:12 rect-{{0, 0}, {28, 17}}.png (stored 0%)
build	21-Jul-2015 15:13:42	  adding: Run 2015-07-21 22:12:09/ArchivedRun 2015-07-21 22:12:09/UIATarget- name-iPhone Simulator rect-{{0, 0}, {375, 667}}/UIAStaticText- name-8:12 value-8:12 rect-{{0, 0}, {28, 17}}.png (stored 0%)
build	21-Jul-2015 15:13:42	  adding: Run 2015-07-21 22:12:09/ArchivedRun 2015-07-21 22:12:09/UIATarget- name-iPhone Simulator rect-{{0, 0}, {375, 667}}/UIAStaticText- name-9:12 value-9:12 rect-{{0, 0}, {28, 17}}.png (stored 0%)
build	21-Jul-2015 15:13:42	  adding: Run 2015-07-21 22:12:09/ArchivedRun 2015-07-21 22:12:09/UIATarget- name-iPhone Simulator rect-{{0, 0}, {375, 667}}/UIAStaticText- name-Animal Friendly  value-Animal Friendly  rect-{{0, 0}, {144, 21}}.png (stored 0%)
build	21-Jul-2015 15:13:42	  adding: Run 2015-07-21 22:12:09/ArchivedRun 2015-07-21 22:12:09/UIATarget- name-iPhone Simulator rect-{{0, 0}, {375, 667}}/UIAStaticText- name-Be in a freezing bath or boiling hot bath? value-Be in a freezing bath or boiling hot bath? rect-{{0, 0}, {288, 38}}.png (deflated 8%)
build	21-Jul-2015 15:13:42	  adding: Run 2015-07-21 22:12:09/ArchivedRun 2015-07-21 22:12:09/UIATarget- name-iPhone Simulator rect-{{0, 0}, {375, 667}}/UIAStaticText- name-Celeb Obsessed  value-Celeb Obsessed  rect-{{0, 0}, {144, 21}}.png (stored 0%)
build	21-Jul-2015 15:13:42	  adding: Run 2015-07-21 22:12:09/ArchivedRun 2015-07-21 22:12:09/UIATarget- name-iPhone Simulator rect-{{0, 0}, {375, 667}}/UIAStaticText- name-Community value-Community rect-{{197, 625}, {169, 25}}.png (stored 0%)
build	21-Jul-2015 15:13:42	  adding: Run 2015-07-21 22:12:09/ArchivedRun 2015-07-21 22:12:09/UIATarget- name-iPhone Simulator rect-{{0, 0}, {375, 667}}/UIAStaticText- name-Contact Us value-Contact Us rect-{{23, 4}, {328, 25}}.png (deflated 5%)
build	21-Jul-2015 15:13:42	  adding: Run 2015-07-21 22:12:09/ArchivedRun 2015-07-21 22:12:09/UIATarget- name-iPhone Simulator rect-{{0, 0}, {375, 667}}/UIAStaticText- name-Daily Dozen value-Daily Dozen rect-{{9, 625}, {169, 25}}.png (deflated 0%)
build	21-Jul-2015 15:13:42	  adding: Run 2015-07-21 22:12:09/ArchivedRun 2015-07-21 22:12:09/UIATarget- name-iPhone Simulator rect-{{0, 0}, {375, 667}}/UIAStaticText- name-Do you have more fun with your family or friends? value-Do you have more fun with your family or friends? rect-{{0, 0}, {288, 38}}.png (deflated 8%)
build	21-Jul-2015 15:13:42	  adding: Run 2015-07-21 22:12:09/ArchivedRun 2015-07-21 22:12:09/UIATarget- name-iPhone Simulator rect-{{0, 0}, {375, 667}}/UIAStaticText- name-Do you prefer humid or dry weather? value-Do you prefer humid or dry weather? rect-{{0, 0}, {288, 19}}.png (deflated 1%)
build	21-Jul-2015 15:13:42	  adding: Run 2015-07-21 22:12:09/ArchivedRun 2015-07-21 22:12:09/UIATarget- name-iPhone Simulator rect-{{0, 0}, {375, 667}}/UIAStaticText- name-Fashion value-Fashion rect-{{0, 0}, {144, 21}}.png (stored 0%)
build	21-Jul-2015 15:13:42	  adding: Run 2015-07-21 22:12:09/ArchivedRun 2015-07-21 22:12:09/UIATarget- name-iPhone Simulator rect-{{0, 0}, {375, 667}}/UIAStaticText- name-Films&TV  value-Films&TV  rect-{{0, 0}, {144, 21}}.png (stored 0%)
build	21-Jul-2015 15:13:42	  adding: Run 2015-07-21 22:12:09/ArchivedRun 2015-07-21 22:12:09/UIATarget- name-iPhone Simulator rect-{{0, 0}, {375, 667}}/UIAStaticText- name-Films&TV  value-Films&TV  rect-{{74, 569}, {169, 25}}.png (deflated 1%)
build	21-Jul-2015 15:13:42	  adding: Run 2015-07-21 22:12:09/ArchivedRun 2015-07-21 22:12:09/UIATarget- name-iPhone Simulator rect-{{0, 0}, {375, 667}}/UIAStaticText- name-Hot or Not value-Hot or Not rect-{{0, 0}, {144, 21}}.png (stored 0%)
build	21-Jul-2015 15:13:42	  adding: Run 2015-07-21 22:12:09/ArchivedRun 2015-07-21 22:12:09/UIATarget- name-iPhone Simulator rect-{{0, 0}, {375, 667}}/UIAStaticText- name-Life Posts value-Life Posts rect-{{0, 0}, {144, 21}} 2.png (stored 0%)
build	21-Jul-2015 15:13:42	  adding: Run 2015-07-21 22:12:09/ArchivedRun 2015-07-21 22:12:09/UIATarget- name-iPhone Simulator rect-{{0, 0}, {375, 667}}/UIAStaticText- name-Life Posts value-Life Posts rect-{{0, 0}, {144, 21}} 3.png (stored 0%)
build	21-Jul-2015 15:13:42	  adding: Run 2015-07-21 22:12:09/ArchivedRun 2015-07-21 22:12:09/UIATarget- name-iPhone Simulator rect-{{0, 0}, {375, 667}}/UIAStaticText- name-Life Posts value-Life Posts rect-{{0, 0}, {144, 21}} 4.png (stored 0%)
build	21-Jul-2015 15:13:42	  adding: Run 2015-07-21 22:12:09/ArchivedRun 2015-07-21 22:12:09/UIATarget- name-iPhone Simulator rect-{{0, 0}, {375, 667}}/UIAStaticText- name-Life Posts value-Life Posts rect-{{0, 0}, {144, 21}}.png (stored 0%)
build	21-Jul-2015 15:13:42	  adding: Run 2015-07-21 22:12:09/ArchivedRun 2015-07-21 22:12:09/UIATarget- name-iPhone Simulator rect-{{0, 0}, {375, 667}}/UIAStaticText- name-Neck or foot massages? value-Neck or foot massages? rect-{{0, 0}, {288, 19}}.png (deflated 1%)
build	21-Jul-2015 15:13:42	  adding: Run 2015-07-21 22:12:09/ArchivedRun 2015-07-21 22:12:09/UIATarget- name-iPhone Simulator rect-{{0, 0}, {375, 667}}/UIAStaticText- name-Sexy or classy? value-Sexy or classy? rect-{{0, 0}, {288, 19}}.png (deflated 1%)
build	21-Jul-2015 15:13:42	  adding: Run 2015-07-21 22:12:09/ArchivedRun 2015-07-21 22:12:09/UIATarget- name-iPhone Simulator rect-{{0, 0}, {375, 667}}/UIAStaticText- name-What's worse peeling or being burned?  value-What's worse peeling or being burned?  rect-{{0, 0}, {288, 38}}.png (deflated 8%)
build	21-Jul-2015 15:13:42	  adding: Run 2015-07-21 22:12:09/ArchivedRun 2015-07-21 22:12:09/UIATarget- name-iPhone Simulator rect-{{0, 0}, {375, 667}}/UIAStaticText- name-What's worse, clumpy lashes or lipstick on teeth? value-What's worse, clumpy lashes or lipstick on teeth? rect-{{0, 0}, {288, 38}}.png (deflated 8%)
build	21-Jul-2015 15:13:42	  adding: Run 2015-07-21 22:12:09/ArchivedRun 2015-07-21 22:12:09/UIATarget- name-iPhone Simulator rect-{{0, 0}, {375, 667}}/UIAStaticText- name-Which disney princess set is better? value-Which disney princess set is better? rect-{{19, 94}, {338, 22}}.png (deflated 1%)
build	21-Jul-2015 15:13:42	  adding: Run 2015-07-21 22:12:09/ArchivedRun 2015-07-21 22:12:09/UIATarget- name-iPhone Simulator rect-{{0, 0}, {375, 667}}/UIAStaticText- name-Which mean girls quote? value-Which mean girls quote? rect-{{0, 0}, {288, 19}}.png (deflated 1%)
build	21-Jul-2015 15:13:42	  adding: Run 2015-07-21 22:12:09/ArchivedRun 2015-07-21 22:12:09/UIATarget- name-iPhone Simulator rect-{{0, 0}, {375, 667}}/UIAStaticText- name-Who's hotter? value-Who's hotter? rect-{{0, 0}, {288, 19}}.png (deflated 1%)
build	21-Jul-2015 15:13:42	  adding: Run 2015-07-21 22:12:09/ArchivedRun 2015-07-21 22:12:09/UIATarget- name-iPhone Simulator rect-{{0, 0}, {375, 667}}/UIAStaticText- name-Would you rather be a firefly or a butterfly? value-Would you rather be a firefly or a butterfly? rect-{{0, 0}, {288, 38}}.png (deflated 8%)
build	21-Jul-2015 15:13:42	  adding: Run 2015-07-21 22:12:09/ArchivedRun 2015-07-21 22:12:09/UIATarget- name-iPhone Simulator rect-{{0, 0}, {375, 667}}/UIAStaticText- name-Would you rather go water rafting or cliff diving?  value-Would you rather go water rafting or cliff diving?  rect-{{0, 0}, {288, 38}}.png (deflated 8%)
build	21-Jul-2015 15:13:42	  adding: Run 2015-07-21 22:12:09/ArchivedRun 2015-07-21 22:12:09/UIATarget- name-iPhone Simulator rect-{{0, 0}, {375, 667}}/UIAStaticText- name-Would You Rather value-Would You Rather rect-{{0, 0}, {144, 21}} 2.png (stored 0%)
build	21-Jul-2015 15:13:42	  adding: Run 2015-07-21 22:12:09/ArchivedRun 2015-07-21 22:12:09/UIATarget- name-iPhone Simulator rect-{{0, 0}, {375, 667}}/UIAStaticText- name-Would You Rather value-Would You Rather rect-{{0, 0}, {144, 21}}.png (stored 0%)
build	21-Jul-2015 15:13:42	  adding: Run 2015-07-21 22:12:09/ArchivedRun 2015-07-21 22:12:09/UIATarget- name-iPhone Simulator rect-{{0, 0}, {375, 667}}/UIAStatusBar- rect-{{0, 1}, {375, 23}}.png (deflated 6%)
build	21-Jul-2015 15:13:42	  adding: Run 2015-07-21 22:12:09/ArchivedRun 2015-07-21 22:12:09/UIATarget- name-iPhone Simulator rect-{{0, 0}, {375, 667}}/UIATableCell- name-Contact Us value- rect-{{0, -18}, {375, 52}}.png (deflated 8%)
build	21-Jul-2015 15:13:42	  adding: Run 2015-07-21 22:12:09/ArchivedRun 2015-07-21 22:12:09/UIATarget- name-iPhone Simulator rect-{{0, 0}, {375, 667}}/UIATableCell- name-Do you have more fun with your family or friends? value- rect-{{0, 666}, {375, 601}}.png (deflated 4%)
build	21-Jul-2015 15:13:42	  adding: Run 2015-07-21 22:12:09/ArchivedRun 2015-07-21 22:12:09/UIATarget- name-iPhone Simulator rect-{{0, 0}, {375, 667}}/UIATableCell- name-Which disney princess set is better? value- rect-{{0, 65}, {375, 601}}.png (deflated 1%)
build	21-Jul-2015 15:13:42	  adding: Run 2015-07-21 22:12:09/ArchivedRun 2015-07-21 22:12:09/UIATarget- name-iPhone Simulator rect-{{0, 0}, {375, 667}}/UIATableView- value-moved to row 1 of 12 rect-{{0, 65}, {375, 601}}.png (deflated 1%)
build	21-Jul-2015 15:13:42	  adding: Run 2015-07-21 22:12:09/ArchivedRun 2015-07-21 22:12:09/UIATarget- name-iPhone Simulator rect-{{0, 0}, {375, 667}}/UIATableView- value-rows 1 to 5 of 5 rect-{{0, -224}, {375, 284}}.png (deflated 7%)
build	21-Jul-2015 15:13:42	  adding: Run 2015-07-21 22:12:09/ArchivedRun 2015-07-21 22:12:09/UIATarget- name-iPhone Simulator rect-{{0, 0}, {375, 667}}/UIAWindow- rect-{{0, 0}, {375, 667}}.png (deflated 1%)
build	21-Jul-2015 15:13:42	  adding: Run 2015-07-21 22:12:09/ArchivedRun 2015-07-21 22:12:09/UIATarget- name-iPhone Simulator rect-{{0, 0}, {375, 667}}/UIAWindow- rect-{{0, 1}, {375, 666}} 2.png (deflated 1%)
build	21-Jul-2015 15:13:42	  adding: Run 2015-07-21 22:12:09/ArchivedRun 2015-07-21 22:12:09/UIATarget- name-iPhone Simulator rect-{{0, 0}, {375, 667}}/UIAWindow- rect-{{0, 1}, {375, 666}}.png (deflated 1%)
build	21-Jul-2015 15:13:42	  adding: Run 2015-07-21 22:12:09/ArchivedRun 2015-07-21 22:12:09/UIATarget- name-iPhone Simulator rect-{{0, 0}, {375, 667}} 2/ (stored 0%)
build	21-Jul-2015 15:13:42	  adding: Run 2015-07-21 22:12:09/ArchivedRun 2015-07-21 22:12:09/UIATarget- name-iPhone Simulator rect-{{0, 0}, {375, 667}} 2/UIAApplication- name-Wishbone rect-{{0, 24}, {375, 642}}.png (deflated 12%)
build	21-Jul-2015 15:13:42	  adding: Run 2015-07-21 22:12:09/ArchivedRun 2015-07-21 22:12:09/UIATarget- name-iPhone Simulator rect-{{0, 0}, {375, 667}} 2/UIAButton- name-create back rect-{{1, 18}, {47, 47}}.png (stored 0%)
build	21-Jul-2015 15:13:42	  adding: Run 2015-07-21 22:12:09/ArchivedRun 2015-07-21 22:12:09/UIATarget- name-iPhone Simulator rect-{{0, 0}, {375, 667}} 2/UIAButton- name-Done rect-{{307, 24}, {54, 35}}.png (deflated 3%)
build	21-Jul-2015 15:13:42	  adding: Run 2015-07-21 22:12:09/ArchivedRun 2015-07-21 22:12:09/UIATarget- name-iPhone Simulator rect-{{0, 0}, {375, 667}} 2/UIAButton- name-Done rect-{{4, 364}, {60, 47}}.png (deflated 49%)
build	21-Jul-2015 15:13:42	  adding: Run 2015-07-21 22:12:09/ArchivedRun 2015-07-21 22:12:09/UIATarget- name-iPhone Simulator rect-{{0, 0}, {375, 667}} 2/UIAButton- name-Edit rect-{{27, 43}, {54, 35}}.png (deflated 3%)
build	21-Jul-2015 15:13:42	  adding: Run 2015-07-21 22:12:09/ArchivedRun 2015-07-21 22:12:09/UIATarget- name-iPhone Simulator rect-{{0, 0}, {375, 667}} 2/UIAButton- name-profile gear rect-{{328, 502}, {47, 47}}.png (deflated 68%)
build	21-Jul-2015 15:13:42	  adding: Run 2015-07-21 22:12:09/ArchivedRun 2015-07-21 22:12:09/UIATarget- name-iPhone Simulator rect-{{0, 0}, {375, 667}} 2/UIAElement- name-100% battery power rect-{{340, 1}, {29, 23}}.png (stored 0%)
build	21-Jul-2015 15:13:42	  adding: Run 2015-07-21 22:12:09/ArchivedRun 2015-07-21 22:12:09/UIATarget- name-iPhone Simulator rect-{{0, 0}, {375, 667}} 2/UIAElement- name-3 of 3 Wi-Fi bars rect-{{57, 1}, {15, 23}}.png (stored 0%)
build	21-Jul-2015 15:13:42	  adding: Run 2015-07-21 22:12:09/ArchivedRun 2015-07-21 22:12:09/UIATarget- name-iPhone Simulator rect-{{0, 0}, {375, 667}} 2/UIAElement- name-3-12 PM rect-{{162, 1}, {53, 23}}.png (stored 0%)
build	21-Jul-2015 15:13:42	  adding: Run 2015-07-21 22:12:09/ArchivedRun 2015-07-21 22:12:09/UIATarget- name-iPhone Simulator rect-{{0, 0}, {375, 667}} 2/UIAElement- name-Swipe down with three fingers to reveal the notification center., Swipe up with three fingers to reveal the control center, Double-tap to scroll to top rect-{{7, 1}, {45, 23}}.png (stored 0%)
build	21-Jul-2015 15:13:42	  adding: Run 2015-07-21 22:12:09/ArchivedRun 2015-07-21 22:12:09/UIATarget- name-iPhone Simulator rect-{{0, 0}, {375, 667}} 2/UIAImage- name-age-img.png rect-{{19, 310}, {13, 16}}.png (deflated 1%)
build	21-Jul-2015 15:13:42	  adding: Run 2015-07-21 22:12:09/ArchivedRun 2015-07-21 22:12:09/UIATarget- name-iPhone Simulator rect-{{0, 0}, {375, 667}} 2/UIAImage- name-email-img.png rect-{{19, 145}, {18, 13}}.png (deflated 1%)
build	21-Jul-2015 15:13:42	  adding: Run 2015-07-21 22:12:09/ArchivedRun 2015-07-21 22:12:09/UIATarget- name-iPhone Simulator rect-{{0, 0}, {375, 667}} 2/UIAImage- name-gender-img.png rect-{{19, 254}, {13, 16}}.png (deflated 1%)
build	21-Jul-2015 15:13:42	  adding: Run 2015-07-21 22:12:09/ArchivedRun 2015-07-21 22:12:09/UIATarget- name-iPhone Simulator rect-{{0, 0}, {375, 667}} 2/UIAImage- name-phone-img.png rect-{{19, 198}, {12, 16}}.png (deflated 1%)
build	21-Jul-2015 15:13:42	  adding: Run 2015-07-21 22:12:09/ArchivedRun 2015-07-21 22:12:09/UIATarget- name-iPhone Simulator rect-{{0, 0}, {375, 667}} 2/UIAImage- name-user-handle-img.png rect-{{117, -13}, {13, 16}}.png (deflated 5%)
build	21-Jul-2015 15:13:42	  adding: Run 2015-07-21 22:12:09/ArchivedRun 2015-07-21 22:12:09/UIATarget- name-iPhone Simulator rect-{{0, 0}, {375, 667}} 2/UIAImage- name-user-name-img.png rect-{{117, 38}, {15, 15}}.png (deflated 2%)
build	21-Jul-2015 15:13:42	  adding: Run 2015-07-21 22:12:09/ArchivedRun 2015-07-21 22:12:09/UIATarget- name-iPhone Simulator rect-{{0, 0}, {375, 667}} 2/UIAImage- rect-{{0, 361}, {375, 1}}.png (deflated 8%)
build	21-Jul-2015 15:13:42	  adding: Run 2015-07-21 22:12:09/ArchivedRun 2015-07-21 22:12:09/UIATarget- name-iPhone Simulator rect-{{0, 0}, {375, 667}} 2/UIAImage- rect-{{0, 362}, {375, 52}}.png (deflated 80%)
build	21-Jul-2015 15:13:42	  adding: Run 2015-07-21 22:12:09/ArchivedRun 2015-07-21 22:12:09/UIATarget- name-iPhone Simulator rect-{{0, 0}, {375, 667}} 2/UIAImage- rect-{{0, 666}, {375, 1}}.png (stored 0%)
build	21-Jul-2015 15:13:42	  adding: Run 2015-07-21 22:12:09/ArchivedRun 2015-07-21 22:12:09/UIATarget- name-iPhone Simulator rect-{{0, 0}, {375, 667}} 2/UIAImage- rect-{{0, 666}, {375, 52}}.png (stored 0%)
build	21-Jul-2015 15:13:42	  adding: Run 2015-07-21 22:12:09/ArchivedRun 2015-07-21 22:12:09/UIATarget- name-iPhone Simulator rect-{{0, 0}, {375, 667}} 2/UIAImage- rect-{{19, -25}, {70, 70}}.png (deflated 0%)
build	21-Jul-2015 15:13:42	  adding: Run 2015-07-21 22:12:09/ArchivedRun 2015-07-21 22:12:09/UIATarget- name-iPhone Simulator rect-{{0, 0}, {375, 667}} 2/UIAImage- rect-{{367, 546}, {8, 3}}.png (deflated 4%)
build	21-Jul-2015 15:13:42	  adding: Run 2015-07-21 22:12:09/ArchivedRun 2015-07-21 22:12:09/UIATarget- name-iPhone Simulator rect-{{0, 0}, {375, 667}} 2/UIAImage- rect-{{372, 541}, {3, 8}}.png (deflated 6%)
build	21-Jul-2015 15:13:42	  adding: Run 2015-07-21 22:12:09/ArchivedRun 2015-07-21 22:12:09/UIATarget- name-iPhone Simulator rect-{{0, 0}, {375, 667}} 2/UIAPicker- rect-{{0, 413}, {375, 253}}.png (deflated 6%)
build	21-Jul-2015 15:13:42	  adding: Run 2015-07-21 22:12:09/ArchivedRun 2015-07-21 22:12:09/UIATarget- name-iPhone Simulator rect-{{0, 0}, {375, 667}} 2/UIAPickerWheel- value-2015 rect-{{257, 369}, {84, 341}}.png (deflated 8%)
build	21-Jul-2015 15:13:42	  adding: Run 2015-07-21 22:12:09/ArchivedRun 2015-07-21 22:12:09/UIATarget- name-iPhone Simulator rect-{{0, 0}, {375, 667}} 2/UIAPickerWheel- value-21 rect-{{197, 369}, {54, 341}}.png (deflated 9%)
build	21-Jul-2015 15:13:42	  adding: Run 2015-07-21 22:12:09/ArchivedRun 2015-07-21 22:12:09/UIATarget- name-iPhone Simulator rect-{{0, 0}, {375, 667}} 2/UIAPickerWheel- value-July rect-{{34, 369}, {157, 341}}.png (deflated 7%)
build	21-Jul-2015 15:13:42	  adding: Run 2015-07-21 22:12:09/ArchivedRun 2015-07-21 22:12:09/UIATarget- name-iPhone Simulator rect-{{0, 0}, {375, 667}} 2/UIAScrollView- rect-{{0, 65}, {375, 601}}.png (deflated 13%)
build	21-Jul-2015 15:13:42	  adding: Run 2015-07-21 22:12:09/ArchivedRun 2015-07-21 22:12:09/UIATarget- name-iPhone Simulator rect-{{0, 0}, {375, 667}} 2/UIAStaticText- name-Edit Profile value-Edit Profile rect-{{81, 29}, {214, 25}}.png (deflated 2%)
build	21-Jul-2015 15:13:42	  adding: Run 2015-07-21 22:12:09/ArchivedRun 2015-07-21 22:12:09/UIATarget- name-iPhone Simulator rect-{{0, 0}, {375, 667}} 2/UIAStaticText- name-Private Information value-Private Information rect-{{19, 97}, {338, 25}}.png (deflated 79%)
build	21-Jul-2015 15:13:42	  adding: Run 2015-07-21 22:12:09/ArchivedRun 2015-07-21 22:12:09/UIATarget- name-iPhone Simulator rect-{{0, 0}, {375, 667}} 2/UIAStatusBar- rect-{{0, 1}, {375, 23}}.png (deflated 6%)
build	21-Jul-2015 15:13:42	  adding: Run 2015-07-21 22:12:09/ArchivedRun 2015-07-21 22:12:09/UIATarget- name-iPhone Simulator rect-{{0, 0}, {375, 667}} 2/UIATextField- value-0000-00-00 rect-{{47, 292}, {308, 35}}.png (deflated 61%)
build	21-Jul-2015 15:13:42	  adding: Run 2015-07-21 22:12:09/ArchivedRun 2015-07-21 22:12:09/UIATarget- name-iPhone Simulator rect-{{0, 0}, {375, 667}} 2/UIATextField- value-0000-00-00 rect-{{47, 293}, {308, 35}}.png (deflated 61%)
build	21-Jul-2015 15:13:42	  adding: Run 2015-07-21 22:12:09/ArchivedRun 2015-07-21 22:12:09/UIATarget- name-iPhone Simulator rect-{{0, 0}, {375, 667}} 2/UIATextField- value-Email rect-{{47, 123}, {309, 35}} 2.png (deflated 7%)
build	21-Jul-2015 15:13:42	  adding: Run 2015-07-21 22:12:09/ArchivedRun 2015-07-21 22:12:09/UIATarget- name-iPhone Simulator rect-{{0, 0}, {375, 667}} 2/UIATextField- value-Email rect-{{47, 123}, {309, 35}}.png (deflated 7%)
build	21-Jul-2015 15:13:42	  adding: Run 2015-07-21 22:12:09/ArchivedRun 2015-07-21 22:12:09/UIATarget- name-iPhone Simulator rect-{{0, 0}, {375, 667}} 2/UIATextField- value-Male rect-{{47, 236}, {308, 35}} 2.png (deflated 65%)
build	21-Jul-2015 15:13:42	  adding: Run 2015-07-21 22:12:09/ArchivedRun 2015-07-21 22:12:09/UIATarget- name-iPhone Simulator rect-{{0, 0}, {375, 667}} 2/UIATextField- value-Male rect-{{47, 236}, {308, 35}}.png (deflated 65%)
build	21-Jul-2015 15:13:42	  adding: Run 2015-07-21 22:12:09/ArchivedRun 2015-07-21 22:12:09/UIATarget- name-iPhone Simulator rect-{{0, 0}, {375, 667}} 2/UIATextField- value-Name rect-{{139, 18}, {217, 35}} 2.png (deflated 3%)
build	21-Jul-2015 15:13:42	  adding: Run 2015-07-21 22:12:09/ArchivedRun 2015-07-21 22:12:09/UIATarget- name-iPhone Simulator rect-{{0, 0}, {375, 667}} 2/UIATextField- value-Name rect-{{139, 18}, {217, 35}}.png (deflated 3%)
build	21-Jul-2015 15:13:42	  adding: Run 2015-07-21 22:12:09/ArchivedRun 2015-07-21 22:12:09/UIATarget- name-iPhone Simulator rect-{{0, 0}, {375, 667}} 2/UIATextField- value-Phone rect-{{47, 179}, {308, 35}} 2.png (deflated 69%)
build	21-Jul-2015 15:13:42	  adding: Run 2015-07-21 22:12:09/ArchivedRun 2015-07-21 22:12:09/UIATarget- name-iPhone Simulator rect-{{0, 0}, {375, 667}} 2/UIATextField- value-Phone rect-{{47, 179}, {308, 35}}.png (deflated 69%)
build	21-Jul-2015 15:13:42	  adding: Run 2015-07-21 22:12:09/ArchivedRun 2015-07-21 22:12:09/UIATarget- name-iPhone Simulator rect-{{0, 0}, {375, 667}} 2/UIATextField- value-Wb_User rect-{{139, -32}, {188, 35}} 2.png (deflated 2%)
build	21-Jul-2015 15:13:42	  adding: Run 2015-07-21 22:12:09/ArchivedRun 2015-07-21 22:12:09/UIATarget- name-iPhone Simulator rect-{{0, 0}, {375, 667}} 2/UIATextField- value-Wb_User rect-{{139, -32}, {188, 35}}.png (deflated 2%)
build	21-Jul-2015 15:13:42	  adding: Run 2015-07-21 22:12:09/ArchivedRun 2015-07-21 22:12:09/UIATarget- name-iPhone Simulator rect-{{0, 0}, {375, 667}} 2/UIAToolbar- rect-{{0, 362}, {375, 52}}.png (deflated 80%)
build	21-Jul-2015 15:13:42	  adding: Run 2015-07-21 22:12:09/ArchivedRun 2015-07-21 22:12:09/UIATarget- name-iPhone Simulator rect-{{0, 0}, {375, 667}} 2/UIAToolbar- rect-{{0, 666}, {375, 52}}.png (stored 0%)
build	21-Jul-2015 15:13:42	  adding: Run 2015-07-21 22:12:09/ArchivedRun 2015-07-21 22:12:09/UIATarget- name-iPhone Simulator rect-{{0, 0}, {375, 667}} 2/UIAWindow- rect-{{0, 0}, {375, 667}}.png (deflated 11%)
build	21-Jul-2015 15:13:42	  adding: Run 2015-07-21 22:12:09/ArchivedRun 2015-07-21 22:12:09/UIATarget- name-iPhone Simulator rect-{{0, 0}, {375, 667}} 2/UIAWindow- rect-{{0, 1}, {375, 666}} 2.png (deflated 11%)
build	21-Jul-2015 15:13:42	  adding: Run 2015-07-21 22:12:09/ArchivedRun 2015-07-21 22:12:09/UIATarget- name-iPhone Simulator rect-{{0, 0}, {375, 667}} 2/UIAWindow- rect-{{0, 1}, {375, 666}} 3.png (deflated 11%)
build	21-Jul-2015 15:13:42	  adding: Run 2015-07-21 22:12:09/ArchivedRun 2015-07-21 22:12:09/UIATarget- name-iPhone Simulator rect-{{0, 0}, {375, 667}} 2/UIAWindow- rect-{{0, 1}, {375, 666}}.png (deflated 11%)
build	21-Jul-2015 15:13:42	  adding: Run 2015-07-21 22:12:09/ArchivedRun 2015-07-21 22:12:09/UIATarget- name-iPhone Simulator rect-{{0, 0}, {375, 667}} 2.png (deflated 11%)
build	21-Jul-2015 15:13:42	  adding: Run 2015-07-21 22:12:09/ArchivedRun 2015-07-21 22:12:09/UIATarget- name-iPhone Simulator rect-{{0, 0}, {375, 667}}.png (deflated 1%)
build	21-Jul-2015 15:13:42	  adding: Run 2015-07-21 22:12:09/First Screen/ (stored 0%)
build	21-Jul-2015 15:13:42	  adding: Run 2015-07-21 22:12:09/First Screen/First Screen Tue, 21 Jul 2015 22-12-09 GMT.png (deflated 37%)
build	21-Jul-2015 15:13:42	  adding: Run 2015-07-21 22:12:09/First Screen/First Screen Tue, 21 Jul 2015 22-12-10 GMT 2.png (deflated 19%)
build	21-Jul-2015 15:13:42	  adding: Run 2015-07-21 22:12:09/First Screen/First Screen Tue, 21 Jul 2015 22-12-10 GMT.png (deflated 37%)
build	21-Jul-2015 15:13:42	  adding: Run 2015-07-21 22:12:09/First Screen/First Screen Tue, 21 Jul 2015 22-12-14 GMT.png (deflated 1%)
build	21-Jul-2015 15:13:42	  adding: Run 2015-07-21 22:12:09/Menu/ (stored 0%)
build	21-Jul-2015 15:13:42	  adding: Run 2015-07-21 22:12:09/Menu/Find Friends/ (stored 0%)
build	21-Jul-2015 15:13:42	  adding: Run 2015-07-21 22:12:09/Menu/Find Friends/Menu > Find Friends Tue, 21 Jul 2015 22-13-20 GMT.png (deflated 5%)
build	21-Jul-2015 15:13:42	  adding: Run 2015-07-21 22:12:09/Menu/Find Friends/Menu > Find Friends Tue, 21 Jul 2015 22-13-23 GMT.png (deflated 8%)
build	21-Jul-2015 15:13:42	  adding: Run 2015-07-21 22:12:09/Menu/Find Friends/Menu > Find Friends Tue, 21 Jul 2015 22-13-29 GMT 2.png (deflated 17%)
build	21-Jul-2015 15:13:42	  adding: Run 2015-07-21 22:12:09/Menu/Find Friends/Menu > Find Friends Tue, 21 Jul 2015 22-13-29 GMT 3.png (deflated 17%)
build	21-Jul-2015 15:13:42	  adding: Run 2015-07-21 22:12:09/Menu/Find Friends/Menu > Find Friends Tue, 21 Jul 2015 22-13-29 GMT.png (deflated 17%)
build	21-Jul-2015 15:13:42	  adding: Run 2015-07-21 22:12:09/Menu/Menu Tue, 21 Jul 2015 22-13-12 GMT.png (deflated 13%)
build	21-Jul-2015 15:13:42	  adding: Run 2015-07-21 22:12:09/Menu/Menu Tue, 21 Jul 2015 22-13-34 GMT.png (deflated 4%)
build	21-Jul-2015 15:13:42	  adding: Run 2015-07-21 22:12:09/Menu/My Wishbones/ (stored 0%)
build	21-Jul-2015 15:13:42	  adding: Run 2015-07-21 22:12:09/Menu/My Wishbones/Menu > My Wishbones Tue, 21 Jul 2015 22-12-27 GMT.png (deflated 2%)
build	21-Jul-2015 15:13:42	  adding: Run 2015-07-21 22:12:09/Menu/My Wishbones/Menu > My Wishbones Tue, 21 Jul 2015 22-12-28 GMT.png (deflated 17%)
build	21-Jul-2015 15:13:42	  adding: Run 2015-07-21 22:12:09/Menu/My Wishbones/Menu > My Wishbones Tue, 21 Jul 2015 22-12-29 GMT.png (deflated 21%)
build	21-Jul-2015 15:13:42	  adding: Run 2015-07-21 22:12:09/Menu/My Wishbones/Menu > My Wishbones Tue, 21 Jul 2015 22-12-44 GMT.png (deflated 14%)
build	21-Jul-2015 15:13:42	  adding: Run 2015-07-21 22:12:09/Menu/My Wishbones/Menu > My Wishbones Tue, 21 Jul 2015 22-12-48 GMT.png (deflated 14%)
build	21-Jul-2015 15:13:42	  adding: Run 2015-07-21 22:12:09/Menu/My Wishbones/Menu > My Wishbones Tue, 21 Jul 2015 22-13-02 GMT.png (deflated 11%)
build	21-Jul-2015 15:13:42	  adding: Run 2015-07-21 22:12:09/Menu/My Wishbones/Menu > My Wishbones Tue, 21 Jul 2015 22-13-03 GMT.png (deflated 10%)
build	21-Jul-2015 15:13:42	  adding: Run 2015-07-21 22:12:09/Menu/My Wishbones/Menu > My Wishbones Tue, 21 Jul 2015 22-13-09 GMT 2.png (deflated 8%)
build	21-Jul-2015 15:13:42	  adding: Run 2015-07-21 22:12:09/Menu/My Wishbones/Menu > My Wishbones Tue, 21 Jul 2015 22-13-09 GMT.png (deflated 8%)
build	21-Jul-2015 15:13:42	  adding: Run 2015-07-21 22:12:09/RunSummary.txt (deflated 32%)
build	21-Jul-2015 15:13:43	Completed 0 part(s) with ... file(s) remaining
error	21-Jul-2015 15:13:43	warning: Skipping file /Users/wtobey/Desktop/AUITesting/Run 2015-07-21 22:12:09.zip/. File does not exist.
build	21-Jul-2015 15:13:45	===================================Running Mailer.py===================================
simple	21-Jul-2015 15:13:48	Finished task 'Build and Run' with result: Success
simple	21-Jul-2015 15:13:48	Running post build plugin 'npm Cache Cleanup'
simple	21-Jul-2015 15:13:48	Running post build plugin 'NCover Results Collector'
simple	21-Jul-2015 15:13:48	Running post build plugin 'Clover Results Collector'
simple	21-Jul-2015 15:13:48	Running post build plugin 'Docker Container Cleanup'
simple	21-Jul-2015 15:13:48	Running post build plugin 'Artifact Copier'
simple	21-Jul-2015 15:13:48	Finalising the build...
simple	21-Jul-2015 15:13:48	Stopping timer.
simple	21-Jul-2015 15:13:48	Build WUT-BT-JOB1-147 completed.
simple	21-Jul-2015 15:13:48	Running on server: post build plugin 'NCover Results Collector'
simple	21-Jul-2015 15:13:48	Running on server: post build plugin 'Clover Delta Calculator'
simple	21-Jul-2015 15:13:48	Running on server: post build plugin 'Maven Dependencies Postprocessor'
simple	21-Jul-2015 15:13:48	Running on server: post build plugin 'Build Hanging Detection Configuration'
simple	21-Jul-2015 15:13:48	All post build plugins have finished
simple	21-Jul-2015 15:13:48	Generating build results summary...
simple	21-Jul-2015 15:13:48	Saving build results to disk...
simple	21-Jul-2015 15:13:48	Logging substituted variables...
simple	21-Jul-2015 15:13:48	Indexing build results...
simple	21-Jul-2015 15:13:48	Finished building WUT-BT-JOB1-147.
