simple	16-Jul-2015 14:36:44	Build Wishbone UI Testing - Build and Test - Default Job #79 (WUT-BT-JOB1-79) started building on agent Default Agent
simple	16-Jul-2015 14:36:44	
simple	16-Jul-2015 14:36:44	Build working directory is /Users/wtobey/Desktop/AUITesting/bamboo-home/xml-data/build-dir/131073/WUT-BT-JOB1
simple	16-Jul-2015 14:36:44	Executing build Wishbone UI Testing - Build and Test - Default Job #79 (WUT-BT-JOB1-79)
simple	16-Jul-2015 14:36:44	Running pre-build action: VCS Version Collector
simple	16-Jul-2015 14:36:44	Starting task 'Build and Run' of type 'com.atlassian.bamboo.plugins.scripttask:task.builder.script'
command	16-Jul-2015 14:36:44	Beginning to execute external process for build 'Wishbone UI Testing - Build and Test - Default Job #79 (WUT-BT-JOB1-79)'\n ... running command line: \n/bin/sh /Users/wtobey/Desktop/AUITesting/atlassian-bamboo-5.9.1/temp/WUT-BT-JOB1-79-ScriptBuildTask-4451917914377601076.sh\n ... in: /Users/wtobey/Desktop/AUITesting/bamboo-home/xml-data/build-dir/131073/WUT-BT-JOB1\n ... using extra environment variables: \nbamboo_planRepository_1_branch=V-3.0.6\nbamboo_repository_revision_number=6c2c123a812e361046a86aa5b844b0eb0220564c\nbamboo_resultsUrl=http://172.16.34.157:8085/browse/WUT-BT-JOB1-79\nbamboo_repository_983041_revision_number=6c2c123a812e361046a86aa5b844b0eb0220564c\nbamboo_planRepository_1_name=Wishbone\nbamboo_repository_983041_branch_name=V-3.0.6\nbamboo_build_working_directory=/Users/wtobey/Desktop/AUITesting/bamboo-home/xml-data/build-dir/131073/WUT-BT-JOB1\nbamboo_buildKey=WUT-BT-JOB1\nbamboo_shortPlanName=Build and Test\nbamboo_planRepository_name=Wishbone\nbamboo_buildNumber=79\nbamboo_shortJobName=Default Job\nbamboo_buildResultsUrl=http://172.16.34.157:8085/browse/WUT-BT-JOB1-79\nbamboo_planRepository_repositoryUrl=https://github.com/SciDevs/wishbone.git\nbamboo_agentId=131073\nbamboo_planName=Wishbone UI Testing - Build and Test\nbamboo_shortPlanKey=BT\nbamboo_shortJobKey=JOB1\nbamboo_planRepository_revision=6c2c123a812e361046a86aa5b844b0eb0220564c\nbamboo_repository_previous_revision_number=6c2c123a812e361046a86aa5b844b0eb0220564c\nbamboo_buildTimeStamp=2015-07-16T14:36:44.198-07:00\nbamboo_planRepository_previousRevision=6c2c123a812e361046a86aa5b844b0eb0220564c\nbamboo_buildResultKey=WUT-BT-JOB1-79\nbamboo_repository_git_branch=V-3.0.6\nbamboo_repository_branch_name=V-3.0.6\nbamboo_buildPlanName=Wishbone UI Testing - Build and Test - Default Job\nbamboo_repository_983041_git_repositoryUrl=https://github.com/SciDevs/wishbone.git\nbamboo_planRepository_1_revision=6c2c123a812e361046a86aa5b844b0eb0220564c\nbamboo_repository_983041_git_username=wt65074\nbamboo_repository_name=Wishbone\nbamboo_repository_983041_name=Wishbone\nbamboo_dependenciesDisabled=false\nbamboo_planRepository_branch=V-3.0.6\nbamboo_agentWorkingDirectory=/Users/wtobey/Desktop/AUITesting/bamboo-home/xml-data/build-dir/131073\nbamboo_capability_system_git_executable=/usr/bin/git\nbamboo_planRepository_1_previousRevision=6c2c123a812e361046a86aa5b844b0eb0220564c\nbamboo_repository_git_username=wt65074\nbamboo_repository_983041_previous_revision_number=6c2c123a812e361046a86aa5b844b0eb0220564c\nbamboo_planRepository_1_type=gh\nbamboo_planRepository_branchName=V-3.0.6\nbamboo_capability_system_jdk_JDK=/Library/Java/JavaVirtualMachines/jdk1.8.0_20.jdk/Contents/Home\nbamboo_capability_system_jdk_JDK_1_8_0_20=/Library/Java/JavaVirtualMachines/jdk1.8.0_20.jdk/Contents/Home\nbamboo_planRepository_type=gh\nbamboo_planRepository_1_username=wt65074\nbamboo_ManualBuildTriggerReason_userName=wtobey\nbamboo_repository_git_repositoryUrl=https://github.com/SciDevs/wishbone.git\nbamboo_repository_983041_git_branch=V-3.0.6\nbamboo_working_directory=/Users/wtobey/Desktop/AUITesting/bamboo-home/xml-data/build-dir/131073/WUT-BT-JOB1\nbamboo_planKey=WUT-BT\nbamboo_planRepository_1_repositoryUrl=https://github.com/SciDevs/wishbone.git\nbamboo_planRepository_username=wt65074\nbamboo_capability_system_jdk_JDK_1_8=/Library/Java/JavaVirtualMachines/jdk1.8.0_20.jdk/Contents/Home\nbamboo_planRepository_1_branchName=V-3.0.6\n
build	16-Jul-2015 14:36:44	===================================Building Wishbone.app===================================
build	16-Jul-2015 14:36:47	=== BUILD TARGET Wishbone OF PROJECT Wishbone WITH CONFIGURATION Debug ===
build	16-Jul-2015 14:36:47	
build	16-Jul-2015 14:36:47	Check dependencies
build	16-Jul-2015 14:36:48	warning: no rule to process file '/Users/wtobey/Desktop/Wishbone/Wishbone/Shared/MoPubSDK/AdNetworkSupport/Millennial/SDK/README.md' of type net.daringfireball.markdown for architecture x86_64
build	16-Jul-2015 14:36:48	warning: no rule to process file '/Users/wtobey/Desktop/Wishbone/Wishbone/Shared/MoPubSDK/AdNetworkSupport/GoogleAdMob/SDK/README.md' of type net.daringfireball.markdown for architecture x86_64
build	16-Jul-2015 14:36:48	warning: no rule to process file '/Users/wtobey/Desktop/Wishbone/Wishbone/Shared/MoPubSDK/AdNetworkSupport/Chartboost/SDK/README.md' of type net.daringfireball.markdown for architecture x86_64
build	16-Jul-2015 14:36:48	warning: no rule to process file '/Users/wtobey/Desktop/Wishbone/Wishbone/Shared/SDWebImage/README.md' of type net.daringfireball.markdown for architecture x86_64
build	16-Jul-2015 14:36:48	warning: no rule to process file '/Users/wtobey/Desktop/Wishbone/Wishbone/Shared/MoPubSDK/AdNetworkSupport/Vungle/SDK/README.md' of type net.daringfireball.markdown for architecture x86_64
build	16-Jul-2015 14:36:48	Warning: Multiple build commands for output file /Users/wtobey/Library/Developer/Xcode/DerivedData/Wishbone-eekgnurymbvwimgmkjagwaqhgzyt/Build/Products/Debug-iphonesimulator/Wishbone.app/LICENSE
build	16-Jul-2015 14:36:48	Warning: Multiple build commands for output file /Users/wtobey/Library/Developer/Xcode/DerivedData/Wishbone-eekgnurymbvwimgmkjagwaqhgzyt/Build/Products/Debug-iphonesimulator/Wishbone.app/Line@2x.png
build	16-Jul-2015 14:36:48	
build	16-Jul-2015 14:36:48	=== BUILD TARGET WishboneTests OF PROJECT Wishbone WITH CONFIGURATION Debug ===
build	16-Jul-2015 14:36:48	
build	16-Jul-2015 14:36:48	Check dependencies
build	16-Jul-2015 14:36:48	
build	16-Jul-2015 14:37:01	** TEST SUCCEEDED **
build	16-Jul-2015 14:37:01	
build	16-Jul-2015 14:37:01	2015-07-16 14:36:59.420 Wishbone[6635:1031077] Flurry: Starting session on Agent Version [Flurry_iOS_142_6.0.0] 
build	16-Jul-2015 14:37:01	2015-07-16 14:36:59.491 Wishbone[6635:1031077] <Google> ACTConversionIDReporter: sending ping: https://www.googleadservices.com/pagead/conversion/974033742/?appversion=2.8.7&bundleid=com.Science.Cyclops&label=ZhphCPH6g1YQzqa60AM&lat=0&muid=Z69xVEYIj-1uJuzs0AV-Tw&osversion=8.4&sdkversion=ct-sdk-i-v3.1.1&timestamp=1437082619.484979&usage_tracking_enabled=1&value=1.00.
build	16-Jul-2015 14:37:01	2015-07-16 14:36:59.508 Wishbone[6635:1031077] ADCOLONY 2.4.13.11 [info] AdColony library version: 2.4.13.11 64-bit production
build	16-Jul-2015 14:37:01	2015-07-16 14:36:59.615 Wishbone[6635:1031577] ADCOLONY 2.4.13.11 [info] Developer logging enabled
build	16-Jul-2015 14:37:01	2015-07-16 14:37:00.089 Wishbone[6635:1031577] ADCOLONY 2.4.13.11 [trace] Configuration succeeded!
build	16-Jul-2015 14:37:01	2015-07-16 14:37:00.123 Wishbone[6635:1031577] ADCOLONY 2.4.13.11 [info] Ads are not ready for zone vz28b7f3058a8a4bbb94
build	16-Jul-2015 14:37:01	2015-07-16 14:37:00.312 Wishbone[6635:1031077] AppsFlyer SDK version 2.5.3.15 started
build	16-Jul-2015 14:37:01	2015-07-16 14:37:00.314 Wishbone[6635:1031618] Resolved media.playhaven.com -> 48.62.146.12
build	16-Jul-2015 14:37:01	2015-07-16 14:37:00.314 Wishbone[6635:1031617] Resolved sdk-api-ssl.playhaven.com -> 48.62.146.12
build	16-Jul-2015 14:37:01	2015-07-16 14:37:00.519 Wishbone[6635:1031077] INFO: GoogleAnalytics 3.03c -[GAIReachabilityChecker reachabilityFlagsChanged:] (GAIReachabilityChecker.m:159): Reachability flags update: 0X000002
build	16-Jul-2015 14:37:01	2015-07-16 14:37:00.551 Wishbone[6635:1031077] <Google> ACTAutomatedUsageReporterPrivate: sending ping: https://www.googleadservices.com/pagead/conversion/974033742/?appversion=2.8.7&auto=1&bundleid=com.Science.Cyclops&lat=0&muid=Z69xVEYIj-1uJuzs0AV-Tw&osversion=8.4&sdkversion=ct-sdk-i-v3.1.1&timestamp=1437086220.550327&usage_tracking_enabled=1.
build	16-Jul-2015 14:37:01	2015-07-16 14:37:00.583 Wishbone[6635:1031077] [PlayHaven-2.0.2] Sending request: https://sdk-api-ssl.playhaven.com/v3/publisher/open/?ifa=83E233FE-AAA5-4E4F-8BD5-B876AAD90925&tz=-7.0&app_version=2.8.7&scount=1&os=iPhone+OS+8.4&sig4=4lph359HsoIVSzxfV68rRYM7JBU&plugin=ios&nonce=-0KwKpbni52WnjceahmqXE-egcU&sdk-ios=2.0.2&token=6b9f6fb7b24d47128221cc82c3b43553&hardware=iPhone+Simulator&connection=2&idfv=5C86B58B-9817-49C1-BCBF-AFC34AA93BD3&scale=2&height=568&tracking=1&width=320&opt_out=0&ssum=0&languages=en&idiom=0&app=com.Science.Cyclops
build	16-Jul-2015 14:37:01	2015-07-16 14:37:00.840 Wishbone[6635:1031077] <Google> ping successful.
build	16-Jul-2015 14:37:01	2015-07-16 14:37:00.847 Wishbone[6635:1031077] <Google> ping successful.
build	16-Jul-2015 14:37:01	2015-07-16 14:37:00.876 Wishbone[6635:1031564] VERBOSE: GoogleAnalytics 3.03c -[GAIBatchingDispatcher persist:] (GAIBatchingDispatcher.m:418): Saved hit: {
build	16-Jul-2015 14:37:01	    parameters =     {
build	16-Jul-2015 14:37:01	        "&_u" = ".etno";
build	16-Jul-2015 14:37:01	        "&_v" = "mi3.0.3c";
build	16-Jul-2015 14:37:01	        "&an" = Wishbone;
build	16-Jul-2015 14:37:01	        "&av" = "3.0.5";
build	16-Jul-2015 14:37:01	        "&cd" = "Login View";
build	16-Jul-2015 14:37:01	        "&cid" = "c2e6e07b-8a97-495a-8f1f-f79578102c52";
build	16-Jul-2015 14:37:01	        "&sr" = 320x568;
build	16-Jul-2015 14:37:01	        "&t" = appview;
build	16-Jul-2015 14:37:01	        "&tid" = "UA-48537804-1";
build	16-Jul-2015 14:37:01	        "&ul" = en;
build	16-Jul-2015 14:37:01	        "&v" = 1;
build	16-Jul-2015 14:37:01	        "&z" = 17618550147565003251;
build	16-Jul-2015 14:37:01	        gaiVersion = "3.03c";
build	16-Jul-2015 14:37:01	    };
build	16-Jul-2015 14:37:01	    timestamp = "2015-07-16 21:37:00 +0000";
build	16-Jul-2015 14:37:01	}
build	16-Jul-2015 14:37:01	2015-07-16 14:37:01.033 Wishbone[6635:1031077] [PlayHaven-2.0.2] Request recieved HTTP response: 200
build	16-Jul-2015 14:37:01	2015-07-16 14:37:01.034 Wishbone[6635:1031077] [PlayHaven-2.0.2] Request finished!
build	16-Jul-2015 14:37:01	Test Suite 'All tests' started at 2015-07-16 21:37:01 +0000
build	16-Jul-2015 14:37:01	Test Suite 'WishboneTests.xctest' started at 2015-07-16 21:37:01 +0000
build	16-Jul-2015 14:37:01	Test Suite 'WishboneTests' started at 2015-07-16 21:37:01 +0000
build	16-Jul-2015 14:37:01	Test Case '-[WishboneTests testExample]' started.
build	16-Jul-2015 14:37:01	Test Case '-[WishboneTests testExample]' passed (0.000 seconds).
build	16-Jul-2015 14:37:01	Test Case '-[WishboneTests testPerformanceExample]' started.
build	16-Jul-2015 14:37:01	2015-07-16 14:37:01.117 Wishbone[6635:1031577] ADCOLONY 2.4.13.11 [info] Ads are ready for zone vz28b7f3058a8a4bbb94
build	16-Jul-2015 14:37:01	2015-07-16 14:37:01.263 Wishbone[6635:1031077] AppsFlyer: sent information to server
build	16-Jul-2015 14:37:01	2015-07-16 14:37:01.264 Wishbone[6635:1031077] Cache size 0
build	16-Jul-2015 14:37:01	/Users/wtobey/Desktop/Wishbone/WishboneTests/WishboneTests.m:35: Test Case '-[WishboneTests testPerformanceExample]' measured [Time, seconds] average: 0.000, relative standard deviation: 91.425%, values: [0.000004, 0.000002, 0.000001, 0.000001, 0.000001, 0.000000, 0.000001, 0.000000, 0.000001, 0.000001], performanceMetricID:com.apple.XCTPerformanceMetric_WallClockTime, baselineName: "", baselineAverage: , maxPercentRegression: 10.000%, maxPercentRelativeStandardDeviation: 10.000%, maxRegression: 0.100, maxStandardDeviation: 0.100
build	16-Jul-2015 14:37:01	Test Case '-[WishboneTests testPerformanceExample]' passed (0.396 seconds).
build	16-Jul-2015 14:37:01	Test Suite 'WishboneTests' passed at 2015-07-16 21:37:01 +0000.
build	16-Jul-2015 14:37:01		 Executed 2 tests, with 0 failures (0 unexpected) in 0.396 (0.399) seconds
build	16-Jul-2015 14:37:01	Test Suite 'WishboneTests.xctest' passed at 2015-07-16 21:37:01 +0000.
build	16-Jul-2015 14:37:01		 Executed 2 tests, with 0 failures (0 unexpected) in 0.396 (0.400) seconds
build	16-Jul-2015 14:37:01	Test Suite 'All tests' passed at 2015-07-16 21:37:01 +0000.
build	16-Jul-2015 14:37:01		 Executed 2 tests, with 0 failures (0 unexpected) in 0.396 (0.403) seconds
build	16-Jul-2015 14:37:01	===================================Building instruments.sh===================================
build	16-Jul-2015 14:37:07	===================================Running instruments.sh===================================
build	16-Jul-2015 14:37:10	2015-07-16 21:37:10 +0000 Error: Script threw an uncaught JavaScript error: Unexpected token '='. Expected a ')' or a ',' after a parameter declaration. on line 11 of Wishbone.js
build	16-Jul-2015 14:37:11	Instruments Trace Complete (Duration : 2.140514s; Output : /Users/wtobey/Desktop/AUITesting/instrumentscli0.trace)
build	16-Jul-2015 14:37:11	===================================Running Parser.py===================================
error	16-Jul-2015 14:37:11	  File "parser.py", line 74
error	16-Jul-2015 14:37:11	    for subtestString for subtestString in incompleteSubtests if string[1] in subtestString {
error	16-Jul-2015 14:37:11	                        ^
error	16-Jul-2015 14:37:11	SyntaxError: invalid syntax
build	16-Jul-2015 14:37:11	===================================Removing Trace===================================
build	16-Jul-2015 14:37:11	===================================Shutting Down Simulators===================================
build	16-Jul-2015 14:37:18	===================================Erasing Simulators===================================
build	16-Jul-2015 14:37:20	===================================Squitting Simulators===================================
simple	16-Jul-2015 14:37:20	Finished task 'Build and Run' with result: Success
simple	16-Jul-2015 14:37:20	Running post build plugin 'npm Cache Cleanup'
simple	16-Jul-2015 14:37:20	Running post build plugin 'NCover Results Collector'
simple	16-Jul-2015 14:37:20	Running post build plugin 'Clover Results Collector'
simple	16-Jul-2015 14:37:20	Running post build plugin 'Docker Container Cleanup'
simple	16-Jul-2015 14:37:20	Running post build plugin 'Artifact Copier'
simple	16-Jul-2015 14:37:20	Finalising the build...
simple	16-Jul-2015 14:37:20	Stopping timer.
simple	16-Jul-2015 14:37:20	Build WUT-BT-JOB1-79 completed.
simple	16-Jul-2015 14:37:20	Running on server: post build plugin 'NCover Results Collector'
simple	16-Jul-2015 14:37:20	Running on server: post build plugin 'Clover Delta Calculator'
simple	16-Jul-2015 14:37:20	Running on server: post build plugin 'Maven Dependencies Postprocessor'
simple	16-Jul-2015 14:37:20	Running on server: post build plugin 'Build Hanging Detection Configuration'
simple	16-Jul-2015 14:37:20	All post build plugins have finished
simple	16-Jul-2015 14:37:20	Generating build results summary...
simple	16-Jul-2015 14:37:20	Saving build results to disk...
simple	16-Jul-2015 14:37:20	Logging substituted variables...
simple	16-Jul-2015 14:37:20	Indexing build results...
simple	16-Jul-2015 14:37:20	Finished building WUT-BT-JOB1-79.
