simple	22-Jul-2015 09:49:42	Build Wishbone UI Testing - Build and Test - Default Job #162 (WUT-BT-JOB1-162) started building on agent Default Agent
simple	22-Jul-2015 09:49:42	
simple	22-Jul-2015 09:49:42	Build working directory is /Users/wtobey/Desktop/AUITesting/bamboo-home/xml-data/build-dir/131073/WUT-BT-JOB1
simple	22-Jul-2015 09:49:42	Executing build Wishbone UI Testing - Build and Test - Default Job #162 (WUT-BT-JOB1-162)
simple	22-Jul-2015 09:49:42	Running pre-build action: VCS Version Collector
simple	22-Jul-2015 09:49:42	Starting task 'Build and Run' of type 'com.atlassian.bamboo.plugins.scripttask:task.builder.script'
command	22-Jul-2015 09:49:42	Beginning to execute external process for build 'Wishbone UI Testing - Build and Test - Default Job #162 (WUT-BT-JOB1-162)'\n ... running command line: \n/bin/sh /Users/wtobey/Desktop/AUITesting/atlassian-bamboo-5.9.1/temp/WUT-BT-JOB1-162-ScriptBuildTask-1385664203202227001.sh\n ... in: /Users/wtobey/Desktop/AUITesting/bamboo-home/xml-data/build-dir/131073/WUT-BT-JOB1\n ... using extra environment variables: \nbamboo_planRepository_1_branch=V-3.0.6\nbamboo_repository_revision_number=6c2c123a812e361046a86aa5b844b0eb0220564c\nbamboo_resultsUrl=http://172.16.34.157:8085/browse/WUT-BT-JOB1-162\nbamboo_repository_983041_revision_number=6c2c123a812e361046a86aa5b844b0eb0220564c\nbamboo_planRepository_1_name=Wishbone\nbamboo_repository_983041_branch_name=V-3.0.6\nbamboo_build_working_directory=/Users/wtobey/Desktop/AUITesting/bamboo-home/xml-data/build-dir/131073/WUT-BT-JOB1\nbamboo_buildKey=WUT-BT-JOB1\nbamboo_shortPlanName=Build and Test\nbamboo_planRepository_name=Wishbone\nbamboo_buildNumber=162\nbamboo_shortJobName=Default Job\nbamboo_buildResultsUrl=http://172.16.34.157:8085/browse/WUT-BT-JOB1-162\nbamboo_planRepository_repositoryUrl=https://github.com/SciDevs/wishbone.git\nbamboo_agentId=131073\nbamboo_planName=Wishbone UI Testing - Build and Test\nbamboo_shortPlanKey=BT\nbamboo_shortJobKey=JOB1\nbamboo_planRepository_revision=6c2c123a812e361046a86aa5b844b0eb0220564c\nbamboo_repository_previous_revision_number=6c2c123a812e361046a86aa5b844b0eb0220564c\nbamboo_buildTimeStamp=2015-07-22T09:49:42.288-07:00\nbamboo_planRepository_previousRevision=6c2c123a812e361046a86aa5b844b0eb0220564c\nbamboo_buildResultKey=WUT-BT-JOB1-162\nbamboo_repository_git_branch=V-3.0.6\nbamboo_repository_branch_name=V-3.0.6\nbamboo_buildPlanName=Wishbone UI Testing - Build and Test - Default Job\nbamboo_repository_983041_git_repositoryUrl=https://github.com/SciDevs/wishbone.git\nbamboo_planRepository_1_revision=6c2c123a812e361046a86aa5b844b0eb0220564c\nbamboo_repository_983041_git_username=wt65074\nbamboo_repository_name=Wishbone\nbamboo_repository_983041_name=Wishbone\nbamboo_dependenciesDisabled=false\nbamboo_planRepository_branch=V-3.0.6\nbamboo_agentWorkingDirectory=/Users/wtobey/Desktop/AUITesting/bamboo-home/xml-data/build-dir/131073\nbamboo_capability_system_git_executable=/usr/bin/git\nbamboo_planRepository_1_previousRevision=6c2c123a812e361046a86aa5b844b0eb0220564c\nbamboo_repository_git_username=wt65074\nbamboo_repository_983041_previous_revision_number=6c2c123a812e361046a86aa5b844b0eb0220564c\nbamboo_planRepository_1_type=gh\nbamboo_planRepository_branchName=V-3.0.6\nbamboo_capability_system_jdk_JDK=/Library/Java/JavaVirtualMachines/jdk1.8.0_20.jdk/Contents/Home\nbamboo_capability_system_jdk_JDK_1_8_0_20=/Library/Java/JavaVirtualMachines/jdk1.8.0_20.jdk/Contents/Home\nbamboo_planRepository_type=gh\nbamboo_planRepository_1_username=wt65074\nbamboo_ManualBuildTriggerReason_userName=wtobey\nbamboo_repository_git_repositoryUrl=https://github.com/SciDevs/wishbone.git\nbamboo_repository_983041_git_branch=V-3.0.6\nbamboo_working_directory=/Users/wtobey/Desktop/AUITesting/bamboo-home/xml-data/build-dir/131073/WUT-BT-JOB1\nbamboo_planKey=WUT-BT\nbamboo_planRepository_1_repositoryUrl=https://github.com/SciDevs/wishbone.git\nbamboo_planRepository_username=wt65074\nbamboo_capability_system_jdk_JDK_1_8=/Library/Java/JavaVirtualMachines/jdk1.8.0_20.jdk/Contents/Home\nbamboo_planRepository_1_branchName=V-3.0.6\n
error	22-Jul-2015 09:49:42	AUITestingScript.sh: line 12: test: Run: binary operator expected
build	22-Jul-2015 09:49:42	===================================BuildingWishbone.app===================================
build	22-Jul-2015 09:49:43	=== BUILD TARGET Wishbone OF PROJECT Wishbone WITH CONFIGURATION Debug ===
build	22-Jul-2015 09:49:43	
build	22-Jul-2015 09:49:43	Check dependencies
build	22-Jul-2015 09:49:44	warning: no rule to process file '/Users/wtobey/Desktop/Wishbone/Wishbone/Shared/MoPubSDK/AdNetworkSupport/Millennial/SDK/README.md' of type net.daringfireball.markdown for architecture x86_64
build	22-Jul-2015 09:49:44	warning: no rule to process file '/Users/wtobey/Desktop/Wishbone/Wishbone/Shared/MoPubSDK/AdNetworkSupport/GoogleAdMob/SDK/README.md' of type net.daringfireball.markdown for architecture x86_64
build	22-Jul-2015 09:49:44	warning: no rule to process file '/Users/wtobey/Desktop/Wishbone/Wishbone/Shared/MoPubSDK/AdNetworkSupport/Chartboost/SDK/README.md' of type net.daringfireball.markdown for architecture x86_64
build	22-Jul-2015 09:49:44	warning: no rule to process file '/Users/wtobey/Desktop/Wishbone/Wishbone/Shared/SDWebImage/README.md' of type net.daringfireball.markdown for architecture x86_64
build	22-Jul-2015 09:49:44	warning: no rule to process file '/Users/wtobey/Desktop/Wishbone/Wishbone/Shared/MoPubSDK/AdNetworkSupport/Vungle/SDK/README.md' of type net.daringfireball.markdown for architecture x86_64
build	22-Jul-2015 09:49:44	Warning: Multiple build commands for output file /Users/wtobey/Library/Developer/Xcode/DerivedData/Wishbone-eekgnurymbvwimgmkjagwaqhgzyt/Build/Products/Debug-iphonesimulator/Wishbone.app/LICENSE
build	22-Jul-2015 09:49:44	Warning: Multiple build commands for output file /Users/wtobey/Library/Developer/Xcode/DerivedData/Wishbone-eekgnurymbvwimgmkjagwaqhgzyt/Build/Products/Debug-iphonesimulator/Wishbone.app/Line@2x.png
build	22-Jul-2015 09:49:44	
build	22-Jul-2015 09:49:44	=== BUILD TARGET WishboneTests OF PROJECT Wishbone WITH CONFIGURATION Debug ===
build	22-Jul-2015 09:49:44	
build	22-Jul-2015 09:49:44	Check dependencies
build	22-Jul-2015 09:49:44	
build	22-Jul-2015 09:49:54	** TEST SUCCEEDED **
build	22-Jul-2015 09:49:54	
build	22-Jul-2015 09:49:54	2015-07-22 09:49:52.836 Wishbone[2212:88319] Flurry: Starting session on Agent Version [Flurry_iOS_142_6.0.0] 
build	22-Jul-2015 09:49:54	2015-07-22 09:49:52.895 Wishbone[2212:88319] <Google> ACTConversionIDReporter: sending ping: https://www.googleadservices.com/pagead/conversion/974033742/?appversion=2.8.7&bundleid=com.Science.Cyclops&label=ZhphCPH6g1YQzqa60AM&lat=0&muid=UzP5i3X0FtqD0sr-2IXiGQ&osversion=8.4&sdkversion=ct-sdk-i-v3.1.1&timestamp=1437583792.891469&usage_tracking_enabled=1&value=1.00.
build	22-Jul-2015 09:49:54	2015-07-22 09:49:52.910 Wishbone[2212:88319] ADCOLONY 2.4.13.11 [info] AdColony library version: 2.4.13.11 64-bit production
build	22-Jul-2015 09:49:54	2015-07-22 09:49:52.989 Wishbone[2212:88703] ADCOLONY 2.4.13.11 [info] Developer logging enabled
build	22-Jul-2015 09:49:54	2015-07-22 09:49:53.192 Wishbone[2212:88319] AppsFlyer SDK version 2.5.3.15 started
build	22-Jul-2015 09:49:54	2015-07-22 09:49:53.192 Wishbone[2212:88716] Resolved media.playhaven.com -> 48.78.30.15
build	22-Jul-2015 09:49:54	2015-07-22 09:49:53.192 Wishbone[2212:88715] Resolved sdk-api-ssl.playhaven.com -> 48.78.30.15
build	22-Jul-2015 09:49:54	2015-07-22 09:49:53.294 Wishbone[2212:88319] INFO: GoogleAnalytics 3.03c -[GAIReachabilityChecker reachabilityFlagsChanged:] (GAIReachabilityChecker.m:159): Reachability flags update: 0X000002
build	22-Jul-2015 09:49:54	2015-07-22 09:49:53.442 Wishbone[2212:88319] <Google> ACTAutomatedUsageReporterPrivate: sending ping: https://www.googleadservices.com/pagead/conversion/974033742/?appversion=2.8.7&auto=1&bundleid=com.Science.Cyclops&lat=0&muid=UzP5i3X0FtqD0sr-2IXiGQ&osversion=8.4&sdkversion=ct-sdk-i-v3.1.1&timestamp=1437587393.439454&usage_tracking_enabled=1.
build	22-Jul-2015 09:49:54	2015-07-22 09:49:53.446 Wishbone[2212:88681] VERBOSE: GoogleAnalytics 3.03c -[GAIBatchingDispatcher persist:] (GAIBatchingDispatcher.m:418): Saved hit: {
build	22-Jul-2015 09:49:54	    parameters =     {
build	22-Jul-2015 09:49:54	        "&_u" = ".etno";
build	22-Jul-2015 09:49:54	        "&_v" = "mi3.0.3c";
build	22-Jul-2015 09:49:54	        "&an" = Wishbone;
build	22-Jul-2015 09:49:54	        "&av" = "3.0.5";
build	22-Jul-2015 09:49:54	        "&cd" = "Login View";
build	22-Jul-2015 09:49:54	        "&cid" = "09839218-d8ad-4f46-90ed-76c0f89c6db1";
build	22-Jul-2015 09:49:54	        "&sr" = 320x568;
build	22-Jul-2015 09:49:54	        "&t" = appview;
build	22-Jul-2015 09:49:54	        "&tid" = "UA-48537804-1";
build	22-Jul-2015 09:49:54	        "&ul" = en;
build	22-Jul-2015 09:49:54	        "&v" = 1;
build	22-Jul-2015 09:49:54	        "&z" = 8438171619450771990;
build	22-Jul-2015 09:49:54	        gaiVersion = "3.03c";
build	22-Jul-2015 09:49:54	    };
build	22-Jul-2015 09:49:54	    timestamp = "2015-07-22 16:49:53 +0000";
build	22-Jul-2015 09:49:54	}
build	22-Jul-2015 09:49:54	2015-07-22 09:49:53.448 Wishbone[2212:88703] ADCOLONY 2.4.13.11 [trace] Configuration succeeded!
build	22-Jul-2015 09:49:54	2015-07-22 09:49:53.464 Wishbone[2212:88319] [PlayHaven-2.0.2] Sending request: https://sdk-api-ssl.playhaven.com/v3/publisher/open/?ifa=B1634C55-DF22-4CEB-81B4-378BC50120C3&tz=-7.0&app_version=2.8.7&scount=1&os=iPhone+OS+8.4&sig4=HwwW9C-5r8GnBtQvsvtwua_3MdY&plugin=ios&nonce=GXM1L95cX3uHsnnso2uxImJL8Y0&sdk-ios=2.0.2&token=6b9f6fb7b24d47128221cc82c3b43553&hardware=iPhone+Simulator&connection=2&idfv=56313FB2-DC12-4907-904E-7C18606ACAE6&scale=2&height=568&tracking=1&width=320&opt_out=0&ssum=0&languages=en&idiom=0&app=com.Science.Cyclops
build	22-Jul-2015 09:49:54	2015-07-22 09:49:53.486 Wishbone[2212:88319] <Google> ping successful.
build	22-Jul-2015 09:49:54	2015-07-22 09:49:53.494 Wishbone[2212:88703] ADCOLONY 2.4.13.11 [info] Ads are not ready for zone vz28b7f3058a8a4bbb94
build	22-Jul-2015 09:49:54	Test Suite 'All tests' started at 2015-07-22 16:49:53 +0000
build	22-Jul-2015 09:49:54	Test Suite 'WishboneTests.xctest' started at 2015-07-22 16:49:53 +0000
build	22-Jul-2015 09:49:54	Test Suite 'WishboneTests' started at 2015-07-22 16:49:53 +0000
build	22-Jul-2015 09:49:54	Test Case '-[WishboneTests testExample]' started.
build	22-Jul-2015 09:49:54	Test Case '-[WishboneTests testExample]' passed (0.000 seconds).
build	22-Jul-2015 09:49:54	Test Case '-[WishboneTests testPerformanceExample]' started.
build	22-Jul-2015 09:49:54	2015-07-22 09:49:53.532 Wishbone[2212:88319] <Google> ping successful.
build	22-Jul-2015 09:49:54	2015-07-22 09:49:53.644 Wishbone[2212:88319] [PlayHaven-2.0.2] Request recieved HTTP response: 200
build	22-Jul-2015 09:49:54	2015-07-22 09:49:53.645 Wishbone[2212:88319] [PlayHaven-2.0.2] Request finished!
build	22-Jul-2015 09:49:54	/Users/wtobey/Desktop/Wishbone/WishboneTests/WishboneTests.m:35: Test Case '-[WishboneTests testPerformanceExample]' measured [Time, seconds] average: 0.000, relative standard deviation: 77.427%, values: [0.000003, 0.000001, 0.000001, 0.000001, 0.000001, 0.000001, 0.000001, 0.000001, 0.000001, 0.000001], performanceMetricID:com.apple.XCTPerformanceMetric_WallClockTime, baselineName: "", baselineAverage: , maxPercentRegression: 10.000%, maxPercentRelativeStandardDeviation: 10.000%, maxRegression: 0.100, maxStandardDeviation: 0.100
build	22-Jul-2015 09:49:54	Test Case '-[WishboneTests testPerformanceExample]' passed (0.378 seconds).
build	22-Jul-2015 09:49:54	Test Suite 'WishboneTests' passed at 2015-07-22 16:49:53 +0000.
build	22-Jul-2015 09:49:54		 Executed 2 tests, with 0 failures (0 unexpected) in 0.378 (0.380) seconds
build	22-Jul-2015 09:49:54	Test Suite 'WishboneTests.xctest' passed at 2015-07-22 16:49:53 +0000.
build	22-Jul-2015 09:49:54		 Executed 2 tests, with 0 failures (0 unexpected) in 0.378 (0.381) seconds
build	22-Jul-2015 09:49:54	Test Suite 'All tests' passed at 2015-07-22 16:49:53 +0000.
build	22-Jul-2015 09:49:54		 Executed 2 tests, with 0 failures (0 unexpected) in 0.378 (0.382) seconds
build	22-Jul-2015 09:49:54	===================================Building instruments.sh===================================
build	22-Jul-2015 09:49:55	===================================Running instruments.sh===================================
build	22-Jul-2015 09:49:59	2015-07-22 16:49:59 +0000 Start: First Screen
build	22-Jul-2015 09:49:59	2015-07-22 16:49:59 +0000 Debug: target.captureRectOnScreenWithName("{origin:{x:0.00,y:0.00}, size:{height:667.00,width:375.00}}", UIScreen, "First Screen Wed, 22 Jul 2015 16:49:59 GMT")
build	22-Jul-2015 09:49:59	2015-07-22 16:49:59 +0000 Screenshot captured.
build	22-Jul-2015 09:49:59	2015-07-22 16:49:59 +0000 Start: First Screen > Skip Login
build	22-Jul-2015 09:49:59	2015-07-22 16:49:59 +0000 Debug: target.frontMostApp().mainWindow().buttons()["Skip Login"].tap()
build	22-Jul-2015 09:49:59	2015-07-22 16:49:59 +0000 Pass: First Screen > Skip Login
build	22-Jul-2015 09:49:59	2015-07-22 16:49:59 +0000 Debug: target.captureRectOnScreenWithName("{origin:{x:0.00,y:0.00}, size:{height:667.00,width:375.00}}", UIScreen, "First Screen Wed, 22 Jul 2015 16:49:59 GMT")
build	22-Jul-2015 09:49:59	2015-07-22 16:49:59 +0000 Screenshot captured.
build	22-Jul-2015 09:49:59	2015-07-22 16:49:59 +0000 Debug: target.captureRectOnScreenWithName("{origin:{x:0.00,y:0.00}, size:{height:667.00,width:375.00}}", UIScreen, "First Screen Wed, 22 Jul 2015 16:49:59 GMT")
build	22-Jul-2015 09:50:00	2015-07-22 16:49:59 +0000 Screenshot captured.
build	22-Jul-2015 09:50:01	2015-07-22 16:50:01 +0000 Debug: target.frontMostApp().alert().cancelButton().tap()
build	22-Jul-2015 09:50:02	2015-07-22 16:50:02 +0000 Debug: target.frontMostApp().mainWindow().pageIndicators()[0].withValueForKey("1", "isVisible").selectPage("1")
build	22-Jul-2015 09:50:04	2015-07-22 16:50:03 +0000 Debug: target.captureRectOnScreenWithName("{origin:{x:0.00,y:0.00}, size:{height:667.00,width:375.00}}", UIScreen, "First Screen Wed, 22 Jul 2015 16:50:03 GMT")
build	22-Jul-2015 09:50:04	2015-07-22 16:50:04 +0000 Screenshot captured.
build	22-Jul-2015 09:50:04	2015-07-22 16:50:04 +0000 Debug: target.frontMostApp().mainWindow().scrollViews()[0].withValueForKey("1", "isVisible").scrollViews()[0].buttons()[0].tap()
build	22-Jul-2015 09:50:06	2015-07-22 16:50:06 +0000 Pass: First Screen
build	22-Jul-2015 09:50:07	2015-07-22 16:50:06 +0000 logElementTree:
build	22-Jul-2015 09:50:07	UIATarget "iPhone Simulator" {{0, 0}, {375, 667}}
build	22-Jul-2015 09:50:07	elements: {
build	22-Jul-2015 09:50:07		UIAApplication "Wishbone" {{0, 24.125}, {375, 642.1875}}
build	22-Jul-2015 09:50:07		elements: {
build	22-Jul-2015 09:50:07			UIAWindow "(null)" {{0, 0}, {375, 667}}
build	22-Jul-2015 09:50:07			UIAWindow "(null)" {{0, 0.6875}, {375, 665.625}}
build	22-Jul-2015 09:50:07			elements: {
build	22-Jul-2015 09:50:07				UIATableView "(null)" {{0, -224.3125}, {375, 283.59375}}
build	22-Jul-2015 09:50:07				elements: {
build	22-Jul-2015 09:50:07					UIATableCell "My Wishbones" {{0, -224.3125}, {375, 51.5625}}
build	22-Jul-2015 09:50:07					elements: {
build	22-Jul-2015 09:50:07						UIAStaticText "My Wishbones" {{23.4375, -202.046875}, {328.125, 24.609375}}
build	22-Jul-2015 09:50:07					}
build	22-Jul-2015 09:50:07					UIATableCell "Find Friends" {{0, -172.75}, {375, 51.5625}}
build	22-Jul-2015 09:50:07					elements: {
build	22-Jul-2015 09:50:07						UIAStaticText "Find Friends" {{23.4375, -150.484375}, {328.125, 24.609375}}
build	22-Jul-2015 09:50:07					}
build	22-Jul-2015 09:50:07					UIATableCell "About Wishbone" {{0, -121.1875}, {375, 51.5625}}
build	22-Jul-2015 09:50:07					elements: {
build	22-Jul-2015 09:50:07						UIAStaticText "About Wishbone" {{23.4375, -98.921875}, {328.125, 24.609375}}
build	22-Jul-2015 09:50:07					}
build	22-Jul-2015 09:50:07					UIATableCell "Share with a Friend" {{0, -69.625}, {375, 51.5625}}
build	22-Jul-2015 09:50:07					elements: {
build	22-Jul-2015 09:50:07						UIAStaticText "Share with a Friend" {{23.4375, -47.359375}, {328.125, 24.609375}}
build	22-Jul-2015 09:50:07					}
build	22-Jul-2015 09:50:07					UIATableCell "Contact Us" {{0, -18.0625}, {375, 51.5625}}
build	22-Jul-2015 09:50:07					elements: {
build	22-Jul-2015 09:50:07						UIAStaticText "Contact Us" {{23.4375, 4.203125}, {328.125, 24.609375}}
build	22-Jul-2015 09:50:07					}
build	22-Jul-2015 09:50:07				}
build	22-Jul-2015 09:50:07				UIAImage "menu.png" {{17.578125, 39.359375}, {23.4375, 9.375}}
build	22-Jul-2015 09:50:07				UIASegmentedControl "(null)" {{62.109375, 26.46875}, {251.953125, 33.984375}}
build	22-Jul-2015 09:50:07				elements: {
build	22-Jul-2015 09:50:07					UIAButton "Trending" {{62.109375, 26.46875}, {125.390625, 33.984375}}
build	22-Jul-2015 09:50:07					UIAButton "Friends" {{188.671875, 26.46875}, {125.390625, 33.984375}}
build	22-Jul-2015 09:50:07				}
build	22-Jul-2015 09:50:07				UIAImage "Nav-Header-Logo" {{179.296875, 33.5}, {17.578125, 21.09375}}
build	22-Jul-2015 09:50:07				UIAButton "create card" {{314.0625, 26.46875}, {51.5625, 35.15625}}
build	22-Jul-2015 09:50:07				UIATableView "(null)" {{0, 65.140625}, {375, 601.171875}}
build	22-Jul-2015 09:50:07				elements: {
build	22-Jul-2015 09:50:07					UIATableCell "Would you rather loose money on stocks or gambling?" {{0, 65.140625}, {375, 601.171875}}
build	22-Jul-2015 09:50:07					elements: {
build	22-Jul-2015 09:50:07						UIAStaticText "Would you rather loose money on stocks or gambling?" {{18.75, 83.890625}, {337.5, 45.1171875}}
build	22-Jul-2015 09:50:07						UIAStaticText "Would You Rather" {{73.828125, 569.046875}, {168.75, 24.609375}}
build	22-Jul-2015 09:50:07						UIAStaticText "1/12" {{169.921875, 142.484375}, {31.640625, 19.921875}}
build	22-Jul-2015 09:50:07						UIAStaticText "264840 votes" {{250.78125, 567.875}, {105.46875, 24.609375}}
build	22-Jul-2015 09:50:07						UIAButton "new share" {{317.578125, 491.703125}, {48.046875, 48.046875}}
build	22-Jul-2015 09:50:07					}
build	22-Jul-2015 09:50:07					UIATableCell "Would you rather be always hungry or never hungry?" {{0, 666.3125}, {375, 601.171875}}
build	22-Jul-2015 09:50:07					elements: {
build	22-Jul-2015 09:50:07						UIAStaticText "Would you rather be always hungry or never hungry?" {{0, 0}, {288, 38.5}}
build	22-Jul-2015 09:50:07						UIAStaticText "2/12" {{0, 0}, {28, 17}}
build	22-Jul-2015 09:50:07						UIAStaticText "YummyTummy" {{0, 0}, {144, 21}}
build	22-Jul-2015 09:50:07						UIAStaticText "266042 votes" {{0, 0}, {90, 21}}
build	22-Jul-2015 09:50:07						UIAButton "new share" {{0, 0.6875}, {48.046875, 48.046875}}
build	22-Jul-2015 09:50:07					}
build	22-Jul-2015 09:50:07					UIATableCell "Be the funniest or hottest person in a room?" {{0, 1267.484375}, {375, 601.171875}}
build	22-Jul-2015 09:50:07					elements: {
build	22-Jul-2015 09:50:07						UIAStaticText "Be the funniest or hottest person in a room?" {{0, 0}, {288, 38.5}}
build	22-Jul-2015 09:50:07						UIAStaticText "3/12" {{0, 0}, {28, 17}}
build	22-Jul-2015 09:50:07						UIAStaticText "Would You Rather" {{0, 0}, {144, 21}}
build	22-Jul-2015 09:50:07						UIAStaticText "264875 votes" {{0, 0}, {90, 21}}
build	22-Jul-2015 09:50:07						UIAButton "new share" {{0, 0.6875}, {48.046875, 48.046875}}
build	22-Jul-2015 09:50:07					}
build	22-Jul-2015 09:50:07					UIATableCell "Are you a thrill seeker or scared to take risks?" {{0, 1868.65625}, {375, 601.171875}}
build	22-Jul-2015 09:50:07					elements: {
build	22-Jul-2015 09:50:07						UIAStaticText "Are you a thrill seeker or scared to take risks?" {{0, 0}, {288, 38.5}}
build	22-Jul-2015 09:50:07						UIAStaticText "4/12" {{0, 0}, {28.5, 17}}
build	22-Jul-2015 09:50:07						UIAStaticText "Life Posts" {{0, 0}, {144, 21}}
build	22-Jul-2015 09:50:07						UIAStaticText "262441 votes" {{0, 0}, {90, 21}}
build	22-Jul-2015 09:50:07						UIAButton "new share" {{0, 0.6875}, {48.046875, 48.046875}}
build	22-Jul-2015 09:50:07					}
build	22-Jul-2015 09:50:07					UIATableCell "Are you more productive in the daytime or night?" {{0, 2469.828125}, {375, 601.171875}}
build	22-Jul-2015 09:50:07					elements: {
build	22-Jul-2015 09:50:07						UIAStaticText "Are you more productive in the daytime or night?" {{0, 0}, {288, 38.5}}
build	22-Jul-2015 09:50:07						UIAStaticText "5/12" {{0, 0}, {28, 17}}
build	22-Jul-2015 09:50:07						UIAStaticText "Life Posts" {{0, 0}, {144, 21}}
build	22-Jul-2015 09:50:07						UIAStaticText "260551 votes" {{0, 0}, {90, 21}}
build	22-Jul-2015 09:50:07						UIAButton "new share" {{0, 0.6875}, {48.046875, 48.046875}}
build	22-Jul-2015 09:50:07					}
build	22-Jul-2015 09:50:07					UIATableCell "Are you a controlling or a cool girlfriend?" {{0, 3071}, {375, 601.171875}}
build	22-Jul-2015 09:50:07					elements: {
build	22-Jul-2015 09:50:07						UIAStaticText "Are you a controlling or a cool girlfriend?" {{0, 0}, {288, 38.5}}
build	22-Jul-2015 09:50:07						UIAStaticText "6/12" {{0, 0}, {28.5, 17}}
build	22-Jul-2015 09:50:07						UIAStaticText "Romance & Love" {{0, 0}, {144, 21}}
build	22-Jul-2015 09:50:07						UIAStaticText "252400 votes" {{0, 0}, {90, 21}}
build	22-Jul-2015 09:50:07						UIAButton "new share" {{0, 0.6875}, {48.046875, 48.046875}}
build	22-Jul-2015 09:50:07					}
build	22-Jul-2015 09:50:07					UIATableCell "Metrosexual guys or lumbersexual guys?" {{0, 3672.171875}, {375, 601.171875}}
build	22-Jul-2015 09:50:07					elements: {
build	22-Jul-2015 09:50:07						UIAStaticText "Metrosexual guys or lumbersexual guys?" {{0, 0}, {288, 38.5}}
build	22-Jul-2015 09:50:07						UIAStaticText "7/12" {{0, 0}, {27.5, 17}}
build	22-Jul-2015 09:50:07						UIAStaticText "Hot or Not" {{0, 0}, {144, 21}}
build	22-Jul-2015 09:50:07						UIAStaticText "242081 votes" {{0, 0}, {90, 21}}
build	22-Jul-2015 09:50:07						UIAButton "new share" {{0, 0.6875}, {48.046875, 48.046875}}
build	22-Jul-2015 09:50:07					}
build	22-Jul-2015 09:50:07					UIATableCell "Would you rather have an indoor movie theater or pool?" {{0, 4273.34375}, {375, 601.171875}}
build	22-Jul-2015 09:50:07					elements: {
build	22-Jul-2015 09:50:07						UIAStaticText "Would you rather have an indoor movie theater or pool?" {{0, 0}, {288, 38.5}}
build	22-Jul-2015 09:50:07						UIAStaticText "8/12" {{0, 0}, {28.5, 17}}
build	22-Jul-2015 09:50:07						UIAStaticText "Home Design" {{0, 0}, {144, 21}}
build	22-Jul-2015 09:50:07						UIAStaticText "254194 votes" {{0, 0}, {90, 21}}
build	22-Jul-2015 09:50:07						UIAButton "new share" {{0, 0.6875}, {48.046875, 48.046875}}
build	22-Jul-2015 09:50:07					}
build	22-Jul-2015 09:50:07					UIATableCell "Would you rather be a poor celebrity or a rich nobody?" {{0, 4874.515625}, {375, 601.171875}}
build	22-Jul-2015 09:50:07					elements: {
build	22-Jul-2015 09:50:07						UIAStaticText "Would you rather be a poor celebrity or a rich nobody?" {{0, 0}, {288, 38.5}}
build	22-Jul-2015 09:50:07						UIAStaticText "9/12" {{0, 0}, {28.5, 17}}
build	22-Jul-2015 09:50:07						UIAStaticText "Would You Rather" {{0, 0}, {144, 21}}
build	22-Jul-2015 09:50:07						UIAStaticText "251644 votes" {{0, 0}, {90, 21}}
build	22-Jul-2015 09:50:07						UIAButton "new share" {{0, 0.6875}, {48.046875, 48.046875}}
build	22-Jul-2015 09:50:07					}
build	22-Jul-2015 09:50:07					UIATableCell "Which is worse? Bad breath or oily hair?" {{0, 5475.6875}, {375, 601.171875}}
build	22-Jul-2015 09:50:07					elements: {
build	22-Jul-2015 09:50:07						UIAStaticText "Which is worse? Bad breath or oily hair?" {{0, 0}, {288, 38.5}}
build	22-Jul-2015 09:50:07						UIAStaticText "10/12" {{0, 0}, {35.5, 17}}
build	22-Jul-2015 09:50:07						UIAStaticText "Life Posts" {{0, 0}, {144, 21}}
build	22-Jul-2015 09:50:07						UIAStaticText "250868 votes" {{0, 0}, {90, 21}}
build	22-Jul-2015 09:50:07						UIAButton "new share" {{0, 0.6875}, {48.046875, 48.046875}}
build	22-Jul-2015 09:50:07					}
build	22-Jul-2015 09:50:07					UIATableCell "Which is worse? A bloody nose or a runny nose?" {{0, 6076.859375}, {375, 601.171875}}
build	22-Jul-2015 09:50:07					elements: {
build	22-Jul-2015 09:50:07						UIAStaticText "Which is worse? A bloody nose or a runny nose?" {{0, 0}, {288, 38.5}}
build	22-Jul-2015 09:50:07						UIAStaticText "11/12" {{0, 0}, {33.5, 17}}
build	22-Jul-2015 09:50:07						UIAStaticText "Life Posts" {{0, 0}, {144, 21}}
build	22-Jul-2015 09:50:07						UIAStaticText "248001 votes" {{0, 0}, {90, 21}}
build	22-Jul-2015 09:50:07						UIAButton "new share" {{0, 0.6875}, {48.046875, 48.046875}}
build	22-Jul-2015 09:50:07					}
build	22-Jul-2015 09:50:07					UIATableCell "Would you rather vacation in Russia or South Africa?" {{0, 6678.03125}, {375, 601.171875}}
build	22-Jul-2015 09:50:07					elements: {
build	22-Jul-2015 09:50:07						UIAStaticText "Would you rather vacation in Russia or South Africa?" {{0, 0}, {288, 38.5}}
build	22-Jul-2015 09:50:07						UIAStaticText "12/12" {{0, 0}, {34.5, 17}}
build	22-Jul-2015 09:50:07						UIAStaticText "DestinationStation" {{0, 0}, {144, 21}}
build	22-Jul-2015 09:50:07						UIAStaticText "241465 votes" {{0, 0}, {90, 21}}
build	22-Jul-2015 09:50:07						UIAButton "new share" {{0, 0.6875}, {48.046875, 48.046875}}
build	22-Jul-2015 09:50:07					}
build	22-Jul-2015 09:50:07					UIAStaticText "Your Daily Dozen" {{56.25, 7362.40625}, {295.3125, 35.15625}}
build	22-Jul-2015 09:50:07					UIAStaticText "0 of 12 complete" {{56.25, 7406.9375}, {295.3125, 24.609375}}
build	22-Jul-2015 09:50:07					UIAButton "1   Not Filled" {{56.25, 7480.765625}, {36.328125, 36.328125}}
build	22-Jul-2015 09:50:07					UIAButton "2   Not Filled" {{101.953125, 7480.765625}, {36.328125, 36.328125}}
build	22-Jul-2015 09:50:07					UIAButton "3   Not Filled" {{147.65625, 7480.765625}, {36.328125, 36.328125}}
build	22-Jul-2015 09:50:07					UIAButton "4   Not Filled" {{193.359375, 7480.765625}, {36.328125, 36.328125}}
build	22-Jul-2015 09:50:07					UIAButton "5   Not Filled" {{239.0625, 7480.765625}, {36.328125, 36.328125}}
build	22-Jul-2015 09:50:07					UIAButton "6   Not Filled" {{284.765625, 7480.765625}, {36.328125, 36.328125}}
build	22-Jul-2015 09:50:07					UIAButton "7   Not Filled" {{56.25, 7526.46875}, {36.328125, 36.328125}}
build	22-Jul-2015 09:50:07					UIAButton "8   Not Filled" {{101.953125, 7526.46875}, {36.328125, 36.328125}}
build	22-Jul-2015 09:50:07					UIAButton "9   Not Filled" {{147.65625, 7526.46875}, {36.328125, 36.328125}}
build	22-Jul-2015 09:50:07					UIAButton "10   Not Filled" {{193.359375, 7526.46875}, {36.328125, 36.328125}}
build	22-Jul-2015 09:50:07					UIAButton "11   Not Filled" {{239.0625, 7526.46875}, {36.328125, 36.328125}}
build	22-Jul-2015 09:50:07					UIAButton "12   Not Filled" {{284.765625, 7526.46875}, {36.328125, 36.328125}}
build	22-Jul-2015 09:50:07					UIAButton "13   Not Filled" {{147.65625, 7597.953125}, {36.328125, 36.328125}}
build	22-Jul-2015 09:50:07					elements: {
build	22-Jul-2015 09:50:07						UIAImage "13 - Not Filled.png" {{147.65625, 7597.953125}, {36.328125, 36.328125}}
build	22-Jul-2015 09:50:07					}
build	22-Jul-2015 09:50:07					UIAButton "14   Not Filled" {{193.359375, 7597.953125}, {36.328125, 36.328125}}
build	22-Jul-2015 09:50:07					elements: {
build	22-Jul-2015 09:50:07						UIAImage "14 - Not Filled.png" {{193.359375, 7597.953125}, {36.328125, 36.328125}}
build	22-Jul-2015 09:50:07					}
build	22-Jul-2015 09:50:07					UIAButton "Share" {{56.25, 7643.65625}, {263.671875, 64.453125}}
build	22-Jul-2015 09:50:07					UIAButton "watch a 10 seconds video" {{93.75, 7717.484375}, {215.625, 51.5625}}
build	22-Jul-2015 09:50:07					elements: {
build	22-Jul-2015 09:50:07						UIAStaticText "watch a 10 seconds video" {{98.4375, 7732.71875}, {206.8359375, 21.09375}}
build	22-Jul-2015 09:50:07					}
build	22-Jul-2015 09:50:07					UIAStaticText "or" {{71.484375, 7731.546875}, {17.578125, 24.609375}}
build	22-Jul-2015 09:50:07					UIAStaticText "to earn 2 bonus questions" {{56.25, 7743.265625}, {267.1875, 24.609375}}
build	22-Jul-2015 09:50:07					UIAButton "gear" {{166.40625, 7772.5625}, {46.875, 46.875}}
build	22-Jul-2015 09:50:07					elements: {
build	22-Jul-2015 09:50:07						UIAImage "gear.png" {{174.0234375, 7780.1796875}, {31.0546875, 31.0546875}}
build	22-Jul-2015 09:50:07					}
build	22-Jul-2015 09:50:07				}
build	22-Jul-2015 09:50:07				UIAStaticText "Daily Dozen" {{9.375, 625.296875}, {168.75, 24.609375}}
build	22-Jul-2015 09:50:07				UIAStaticText "Community" {{196.875, 625.296875}, {168.75, 24.609375}}
build	22-Jul-2015 09:50:07			}
build	22-Jul-2015 09:50:07			UIAWindow "(null)" {{0, 0.6875}, {375, 665.625}}
build	22-Jul-2015 09:50:07			elements: {
build	22-Jul-2015 09:50:07				UIAStatusBar "(null)" {{0, 0.6875}, {375, 23.4375}}
build	22-Jul-2015 09:50:07				elements: {
build	22-Jul-2015 09:50:07					UIAElement "Swipe down with three fingers to reveal the notification center., Swipe up with three fingers to reveal the control center, Double-tap to scroll to top" {{7.03125, 0.6875}, {44.53125, 23.4375}}
build	22-Jul-2015 09:50:07					UIAElement "3 of 3 Wi-Fi bars" {{57.421875, 0.6875}, {15.234375, 23.4375}}
build	22-Jul-2015 09:50:07					UIAElement "9:50 AM" {{160.546875, 0.6875}, {55.078125, 23.4375}}
build	22-Jul-2015 09:50:07					UIAElement "100% battery power" {{339.84375, 0.6875}, {29.296875, 23.4375}}
build	22-Jul-2015 09:50:07				}
build	22-Jul-2015 09:50:07			}
build	22-Jul-2015 09:50:07		}
build	22-Jul-2015 09:50:07	}
build	22-Jul-2015 09:50:07	
build	22-Jul-2015 09:50:10	Instruments Trace Complete (Duration : 12.655874s; Output : /Users/wtobey/Desktop/AUITesting/instrumentscli0.trace)
build	22-Jul-2015 09:50:10	===================================Running Parser.py===================================
build	22-Jul-2015 09:50:10	(0, 'First Screen > Skip Login')
build	22-Jul-2015 09:50:10	retrievedPath/Users/wtobey/Desktop/AUITesting/Run 1/First Screen Wed, 22 Jul 2015 16-49-59 GMT 2.png
build	22-Jul-2015 09:50:10	retrievedPath/Users/wtobey/Desktop/AUITesting/Run 1/First Screen Wed, 22 Jul 2015 16-49-59 GMT 3.png
build	22-Jul-2015 09:50:10	retrievedPath/Users/wtobey/Desktop/AUITesting/Run 1/First Screen Wed, 22 Jul 2015 16-49-59 GMT.png
build	22-Jul-2015 09:50:10	retrievedPath/Users/wtobey/Desktop/AUITesting/Run 1/First Screen Wed, 22 Jul 2015 16-50-03 GMT.png
build	22-Jul-2015 09:50:10	===================================Removing Trace===================================
build	22-Jul-2015 09:50:10	===================================Shutting Down Simulators===================================
build	22-Jul-2015 09:50:15	===================================Erasing Simulators===================================
build	22-Jul-2015 09:50:17	===================================Quitting Simulators===================================
build	22-Jul-2015 09:50:17	TESTS SUCCEEDED
build	22-Jul-2015 09:50:17	  adding: Run 2015-07-22 16:49:59/ (stored 0%)
build	22-Jul-2015 09:50:17	  adding: Run 2015-07-22 16:49:59/ArchivedRun 2015-07-22 16:49:59/ (stored 0%)
build	22-Jul-2015 09:50:17	  adding: Run 2015-07-22 16:49:59/ArchivedRun 2015-07-22 16:49:59/Automation Results.plist (deflated 91%)
build	22-Jul-2015 09:50:17	  adding: Run 2015-07-22 16:49:59/ArchivedRun 2015-07-22 16:49:59/UIATarget- name-iPhone Simulator rect-{{0, 0}, {375, 667}}/ (stored 0%)
build	22-Jul-2015 09:50:17	  adding: Run 2015-07-22 16:49:59/ArchivedRun 2015-07-22 16:49:59/UIATarget- name-iPhone Simulator rect-{{0, 0}, {375, 667}}/UIAApplication- name-Wishbone rect-{{0, 24}, {375, 642}}.png (deflated 1%)
build	22-Jul-2015 09:50:17	  adding: Run 2015-07-22 16:49:59/ArchivedRun 2015-07-22 16:49:59/UIATarget- name-iPhone Simulator rect-{{0, 0}, {375, 667}}/UIAButton- name-create card rect-{{314, 26}, {52, 35}}.png (deflated 9%)
build	22-Jul-2015 09:50:17	  adding: Run 2015-07-22 16:49:59/ArchivedRun 2015-07-22 16:49:59/UIATarget- name-iPhone Simulator rect-{{0, 0}, {375, 667}}/UIAButton- name-Friends value- rect-{{189, 26}, {125, 34}}.png (deflated 4%)
build	22-Jul-2015 09:50:17	  adding: Run 2015-07-22 16:49:59/ArchivedRun 2015-07-22 16:49:59/UIATarget- name-iPhone Simulator rect-{{0, 0}, {375, 667}}/UIAButton- name-new share rect-{{0, 1}, {48, 48}} 10.png (deflated 5%)
build	22-Jul-2015 09:50:17	  adding: Run 2015-07-22 16:49:59/ArchivedRun 2015-07-22 16:49:59/UIATarget- name-iPhone Simulator rect-{{0, 0}, {375, 667}}/UIAButton- name-new share rect-{{0, 1}, {48, 48}} 11.png (deflated 5%)
build	22-Jul-2015 09:50:17	  adding: Run 2015-07-22 16:49:59/ArchivedRun 2015-07-22 16:49:59/UIATarget- name-iPhone Simulator rect-{{0, 0}, {375, 667}}/UIAButton- name-new share rect-{{0, 1}, {48, 48}} 2.png (deflated 5%)
build	22-Jul-2015 09:50:17	  adding: Run 2015-07-22 16:49:59/ArchivedRun 2015-07-22 16:49:59/UIATarget- name-iPhone Simulator rect-{{0, 0}, {375, 667}}/UIAButton- name-new share rect-{{0, 1}, {48, 48}} 3.png (deflated 5%)
build	22-Jul-2015 09:50:17	  adding: Run 2015-07-22 16:49:59/ArchivedRun 2015-07-22 16:49:59/UIATarget- name-iPhone Simulator rect-{{0, 0}, {375, 667}}/UIAButton- name-new share rect-{{0, 1}, {48, 48}} 4.png (deflated 5%)
build	22-Jul-2015 09:50:17	  adding: Run 2015-07-22 16:49:59/ArchivedRun 2015-07-22 16:49:59/UIATarget- name-iPhone Simulator rect-{{0, 0}, {375, 667}}/UIAButton- name-new share rect-{{0, 1}, {48, 48}} 5.png (deflated 5%)
build	22-Jul-2015 09:50:17	  adding: Run 2015-07-22 16:49:59/ArchivedRun 2015-07-22 16:49:59/UIATarget- name-iPhone Simulator rect-{{0, 0}, {375, 667}}/UIAButton- name-new share rect-{{0, 1}, {48, 48}} 6.png (deflated 5%)
build	22-Jul-2015 09:50:17	  adding: Run 2015-07-22 16:49:59/ArchivedRun 2015-07-22 16:49:59/UIATarget- name-iPhone Simulator rect-{{0, 0}, {375, 667}}/UIAButton- name-new share rect-{{0, 1}, {48, 48}} 7.png (deflated 5%)
build	22-Jul-2015 09:50:17	  adding: Run 2015-07-22 16:49:59/ArchivedRun 2015-07-22 16:49:59/UIATarget- name-iPhone Simulator rect-{{0, 0}, {375, 667}}/UIAButton- name-new share rect-{{0, 1}, {48, 48}} 8.png (deflated 5%)
build	22-Jul-2015 09:50:17	  adding: Run 2015-07-22 16:49:59/ArchivedRun 2015-07-22 16:49:59/UIATarget- name-iPhone Simulator rect-{{0, 0}, {375, 667}}/UIAButton- name-new share rect-{{0, 1}, {48, 48}} 9.png (deflated 5%)
build	22-Jul-2015 09:50:17	  adding: Run 2015-07-22 16:49:59/ArchivedRun 2015-07-22 16:49:59/UIATarget- name-iPhone Simulator rect-{{0, 0}, {375, 667}}/UIAButton- name-new share rect-{{0, 1}, {48, 48}}.png (deflated 5%)
build	22-Jul-2015 09:50:17	  adding: Run 2015-07-22 16:49:59/ArchivedRun 2015-07-22 16:49:59/UIATarget- name-iPhone Simulator rect-{{0, 0}, {375, 667}}/UIAButton- name-new share rect-{{318, 492}, {48, 48}}.png (stored 0%)
build	22-Jul-2015 09:50:17	  adding: Run 2015-07-22 16:49:59/ArchivedRun 2015-07-22 16:49:59/UIATarget- name-iPhone Simulator rect-{{0, 0}, {375, 667}}/UIAButton- name-Trending value- rect-{{62, 26}, {125, 34}}.png (deflated 1%)
build	22-Jul-2015 09:50:17	  adding: Run 2015-07-22 16:49:59/ArchivedRun 2015-07-22 16:49:59/UIATarget- name-iPhone Simulator rect-{{0, 0}, {375, 667}}/UIAElement- name-100% battery power rect-{{340, 1}, {29, 23}}.png (stored 0%)
build	22-Jul-2015 09:50:17	  adding: Run 2015-07-22 16:49:59/ArchivedRun 2015-07-22 16:49:59/UIATarget- name-iPhone Simulator rect-{{0, 0}, {375, 667}}/UIAElement- name-3 of 3 Wi-Fi bars rect-{{57, 1}, {15, 23}}.png (stored 0%)
build	22-Jul-2015 09:50:17	  adding: Run 2015-07-22 16:49:59/ArchivedRun 2015-07-22 16:49:59/UIATarget- name-iPhone Simulator rect-{{0, 0}, {375, 667}}/UIAElement- name-9-50 AM rect-{{161, 1}, {55, 23}}.png (stored 0%)
build	22-Jul-2015 09:50:17	  adding: Run 2015-07-22 16:49:59/ArchivedRun 2015-07-22 16:49:59/UIATarget- name-iPhone Simulator rect-{{0, 0}, {375, 667}}/UIAElement- name-Swipe down with three fingers to reveal the notification center., Swipe up with three fingers to reveal the control center, Double-tap to scroll to top rect-{{7, 1}, {45, 23}}.png (stored 0%)
build	22-Jul-2015 09:50:17	  adding: Run 2015-07-22 16:49:59/ArchivedRun 2015-07-22 16:49:59/UIATarget- name-iPhone Simulator rect-{{0, 0}, {375, 667}}/UIAImage- name-menu.png rect-{{18, 39}, {23, 9}}.png (deflated 2%)
build	22-Jul-2015 09:50:17	  adding: Run 2015-07-22 16:49:59/ArchivedRun 2015-07-22 16:49:59/UIATarget- name-iPhone Simulator rect-{{0, 0}, {375, 667}}/UIAImage- name-Nav-Header-Logo rect-{{179, 34}, {18, 21}}.png (stored 0%)
build	22-Jul-2015 09:50:17	  adding: Run 2015-07-22 16:49:59/ArchivedRun 2015-07-22 16:49:59/UIATarget- name-iPhone Simulator rect-{{0, 0}, {375, 667}}/UIASegmentedControl- rect-{{62, 26}, {252, 34}}.png (deflated 6%)
build	22-Jul-2015 09:50:17	  adding: Run 2015-07-22 16:49:59/ArchivedRun 2015-07-22 16:49:59/UIATarget- name-iPhone Simulator rect-{{0, 0}, {375, 667}}/UIAStaticText- name-1:12 value-1:12 rect-{{170, 142}, {32, 20}}.png (stored 0%)
build	22-Jul-2015 09:50:17	  adding: Run 2015-07-22 16:49:59/ArchivedRun 2015-07-22 16:49:59/UIATarget- name-iPhone Simulator rect-{{0, 0}, {375, 667}}/UIAStaticText- name-10:12 value-10:12 rect-{{0, 0}, {36, 17}}.png (stored 0%)
build	22-Jul-2015 09:50:17	  adding: Run 2015-07-22 16:49:59/ArchivedRun 2015-07-22 16:49:59/UIATarget- name-iPhone Simulator rect-{{0, 0}, {375, 667}}/UIAStaticText- name-11:12 value-11:12 rect-{{0, 0}, {34, 17}}.png (stored 0%)
build	22-Jul-2015 09:50:17	  adding: Run 2015-07-22 16:49:59/ArchivedRun 2015-07-22 16:49:59/UIATarget- name-iPhone Simulator rect-{{0, 0}, {375, 667}}/UIAStaticText- name-12:12 value-12:12 rect-{{0, 0}, {34, 17}}.png (stored 0%)
build	22-Jul-2015 09:50:17	  adding: Run 2015-07-22 16:49:59/ArchivedRun 2015-07-22 16:49:59/UIATarget- name-iPhone Simulator rect-{{0, 0}, {375, 667}}/UIAStaticText- name-2:12 value-2:12 rect-{{0, 0}, {28, 17}}.png (stored 0%)
build	22-Jul-2015 09:50:17	  adding: Run 2015-07-22 16:49:59/ArchivedRun 2015-07-22 16:49:59/UIATarget- name-iPhone Simulator rect-{{0, 0}, {375, 667}}/UIAStaticText- name-241465 votes value-241465 votes rect-{{0, 0}, {90, 21}}.png (stored 0%)
build	22-Jul-2015 09:50:17	  adding: Run 2015-07-22 16:49:59/ArchivedRun 2015-07-22 16:49:59/UIATarget- name-iPhone Simulator rect-{{0, 0}, {375, 667}}/UIAStaticText- name-242081 votes value-242081 votes rect-{{0, 0}, {90, 21}}.png (stored 0%)
build	22-Jul-2015 09:50:17	  adding: Run 2015-07-22 16:49:59/ArchivedRun 2015-07-22 16:49:59/UIATarget- name-iPhone Simulator rect-{{0, 0}, {375, 667}}/UIAStaticText- name-248001 votes value-248001 votes rect-{{0, 0}, {90, 21}}.png (stored 0%)
build	22-Jul-2015 09:50:17	  adding: Run 2015-07-22 16:49:59/ArchivedRun 2015-07-22 16:49:59/UIATarget- name-iPhone Simulator rect-{{0, 0}, {375, 667}}/UIAStaticText- name-250868 votes value-250868 votes rect-{{0, 0}, {90, 21}}.png (stored 0%)
build	22-Jul-2015 09:50:17	  adding: Run 2015-07-22 16:49:59/ArchivedRun 2015-07-22 16:49:59/UIATarget- name-iPhone Simulator rect-{{0, 0}, {375, 667}}/UIAStaticText- name-251644 votes value-251644 votes rect-{{0, 0}, {90, 21}}.png (stored 0%)
build	22-Jul-2015 09:50:17	  adding: Run 2015-07-22 16:49:59/ArchivedRun 2015-07-22 16:49:59/UIATarget- name-iPhone Simulator rect-{{0, 0}, {375, 667}}/UIAStaticText- name-252400 votes value-252400 votes rect-{{0, 0}, {90, 21}}.png (stored 0%)
build	22-Jul-2015 09:50:17	  adding: Run 2015-07-22 16:49:59/ArchivedRun 2015-07-22 16:49:59/UIATarget- name-iPhone Simulator rect-{{0, 0}, {375, 667}}/UIAStaticText- name-254194 votes value-254194 votes rect-{{0, 0}, {90, 21}}.png (stored 0%)
build	22-Jul-2015 09:50:17	  adding: Run 2015-07-22 16:49:59/ArchivedRun 2015-07-22 16:49:59/UIATarget- name-iPhone Simulator rect-{{0, 0}, {375, 667}}/UIAStaticText- name-260551 votes value-260551 votes rect-{{0, 0}, {90, 21}}.png (stored 0%)
build	22-Jul-2015 09:50:17	  adding: Run 2015-07-22 16:49:59/ArchivedRun 2015-07-22 16:49:59/UIATarget- name-iPhone Simulator rect-{{0, 0}, {375, 667}}/UIAStaticText- name-262441 votes value-262441 votes rect-{{0, 0}, {90, 21}}.png (stored 0%)
build	22-Jul-2015 09:50:17	  adding: Run 2015-07-22 16:49:59/ArchivedRun 2015-07-22 16:49:59/UIATarget- name-iPhone Simulator rect-{{0, 0}, {375, 667}}/UIAStaticText- name-264840 votes value-264840 votes rect-{{251, 568}, {105, 25}}.png (stored 0%)
build	22-Jul-2015 09:50:17	  adding: Run 2015-07-22 16:49:59/ArchivedRun 2015-07-22 16:49:59/UIATarget- name-iPhone Simulator rect-{{0, 0}, {375, 667}}/UIAStaticText- name-264875 votes value-264875 votes rect-{{0, 0}, {90, 21}}.png (stored 0%)
build	22-Jul-2015 09:50:17	  adding: Run 2015-07-22 16:49:59/ArchivedRun 2015-07-22 16:49:59/UIATarget- name-iPhone Simulator rect-{{0, 0}, {375, 667}}/UIAStaticText- name-266042 votes value-266042 votes rect-{{0, 0}, {90, 21}}.png (stored 0%)
build	22-Jul-2015 09:50:17	  adding: Run 2015-07-22 16:49:59/ArchivedRun 2015-07-22 16:49:59/UIATarget- name-iPhone Simulator rect-{{0, 0}, {375, 667}}/UIAStaticText- name-3:12 value-3:12 rect-{{0, 0}, {28, 17}}.png (stored 0%)
build	22-Jul-2015 09:50:17	  adding: Run 2015-07-22 16:49:59/ArchivedRun 2015-07-22 16:49:59/UIATarget- name-iPhone Simulator rect-{{0, 0}, {375, 667}}/UIAStaticText- name-4:12 value-4:12 rect-{{0, 0}, {28, 17}}.png (stored 0%)
build	22-Jul-2015 09:50:17	  adding: Run 2015-07-22 16:49:59/ArchivedRun 2015-07-22 16:49:59/UIATarget- name-iPhone Simulator rect-{{0, 0}, {375, 667}}/UIAStaticText- name-5:12 value-5:12 rect-{{0, 0}, {28, 17}}.png (stored 0%)
build	22-Jul-2015 09:50:17	  adding: Run 2015-07-22 16:49:59/ArchivedRun 2015-07-22 16:49:59/UIATarget- name-iPhone Simulator rect-{{0, 0}, {375, 667}}/UIAStaticText- name-6:12 value-6:12 rect-{{0, 0}, {28, 17}}.png (stored 0%)
build	22-Jul-2015 09:50:17	  adding: Run 2015-07-22 16:49:59/ArchivedRun 2015-07-22 16:49:59/UIATarget- name-iPhone Simulator rect-{{0, 0}, {375, 667}}/UIAStaticText- name-7:12 value-7:12 rect-{{0, 0}, {28, 17}}.png (stored 0%)
build	22-Jul-2015 09:50:17	  adding: Run 2015-07-22 16:49:59/ArchivedRun 2015-07-22 16:49:59/UIATarget- name-iPhone Simulator rect-{{0, 0}, {375, 667}}/UIAStaticText- name-8:12 value-8:12 rect-{{0, 0}, {28, 17}}.png (stored 0%)
build	22-Jul-2015 09:50:17	  adding: Run 2015-07-22 16:49:59/ArchivedRun 2015-07-22 16:49:59/UIATarget- name-iPhone Simulator rect-{{0, 0}, {375, 667}}/UIAStaticText- name-9:12 value-9:12 rect-{{0, 0}, {28, 17}}.png (stored 0%)
build	22-Jul-2015 09:50:17	  adding: Run 2015-07-22 16:49:59/ArchivedRun 2015-07-22 16:49:59/UIATarget- name-iPhone Simulator rect-{{0, 0}, {375, 667}}/UIAStaticText- name-Are you a controlling or a cool girlfriend? value-Are you a controlling or a cool girlfriend? rect-{{0, 0}, {288, 38}}.png (deflated 8%)
build	22-Jul-2015 09:50:17	  adding: Run 2015-07-22 16:49:59/ArchivedRun 2015-07-22 16:49:59/UIATarget- name-iPhone Simulator rect-{{0, 0}, {375, 667}}/UIAStaticText- name-Are you a thrill seeker or scared to take risks? value-Are you a thrill seeker or scared to take risks? rect-{{0, 0}, {288, 38}}.png (deflated 8%)
build	22-Jul-2015 09:50:17	  adding: Run 2015-07-22 16:49:59/ArchivedRun 2015-07-22 16:49:59/UIATarget- name-iPhone Simulator rect-{{0, 0}, {375, 667}}/UIAStaticText- name-Are you more productive in the daytime or night? value-Are you more productive in the daytime or night? rect-{{0, 0}, {288, 38}}.png (deflated 8%)
build	22-Jul-2015 09:50:17	  adding: Run 2015-07-22 16:49:59/ArchivedRun 2015-07-22 16:49:59/UIATarget- name-iPhone Simulator rect-{{0, 0}, {375, 667}}/UIAStaticText- name-Be the funniest or hottest person in a room? value-Be the funniest or hottest person in a room? rect-{{0, 0}, {288, 38}}.png (deflated 8%)
build	22-Jul-2015 09:50:17	  adding: Run 2015-07-22 16:49:59/ArchivedRun 2015-07-22 16:49:59/UIATarget- name-iPhone Simulator rect-{{0, 0}, {375, 667}}/UIAStaticText- name-Community value-Community rect-{{197, 625}, {169, 25}}.png (stored 0%)
build	22-Jul-2015 09:50:17	  adding: Run 2015-07-22 16:49:59/ArchivedRun 2015-07-22 16:49:59/UIATarget- name-iPhone Simulator rect-{{0, 0}, {375, 667}}/UIAStaticText- name-Contact Us value-Contact Us rect-{{23, 4}, {328, 25}}.png (deflated 6%)
build	22-Jul-2015 09:50:17	  adding: Run 2015-07-22 16:49:59/ArchivedRun 2015-07-22 16:49:59/UIATarget- name-iPhone Simulator rect-{{0, 0}, {375, 667}}/UIAStaticText- name-Daily Dozen value-Daily Dozen rect-{{9, 625}, {169, 25}}.png (deflated 0%)
build	22-Jul-2015 09:50:17	  adding: Run 2015-07-22 16:49:59/ArchivedRun 2015-07-22 16:49:59/UIATarget- name-iPhone Simulator rect-{{0, 0}, {375, 667}}/UIAStaticText- name-DestinationStation value-DestinationStation rect-{{0, 0}, {144, 21}}.png (stored 0%)
build	22-Jul-2015 09:50:17	  adding: Run 2015-07-22 16:49:59/ArchivedRun 2015-07-22 16:49:59/UIATarget- name-iPhone Simulator rect-{{0, 0}, {375, 667}}/UIAStaticText- name-Home Design value-Home Design rect-{{0, 0}, {144, 21}}.png (stored 0%)
build	22-Jul-2015 09:50:17	  adding: Run 2015-07-22 16:49:59/ArchivedRun 2015-07-22 16:49:59/UIATarget- name-iPhone Simulator rect-{{0, 0}, {375, 667}}/UIAStaticText- name-Hot or Not value-Hot or Not rect-{{0, 0}, {144, 21}}.png (stored 0%)
build	22-Jul-2015 09:50:17	  adding: Run 2015-07-22 16:49:59/ArchivedRun 2015-07-22 16:49:59/UIATarget- name-iPhone Simulator rect-{{0, 0}, {375, 667}}/UIAStaticText- name-Life Posts value-Life Posts rect-{{0, 0}, {144, 21}} 2.png (stored 0%)
build	22-Jul-2015 09:50:17	  adding: Run 2015-07-22 16:49:59/ArchivedRun 2015-07-22 16:49:59/UIATarget- name-iPhone Simulator rect-{{0, 0}, {375, 667}}/UIAStaticText- name-Life Posts value-Life Posts rect-{{0, 0}, {144, 21}} 3.png (stored 0%)
build	22-Jul-2015 09:50:17	  adding: Run 2015-07-22 16:49:59/ArchivedRun 2015-07-22 16:49:59/UIATarget- name-iPhone Simulator rect-{{0, 0}, {375, 667}}/UIAStaticText- name-Life Posts value-Life Posts rect-{{0, 0}, {144, 21}} 4.png (stored 0%)
build	22-Jul-2015 09:50:17	  adding: Run 2015-07-22 16:49:59/ArchivedRun 2015-07-22 16:49:59/UIATarget- name-iPhone Simulator rect-{{0, 0}, {375, 667}}/UIAStaticText- name-Life Posts value-Life Posts rect-{{0, 0}, {144, 21}}.png (stored 0%)
build	22-Jul-2015 09:50:17	  adding: Run 2015-07-22 16:49:59/ArchivedRun 2015-07-22 16:49:59/UIATarget- name-iPhone Simulator rect-{{0, 0}, {375, 667}}/UIAStaticText- name-Metrosexual guys or lumbersexual guys? value-Metrosexual guys or lumbersexual guys? rect-{{0, 0}, {288, 38}}.png (deflated 8%)
build	22-Jul-2015 09:50:17	  adding: Run 2015-07-22 16:49:59/ArchivedRun 2015-07-22 16:49:59/UIATarget- name-iPhone Simulator rect-{{0, 0}, {375, 667}}/UIAStaticText- name-Romance & Love value-Romance & Love rect-{{0, 0}, {144, 21}}.png (stored 0%)
build	22-Jul-2015 09:50:17	  adding: Run 2015-07-22 16:49:59/ArchivedRun 2015-07-22 16:49:59/UIATarget- name-iPhone Simulator rect-{{0, 0}, {375, 667}}/UIAStaticText- name-Which is worse? A bloody nose or a runny nose? value-Which is worse? A bloody nose or a runny nose? rect-{{0, 0}, {288, 38}}.png (deflated 8%)
build	22-Jul-2015 09:50:17	  adding: Run 2015-07-22 16:49:59/ArchivedRun 2015-07-22 16:49:59/UIATarget- name-iPhone Simulator rect-{{0, 0}, {375, 667}}/UIAStaticText- name-Which is worse? Bad breath or oily hair? value-Which is worse? Bad breath or oily hair? rect-{{0, 0}, {288, 38}}.png (deflated 8%)
build	22-Jul-2015 09:50:17	  adding: Run 2015-07-22 16:49:59/ArchivedRun 2015-07-22 16:49:59/UIATarget- name-iPhone Simulator rect-{{0, 0}, {375, 667}}/UIAStaticText- name-Would you rather be a poor celebrity or a rich nobody? value-Would you rather be a poor celebrity or a rich nobody? rect-{{0, 0}, {288, 38}}.png (deflated 8%)
build	22-Jul-2015 09:50:17	  adding: Run 2015-07-22 16:49:59/ArchivedRun 2015-07-22 16:49:59/UIATarget- name-iPhone Simulator rect-{{0, 0}, {375, 667}}/UIAStaticText- name-Would you rather be always hungry or never hungry? value-Would you rather be always hungry or never hungry? rect-{{0, 0}, {288, 38}}.png (deflated 8%)
build	22-Jul-2015 09:50:17	  adding: Run 2015-07-22 16:49:59/ArchivedRun 2015-07-22 16:49:59/UIATarget- name-iPhone Simulator rect-{{0, 0}, {375, 667}}/UIAStaticText- name-Would you rather have an indoor movie theater or pool? value-Would you rather have an indoor movie theater or pool? rect-{{0, 0}, {288, 38}}.png (deflated 8%)
build	22-Jul-2015 09:50:17	  adding: Run 2015-07-22 16:49:59/ArchivedRun 2015-07-22 16:49:59/UIATarget- name-iPhone Simulator rect-{{0, 0}, {375, 667}}/UIAStaticText- name-Would you rather loose money on stocks or gambling? value-Would you rather loose money on stocks or gambling? rect-{{19, 84}, {338, 45}}.png (deflated 1%)
build	22-Jul-2015 09:50:17	  adding: Run 2015-07-22 16:49:59/ArchivedRun 2015-07-22 16:49:59/UIATarget- name-iPhone Simulator rect-{{0, 0}, {375, 667}}/UIAStaticText- name-Would you rather vacation in Russia or South Africa? value-Would you rather vacation in Russia or South Africa? rect-{{0, 0}, {288, 38}}.png (deflated 8%)
build	22-Jul-2015 09:50:17	  adding: Run 2015-07-22 16:49:59/ArchivedRun 2015-07-22 16:49:59/UIATarget- name-iPhone Simulator rect-{{0, 0}, {375, 667}}/UIAStaticText- name-Would You Rather value-Would You Rather rect-{{0, 0}, {144, 21}} 2.png (stored 0%)
build	22-Jul-2015 09:50:17	  adding: Run 2015-07-22 16:49:59/ArchivedRun 2015-07-22 16:49:59/UIATarget- name-iPhone Simulator rect-{{0, 0}, {375, 667}}/UIAStaticText- name-Would You Rather value-Would You Rather rect-{{0, 0}, {144, 21}}.png (stored 0%)
build	22-Jul-2015 09:50:17	  adding: Run 2015-07-22 16:49:59/ArchivedRun 2015-07-22 16:49:59/UIATarget- name-iPhone Simulator rect-{{0, 0}, {375, 667}}/UIAStaticText- name-Would You Rather value-Would You Rather rect-{{74, 569}, {169, 25}}.png (deflated 1%)
build	22-Jul-2015 09:50:17	  adding: Run 2015-07-22 16:49:59/ArchivedRun 2015-07-22 16:49:59/UIATarget- name-iPhone Simulator rect-{{0, 0}, {375, 667}}/UIAStaticText- name-YummyTummy value-YummyTummy rect-{{0, 0}, {144, 21}}.png (stored 0%)
build	22-Jul-2015 09:50:17	  adding: Run 2015-07-22 16:49:59/ArchivedRun 2015-07-22 16:49:59/UIATarget- name-iPhone Simulator rect-{{0, 0}, {375, 667}}/UIAStatusBar- rect-{{0, 1}, {375, 23}}.png (deflated 5%)
build	22-Jul-2015 09:50:17	  adding: Run 2015-07-22 16:49:59/ArchivedRun 2015-07-22 16:49:59/UIATarget- name-iPhone Simulator rect-{{0, 0}, {375, 667}}/UIATableCell- name-Contact Us value- rect-{{0, -18}, {375, 52}}.png (deflated 7%)
build	22-Jul-2015 09:50:17	  adding: Run 2015-07-22 16:49:59/ArchivedRun 2015-07-22 16:49:59/UIATarget- name-iPhone Simulator rect-{{0, 0}, {375, 667}}/UIATableCell- name-Would you rather be always hungry or never hungry? value- rect-{{0, 666}, {375, 601}}.png (deflated 4%)
build	22-Jul-2015 09:50:17	  adding: Run 2015-07-22 16:49:59/ArchivedRun 2015-07-22 16:49:59/UIATarget- name-iPhone Simulator rect-{{0, 0}, {375, 667}}/UIATableCell- name-Would you rather loose money on stocks or gambling? value- rect-{{0, 65}, {375, 601}}.png (deflated 1%)
build	22-Jul-2015 09:50:17	  adding: Run 2015-07-22 16:49:59/ArchivedRun 2015-07-22 16:49:59/UIATarget- name-iPhone Simulator rect-{{0, 0}, {375, 667}}/UIATableView- value-moved to row 1 of 12 rect-{{0, 65}, {375, 601}}.png (deflated 1%)
build	22-Jul-2015 09:50:17	  adding: Run 2015-07-22 16:49:59/ArchivedRun 2015-07-22 16:49:59/UIATarget- name-iPhone Simulator rect-{{0, 0}, {375, 667}}/UIATableView- value-rows 1 to 5 of 5 rect-{{0, -224}, {375, 284}}.png (deflated 8%)
build	22-Jul-2015 09:50:17	  adding: Run 2015-07-22 16:49:59/ArchivedRun 2015-07-22 16:49:59/UIATarget- name-iPhone Simulator rect-{{0, 0}, {375, 667}}/UIAWindow- rect-{{0, 0}, {375, 667}}.png (deflated 1%)
build	22-Jul-2015 09:50:17	  adding: Run 2015-07-22 16:49:59/ArchivedRun 2015-07-22 16:49:59/UIATarget- name-iPhone Simulator rect-{{0, 0}, {375, 667}}/UIAWindow- rect-{{0, 1}, {375, 666}} 2.png (deflated 1%)
build	22-Jul-2015 09:50:17	  adding: Run 2015-07-22 16:49:59/ArchivedRun 2015-07-22 16:49:59/UIATarget- name-iPhone Simulator rect-{{0, 0}, {375, 667}}/UIAWindow- rect-{{0, 1}, {375, 666}}.png (deflated 1%)
build	22-Jul-2015 09:50:17	  adding: Run 2015-07-22 16:49:59/ArchivedRun 2015-07-22 16:49:59/UIATarget- name-iPhone Simulator rect-{{0, 0}, {375, 667}}.png (deflated 1%)
build	22-Jul-2015 09:50:17	  adding: Run 2015-07-22 16:49:59/First Screen/ (stored 0%)
build	22-Jul-2015 09:50:17	  adding: Run 2015-07-22 16:49:59/First Screen/First Screen Wed, 22 Jul 2015 16-49-59 GMT 2.png (deflated 37%)
build	22-Jul-2015 09:50:17	  adding: Run 2015-07-22 16:49:59/First Screen/First Screen Wed, 22 Jul 2015 16-49-59 GMT 3.png (deflated 20%)
build	22-Jul-2015 09:50:17	  adding: Run 2015-07-22 16:49:59/First Screen/First Screen Wed, 22 Jul 2015 16-49-59 GMT.png (deflated 37%)
build	22-Jul-2015 09:50:17	  adding: Run 2015-07-22 16:49:59/First Screen/First Screen Wed, 22 Jul 2015 16-50-03 GMT.png (deflated 1%)
build	22-Jul-2015 09:50:17	  adding: Run 2015-07-22 16:49:59/RunSummary.txt (deflated 13%)
error	22-Jul-2015 09:50:18	upload failed: ./ to s3://wishbone-auitesting/ [Errno 21] Is a directory: u'/Users/wtobey/Desktop/AUITesting/'
build	22-Jul-2015 09:50:18	
build	22-Jul-2015 09:50:18	===================================Running Mailer.py===================================
simple	22-Jul-2015 09:50:21	Finished task 'Build and Run' with result: Success
simple	22-Jul-2015 09:50:21	Running post build plugin 'npm Cache Cleanup'
simple	22-Jul-2015 09:50:21	Running post build plugin 'NCover Results Collector'
simple	22-Jul-2015 09:50:21	Running post build plugin 'Clover Results Collector'
simple	22-Jul-2015 09:50:21	Running post build plugin 'Docker Container Cleanup'
simple	22-Jul-2015 09:50:21	Running post build plugin 'Artifact Copier'
simple	22-Jul-2015 09:50:21	Finalising the build...
simple	22-Jul-2015 09:50:21	Stopping timer.
simple	22-Jul-2015 09:50:21	Build WUT-BT-JOB1-162 completed.
simple	22-Jul-2015 09:50:21	Running on server: post build plugin 'NCover Results Collector'
simple	22-Jul-2015 09:50:21	Running on server: post build plugin 'Clover Delta Calculator'
simple	22-Jul-2015 09:50:21	Running on server: post build plugin 'Maven Dependencies Postprocessor'
simple	22-Jul-2015 09:50:21	Running on server: post build plugin 'Build Hanging Detection Configuration'
simple	22-Jul-2015 09:50:21	All post build plugins have finished
simple	22-Jul-2015 09:50:21	Generating build results summary...
simple	22-Jul-2015 09:50:21	Saving build results to disk...
simple	22-Jul-2015 09:50:21	Logging substituted variables...
simple	22-Jul-2015 09:50:21	Indexing build results...
simple	22-Jul-2015 09:50:21	Finished building WUT-BT-JOB1-162.
