simple	21-Jul-2015 12:05:23	Build Wishbone UI Testing - Build and Test - Default Job #144 (WUT-BT-JOB1-144) started building on agent Default Agent
simple	21-Jul-2015 12:05:23	
simple	21-Jul-2015 12:05:23	Build working directory is /Users/wtobey/Desktop/AUITesting/bamboo-home/xml-data/build-dir/131073/WUT-BT-JOB1
simple	21-Jul-2015 12:05:23	Executing build Wishbone UI Testing - Build and Test - Default Job #144 (WUT-BT-JOB1-144)
simple	21-Jul-2015 12:05:23	Running pre-build action: VCS Version Collector
simple	21-Jul-2015 12:05:23	Starting task 'Build and Run' of type 'com.atlassian.bamboo.plugins.scripttask:task.builder.script'
command	21-Jul-2015 12:05:23	Beginning to execute external process for build 'Wishbone UI Testing - Build and Test - Default Job #144 (WUT-BT-JOB1-144)'\n ... running command line: \n/bin/sh /Users/wtobey/Desktop/AUITesting/atlassian-bamboo-5.9.1/temp/WUT-BT-JOB1-144-ScriptBuildTask-2629244710853359481.sh\n ... in: /Users/wtobey/Desktop/AUITesting/bamboo-home/xml-data/build-dir/131073/WUT-BT-JOB1\n ... using extra environment variables: \nbamboo_planRepository_1_branch=V-3.0.6\nbamboo_repository_revision_number=6c2c123a812e361046a86aa5b844b0eb0220564c\nbamboo_resultsUrl=http://172.16.34.157:8085/browse/WUT-BT-JOB1-144\nbamboo_repository_983041_revision_number=6c2c123a812e361046a86aa5b844b0eb0220564c\nbamboo_planRepository_1_name=Wishbone\nbamboo_repository_983041_branch_name=V-3.0.6\nbamboo_build_working_directory=/Users/wtobey/Desktop/AUITesting/bamboo-home/xml-data/build-dir/131073/WUT-BT-JOB1\nbamboo_buildKey=WUT-BT-JOB1\nbamboo_shortPlanName=Build and Test\nbamboo_planRepository_name=Wishbone\nbamboo_buildNumber=144\nbamboo_shortJobName=Default Job\nbamboo_buildResultsUrl=http://172.16.34.157:8085/browse/WUT-BT-JOB1-144\nbamboo_planRepository_repositoryUrl=https://github.com/SciDevs/wishbone.git\nbamboo_agentId=131073\nbamboo_planName=Wishbone UI Testing - Build and Test\nbamboo_shortPlanKey=BT\nbamboo_shortJobKey=JOB1\nbamboo_planRepository_revision=6c2c123a812e361046a86aa5b844b0eb0220564c\nbamboo_repository_previous_revision_number=6c2c123a812e361046a86aa5b844b0eb0220564c\nbamboo_buildTimeStamp=2015-07-21T12:05:23.611-07:00\nbamboo_planRepository_previousRevision=6c2c123a812e361046a86aa5b844b0eb0220564c\nbamboo_buildResultKey=WUT-BT-JOB1-144\nbamboo_repository_git_branch=V-3.0.6\nbamboo_repository_branch_name=V-3.0.6\nbamboo_buildPlanName=Wishbone UI Testing - Build and Test - Default Job\nbamboo_repository_983041_git_repositoryUrl=https://github.com/SciDevs/wishbone.git\nbamboo_planRepository_1_revision=6c2c123a812e361046a86aa5b844b0eb0220564c\nbamboo_repository_983041_git_username=wt65074\nbamboo_repository_name=Wishbone\nbamboo_repository_983041_name=Wishbone\nbamboo_dependenciesDisabled=false\nbamboo_planRepository_branch=V-3.0.6\nbamboo_agentWorkingDirectory=/Users/wtobey/Desktop/AUITesting/bamboo-home/xml-data/build-dir/131073\nbamboo_capability_system_git_executable=/usr/bin/git\nbamboo_planRepository_1_previousRevision=6c2c123a812e361046a86aa5b844b0eb0220564c\nbamboo_repository_git_username=wt65074\nbamboo_repository_983041_previous_revision_number=6c2c123a812e361046a86aa5b844b0eb0220564c\nbamboo_planRepository_1_type=gh\nbamboo_planRepository_branchName=V-3.0.6\nbamboo_capability_system_jdk_JDK=/Library/Java/JavaVirtualMachines/jdk1.8.0_20.jdk/Contents/Home\nbamboo_capability_system_jdk_JDK_1_8_0_20=/Library/Java/JavaVirtualMachines/jdk1.8.0_20.jdk/Contents/Home\nbamboo_planRepository_type=gh\nbamboo_planRepository_1_username=wt65074\nbamboo_ManualBuildTriggerReason_userName=wtobey\nbamboo_repository_git_repositoryUrl=https://github.com/SciDevs/wishbone.git\nbamboo_repository_983041_git_branch=V-3.0.6\nbamboo_working_directory=/Users/wtobey/Desktop/AUITesting/bamboo-home/xml-data/build-dir/131073/WUT-BT-JOB1\nbamboo_planKey=WUT-BT\nbamboo_planRepository_1_repositoryUrl=https://github.com/SciDevs/wishbone.git\nbamboo_planRepository_username=wt65074\nbamboo_capability_system_jdk_JDK_1_8=/Library/Java/JavaVirtualMachines/jdk1.8.0_20.jdk/Contents/Home\nbamboo_planRepository_1_branchName=V-3.0.6\n
build	21-Jul-2015 12:05:23	===================================BuildingWishbone.app===================================
build	21-Jul-2015 12:05:24	=== BUILD TARGET Wishbone OF PROJECT Wishbone WITH CONFIGURATION Debug ===
build	21-Jul-2015 12:05:24	
build	21-Jul-2015 12:05:24	Check dependencies
build	21-Jul-2015 12:05:25	warning: no rule to process file '/Users/wtobey/Desktop/Wishbone/Wishbone/Shared/MoPubSDK/AdNetworkSupport/Millennial/SDK/README.md' of type net.daringfireball.markdown for architecture x86_64
build	21-Jul-2015 12:05:25	warning: no rule to process file '/Users/wtobey/Desktop/Wishbone/Wishbone/Shared/MoPubSDK/AdNetworkSupport/GoogleAdMob/SDK/README.md' of type net.daringfireball.markdown for architecture x86_64
build	21-Jul-2015 12:05:25	warning: no rule to process file '/Users/wtobey/Desktop/Wishbone/Wishbone/Shared/MoPubSDK/AdNetworkSupport/Chartboost/SDK/README.md' of type net.daringfireball.markdown for architecture x86_64
build	21-Jul-2015 12:05:25	warning: no rule to process file '/Users/wtobey/Desktop/Wishbone/Wishbone/Shared/SDWebImage/README.md' of type net.daringfireball.markdown for architecture x86_64
build	21-Jul-2015 12:05:25	warning: no rule to process file '/Users/wtobey/Desktop/Wishbone/Wishbone/Shared/MoPubSDK/AdNetworkSupport/Vungle/SDK/README.md' of type net.daringfireball.markdown for architecture x86_64
build	21-Jul-2015 12:05:25	Warning: Multiple build commands for output file /Users/wtobey/Library/Developer/Xcode/DerivedData/Wishbone-eekgnurymbvwimgmkjagwaqhgzyt/Build/Products/Debug-iphonesimulator/Wishbone.app/LICENSE
build	21-Jul-2015 12:05:25	Warning: Multiple build commands for output file /Users/wtobey/Library/Developer/Xcode/DerivedData/Wishbone-eekgnurymbvwimgmkjagwaqhgzyt/Build/Products/Debug-iphonesimulator/Wishbone.app/Line@2x.png
build	21-Jul-2015 12:05:25	
build	21-Jul-2015 12:05:25	=== BUILD TARGET WishboneTests OF PROJECT Wishbone WITH CONFIGURATION Debug ===
build	21-Jul-2015 12:05:25	
build	21-Jul-2015 12:05:25	Check dependencies
build	21-Jul-2015 12:05:25	
build	21-Jul-2015 12:05:35	** TEST SUCCEEDED **
build	21-Jul-2015 12:05:35	
build	21-Jul-2015 12:05:35	2015-07-21 12:05:34.234 Wishbone[4837:483961] Flurry: Starting session on Agent Version [Flurry_iOS_142_6.0.0] 
build	21-Jul-2015 12:05:35	2015-07-21 12:05:34.300 Wishbone[4837:483961] <Google> ACTConversionIDReporter: sending ping: https://www.googleadservices.com/pagead/conversion/974033742/?appversion=2.8.7&bundleid=com.Science.Cyclops&label=ZhphCPH6g1YQzqa60AM&lat=0&muid=FqJ9bGIC5Dajdkbuu7E6kw&osversion=8.4&sdkversion=ct-sdk-i-v3.1.1&timestamp=1437505534.295797&usage_tracking_enabled=1&value=1.00.
build	21-Jul-2015 12:05:35	2015-07-21 12:05:34.316 Wishbone[4837:483961] ADCOLONY 2.4.13.11 [info] AdColony library version: 2.4.13.11 64-bit production
build	21-Jul-2015 12:05:35	2015-07-21 12:05:34.407 Wishbone[4837:484302] ADCOLONY 2.4.13.11 [info] Developer logging enabled
build	21-Jul-2015 12:05:35	2015-07-21 12:05:34.605 Wishbone[4837:483961] AppsFlyer SDK version 2.5.3.15 started
build	21-Jul-2015 12:05:35	2015-07-21 12:05:34.607 Wishbone[4837:484312] Resolved sdk-api-ssl.playhaven.com -> 48.174.113.21
build	21-Jul-2015 12:05:35	2015-07-21 12:05:34.607 Wishbone[4837:484313] Resolved media.playhaven.com -> 48.174.113.21
build	21-Jul-2015 12:05:35	2015-07-21 12:05:34.722 Wishbone[4837:483961] INFO: GoogleAnalytics 3.03c -[GAIReachabilityChecker reachabilityFlagsChanged:] (GAIReachabilityChecker.m:159): Reachability flags update: 0X000002
build	21-Jul-2015 12:05:35	2015-07-21 12:05:34.763 Wishbone[4837:483961] <Google> ACTAutomatedUsageReporterPrivate: sending ping: https://www.googleadservices.com/pagead/conversion/974033742/?appversion=2.8.7&auto=1&bundleid=com.Science.Cyclops&lat=0&muid=FqJ9bGIC5Dajdkbuu7E6kw&osversion=8.4&sdkversion=ct-sdk-i-v3.1.1&timestamp=1437509134.760874&usage_tracking_enabled=1.
build	21-Jul-2015 12:05:35	2015-07-21 12:05:34.807 Wishbone[4837:483961] [PlayHaven-2.0.2] Sending request: https://sdk-api-ssl.playhaven.com/v3/publisher/open/?ifa=C3043F6A-F025-4C7F-8984-5D0277CC4FEE&tz=-7.0&app_version=2.8.7&scount=1&os=iPhone+OS+8.4&sig4=b3O09B14B5M-1XoZQg2Vruw1_9Y&plugin=ios&nonce=WtYSbfgiGFyUTmu_ooc5NsmFNLs&sdk-ios=2.0.2&token=6b9f6fb7b24d47128221cc82c3b43553&hardware=iPhone+Simulator&connection=2&idfv=2C773D1C-8BE1-47C8-9BD0-78D85EF009CF&scale=2&height=568&tracking=1&width=320&opt_out=0&ssum=0&languages=en&idiom=0&app=com.Science.Cyclops
build	21-Jul-2015 12:05:35	2015-07-21 12:05:34.964 Wishbone[4837:483961] <Google> ping successful.
build	21-Jul-2015 12:05:35	2015-07-21 12:05:34.965 Wishbone[4837:483961] <Google> ping successful.
build	21-Jul-2015 12:05:35	2015-07-21 12:05:34.967 Wishbone[4837:484302] ADCOLONY 2.4.13.11 [trace] Configuration succeeded!
build	21-Jul-2015 12:05:35	2015-07-21 12:05:35.043 Wishbone[4837:484291] VERBOSE: GoogleAnalytics 3.03c -[GAIBatchingDispatcher persist:] (GAIBatchingDispatcher.m:418): Saved hit: {
build	21-Jul-2015 12:05:35	    parameters =     {
build	21-Jul-2015 12:05:35	        "&_u" = ".etno";
build	21-Jul-2015 12:05:35	        "&_v" = "mi3.0.3c";
build	21-Jul-2015 12:05:35	        "&an" = Wishbone;
build	21-Jul-2015 12:05:35	        "&av" = "3.0.5";
build	21-Jul-2015 12:05:35	        "&cd" = "Login View";
build	21-Jul-2015 12:05:35	        "&cid" = "1120fade-05b0-48e6-9b4e-24c470ab5ca7";
build	21-Jul-2015 12:05:35	        "&sr" = 320x568;
build	21-Jul-2015 12:05:35	        "&t" = appview;
build	21-Jul-2015 12:05:35	        "&tid" = "UA-48537804-1";
build	21-Jul-2015 12:05:35	        "&ul" = en;
build	21-Jul-2015 12:05:35	        "&v" = 1;
build	21-Jul-2015 12:05:35	        "&z" = 16456718674209736657;
build	21-Jul-2015 12:05:35	        gaiVersion = "3.03c";
build	21-Jul-2015 12:05:35	    };
build	21-Jul-2015 12:05:35	    timestamp = "2015-07-21 19:05:35 +0000";
build	21-Jul-2015 12:05:35	}
build	21-Jul-2015 12:05:35	2015-07-21 12:05:35.048 Wishbone[4837:484302] ADCOLONY 2.4.13.11 [info] Ads are not ready for zone vz28b7f3058a8a4bbb94
build	21-Jul-2015 12:05:35	2015-07-21 12:05:35.152 Wishbone[4837:483961] [PlayHaven-2.0.2] Request recieved HTTP response: 200
build	21-Jul-2015 12:05:35	2015-07-21 12:05:35.153 Wishbone[4837:483961] [PlayHaven-2.0.2] Request finished!
build	21-Jul-2015 12:05:35	Test Suite 'All tests' started at 2015-07-21 19:05:35 +0000
build	21-Jul-2015 12:05:35	Test Suite 'WishboneTests.xctest' started at 2015-07-21 19:05:35 +0000
build	21-Jul-2015 12:05:35	Test Suite 'WishboneTests' started at 2015-07-21 19:05:35 +0000
build	21-Jul-2015 12:05:35	Test Case '-[WishboneTests testExample]' started.
build	21-Jul-2015 12:05:35	Test Case '-[WishboneTests testExample]' passed (0.000 seconds).
build	21-Jul-2015 12:05:35	Test Case '-[WishboneTests testPerformanceExample]' started.
build	21-Jul-2015 12:05:35	2015-07-21 12:05:35.416 Wishbone[4837:483961] AppsFlyer: sent information to server
build	21-Jul-2015 12:05:35	2015-07-21 12:05:35.416 Wishbone[4837:483961] Cache size 0
build	21-Jul-2015 12:05:35	/Users/wtobey/Desktop/Wishbone/WishboneTests/WishboneTests.m:35: Test Case '-[WishboneTests testPerformanceExample]' measured [Time, seconds] average: 0.000, relative standard deviation: 81.528%, values: [0.000003, 0.000001, 0.000001, 0.000001, 0.000001, 0.000001, 0.000001, 0.000001, 0.000001, 0.000001], performanceMetricID:com.apple.XCTPerformanceMetric_WallClockTime, baselineName: "", baselineAverage: , maxPercentRegression: 10.000%, maxPercentRelativeStandardDeviation: 10.000%, maxRegression: 0.100, maxStandardDeviation: 0.100
build	21-Jul-2015 12:05:35	Test Case '-[WishboneTests testPerformanceExample]' passed (0.381 seconds).
build	21-Jul-2015 12:05:35	Test Suite 'WishboneTests' passed at 2015-07-21 19:05:35 +0000.
build	21-Jul-2015 12:05:35		 Executed 2 tests, with 0 failures (0 unexpected) in 0.381 (0.383) seconds
build	21-Jul-2015 12:05:35	Test Suite 'WishboneTests.xctest' passed at 2015-07-21 19:05:35 +0000.
build	21-Jul-2015 12:05:35		 Executed 2 tests, with 0 failures (0 unexpected) in 0.381 (0.384) seconds
build	21-Jul-2015 12:05:35	Test Suite 'All tests' passed at 2015-07-21 19:05:35 +0000.
build	21-Jul-2015 12:05:35		 Executed 2 tests, with 0 failures (0 unexpected) in 0.381 (0.385) seconds
build	21-Jul-2015 12:05:35	===================================Building instruments.sh===================================
build	21-Jul-2015 12:05:37	===================================Running instruments.sh===================================
build	21-Jul-2015 12:05:41	2015-07-21 19:05:41 +0000 Start: First Screen
build	21-Jul-2015 12:05:41	2015-07-21 19:05:41 +0000 Debug: target.captureRectOnScreenWithName("{origin:{x:0.00,y:0.00}, size:{height:667.00,width:375.00}}", UIScreen, "First Screen Tue, 21 Jul 2015 19:05:41 GMT")
build	21-Jul-2015 12:05:41	2015-07-21 19:05:41 +0000 Screenshot captured.
build	21-Jul-2015 12:05:41	2015-07-21 19:05:41 +0000 Start: First Screen > Skip Login
build	21-Jul-2015 12:05:41	2015-07-21 19:05:41 +0000 Debug: target.frontMostApp().mainWindow().buttons()["Skip Login"].tap()
build	21-Jul-2015 12:05:42	2015-07-21 19:05:41 +0000 Pass: First Screen > Skip Login
build	21-Jul-2015 12:05:42	2015-07-21 19:05:41 +0000 Debug: target.captureRectOnScreenWithName("{origin:{x:0.00,y:0.00}, size:{height:667.00,width:375.00}}", UIScreen, "First Screen Tue, 21 Jul 2015 19:05:41 GMT")
build	21-Jul-2015 12:05:42	2015-07-21 19:05:42 +0000 Screenshot captured.
build	21-Jul-2015 12:05:42	2015-07-21 19:05:42 +0000 Debug: target.captureRectOnScreenWithName("{origin:{x:0.00,y:0.00}, size:{height:667.00,width:375.00}}", UIScreen, "First Screen Tue, 21 Jul 2015 19:05:42 GMT")
build	21-Jul-2015 12:05:42	2015-07-21 19:05:42 +0000 Screenshot captured.
build	21-Jul-2015 12:05:44	2015-07-21 19:05:44 +0000 Debug: target.frontMostApp().alert().cancelButton().tap()
build	21-Jul-2015 12:05:45	2015-07-21 19:05:45 +0000 Debug: target.frontMostApp().mainWindow().pageIndicators()[0].withValueForKey("1", "isVisible").selectPage("1")
build	21-Jul-2015 12:05:46	2015-07-21 19:05:46 +0000 Debug: target.captureRectOnScreenWithName("{origin:{x:0.00,y:0.00}, size:{height:667.00,width:375.00}}", UIScreen, "First Screen Tue, 21 Jul 2015 19:05:46 GMT")
build	21-Jul-2015 12:05:46	2015-07-21 19:05:46 +0000 Screenshot captured.
build	21-Jul-2015 12:05:46	2015-07-21 19:05:46 +0000 Debug: target.frontMostApp().mainWindow().scrollViews()[0].withValueForKey("1", "isVisible").scrollViews()[0].buttons()[0].tap()
build	21-Jul-2015 12:05:48	2015-07-21 19:05:48 +0000 Pass: First Screen
build	21-Jul-2015 12:05:48	2015-07-21 19:05:48 +0000 Start: Create View
build	21-Jul-2015 12:05:48	2015-07-21 19:05:48 +0000 Debug: target.frontMostApp().mainWindow().buttons()[0].withValueForKey("1", "isVisible").tap()
build	21-Jul-2015 12:05:48	2015-07-21 19:05:48 +0000 Debug: target.captureRectOnScreenWithName("{origin:{x:0.00,y:0.00}, size:{height:667.00,width:375.00}}", UIScreen, "Create View Tue, 21 Jul 2015 19:05:48 GMT")
build	21-Jul-2015 12:05:49	2015-07-21 19:05:48 +0000 Screenshot captured.
build	21-Jul-2015 12:05:49	2015-07-21 19:05:48 +0000 Debug: target.frontMostApp().mainWindow().textViews()[0].withValueForKey("1", "isVisible").tap()
build	21-Jul-2015 12:05:49	2015-07-21 19:05:49 +0000 Debug: target.frontMostApp().keyboard().typeString("Test Post")
build	21-Jul-2015 12:05:52	2015-07-21 19:05:52 +0000 Debug: target.frontMostApp().mainWindow().tapWithOptions({x:"0.5", y:"0.5"})
build	21-Jul-2015 12:05:52	2015-07-21 19:05:52 +0000 Debug: target.frontMostApp().mainWindow().buttons()[1].withValueForKey("1", "isVisible").tap()
build	21-Jul-2015 12:05:53	2015-07-21 19:05:53 +0000 Debug: target.captureRectOnScreenWithName("{origin:{x:0.00,y:0.00}, size:{height:667.00,width:375.00}}", UIScreen, "Create View Tue, 21 Jul 2015 19:05:53 GMT")
build	21-Jul-2015 12:05:53	2015-07-21 19:05:53 +0000 Screenshot captured.
build	21-Jul-2015 12:05:53	2015-07-21 19:05:53 +0000 Start: Create View > Search Web
build	21-Jul-2015 12:05:53	2015-07-21 19:05:53 +0000 Debug: target.frontMostApp().mainWindow().buttons()["Search Web"].tap()
build	21-Jul-2015 12:05:54	2015-07-21 19:05:53 +0000 Debug: target.captureRectOnScreenWithName("{origin:{x:0.00,y:0.00}, size:{height:667.00,width:375.00}}", UIScreen, "Create View > Search Web Tue, 21 Jul 2015 19:05:53 GMT")
build	21-Jul-2015 12:05:54	2015-07-21 19:05:53 +0000 Screenshot captured.
build	21-Jul-2015 12:05:54	2015-07-21 19:05:54 +0000 Debug: target.frontMostApp().keyboard().typeString("Cat\n")
build	21-Jul-2015 12:05:55	2015-07-21 19:05:55 +0000 Debug: target.captureRectOnScreenWithName("{origin:{x:0.00,y:0.00}, size:{height:667.00,width:375.00}}", UIScreen, "Create View > Search Web Tue, 21 Jul 2015 19:05:55 GMT")
build	21-Jul-2015 12:05:55	2015-07-21 19:05:55 +0000 Screenshot captured.
build	21-Jul-2015 12:05:56	2015-07-21 19:05:56 +0000 Debug: target.frontMostApp().mainWindow().collectionViews()[0].cells()[0].withValueForKey("1", "isVisible").tap()
build	21-Jul-2015 12:05:57	2015-07-21 19:05:57 +0000 Debug: target.captureRectOnScreenWithName("{origin:{x:0.00,y:0.00}, size:{height:667.00,width:375.00}}", UIScreen, "Create View Tue, 21 Jul 2015 19:05:57 GMT")
build	21-Jul-2015 12:05:57	2015-07-21 19:05:57 +0000 Screenshot captured.
build	21-Jul-2015 12:05:57	2015-07-21 19:05:57 +0000 Debug: target.frontMostApp().mainWindow().buttons()["Ok red"].tap()
build	21-Jul-2015 12:06:02	2015-07-21 19:06:02 +0000 Pass: Create View > Search Web
build	21-Jul-2015 12:06:02	2015-07-21 19:06:02 +0000 Debug: target.frontMostApp().mainWindow().buttons()[1].withValueForKey("1", "isVisible").tap()
build	21-Jul-2015 12:06:02	2015-07-21 19:06:02 +0000 Debug: target.captureRectOnScreenWithName("{origin:{x:0.00,y:0.00}, size:{height:667.00,width:375.00}}", UIScreen, "Create View Tue, 21 Jul 2015 19:06:02 GMT")
build	21-Jul-2015 12:06:03	2015-07-21 19:06:02 +0000 Screenshot captured.
build	21-Jul-2015 12:06:03	2015-07-21 19:06:02 +0000 Start: Create View > Add Sticker
build	21-Jul-2015 12:06:03	2015-07-21 19:06:02 +0000 Debug: target.frontMostApp().mainWindow().images()["add-sticker.png"].withValueForKey("1", "isVisible").tap()
build	21-Jul-2015 12:06:04	2015-07-21 19:06:04 +0000 Debug: target.frontMostApp().mainWindow().collectionViews()[0].cells()[0].withValueForKey("1", "isVisible").tap()
build	21-Jul-2015 12:06:05	2015-07-21 19:06:05 +0000 Debug: target.captureRectOnScreenWithName("{origin:{x:0.00,y:0.00}, size:{height:667.00,width:375.00}}", UIScreen, "Create View > Add Sticker Tue, 21 Jul 2015 19:06:05 GMT")
build	21-Jul-2015 12:06:05	2015-07-21 19:06:05 +0000 Screenshot captured.
build	21-Jul-2015 12:06:05	2015-07-21 19:06:05 +0000 Debug: target.captureRectOnScreenWithName("{origin:{x:0.00,y:0.00}, size:{height:667.00,width:375.00}}", UIScreen, "Create View Tue, 21 Jul 2015 19:06:05 GMT")
build	21-Jul-2015 12:06:05	2015-07-21 19:06:05 +0000 Screenshot captured.
build	21-Jul-2015 12:06:05	2015-07-21 19:06:05 +0000 Debug: target.frontMostApp().mainWindow().buttons()["Ok red"].tap()
build	21-Jul-2015 12:06:11	2015-07-21 19:06:10 +0000 Pass: Create View > Add Sticker
build	21-Jul-2015 12:06:11	2015-07-21 19:06:11 +0000 Debug: target.frontMostApp().mainWindow().buttons()[2].withValueForKey("1", "isVisible").tap()
build	21-Jul-2015 12:06:11	2015-07-21 19:06:11 +0000 Debug: target.captureRectOnScreenWithName("{origin:{x:0.00,y:0.00}, size:{height:667.00,width:375.00}}", UIScreen, "Create View Tue, 21 Jul 2015 19:06:11 GMT")
build	21-Jul-2015 12:06:11	2015-07-21 19:06:11 +0000 Screenshot captured.
build	21-Jul-2015 12:06:11	2015-07-21 19:06:11 +0000 Start: Create View > Choose From Library
build	21-Jul-2015 12:06:11	2015-07-21 19:06:11 +0000 Debug: target.frontMostApp().mainWindow().buttons()["Choose from library"].withValueForKey("1", "isVisible").tap()
build	21-Jul-2015 12:06:11	2015-07-21 19:06:11 +0000 Debug: target.captureRectOnScreenWithName("{origin:{x:0.00,y:0.00}, size:{height:667.00,width:375.00}}", UIScreen, "Create View > Choose From Library Tue, 21 Jul 2015 19:06:11 GMT")
build	21-Jul-2015 12:06:11	2015-07-21 19:06:11 +0000 Screenshot captured.
build	21-Jul-2015 12:06:13	2015-07-21 19:06:13 +0000 Debug: target.frontMostApp().alert().defaultButton().tap()
build	21-Jul-2015 12:06:14	2015-07-21 19:06:14 +0000 Debug: target.frontMostApp().mainWindow().tableViews()[0].cells()[0].withValueForKey("1", "isVisible").tap()
build	21-Jul-2015 12:06:14	2015-07-21 19:06:14 +0000 Debug: target.captureRectOnScreenWithName("{origin:{x:0.00,y:0.00}, size:{height:667.00,width:375.00}}", UIScreen, "Create View > Choose From Library Tue, 21 Jul 2015 19:06:14 GMT")
build	21-Jul-2015 12:06:15	2015-07-21 19:06:14 +0000 Screenshot captured.
build	21-Jul-2015 12:06:15	2015-07-21 19:06:15 +0000 Debug: target.frontMostApp().mainWindow().collectionViews()[0].visibleCells()[0].withValueForKey("1", "isVisible").tap()
build	21-Jul-2015 12:06:16	2015-07-21 19:06:15 +0000 Debug: target.captureRectOnScreenWithName("{origin:{x:0.00,y:0.00}, size:{height:667.00,width:375.00}}", UIScreen, "Create View > Choose From Library Tue, 21 Jul 2015 19:06:15 GMT")
build	21-Jul-2015 12:06:16	2015-07-21 19:06:16 +0000 Screenshot captured.
build	21-Jul-2015 12:06:26	2015-07-21 19:06:26 +0000 Pass: Create View > Choose From Library
build	21-Jul-2015 12:06:26	2015-07-21 19:06:26 +0000 Debug: target.captureRectOnScreenWithName("{origin:{x:0.00,y:0.00}, size:{height:667.00,width:375.00}}", UIScreen, "Create View Tue, 21 Jul 2015 19:06:26 GMT")
build	21-Jul-2015 12:06:26	2015-07-21 19:06:26 +0000 Screenshot captured.
build	21-Jul-2015 12:06:26	2015-07-21 19:06:26 +0000 Debug: target.frontMostApp().mainWindow().buttons()["Done"].tap()
build	21-Jul-2015 12:06:29	2015-07-21 19:06:29 +0000 Debug: target.frontMostApp().mainWindow().buttons()["create share done"].tap()
build	21-Jul-2015 12:06:29	2015-07-21 19:06:29 +0000 Debug: target.captureRectOnScreenWithName("{origin:{x:0.00,y:0.00}, size:{height:667.00,width:375.00}}", UIScreen, "Create View Tue, 21 Jul 2015 19:06:29 GMT")
build	21-Jul-2015 12:06:29	2015-07-21 19:06:29 +0000 Screenshot captured.
build	21-Jul-2015 12:06:29	2015-07-21 19:06:29 +0000 Pass: Create View
build	21-Jul-2015 12:06:31	2015-07-21 19:06:30 +0000 logElementTree:
build	21-Jul-2015 12:06:31	UIATarget "iPhone Simulator" {{0, 0}, {375, 667}}
build	21-Jul-2015 12:06:31	elements: {
build	21-Jul-2015 12:06:31		UIAApplication "Wishbone" {{0, 24.125}, {375, 642.1875}}
build	21-Jul-2015 12:06:31		elements: {
build	21-Jul-2015 12:06:31			UIAWindow "(null)" {{0, 0}, {375, 667}}
build	21-Jul-2015 12:06:31			UIAWindow "(null)" {{0, 0.6875}, {375, 665.625}}
build	21-Jul-2015 12:06:31			elements: {
build	21-Jul-2015 12:06:31				UIATableView "(null)" {{0, -224.3125}, {375, 283.59375}}
build	21-Jul-2015 12:06:31				elements: {
build	21-Jul-2015 12:06:31					UIATableCell "My Wishbones" {{0, -224.3125}, {375, 51.5625}}
build	21-Jul-2015 12:06:31					elements: {
build	21-Jul-2015 12:06:31						UIAStaticText "My Wishbones" {{23.4375, -202.046875}, {328.125, 24.609375}}
build	21-Jul-2015 12:06:31					}
build	21-Jul-2015 12:06:31					UIATableCell "Find Friends" {{0, -172.75}, {375, 51.5625}}
build	21-Jul-2015 12:06:31					elements: {
build	21-Jul-2015 12:06:31						UIAStaticText "Find Friends" {{23.4375, -150.484375}, {328.125, 24.609375}}
build	21-Jul-2015 12:06:31					}
build	21-Jul-2015 12:06:31					UIATableCell "About Wishbone" {{0, -121.1875}, {375, 51.5625}}
build	21-Jul-2015 12:06:31					elements: {
build	21-Jul-2015 12:06:31						UIAStaticText "About Wishbone" {{23.4375, -98.921875}, {328.125, 24.609375}}
build	21-Jul-2015 12:06:31					}
build	21-Jul-2015 12:06:31					UIATableCell "Share with a Friend" {{0, -69.625}, {375, 51.5625}}
build	21-Jul-2015 12:06:31					elements: {
build	21-Jul-2015 12:06:31						UIAStaticText "Share with a Friend" {{23.4375, -47.359375}, {328.125, 24.609375}}
build	21-Jul-2015 12:06:31					}
build	21-Jul-2015 12:06:31					UIATableCell "Contact Us" {{0, -18.0625}, {375, 51.5625}}
build	21-Jul-2015 12:06:31					elements: {
build	21-Jul-2015 12:06:31						UIAStaticText "Contact Us" {{23.4375, 4.203125}, {328.125, 24.609375}}
build	21-Jul-2015 12:06:31					}
build	21-Jul-2015 12:06:31				}
build	21-Jul-2015 12:06:31				UIAImage "menu.png" {{17.578125, 39.359375}, {23.4375, 9.375}}
build	21-Jul-2015 12:06:31				UIASegmentedControl "(null)" {{62.109375, 26.46875}, {251.953125, 33.984375}}
build	21-Jul-2015 12:06:31				elements: {
build	21-Jul-2015 12:06:31					UIAButton "Trending" {{62.109375, 26.46875}, {125.390625, 33.984375}}
build	21-Jul-2015 12:06:31					UIAButton "Friends" {{188.671875, 26.46875}, {125.390625, 33.984375}}
build	21-Jul-2015 12:06:31				}
build	21-Jul-2015 12:06:31				UIAImage "Nav-Header-Logo" {{179.296875, 33.5}, {17.578125, 21.09375}}
build	21-Jul-2015 12:06:31				UIAButton "create card" {{314.0625, 26.46875}, {51.5625, 35.15625}}
build	21-Jul-2015 12:06:31				UIATableView "(null)" {{0, 65.140625}, {375, 601.171875}}
build	21-Jul-2015 12:06:31				elements: {
build	21-Jul-2015 12:06:31					UIATableCell "Which disney princess set is better?" {{0, 65.140625}, {375, 601.171875}}
build	21-Jul-2015 12:06:31					elements: {
build	21-Jul-2015 12:06:31						UIAStaticText "Which disney princess set is better?" {{18.75, 94.4375}, {337.5, 22.5}}
build	21-Jul-2015 12:06:31						UIAStaticText "Films&TV " {{73.828125, 569.046875}, {168.75, 24.609375}}
build	21-Jul-2015 12:06:31						UIAStaticText "1/12" {{169.921875, 142.484375}, {31.640625, 19.921875}}
build	21-Jul-2015 12:06:31						UIAStaticText "347929 votes" {{250.78125, 567.875}, {105.46875, 24.609375}}
build	21-Jul-2015 12:06:31						UIAButton "new share" {{317.578125, 491.703125}, {48.046875, 48.046875}}
build	21-Jul-2015 12:06:31					}
build	21-Jul-2015 12:06:31					UIATableCell "Do you have more fun with your family or friends?" {{0, 666.3125}, {375, 601.171875}}
build	21-Jul-2015 12:06:31					elements: {
build	21-Jul-2015 12:06:31						UIAStaticText "Do you have more fun with your family or friends?" {{0, 0}, {288, 38.5}}
build	21-Jul-2015 12:06:31						UIAStaticText "2/12" {{0, 0}, {28, 17}}
build	21-Jul-2015 12:06:31						UIAStaticText "Life Posts" {{0, 0}, {144, 21}}
build	21-Jul-2015 12:06:31						UIAStaticText "344812 votes" {{0, 0}, {90, 21}}
build	21-Jul-2015 12:06:31						UIAButton "new share" {{0, 0.6875}, {48.046875, 48.046875}}
build	21-Jul-2015 12:06:31					}
build	21-Jul-2015 12:06:31					UIATableCell "Would you rather go water rafting or cliff diving? " {{0, 1267.484375}, {375, 601.171875}}
build	21-Jul-2015 12:06:31					elements: {
build	21-Jul-2015 12:06:31						UIAStaticText "Would you rather go water rafting or cliff diving? " {{0, 0}, {288, 38.5}}
build	21-Jul-2015 12:06:31						UIAStaticText "3/12" {{0, 0}, {28, 17}}
build	21-Jul-2015 12:06:31						UIAStaticText "Would You Rather" {{0, 0}, {144, 21}}
build	21-Jul-2015 12:06:31						UIAStaticText "342835 votes" {{0, 0}, {90, 21}}
build	21-Jul-2015 12:06:31						UIAButton "new share" {{0, 0.6875}, {48.046875, 48.046875}}
build	21-Jul-2015 12:06:31					}
build	21-Jul-2015 12:06:31					UIATableCell "Would you rather be a firefly or a butterfly?" {{0, 1868.65625}, {375, 601.171875}}
build	21-Jul-2015 12:06:31					elements: {
build	21-Jul-2015 12:06:31						UIAStaticText "Would you rather be a firefly or a butterfly?" {{0, 0}, {288, 38.5}}
build	21-Jul-2015 12:06:31						UIAStaticText "4/12" {{0, 0}, {28.5, 17}}
build	21-Jul-2015 12:06:31						UIAStaticText "Animal Friendly " {{0, 0}, {144, 21}}
build	21-Jul-2015 12:06:31						UIAStaticText "339899 votes" {{0, 0}, {90, 21}}
build	21-Jul-2015 12:06:31						UIAButton "new share" {{0, 0.6875}, {48.046875, 48.046875}}
build	21-Jul-2015 12:06:31					}
build	21-Jul-2015 12:06:31					UIATableCell "What's worse, clumpy lashes or lipstick on teeth?" {{0, 2469.828125}, {375, 601.171875}}
build	21-Jul-2015 12:06:31					elements: {
build	21-Jul-2015 12:06:31						UIAStaticText "What's worse, clumpy lashes or lipstick on teeth?" {{0, 0}, {288, 38.5}}
build	21-Jul-2015 12:06:31						UIAStaticText "5/12" {{0, 0}, {28, 17}}
build	21-Jul-2015 12:06:31						UIAStaticText "Fashion" {{0, 0}, {144, 21}}
build	21-Jul-2015 12:06:31						UIAStaticText "338477 votes" {{0, 0}, {90, 21}}
build	21-Jul-2015 12:06:31						UIAButton "new share" {{0, 0.6875}, {48.046875, 48.046875}}
build	21-Jul-2015 12:06:31					}
build	21-Jul-2015 12:06:31					UIATableCell "Sexy or classy?" {{0, 3071}, {375, 601.171875}}
build	21-Jul-2015 12:06:31					elements: {
build	21-Jul-2015 12:06:31						UIAStaticText "Sexy or classy?" {{0, 0}, {288, 19.200000000000003}}
build	21-Jul-2015 12:06:31						UIAStaticText "6/12" {{0, 0}, {28.5, 17}}
build	21-Jul-2015 12:06:31						UIAStaticText "Hot or Not" {{0, 0}, {144, 21}}
build	21-Jul-2015 12:06:31						UIAStaticText "334227 votes" {{0, 0}, {90, 21}}
build	21-Jul-2015 12:06:31						UIAButton "new share" {{0, 0.6875}, {48.046875, 48.046875}}
build	21-Jul-2015 12:06:31					}
build	21-Jul-2015 12:06:31					UIATableCell "Who's hotter?" {{0, 3672.171875}, {375, 601.171875}}
build	21-Jul-2015 12:06:31					elements: {
build	21-Jul-2015 12:06:31						UIAStaticText "Who's hotter?" {{0, 0}, {288, 19.200000000000003}}
build	21-Jul-2015 12:06:31						UIAStaticText "7/12" {{0, 0}, {27.5, 17}}
build	21-Jul-2015 12:06:31						UIAStaticText "Celeb Obsessed " {{0, 0}, {144, 21}}
build	21-Jul-2015 12:06:31						UIAStaticText "329555 votes" {{0, 0}, {90, 21}}
build	21-Jul-2015 12:06:31						UIAButton "new share" {{0, 0.6875}, {48.046875, 48.046875}}
build	21-Jul-2015 12:06:31					}
build	21-Jul-2015 12:06:31					UIATableCell "Neck or foot massages?" {{0, 4273.34375}, {375, 601.171875}}
build	21-Jul-2015 12:06:31					elements: {
build	21-Jul-2015 12:06:31						UIAStaticText "Neck or foot massages?" {{0, 0}, {288, 19.200000000000003}}
build	21-Jul-2015 12:06:31						UIAStaticText "8/12" {{0, 0}, {28.5, 17}}
build	21-Jul-2015 12:06:31						UIAStaticText "Life Posts" {{0, 0}, {144, 21}}
build	21-Jul-2015 12:06:31						UIAStaticText "332568 votes" {{0, 0}, {90, 21}}
build	21-Jul-2015 12:06:31						UIAButton "new share" {{0, 0.6875}, {48.046875, 48.046875}}
build	21-Jul-2015 12:06:31					}
build	21-Jul-2015 12:06:31					UIATableCell "What's worse peeling or being burned? " {{0, 4874.515625}, {375, 601.171875}}
build	21-Jul-2015 12:06:31					elements: {
build	21-Jul-2015 12:06:31						UIAStaticText "What's worse peeling or being burned? " {{0, 0}, {288, 38.5}}
build	21-Jul-2015 12:06:31						UIAStaticText "9/12" {{0, 0}, {28.5, 17}}
build	21-Jul-2015 12:06:31						UIAStaticText "Life Posts" {{0, 0}, {144, 21}}
build	21-Jul-2015 12:06:31						UIAStaticText "331006 votes" {{0, 0}, {90, 21}}
build	21-Jul-2015 12:06:31						UIAButton "new share" {{0, 0.6875}, {48.046875, 48.046875}}
build	21-Jul-2015 12:06:31					}
build	21-Jul-2015 12:06:31					UIATableCell "Which mean girls quote?" {{0, 5475.6875}, {375, 601.171875}}
build	21-Jul-2015 12:06:31					elements: {
build	21-Jul-2015 12:06:31						UIAStaticText "Which mean girls quote?" {{0, 0}, {288, 19.200000000000003}}
build	21-Jul-2015 12:06:31						UIAStaticText "10/12" {{0, 0}, {35.5, 17}}
build	21-Jul-2015 12:06:31						UIAStaticText "Films&TV " {{0, 0}, {144, 21}}
build	21-Jul-2015 12:06:31						UIAStaticText "328514 votes" {{0, 0}, {90, 21}}
build	21-Jul-2015 12:06:31						UIAButton "new share" {{0, 0.6875}, {48.046875, 48.046875}}
build	21-Jul-2015 12:06:31					}
build	21-Jul-2015 12:06:31					UIATableCell "Do you prefer humid or dry weather?" {{0, 6076.859375}, {375, 601.171875}}
build	21-Jul-2015 12:06:31					elements: {
build	21-Jul-2015 12:06:31						UIAStaticText "Do you prefer humid or dry weather?" {{0, 0}, {288, 19.200000000000003}}
build	21-Jul-2015 12:06:31						UIAStaticText "11/12" {{0, 0}, {33.5, 17}}
build	21-Jul-2015 12:06:31						UIAStaticText "Life Posts" {{0, 0}, {144, 21}}
build	21-Jul-2015 12:06:31						UIAStaticText "322985 votes" {{0, 0}, {90, 21}}
build	21-Jul-2015 12:06:31						UIAButton "new share" {{0, 0.6875}, {48.046875, 48.046875}}
build	21-Jul-2015 12:06:31					}
build	21-Jul-2015 12:06:31					UIATableCell "Be in a freezing bath or boiling hot bath?" {{0, 6678.03125}, {375, 601.171875}}
build	21-Jul-2015 12:06:31					elements: {
build	21-Jul-2015 12:06:31						UIAStaticText "Be in a freezing bath or boiling hot bath?" {{0, 0}, {288, 38.5}}
build	21-Jul-2015 12:06:31						UIAStaticText "12/12" {{0, 0}, {34.5, 17}}
build	21-Jul-2015 12:06:31						UIAStaticText "Would You Rather" {{0, 0}, {144, 21}}
build	21-Jul-2015 12:06:31						UIAStaticText "316710 votes" {{0, 0}, {90, 21}}
build	21-Jul-2015 12:06:31						UIAButton "new share" {{0, 0.6875}, {48.046875, 48.046875}}
build	21-Jul-2015 12:06:31					}
build	21-Jul-2015 12:06:31					UIAStaticText "Your Daily Dozen" {{56.25, 7362.40625}, {295.3125, 35.15625}}
build	21-Jul-2015 12:06:31					UIAStaticText "0 of 12 complete" {{56.25, 7406.9375}, {295.3125, 24.609375}}
build	21-Jul-2015 12:06:31					UIAButton "1   Not Filled" {{56.25, 7480.765625}, {36.328125, 36.328125}}
build	21-Jul-2015 12:06:31					UIAButton "2   Not Filled" {{101.953125, 7480.765625}, {36.328125, 36.328125}}
build	21-Jul-2015 12:06:31					UIAButton "3   Not Filled" {{147.65625, 7480.765625}, {36.328125, 36.328125}}
build	21-Jul-2015 12:06:31					UIAButton "4   Not Filled" {{193.359375, 7480.765625}, {36.328125, 36.328125}}
build	21-Jul-2015 12:06:31					UIAButton "5   Not Filled" {{239.0625, 7480.765625}, {36.328125, 36.328125}}
build	21-Jul-2015 12:06:31					UIAButton "6   Not Filled" {{284.765625, 7480.765625}, {36.328125, 36.328125}}
build	21-Jul-2015 12:06:31					UIAButton "7   Not Filled" {{56.25, 7526.46875}, {36.328125, 36.328125}}
build	21-Jul-2015 12:06:31					UIAButton "8   Not Filled" {{101.953125, 7526.46875}, {36.328125, 36.328125}}
build	21-Jul-2015 12:06:31					UIAButton "9   Not Filled" {{147.65625, 7526.46875}, {36.328125, 36.328125}}
build	21-Jul-2015 12:06:31					UIAButton "10   Not Filled" {{193.359375, 7526.46875}, {36.328125, 36.328125}}
build	21-Jul-2015 12:06:31					UIAButton "11   Not Filled" {{239.0625, 7526.46875}, {36.328125, 36.328125}}
build	21-Jul-2015 12:06:31					UIAButton "12   Not Filled" {{284.765625, 7526.46875}, {36.328125, 36.328125}}
build	21-Jul-2015 12:06:31					UIAButton "13   Not Filled" {{147.65625, 7597.953125}, {36.328125, 36.328125}}
build	21-Jul-2015 12:06:31					elements: {
build	21-Jul-2015 12:06:31						UIAImage "13 - Not Filled.png" {{147.65625, 7597.953125}, {36.328125, 36.328125}}
build	21-Jul-2015 12:06:31					}
build	21-Jul-2015 12:06:31					UIAButton "14   Not Filled" {{193.359375, 7597.953125}, {36.328125, 36.328125}}
build	21-Jul-2015 12:06:31					elements: {
build	21-Jul-2015 12:06:31						UIAImage "14 - Not Filled.png" {{193.359375, 7597.953125}, {36.328125, 36.328125}}
build	21-Jul-2015 12:06:31					}
build	21-Jul-2015 12:06:31					UIAButton "Share" {{56.25, 7643.65625}, {263.671875, 64.453125}}
build	21-Jul-2015 12:06:31					UIAButton "watch a 10 seconds video" {{93.75, 7717.484375}, {215.625, 51.5625}}
build	21-Jul-2015 12:06:31					elements: {
build	21-Jul-2015 12:06:31						UIAStaticText "watch a 10 seconds video" {{98.4375, 7732.71875}, {206.8359375, 21.09375}}
build	21-Jul-2015 12:06:31					}
build	21-Jul-2015 12:06:31					UIAStaticText "or" {{71.484375, 7731.546875}, {17.578125, 24.609375}}
build	21-Jul-2015 12:06:31					UIAStaticText "to earn 2 bonus questions" {{56.25, 7743.265625}, {267.1875, 24.609375}}
build	21-Jul-2015 12:06:31					UIAButton "gear" {{166.40625, 7772.5625}, {46.875, 46.875}}
build	21-Jul-2015 12:06:31					elements: {
build	21-Jul-2015 12:06:31						UIAImage "gear.png" {{174.0234375, 7780.1796875}, {31.0546875, 31.0546875}}
build	21-Jul-2015 12:06:31					}
build	21-Jul-2015 12:06:31				}
build	21-Jul-2015 12:06:31				UIAStaticText "Daily Dozen" {{9.375, 625.296875}, {168.75, 24.609375}}
build	21-Jul-2015 12:06:31				UIAStaticText "Community" {{196.875, 625.296875}, {168.75, 24.609375}}
build	21-Jul-2015 12:06:31				UIAToolbar "(null)" {{0, 666.3125}, {375, 51.5625}}
build	21-Jul-2015 12:06:31				elements: {
build	21-Jul-2015 12:06:31					UIAImage "(null)" {{0, 665.7265625}, {375, 0.5859375}}
build	21-Jul-2015 12:06:31					UIAImage "(null)" {{0, 666.3125}, {375, 51.5625}}
build	21-Jul-2015 12:06:31				}
build	21-Jul-2015 12:06:31				UIAImage "create-share-mark.png" {{164.0625, 738.96875}, {46.875, 44.53125}}
build	21-Jul-2015 12:06:31				UIAStaticText "WISHBONE CREATED" {{46.875, 830.375}, {281.25, 24.609375}}
build	21-Jul-2015 12:06:31				UIAStaticText "We get many cards submitted everyday, so cross your fingers we select yours to be featured!" {{21.09375, 877.25}, {333.984375, 59.765625}}
build	21-Jul-2015 12:06:31				UIAStaticText "Poll your friends now to get instant votes and increase your odds of getting selected!" {{21.09375, 1012.015625}, {333.984375, 38.671875}}
build	21-Jul-2015 12:06:31				UIAStaticText "POLL WITH" {{18.75, 1074.125}, {337.5, 24.609375}}
build	21-Jul-2015 12:06:31				UIAButton "create share msg" {{21.09375, 1124.515625}, {105.46875, 105.46875}}
build	21-Jul-2015 12:06:31				UIAButton "create share tw" {{134.765625, 1124.515625}, {105.46875, 105.46875}}
build	21-Jul-2015 12:06:31				UIAButton "create share insta" {{249.609375, 1124.515625}, {106.640625, 105.46875}}
build	21-Jul-2015 12:06:31				UIAButton "create share done" {{21.09375, 1244.046875}, {333.984375, 64.453125}}
build	21-Jul-2015 12:06:31			}
build	21-Jul-2015 12:06:31			UIAWindow "(null)" {{0, 0.6875}, {375, 665.625}}
build	21-Jul-2015 12:06:31			UIAWindow "(null)" {{0, 0.6875}, {375, 665.625}}
build	21-Jul-2015 12:06:31			elements: {
build	21-Jul-2015 12:06:31				UIAStatusBar "(null)" {{0, 0.6875}, {375, 23.4375}}
build	21-Jul-2015 12:06:31				elements: {
build	21-Jul-2015 12:06:31					UIAElement "Swipe down with three fingers to reveal the notification center., Swipe up with three fingers to reveal the control center, Double-tap to scroll to top" {{7.03125, 0.6875}, {44.53125, 23.4375}}
build	21-Jul-2015 12:06:31					UIAElement "3 of 3 Wi-Fi bars" {{57.421875, 0.6875}, {15.234375, 23.4375}}
build	21-Jul-2015 12:06:31					UIAElement "12:06 PM" {{157.03125, 0.6875}, {60.9375, 23.4375}}
build	21-Jul-2015 12:06:31					UIAElement "100% battery power" {{339.84375, 0.6875}, {29.296875, 23.4375}}
build	21-Jul-2015 12:06:31				}
build	21-Jul-2015 12:06:31			}
build	21-Jul-2015 12:06:31		}
build	21-Jul-2015 12:06:31	}
build	21-Jul-2015 12:06:31	
build	21-Jul-2015 12:06:31	2015-07-21 19:06:30 +0000 Start: Menu
build	21-Jul-2015 12:06:35	2015-07-21 19:06:35 +0000 Debug: target.tap({x:"16.5", y:"26.5"})
build	21-Jul-2015 12:06:40	2015-07-21 19:06:40 +0000 Start: Menu > My Wishbones
build	21-Jul-2015 12:06:40	2015-07-21 19:06:40 +0000 Debug: target.frontMostApp().mainWindow().tableViews().firstWithPredicate("value like 'rows 1 to 5 of 5'").withValueForKey("1", "isVisible").cells()[0].withValueForKey("1", "isVisible").tap()
build	21-Jul-2015 12:06:40	2015-07-21 19:06:40 +0000 Debug: target.captureRectOnScreenWithName("{origin:{x:0.00,y:0.00}, size:{height:667.00,width:375.00}}", UIScreen, "Menu > My Wishbones Tue, 21 Jul 2015 19:06:40 GMT")
build	21-Jul-2015 12:06:40	2015-07-21 19:06:40 +0000 Screenshot captured.
build	21-Jul-2015 12:06:41	2015-07-21 19:06:41 +0000 Debug: target.frontMostApp().mainWindow().tableViews()[0].buttons()["edit profile"].withValueForKey("1", "isVisible").tap()
build	21-Jul-2015 12:06:41	2015-07-21 19:06:41 +0000 Debug: target.captureRectOnScreenWithName("{origin:{x:0.00,y:0.00}, size:{height:667.00,width:375.00}}", UIScreen, "Menu > My Wishbones Tue, 21 Jul 2015 19:06:41 GMT")
build	21-Jul-2015 12:06:41	2015-07-21 19:06:41 +0000 Screenshot captured.
build	21-Jul-2015 12:06:41	2015-07-21 19:06:41 +0000 Debug: target.frontMostApp().mainWindow().scrollViews()[0].buttons()["Edit"].withValueForKey("1", "isVisible").tap()
build	21-Jul-2015 12:06:42	2015-07-21 19:06:42 +0000 Debug: target.captureRectOnScreenWithName("{origin:{x:0.00,y:0.00}, size:{height:667.00,width:375.00}}", UIScreen, "Menu > My Wishbones Tue, 21 Jul 2015 19:06:42 GMT")
build	21-Jul-2015 12:06:42	2015-07-21 19:06:42 +0000 Screenshot captured.
build	21-Jul-2015 12:06:42	2015-07-21 19:06:42 +0000 Start: Create View > Choose From Library
build	21-Jul-2015 12:06:42	2015-07-21 19:06:42 +0000 Debug: target.frontMostApp().mainWindow().buttons()["Choose from library"].withValueForKey("1", "isVisible").tap()
build	21-Jul-2015 12:06:43	2015-07-21 19:06:43 +0000 Debug: target.captureRectOnScreenWithName("{origin:{x:0.00,y:0.00}, size:{height:667.00,width:375.00}}", UIScreen, "Create View > Choose From Library Tue, 21 Jul 2015 19:06:43 GMT")
build	21-Jul-2015 12:06:43	2015-07-21 19:06:43 +0000 Screenshot captured.
build	21-Jul-2015 12:06:43	2015-07-21 19:06:43 +0000 Debug: target.frontMostApp().mainWindow().tableViews()[0].cells()[0].withValueForKey("1", "isVisible").tap()
build	21-Jul-2015 12:06:44	2015-07-21 19:06:44 +0000 Debug: target.captureRectOnScreenWithName("{origin:{x:0.00,y:0.00}, size:{height:667.00,width:375.00}}", UIScreen, "Create View > Choose From Library Tue, 21 Jul 2015 19:06:44 GMT")
build	21-Jul-2015 12:06:44	2015-07-21 19:06:44 +0000 Screenshot captured.
build	21-Jul-2015 12:06:44	2015-07-21 19:06:44 +0000 Debug: target.frontMostApp().mainWindow().collectionViews()[0].visibleCells()[0].withValueForKey("1", "isVisible").tap()
build	21-Jul-2015 12:06:45	2015-07-21 19:06:45 +0000 Debug: target.captureRectOnScreenWithName("{origin:{x:0.00,y:0.00}, size:{height:667.00,width:375.00}}", UIScreen, "Create View > Choose From Library Tue, 21 Jul 2015 19:06:45 GMT")
build	21-Jul-2015 12:06:45	2015-07-21 19:06:45 +0000 Screenshot captured.
build	21-Jul-2015 12:06:55	2015-07-21 19:06:55 +0000 Pass: Create View > Choose From Library
build	21-Jul-2015 12:06:55	2015-07-21 19:06:55 +0000 Debug: target.frontMostApp().mainWindow().scrollViews()[0].textFields()[4].withValueForKey("1", "isVisible").tap()
build	21-Jul-2015 12:06:55	2015-07-21 19:06:55 +0000 Debug: target.captureRectOnScreenWithName("{origin:{x:0.00,y:0.00}, size:{height:667.00,width:375.00}}", UIScreen, "Menu > My Wishbones Tue, 21 Jul 2015 19:06:55 GMT")
build	21-Jul-2015 12:06:55	2015-07-21 19:06:55 +0000 Screenshot captured.
build	21-Jul-2015 12:06:56	2015-07-21 19:06:55 +0000 Debug: target.frontMostApp().actionSheet().collectionViews()[0].cells()["Male"].buttons()["Male"].withValueForKey("1", "isVisible").tap()
build	21-Jul-2015 12:06:59	2015-07-21 19:06:59 +0000 Debug: target.frontMostApp().mainWindow().scrollViews()[0].textFields()[5].withValueForKey("1", "isVisible").tap()
build	21-Jul-2015 12:06:59	2015-07-21 19:06:59 +0000 Debug: target.captureRectOnScreenWithName("{origin:{x:0.00,y:0.00}, size:{height:667.00,width:375.00}}", UIScreen, "Menu > My Wishbones Tue, 21 Jul 2015 19:06:59 GMT")
build	21-Jul-2015 12:06:59	2015-07-21 19:06:59 +0000 Screenshot captured.
build	21-Jul-2015 12:07:00	2015-07-21 19:06:59 +0000 logElementTree:
build	21-Jul-2015 12:07:00	UIATarget "iPhone Simulator" {{0, 0}, {375, 667}}
build	21-Jul-2015 12:07:00	elements: {
build	21-Jul-2015 12:07:00		UIAApplication "Wishbone" {{0, 24.125}, {375, 642.1875}}
build	21-Jul-2015 12:07:00		elements: {
build	21-Jul-2015 12:07:00			UIAWindow "(null)" {{0, 0}, {375, 667}}
build	21-Jul-2015 12:07:00			UIAWindow "(null)" {{0, 0.6875}, {375, 665.625}}
build	21-Jul-2015 12:07:00			elements: {
build	21-Jul-2015 12:07:00				UIAButton "create back" {{1.171875, 18.265625}, {46.875, 46.875}}
build	21-Jul-2015 12:07:00				UIAStaticText "Edit Profile" {{80.859375, 28.8125}, {214.453125, 24.609375}}
build	21-Jul-2015 12:07:00				UIAButton "Done" {{307.03125, 24.125}, {53.90625, 35.15625}}
build	21-Jul-2015 12:07:00				UIAScrollView "(null)" {{0, 65.140625}, {375, 601.171875}}
build	21-Jul-2015 12:07:00				elements: {
build	21-Jul-2015 12:07:00					UIAImage "(null)" {{18.75, -9.859375}, {70.3125, 70.3125}}
build	21-Jul-2015 12:07:00					UIATextField "(null)" {{139.453125, -13.375}, {187.5, 35.15625}}
build	21-Jul-2015 12:07:00					elements: {
build	21-Jul-2015 12:07:00						UIATextField "(null)" {{139.453125, -13.375}, {187.5, 35.15625}}
build	21-Jul-2015 12:07:00					}
build	21-Jul-2015 12:07:00					UIAImage "user-handle-img.png" {{117.1875, 5.375}, {12.890625, 16.40625}}
build	21-Jul-2015 12:07:00					UIAImage "available-mark.png" {{342.1875, -1.65625}, {10.546875, 10.546875}}
build	21-Jul-2015 12:07:00					UIATextField "(null)" {{139.453125, 29.984375}, {216.796875, 35.15625}}
build	21-Jul-2015 12:07:00					elements: {
build	21-Jul-2015 12:07:00						UIATextField "(null)" {{139.453125, 29.984375}, {216.796875, 35.15625}}
build	21-Jul-2015 12:07:00					}
build	21-Jul-2015 12:07:00					UIAButton "Edit" {{26.953125, 55.765625}, {53.90625, 35.15625}}
build	21-Jul-2015 12:07:00					UIAImage "user-name-img.png" {{117.1875, 49.90625}, {15.234375, 15.234375}}
build	21-Jul-2015 12:07:00					UIAStaticText "Private Information" {{18.75, 109.671875}, {337.5, 24.609375}}
build	21-Jul-2015 12:07:00					UIATextField "(null)" {{46.875, 135.453125}, {309.375, 35.15625}}
build	21-Jul-2015 12:07:00					elements: {
build	21-Jul-2015 12:07:00						UIATextField "(null)" {{46.875, 135.453125}, {309.375, 35.15625}}
build	21-Jul-2015 12:07:00					}
build	21-Jul-2015 12:07:00					UIAImage "email-img.png" {{18.75, 157.71875}, {17.578125, 12.890625}}
build	21-Jul-2015 12:07:00					UIATextField "(null)" {{46.875, 191.703125}, {308.203125, 35.15625}}
build	21-Jul-2015 12:07:00					elements: {
build	21-Jul-2015 12:07:00						UIATextField "(null)" {{46.875, 191.703125}, {308.203125, 35.15625}}
build	21-Jul-2015 12:07:00					}
build	21-Jul-2015 12:07:00					UIAImage "phone-img.png" {{18.75, 210.453125}, {11.71875, 16.40625}}
build	21-Jul-2015 12:07:00					UIATextField "(null)" {{46.875, 247.953125}, {308.203125, 35.15625}}
build	21-Jul-2015 12:07:00					elements: {
build	21-Jul-2015 12:07:00						UIATextField "(null)" {{46.875, 247.953125}, {308.203125, 35.15625}}
build	21-Jul-2015 12:07:00					}
build	21-Jul-2015 12:07:00					UIAImage "gender-img.png" {{18.75, 266.703125}, {12.890625, 16.40625}}
build	21-Jul-2015 12:07:00					UIATextField "(null)" {{46.875, 305.375}, {308.203125, 35.15625}}
build	21-Jul-2015 12:07:00					elements: {
build	21-Jul-2015 12:07:00						UIATextField "(null)" {{46.875, 300.1015625}, {308.203125, 35.15625}}
build	21-Jul-2015 12:07:00					}
build	21-Jul-2015 12:07:00					UIAImage "age-img.png" {{18.75, 317.6796875}, {12.890625, 16.40625}}
build	21-Jul-2015 12:07:00					UIAButton "profile gear" {{328.125, 502.25}, {46.875, 46.875}}
build	21-Jul-2015 12:07:00					UIAImage "(null)" {{366.796875, 546.1953125}, {8.203125, 2.9296875}}
build	21-Jul-2015 12:07:00					UIAImage "(null)" {{372.0703125, 540.921875}, {2.9296875, 8.203125}}
build	21-Jul-2015 12:07:00				}
build	21-Jul-2015 12:07:00			}
build	21-Jul-2015 12:07:00			UIAWindow "(null)" {{0, 0.6875}, {375, 665.625}}
build	21-Jul-2015 12:07:00			elements: {
build	21-Jul-2015 12:07:00				UIAToolbar "(null)" {{0, 361.625}, {375, 51.5625}}
build	21-Jul-2015 12:07:00				elements: {
build	21-Jul-2015 12:07:00					UIAImage "(null)" {{0, 361.0390625}, {375, 0.5859375}}
build	21-Jul-2015 12:07:00					UIAImage "(null)" {{0, 361.625}, {375, 51.5625}}
build	21-Jul-2015 12:07:00					UIAButton "Done" {{3.515625, 363.96875}, {59.765625, 46.875}}
build	21-Jul-2015 12:07:00				}
build	21-Jul-2015 12:07:00				UIAPicker "(null)" {{0, 413.1875}, {375, 253.125}}
build	21-Jul-2015 12:07:00				elements: {
build	21-Jul-2015 12:07:00					UIAPickerWheel "(null)" {{33.984375, 369.2421875}, {157.03125, 341.015625}}
build	21-Jul-2015 12:07:00					UIAPickerWheel "(null)" {{196.875, 369.2421875}, {53.90625, 341.015625}}
build	21-Jul-2015 12:07:00					UIAPickerWheel "(null)" {{256.640625, 369.2421875}, {84.375, 341.015625}}
build	21-Jul-2015 12:07:00				}
build	21-Jul-2015 12:07:00			}
build	21-Jul-2015 12:07:00			UIAWindow "(null)" {{0, 0.6875}, {375, 665.625}}
build	21-Jul-2015 12:07:00			elements: {
build	21-Jul-2015 12:07:00				UIAStatusBar "(null)" {{0, 0.6875}, {375, 23.4375}}
build	21-Jul-2015 12:07:00				elements: {
build	21-Jul-2015 12:07:00					UIAElement "Swipe down with three fingers to reveal the notification center., Swipe up with three fingers to reveal the control center, Double-tap to scroll to top" {{7.03125, 0.6875}, {44.53125, 23.4375}}
build	21-Jul-2015 12:07:00					UIAElement "3 of 3 Wi-Fi bars" {{57.421875, 0.6875}, {15.234375, 23.4375}}
build	21-Jul-2015 12:07:00					UIAElement "12:06 PM" {{157.03125, 0.6875}, {60.9375, 23.4375}}
build	21-Jul-2015 12:07:00					UIAElement "100% battery power" {{339.84375, 0.6875}, {29.296875, 23.4375}}
build	21-Jul-2015 12:07:00				}
build	21-Jul-2015 12:07:00			}
build	21-Jul-2015 12:07:00		}
build	21-Jul-2015 12:07:00	}
build	21-Jul-2015 12:07:00	
build	21-Jul-2015 12:07:00	2015-07-21 19:06:59 +0000 Default: index 0
build	21-Jul-2015 12:07:00	2015-07-21 19:06:59 +0000 Default: index 1
build	21-Jul-2015 12:07:00	2015-07-21 19:07:00 +0000 Default: index 2
build	21-Jul-2015 12:07:00	2015-07-21 19:07:00 +0000 Default: index 3
build	21-Jul-2015 12:07:13	2015-07-21 19:07:13 +0000 Debug: target.captureRectOnScreenWithName("{origin:{x:0.00,y:0.00}, size:{height:667.00,width:375.00}}", UIScreen, "Menu > My Wishbones Tue, 21 Jul 2015 19:07:13 GMT")
build	21-Jul-2015 12:07:13	2015-07-21 19:07:13 +0000 Screenshot captured.
build	21-Jul-2015 12:07:13	2015-07-21 19:07:13 +0000 Debug: target.frontMostApp().windows()[2].toolbar().buttons()["Done"].withValueForKey("1", "isVisible").tap()
build	21-Jul-2015 12:07:13	2015-07-21 19:07:13 +0000 Debug: target.captureRectOnScreenWithName("{origin:{x:0.00,y:0.00}, size:{height:667.00,width:375.00}}", UIScreen, "Menu > My Wishbones Tue, 21 Jul 2015 19:07:13 GMT")
build	21-Jul-2015 12:07:14	2015-07-21 19:07:14 +0000 Screenshot captured.
build	21-Jul-2015 12:07:14	2015-07-21 19:07:14 +0000 Debug: target.frontMostApp().mainWindow().scrollViews()[0].textFields()[2].tap()
build	21-Jul-2015 12:07:14	2015-07-21 19:07:14 +0000 Debug: target.frontMostApp().keyboard().typeString("wtobey@science-inc.com")
build	21-Jul-2015 12:07:19	2015-07-21 19:07:19 +0000 Debug: target.captureRectOnScreenWithName("{origin:{x:0.00,y:0.00}, size:{height:667.00,width:375.00}}", UIScreen, "Menu > My Wishbones Tue, 21 Jul 2015 19:07:19 GMT")
build	21-Jul-2015 12:07:19	2015-07-21 19:07:19 +0000 Screenshot captured.
build	21-Jul-2015 12:07:19	2015-07-21 19:07:19 +0000 Debug: target.frontMostApp().mainWindow().buttons()["Done"].withValueForKey("1", "isVisible").tap()
build	21-Jul-2015 12:07:19	2015-07-21 19:07:19 +0000 Debug: target.captureRectOnScreenWithName("{origin:{x:0.00,y:0.00}, size:{height:667.00,width:375.00}}", UIScreen, "Menu > My Wishbones Tue, 21 Jul 2015 19:07:19 GMT")
build	21-Jul-2015 12:07:20	2015-07-21 19:07:19 +0000 Screenshot captured.
build	21-Jul-2015 12:07:21	2015-07-21 19:07:21 +0000 Debug: target.frontMostApp().alert().buttons()[0].tap()
build	21-Jul-2015 12:07:23	2015-07-21 19:07:22 +0000 Debug: target.frontMostApp().mainWindow().buttons()["create close"].withValueForKey("1", "isVisible").tap()
build	21-Jul-2015 12:07:23	2015-07-21 19:07:23 +0000 Debug: target.captureRectOnScreenWithName("{origin:{x:0.00,y:0.00}, size:{height:667.00,width:375.00}}", UIScreen, "Menu Tue, 21 Jul 2015 19:07:23 GMT")
build	21-Jul-2015 12:07:23	2015-07-21 19:07:23 +0000 Screenshot captured.
build	21-Jul-2015 12:07:23	2015-07-21 19:07:23 +0000 Pass: Menu > My Wishbones
build	21-Jul-2015 12:07:25	2015-07-21 19:07:25 +0000 Debug: target.tap({x:"16.5", y:"26.5"})
build	21-Jul-2015 12:07:25	2015-07-21 19:07:25 +0000 Start: Menu > Find Friends
build	21-Jul-2015 12:07:25	2015-07-21 19:07:25 +0000 Debug: target.frontMostApp().mainWindow().tableViews().firstWithPredicate("value like 'rows 1 to 5 of 5'").withValueForKey("1", "isVisible").cells()[1].tap()
build	21-Jul-2015 12:07:30	2015-07-21 19:07:30 +0000 Debug: target.captureRectOnScreenWithName("{origin:{x:0.00,y:0.00}, size:{height:667.00,width:375.00}}", UIScreen, "Menu > Find Friends Tue, 21 Jul 2015 19:07:30 GMT")
build	21-Jul-2015 12:07:30	2015-07-21 19:07:30 +0000 Screenshot captured.
build	21-Jul-2015 12:07:30	2015-07-21 19:07:30 +0000 Debug: target.frontMostApp().mainWindow().tableViews()[0].searchBars()[0].withValueForKey("1", "isVisible").tap()
build	21-Jul-2015 12:07:31	2015-07-21 19:07:31 +0000 Debug: target.frontMostApp().keyboard().withValueForKey("1", "isVisible").typeString("Abc\n")
build	21-Jul-2015 12:07:34	2015-07-21 19:07:34 +0000 Debug: target.captureRectOnScreenWithName("{origin:{x:0.00,y:0.00}, size:{height:667.00,width:375.00}}", UIScreen, "Menu > Find Friends Tue, 21 Jul 2015 19:07:34 GMT")
build	21-Jul-2015 12:07:34	2015-07-21 19:07:34 +0000 Screenshot captured.
build	21-Jul-2015 12:07:34	2015-07-21 19:07:34 +0000 Debug: target.frontMostApp().mainWindow().tableViews()[0].cells()[0].withValueForKey("1", "isVisible").tap()
build	21-Jul-2015 12:07:39	2015-07-21 19:07:39 +0000 Debug: target.captureRectOnScreenWithName("{origin:{x:0.00,y:0.00}, size:{height:667.00,width:375.00}}", UIScreen, "Menu > Find Friends Tue, 21 Jul 2015 19:07:39 GMT")
build	21-Jul-2015 12:07:39	2015-07-21 19:07:39 +0000 Screenshot captured.
build	21-Jul-2015 12:07:39	2015-07-21 19:07:39 +0000 Debug: target.frontMostApp().mainWindow().tableViews()[0].buttons()["follow"].withValueForKey("1", "isVisible").tap()
build	21-Jul-2015 12:07:39	2015-07-21 19:07:39 +0000 Debug: target.captureRectOnScreenWithName("{origin:{x:0.00,y:0.00}, size:{height:667.00,width:375.00}}", UIScreen, "Menu > Find Friends Tue, 21 Jul 2015 19:07:39 GMT")
build	21-Jul-2015 12:07:40	2015-07-21 19:07:39 +0000 Screenshot captured.
build	21-Jul-2015 12:07:40	2015-07-21 19:07:39 +0000 Debug: target.frontMostApp().mainWindow().buttons()["create back"].withValueForKey("1", "isVisible").tap()
build	21-Jul-2015 12:07:40	2015-07-21 19:07:40 +0000 Debug: target.captureRectOnScreenWithName("{origin:{x:0.00,y:0.00}, size:{height:667.00,width:375.00}}", UIScreen, "Menu > Find Friends Tue, 21 Jul 2015 19:07:40 GMT")
build	21-Jul-2015 12:07:40	2015-07-21 19:07:40 +0000 Screenshot captured.
build	21-Jul-2015 12:07:40	2015-07-21 19:07:40 +0000 Debug: target.frontMostApp().mainWindow().buttons()["create close"].withValueForKey("1", "isVisible").tap()
build	21-Jul-2015 12:07:40	2015-07-21 19:07:40 +0000 Pass: Menu > Find Friends
build	21-Jul-2015 12:07:42	2015-07-21 19:07:42 +0000 Debug: target.tap({x:"16.5", y:"26.5"})
build	21-Jul-2015 12:07:42	2015-07-21 19:07:42 +0000 Default: Select About Wishbone from dropdown menu
build	21-Jul-2015 12:07:42	2015-07-21 19:07:42 +0000 Debug: target.frontMostApp().mainWindow().tableViews().firstWithPredicate("value like 'rows 1 to 5 of 5'").withValueForKey("1", "isVisible").cells()[2].tap()
build	21-Jul-2015 12:07:44	2015-07-21 19:07:44 +0000 Debug: target.frontMostApp().mainWindow().buttons()["create close"].withValueForKey("1", "isVisible").tap()
build	21-Jul-2015 12:07:44	2015-07-21 19:07:44 +0000 Debug: target.captureRectOnScreenWithName("{origin:{x:0.00,y:0.00}, size:{height:667.00,width:375.00}}", UIScreen, "Menu Tue, 21 Jul 2015 19:07:44 GMT")
build	21-Jul-2015 12:07:44	2015-07-21 19:07:44 +0000 Screenshot captured.
build	21-Jul-2015 12:07:44	2015-07-21 19:07:44 +0000 Pass: Menu
build	21-Jul-2015 12:07:48	Instruments Trace Complete (Duration : 126.778511s; Output : /Users/wtobey/Desktop/AUITesting/instrumentscli0.trace)
build	21-Jul-2015 12:07:48	===================================Running Parser.py===================================
build	21-Jul-2015 12:07:49	(0, 'First Screen > Skip Login')
build	21-Jul-2015 12:07:49	(0, 'Create View > Search Web')
build	21-Jul-2015 12:07:49	(1, 'Create View > Add Sticker')
build	21-Jul-2015 12:07:49	(2, 'Create View > Choose From Library')
build	21-Jul-2015 12:07:49	(3, 'Create View > Choose From Library')
build	21-Jul-2015 12:07:49	(0, 'Menu > My Wishbones')
build	21-Jul-2015 12:07:49	(1, 'Menu > Find Friends')
build	21-Jul-2015 12:07:49	retrievedPath/Users/wtobey/Desktop/AUITesting/Run 1/First Screen Tue, 21 Jul 2015 19-05-41 GMT 2.png
build	21-Jul-2015 12:07:49	retrievedPath/Users/wtobey/Desktop/AUITesting/Run 1/First Screen Tue, 21 Jul 2015 19-05-41 GMT.png
build	21-Jul-2015 12:07:49	retrievedPath/Users/wtobey/Desktop/AUITesting/Run 1/First Screen Tue, 21 Jul 2015 19-05-42 GMT.png
build	21-Jul-2015 12:07:49	retrievedPath/Users/wtobey/Desktop/AUITesting/Run 1/First Screen Tue, 21 Jul 2015 19-05-46 GMT.png
build	21-Jul-2015 12:07:49	retrievedPath/Users/wtobey/Desktop/AUITesting/Run 1/Create View > Add Sticker Tue, 21 Jul 2015 19-06-05 GMT.png
build	21-Jul-2015 12:07:49	matchingCreate View > Add Sticker
build	21-Jul-2015 12:07:49	NEW PATH:/Users/wtobey/Desktop/AUITesting/Run 2015-07-21 19:05:41/Create View/Add Sticker
build	21-Jul-2015 12:07:49	retrievedPath/Users/wtobey/Desktop/AUITesting/Run 1/Create View > Choose From Library Tue, 21 Jul 2015 19-06-11 GMT.png
build	21-Jul-2015 12:07:49	matchingCreate View > Choose From Library
build	21-Jul-2015 12:07:49	NEW PATH:/Users/wtobey/Desktop/AUITesting/Run 2015-07-21 19:05:41/Create View/Choose From Library
build	21-Jul-2015 12:07:49	matchingCreate View > Choose From Library
build	21-Jul-2015 12:07:49	NEW PATH:/Users/wtobey/Desktop/AUITesting/Run 2015-07-21 19:05:41/Create View/Choose From Library
build	21-Jul-2015 12:07:49	retrievedPath/Users/wtobey/Desktop/AUITesting/Run 1/Create View > Choose From Library Tue, 21 Jul 2015 19-06-14 GMT.png
build	21-Jul-2015 12:07:49	matchingCreate View > Choose From Library
build	21-Jul-2015 12:07:49	NEW PATH:/Users/wtobey/Desktop/AUITesting/Run 2015-07-21 19:05:41/Create View/Choose From Library
build	21-Jul-2015 12:07:49	matchingCreate View > Choose From Library
build	21-Jul-2015 12:07:49	NEW PATH:/Users/wtobey/Desktop/AUITesting/Run 2015-07-21 19:05:41/Create View/Choose From Library
build	21-Jul-2015 12:07:49	retrievedPath/Users/wtobey/Desktop/AUITesting/Run 1/Create View > Choose From Library Tue, 21 Jul 2015 19-06-15 GMT.png
build	21-Jul-2015 12:07:49	matchingCreate View > Choose From Library
build	21-Jul-2015 12:07:49	NEW PATH:/Users/wtobey/Desktop/AUITesting/Run 2015-07-21 19:05:41/Create View/Choose From Library
build	21-Jul-2015 12:07:49	matchingCreate View > Choose From Library
build	21-Jul-2015 12:07:49	NEW PATH:/Users/wtobey/Desktop/AUITesting/Run 2015-07-21 19:05:41/Create View/Choose From Library
build	21-Jul-2015 12:07:49	retrievedPath/Users/wtobey/Desktop/AUITesting/Run 1/Create View > Choose From Library Tue, 21 Jul 2015 19-06-43 GMT.png
build	21-Jul-2015 12:07:49	matchingCreate View > Choose From Library
build	21-Jul-2015 12:07:49	NEW PATH:/Users/wtobey/Desktop/AUITesting/Run 2015-07-21 19:05:41/Create View/Choose From Library
build	21-Jul-2015 12:07:49	matchingCreate View > Choose From Library
build	21-Jul-2015 12:07:49	NEW PATH:/Users/wtobey/Desktop/AUITesting/Run 2015-07-21 19:05:41/Create View/Choose From Library
build	21-Jul-2015 12:07:49	retrievedPath/Users/wtobey/Desktop/AUITesting/Run 1/Create View > Choose From Library Tue, 21 Jul 2015 19-06-44 GMT.png
build	21-Jul-2015 12:07:49	matchingCreate View > Choose From Library
build	21-Jul-2015 12:07:49	NEW PATH:/Users/wtobey/Desktop/AUITesting/Run 2015-07-21 19:05:41/Create View/Choose From Library
build	21-Jul-2015 12:07:49	matchingCreate View > Choose From Library
build	21-Jul-2015 12:07:49	NEW PATH:/Users/wtobey/Desktop/AUITesting/Run 2015-07-21 19:05:41/Create View/Choose From Library
build	21-Jul-2015 12:07:49	retrievedPath/Users/wtobey/Desktop/AUITesting/Run 1/Create View > Choose From Library Tue, 21 Jul 2015 19-06-45 GMT.png
build	21-Jul-2015 12:07:49	matchingCreate View > Choose From Library
build	21-Jul-2015 12:07:49	NEW PATH:/Users/wtobey/Desktop/AUITesting/Run 2015-07-21 19:05:41/Create View/Choose From Library
build	21-Jul-2015 12:07:49	matchingCreate View > Choose From Library
build	21-Jul-2015 12:07:49	NEW PATH:/Users/wtobey/Desktop/AUITesting/Run 2015-07-21 19:05:41/Create View/Choose From Library
build	21-Jul-2015 12:07:49	retrievedPath/Users/wtobey/Desktop/AUITesting/Run 1/Create View > Search Web Tue, 21 Jul 2015 19-05-53 GMT.png
build	21-Jul-2015 12:07:49	matchingCreate View > Search Web
build	21-Jul-2015 12:07:49	NEW PATH:/Users/wtobey/Desktop/AUITesting/Run 2015-07-21 19:05:41/Create View/Search Web
build	21-Jul-2015 12:07:49	retrievedPath/Users/wtobey/Desktop/AUITesting/Run 1/Create View > Search Web Tue, 21 Jul 2015 19-05-55 GMT.png
build	21-Jul-2015 12:07:49	matchingCreate View > Search Web
build	21-Jul-2015 12:07:49	NEW PATH:/Users/wtobey/Desktop/AUITesting/Run 2015-07-21 19:05:41/Create View/Search Web
build	21-Jul-2015 12:07:49	retrievedPath/Users/wtobey/Desktop/AUITesting/Run 1/Create View Tue, 21 Jul 2015 19-05-48 GMT.png
build	21-Jul-2015 12:07:49	retrievedPath/Users/wtobey/Desktop/AUITesting/Run 1/Create View Tue, 21 Jul 2015 19-05-53 GMT.png
build	21-Jul-2015 12:07:49	retrievedPath/Users/wtobey/Desktop/AUITesting/Run 1/Create View Tue, 21 Jul 2015 19-05-57 GMT.png
build	21-Jul-2015 12:07:49	retrievedPath/Users/wtobey/Desktop/AUITesting/Run 1/Create View Tue, 21 Jul 2015 19-06-02 GMT.png
build	21-Jul-2015 12:07:49	retrievedPath/Users/wtobey/Desktop/AUITesting/Run 1/Create View Tue, 21 Jul 2015 19-06-05 GMT.png
build	21-Jul-2015 12:07:49	retrievedPath/Users/wtobey/Desktop/AUITesting/Run 1/Create View Tue, 21 Jul 2015 19-06-11 GMT.png
build	21-Jul-2015 12:07:49	retrievedPath/Users/wtobey/Desktop/AUITesting/Run 1/Create View Tue, 21 Jul 2015 19-06-26 GMT.png
build	21-Jul-2015 12:07:49	retrievedPath/Users/wtobey/Desktop/AUITesting/Run 1/Create View Tue, 21 Jul 2015 19-06-29 GMT.png
build	21-Jul-2015 12:07:49	retrievedPath/Users/wtobey/Desktop/AUITesting/Run 1/Menu > Find Friends Tue, 21 Jul 2015 19-07-30 GMT.png
build	21-Jul-2015 12:07:49	matchingMenu > Find Friends
build	21-Jul-2015 12:07:49	NEW PATH:/Users/wtobey/Desktop/AUITesting/Run 2015-07-21 19:05:41/Menu/Find Friends
build	21-Jul-2015 12:07:49	retrievedPath/Users/wtobey/Desktop/AUITesting/Run 1/Menu > Find Friends Tue, 21 Jul 2015 19-07-34 GMT.png
build	21-Jul-2015 12:07:49	matchingMenu > Find Friends
build	21-Jul-2015 12:07:49	NEW PATH:/Users/wtobey/Desktop/AUITesting/Run 2015-07-21 19:05:41/Menu/Find Friends
build	21-Jul-2015 12:07:49	retrievedPath/Users/wtobey/Desktop/AUITesting/Run 1/Menu > Find Friends Tue, 21 Jul 2015 19-07-39 GMT 2.png
build	21-Jul-2015 12:07:49	matchingMenu > Find Friends
build	21-Jul-2015 12:07:49	NEW PATH:/Users/wtobey/Desktop/AUITesting/Run 2015-07-21 19:05:41/Menu/Find Friends
build	21-Jul-2015 12:07:49	retrievedPath/Users/wtobey/Desktop/AUITesting/Run 1/Menu > Find Friends Tue, 21 Jul 2015 19-07-39 GMT.png
build	21-Jul-2015 12:07:49	matchingMenu > Find Friends
build	21-Jul-2015 12:07:49	NEW PATH:/Users/wtobey/Desktop/AUITesting/Run 2015-07-21 19:05:41/Menu/Find Friends
build	21-Jul-2015 12:07:49	retrievedPath/Users/wtobey/Desktop/AUITesting/Run 1/Menu > Find Friends Tue, 21 Jul 2015 19-07-40 GMT.png
build	21-Jul-2015 12:07:49	matchingMenu > Find Friends
build	21-Jul-2015 12:07:49	NEW PATH:/Users/wtobey/Desktop/AUITesting/Run 2015-07-21 19:05:41/Menu/Find Friends
build	21-Jul-2015 12:07:49	retrievedPath/Users/wtobey/Desktop/AUITesting/Run 1/Menu > My Wishbones Tue, 21 Jul 2015 19-06-40 GMT.png
build	21-Jul-2015 12:07:49	matchingMenu > My Wishbones
build	21-Jul-2015 12:07:49	NEW PATH:/Users/wtobey/Desktop/AUITesting/Run 2015-07-21 19:05:41/Menu/My Wishbones
build	21-Jul-2015 12:07:49	retrievedPath/Users/wtobey/Desktop/AUITesting/Run 1/Menu > My Wishbones Tue, 21 Jul 2015 19-06-41 GMT.png
build	21-Jul-2015 12:07:49	matchingMenu > My Wishbones
build	21-Jul-2015 12:07:49	NEW PATH:/Users/wtobey/Desktop/AUITesting/Run 2015-07-21 19:05:41/Menu/My Wishbones
build	21-Jul-2015 12:07:49	retrievedPath/Users/wtobey/Desktop/AUITesting/Run 1/Menu > My Wishbones Tue, 21 Jul 2015 19-06-42 GMT.png
build	21-Jul-2015 12:07:49	matchingMenu > My Wishbones
build	21-Jul-2015 12:07:49	NEW PATH:/Users/wtobey/Desktop/AUITesting/Run 2015-07-21 19:05:41/Menu/My Wishbones
build	21-Jul-2015 12:07:49	retrievedPath/Users/wtobey/Desktop/AUITesting/Run 1/Menu > My Wishbones Tue, 21 Jul 2015 19-06-55 GMT.png
build	21-Jul-2015 12:07:49	matchingMenu > My Wishbones
build	21-Jul-2015 12:07:49	NEW PATH:/Users/wtobey/Desktop/AUITesting/Run 2015-07-21 19:05:41/Menu/My Wishbones
build	21-Jul-2015 12:07:49	retrievedPath/Users/wtobey/Desktop/AUITesting/Run 1/Menu > My Wishbones Tue, 21 Jul 2015 19-06-59 GMT.png
build	21-Jul-2015 12:07:49	matchingMenu > My Wishbones
build	21-Jul-2015 12:07:49	NEW PATH:/Users/wtobey/Desktop/AUITesting/Run 2015-07-21 19:05:41/Menu/My Wishbones
build	21-Jul-2015 12:07:49	retrievedPath/Users/wtobey/Desktop/AUITesting/Run 1/Menu > My Wishbones Tue, 21 Jul 2015 19-07-13 GMT 2.png
build	21-Jul-2015 12:07:49	matchingMenu > My Wishbones
build	21-Jul-2015 12:07:49	NEW PATH:/Users/wtobey/Desktop/AUITesting/Run 2015-07-21 19:05:41/Menu/My Wishbones
build	21-Jul-2015 12:07:49	retrievedPath/Users/wtobey/Desktop/AUITesting/Run 1/Menu > My Wishbones Tue, 21 Jul 2015 19-07-13 GMT.png
build	21-Jul-2015 12:07:49	matchingMenu > My Wishbones
build	21-Jul-2015 12:07:49	NEW PATH:/Users/wtobey/Desktop/AUITesting/Run 2015-07-21 19:05:41/Menu/My Wishbones
build	21-Jul-2015 12:07:49	retrievedPath/Users/wtobey/Desktop/AUITesting/Run 1/Menu > My Wishbones Tue, 21 Jul 2015 19-07-19 GMT 2.png
build	21-Jul-2015 12:07:49	matchingMenu > My Wishbones
build	21-Jul-2015 12:07:49	NEW PATH:/Users/wtobey/Desktop/AUITesting/Run 2015-07-21 19:05:41/Menu/My Wishbones
build	21-Jul-2015 12:07:49	retrievedPath/Users/wtobey/Desktop/AUITesting/Run 1/Menu > My Wishbones Tue, 21 Jul 2015 19-07-19 GMT.png
build	21-Jul-2015 12:07:49	matchingMenu > My Wishbones
build	21-Jul-2015 12:07:49	NEW PATH:/Users/wtobey/Desktop/AUITesting/Run 2015-07-21 19:05:41/Menu/My Wishbones
build	21-Jul-2015 12:07:49	retrievedPath/Users/wtobey/Desktop/AUITesting/Run 1/Menu Tue, 21 Jul 2015 19-07-23 GMT.png
build	21-Jul-2015 12:07:49	retrievedPath/Users/wtobey/Desktop/AUITesting/Run 1/Menu Tue, 21 Jul 2015 19-07-44 GMT.png
build	21-Jul-2015 12:07:49	===================================Removing Trace===================================
build	21-Jul-2015 12:07:49	===================================Shutting Down Simulators===================================
build	21-Jul-2015 12:07:50	===================================Erasing Simulators===================================
build	21-Jul-2015 12:07:52	===================================Quitting Simulators===================================
build	21-Jul-2015 12:07:52	TESTS SUCCEEDED
build	21-Jul-2015 12:07:52	===================================Running Mailer.py===================================
simple	21-Jul-2015 12:07:56	Finished task 'Build and Run' with result: Success
simple	21-Jul-2015 12:07:56	Running post build plugin 'npm Cache Cleanup'
simple	21-Jul-2015 12:07:56	Running post build plugin 'NCover Results Collector'
simple	21-Jul-2015 12:07:56	Running post build plugin 'Clover Results Collector'
simple	21-Jul-2015 12:07:56	Running post build plugin 'Docker Container Cleanup'
simple	21-Jul-2015 12:07:56	Running post build plugin 'Artifact Copier'
simple	21-Jul-2015 12:07:56	Finalising the build...
simple	21-Jul-2015 12:07:56	Stopping timer.
simple	21-Jul-2015 12:07:56	Build WUT-BT-JOB1-144 completed.
simple	21-Jul-2015 12:07:56	Running on server: post build plugin 'NCover Results Collector'
simple	21-Jul-2015 12:07:56	Running on server: post build plugin 'Clover Delta Calculator'
simple	21-Jul-2015 12:07:56	Running on server: post build plugin 'Maven Dependencies Postprocessor'
simple	21-Jul-2015 12:07:56	Running on server: post build plugin 'Build Hanging Detection Configuration'
simple	21-Jul-2015 12:07:56	All post build plugins have finished
simple	21-Jul-2015 12:07:56	Generating build results summary...
simple	21-Jul-2015 12:07:56	Saving build results to disk...
simple	21-Jul-2015 12:07:56	Logging substituted variables...
simple	21-Jul-2015 12:07:56	Indexing build results...
simple	21-Jul-2015 12:07:56	Finished building WUT-BT-JOB1-144.
