simple	15-Jul-2015 14:56:27	Build Wishbone UI Testing - Build and Test - Default Job #70 (WUT-BT-JOB1-70) started building on agent Default Agent
simple	15-Jul-2015 14:56:27	
simple	15-Jul-2015 14:56:27	Build working directory is /Users/wtobey/Desktop/AUITesting/bamboo-home/xml-data/build-dir/131073/WUT-BT-JOB1
simple	15-Jul-2015 14:56:27	Executing build Wishbone UI Testing - Build and Test - Default Job #70 (WUT-BT-JOB1-70)
simple	15-Jul-2015 14:56:27	Running pre-build action: VCS Version Collector
simple	15-Jul-2015 14:56:27	Starting task 'Build and Run' of type 'com.atlassian.bamboo.plugins.scripttask:task.builder.script'
command	15-Jul-2015 14:56:27	Beginning to execute external process for build 'Wishbone UI Testing - Build and Test - Default Job #70 (WUT-BT-JOB1-70)'\n ... running command line: \n/bin/sh /Users/wtobey/Desktop/AUITesting/atlassian-bamboo-5.9.1/temp/WUT-BT-JOB1-70-ScriptBuildTask-8388361817005878577.sh\n ... in: /Users/wtobey/Desktop/AUITesting/bamboo-home/xml-data/build-dir/131073/WUT-BT-JOB1\n ... using extra environment variables: \nbamboo_planRepository_1_branch=V-3.0.6\nbamboo_repository_revision_number=6c2c123a812e361046a86aa5b844b0eb0220564c\nbamboo_resultsUrl=http://172.16.34.157:8085/browse/WUT-BT-JOB1-70\nbamboo_repository_983041_revision_number=6c2c123a812e361046a86aa5b844b0eb0220564c\nbamboo_planRepository_1_name=Wishbone\nbamboo_repository_983041_branch_name=V-3.0.6\nbamboo_build_working_directory=/Users/wtobey/Desktop/AUITesting/bamboo-home/xml-data/build-dir/131073/WUT-BT-JOB1\nbamboo_buildKey=WUT-BT-JOB1\nbamboo_shortPlanName=Build and Test\nbamboo_planRepository_name=Wishbone\nbamboo_buildNumber=70\nbamboo_shortJobName=Default Job\nbamboo_buildResultsUrl=http://172.16.34.157:8085/browse/WUT-BT-JOB1-70\nbamboo_planRepository_repositoryUrl=https://github.com/SciDevs/wishbone.git\nbamboo_agentId=131073\nbamboo_planName=Wishbone UI Testing - Build and Test\nbamboo_shortPlanKey=BT\nbamboo_shortJobKey=JOB1\nbamboo_planRepository_revision=6c2c123a812e361046a86aa5b844b0eb0220564c\nbamboo_repository_previous_revision_number=6c2c123a812e361046a86aa5b844b0eb0220564c\nbamboo_buildTimeStamp=2015-07-15T14:56:27.899-07:00\nbamboo_planRepository_previousRevision=6c2c123a812e361046a86aa5b844b0eb0220564c\nbamboo_buildResultKey=WUT-BT-JOB1-70\nbamboo_repository_git_branch=V-3.0.6\nbamboo_repository_branch_name=V-3.0.6\nbamboo_buildPlanName=Wishbone UI Testing - Build and Test - Default Job\nbamboo_repository_983041_git_repositoryUrl=https://github.com/SciDevs/wishbone.git\nbamboo_planRepository_1_revision=6c2c123a812e361046a86aa5b844b0eb0220564c\nbamboo_repository_983041_git_username=wt65074\nbamboo_repository_name=Wishbone\nbamboo_repository_983041_name=Wishbone\nbamboo_dependenciesDisabled=false\nbamboo_planRepository_branch=V-3.0.6\nbamboo_agentWorkingDirectory=/Users/wtobey/Desktop/AUITesting/bamboo-home/xml-data/build-dir/131073\nbamboo_capability_system_git_executable=/usr/bin/git\nbamboo_planRepository_1_previousRevision=6c2c123a812e361046a86aa5b844b0eb0220564c\nbamboo_repository_git_username=wt65074\nbamboo_repository_983041_previous_revision_number=6c2c123a812e361046a86aa5b844b0eb0220564c\nbamboo_planRepository_1_type=gh\nbamboo_planRepository_branchName=V-3.0.6\nbamboo_capability_system_jdk_JDK=/Library/Java/JavaVirtualMachines/jdk1.8.0_20.jdk/Contents/Home\nbamboo_capability_system_jdk_JDK_1_8_0_20=/Library/Java/JavaVirtualMachines/jdk1.8.0_20.jdk/Contents/Home\nbamboo_planRepository_type=gh\nbamboo_planRepository_1_username=wt65074\nbamboo_ManualBuildTriggerReason_userName=wtobey\nbamboo_repository_git_repositoryUrl=https://github.com/SciDevs/wishbone.git\nbamboo_repository_983041_git_branch=V-3.0.6\nbamboo_working_directory=/Users/wtobey/Desktop/AUITesting/bamboo-home/xml-data/build-dir/131073/WUT-BT-JOB1\nbamboo_planKey=WUT-BT\nbamboo_planRepository_1_repositoryUrl=https://github.com/SciDevs/wishbone.git\nbamboo_planRepository_username=wt65074\nbamboo_capability_system_jdk_JDK_1_8=/Library/Java/JavaVirtualMachines/jdk1.8.0_20.jdk/Contents/Home\nbamboo_planRepository_1_branchName=V-3.0.6\n
build	15-Jul-2015 14:56:29	=== BUILD TARGET Wishbone OF PROJECT Wishbone WITH CONFIGURATION Debug ===
build	15-Jul-2015 14:56:29	
build	15-Jul-2015 14:56:29	Check dependencies
build	15-Jul-2015 14:56:30	warning: no rule to process file '/Users/wtobey/Desktop/Wishbone/Wishbone/Shared/MoPubSDK/AdNetworkSupport/Millennial/SDK/README.md' of type net.daringfireball.markdown for architecture x86_64
build	15-Jul-2015 14:56:30	warning: no rule to process file '/Users/wtobey/Desktop/Wishbone/Wishbone/Shared/MoPubSDK/AdNetworkSupport/GoogleAdMob/SDK/README.md' of type net.daringfireball.markdown for architecture x86_64
build	15-Jul-2015 14:56:30	warning: no rule to process file '/Users/wtobey/Desktop/Wishbone/Wishbone/Shared/MoPubSDK/AdNetworkSupport/Chartboost/SDK/README.md' of type net.daringfireball.markdown for architecture x86_64
build	15-Jul-2015 14:56:30	warning: no rule to process file '/Users/wtobey/Desktop/Wishbone/Wishbone/Shared/SDWebImage/README.md' of type net.daringfireball.markdown for architecture x86_64
build	15-Jul-2015 14:56:30	warning: no rule to process file '/Users/wtobey/Desktop/Wishbone/Wishbone/Shared/MoPubSDK/AdNetworkSupport/Vungle/SDK/README.md' of type net.daringfireball.markdown for architecture x86_64
build	15-Jul-2015 14:56:30	Warning: Multiple build commands for output file /Users/wtobey/Library/Developer/Xcode/DerivedData/Wishbone-eekgnurymbvwimgmkjagwaqhgzyt/Build/Products/Debug-iphonesimulator/Wishbone.app/LICENSE
build	15-Jul-2015 14:56:30	Warning: Multiple build commands for output file /Users/wtobey/Library/Developer/Xcode/DerivedData/Wishbone-eekgnurymbvwimgmkjagwaqhgzyt/Build/Products/Debug-iphonesimulator/Wishbone.app/Line@2x.png
build	15-Jul-2015 14:56:30	
build	15-Jul-2015 14:56:30	=== BUILD TARGET WishboneTests OF PROJECT Wishbone WITH CONFIGURATION Debug ===
build	15-Jul-2015 14:56:30	
build	15-Jul-2015 14:56:30	Check dependencies
build	15-Jul-2015 14:56:30	
build	15-Jul-2015 14:56:36	** TEST SUCCEEDED **
build	15-Jul-2015 14:56:36	
build	15-Jul-2015 14:56:36	2015-07-15 14:56:34.743 Wishbone[4976:1233142] Flurry: Starting session on Agent Version [Flurry_iOS_142_6.0.0] 
build	15-Jul-2015 14:56:36	2015-07-15 14:56:34.802 Wishbone[4976:1233142] <Google> ACTConversionIDReporter: already sent successful ping.
build	15-Jul-2015 14:56:36	2015-07-15 14:56:34.805 Wishbone[4976:1233142] ADCOLONY 2.4.13.11 [info] AdColony library version: 2.4.13.11 64-bit production
build	15-Jul-2015 14:56:36	2015-07-15 14:56:34.930 Wishbone[4976:1233446] ADCOLONY 2.4.13.11 [info] Developer logging enabled
build	15-Jul-2015 14:56:36	2015-07-15 14:56:35.142 Wishbone[4976:1233142] AppsFlyer SDK version 2.5.3.15 started
build	15-Jul-2015 14:56:36	2015-07-15 14:56:35.144 Wishbone[4976:1233463] Resolved sdk-api-ssl.playhaven.com -> 48.142.2.16
build	15-Jul-2015 14:56:36	2015-07-15 14:56:35.145 Wishbone[4976:1233464] Resolved media.playhaven.com -> 48.142.2.16
build	15-Jul-2015 14:56:36	2015-07-15 14:56:35.319 Wishbone[4976:1233142] INFO: GoogleAnalytics 3.03c -[GAIReachabilityChecker reachabilityFlagsChanged:] (GAIReachabilityChecker.m:159): Reachability flags update: 0X000002
build	15-Jul-2015 14:56:36	2015-07-15 14:56:35.337 Wishbone[4976:1233142] <Google> ACTAutomatedUsageReporterPrivate: sending ping: https://www.googleadservices.com/pagead/conversion/974033742/?appversion=2.8.7&auto=1&bundleid=com.Science.Cyclops&lat=0&muid=BpmMeQKTNqwJZYAc9etkzQ&osversion=8.4&sdkversion=ct-sdk-i-v3.1.1&timestamp=1437000005.575727&usage_tracking_enabled=1.
build	15-Jul-2015 14:56:36	2015-07-15 14:56:35.351 Wishbone[4976:1233142] [PlayHaven-2.0.2] Sending request: https://sdk-api-ssl.playhaven.com/v3/publisher/open/?ifa=1DDF97AC-5F7E-4021-B79A-F6AC6AE2B718&tz=-7.0&app_version=2.8.7&scount=2&os=iPhone+OS+8.4&sig4=C7cq9iYwjHbmbsAJKMtQTS9YAJg&plugin=ios&nonce=QE9DPN_IkyVvglH0uQ3ZYMnH5ys&sdk-ios=2.0.2&token=6b9f6fb7b24d47128221cc82c3b43553&hardware=iPhone+Simulator&connection=2&idfv=A5C9740D-161E-48B9-B1F7-0BBF6D9EA20B&scale=2&height=548&tracking=1&width=320&opt_out=0&ssum=0&languages=en&idiom=0&app=com.Science.Cyclops
build	15-Jul-2015 14:56:36	2015-07-15 14:56:35.511 Wishbone[4976:1233446] ADCOLONY 2.4.13.11 [trace] Configuration succeeded!
build	15-Jul-2015 14:56:36	2015-07-15 14:56:35.563 Wishbone[4976:1233446] ADCOLONY 2.4.13.11 [info] Ads are not ready for zone vz28b7f3058a8a4bbb94
build	15-Jul-2015 14:56:36	2015-07-15 14:56:35.564 Wishbone[4976:1233393] Error in registration. Error: Error Domain=NSCocoaErrorDomain Code=3010 "remote notifications are not supported in the simulator" UserInfo=0x7ff08305ac00 {NSLocalizedDescription=remote notifications are not supported in the simulator}
build	15-Jul-2015 14:56:36	2015-07-15 14:56:35.582 Wishbone[4976:1233407] VERBOSE: GoogleAnalytics 3.03c -[GAIBatchingDispatcher persist:] (GAIBatchingDispatcher.m:418): Saved hit: {
build	15-Jul-2015 14:56:36	    parameters =     {
build	15-Jul-2015 14:56:36	        "&_u" = ".etno";
build	15-Jul-2015 14:56:36	        "&_v" = "mi3.0.3c";
build	15-Jul-2015 14:56:36	        "&an" = Wishbone;
build	15-Jul-2015 14:56:36	        "&av" = "3.0.5";
build	15-Jul-2015 14:56:36	        "&cd" = "Daily Dozen View";
build	15-Jul-2015 14:56:36	        "&cid" = "11ad7247-2ff0-4675-815c-7411e842722c";
build	15-Jul-2015 14:56:36	        "&sr" = 320x568;
build	15-Jul-2015 14:56:36	        "&t" = appview;
build	15-Jul-2015 14:56:36	        "&tid" = "UA-48537804-1";
build	15-Jul-2015 14:56:36	        "&ul" = en;
build	15-Jul-2015 14:56:36	        "&v" = 1;
build	15-Jul-2015 14:56:36	        "&z" = 11764819021330261084;
build	15-Jul-2015 14:56:36	        gaiVersion = "3.03c";
build	15-Jul-2015 14:56:36	    };
build	15-Jul-2015 14:56:36	    timestamp = "2015-07-15 21:56:35 +0000";
build	15-Jul-2015 14:56:36	}
build	15-Jul-2015 14:56:36	Test Suite 'All tests' started at 2015-07-15 21:56:35 +0000
build	15-Jul-2015 14:56:36	Test Suite 'WishboneTests.xctest' started at 2015-07-15 21:56:35 +0000
build	15-Jul-2015 14:56:36	Test Suite 'WishboneTests' started at 2015-07-15 21:56:35 +0000
build	15-Jul-2015 14:56:36	Test Case '-[WishboneTests testExample]' started.
build	15-Jul-2015 14:56:36	Test Case '-[WishboneTests testExample]' passed (0.000 seconds).
build	15-Jul-2015 14:56:36	Test Case '-[WishboneTests testPerformanceExample]' started.
build	15-Jul-2015 14:56:36	2015-07-15 14:56:35.641 Wishbone[4976:1233142] [PlayHaven-2.0.2] Request recieved HTTP response: 200
build	15-Jul-2015 14:56:36	2015-07-15 14:56:35.641 Wishbone[4976:1233142] [PlayHaven-2.0.2] Request finished!
build	15-Jul-2015 14:56:36	2015-07-15 14:56:35.690 Wishbone[4976:1233142] <Google> ping successful.
build	15-Jul-2015 14:56:36	2015-07-15 14:56:35.824 Wishbone[4976:1233142] MOPUB: Interstitial controller is loading ad with MoPub server URL: http://ads.mopub.com/m/ad?v=8&udid=ifa:XXXX&id=d3a160f291aa41878cd6dae784a05016&nv=3.8.0&o=p&sc=2.0&z=-0700&ll=37.785834,-122.406417&lla=5&llsdk=1&llf=989144&mr=1&ct=2&av=3.0.5&dn=x86_64&w=640&h=1136&bundle=com.Science.Cyclops
build	15-Jul-2015 14:56:36	/Users/wtobey/Desktop/Wishbone/WishboneTests/WishboneTests.m:35: Test Case '-[WishboneTests testPerformanceExample]' measured [Time, seconds] average: 0.000, relative standard deviation: 137.796%, values: [0.000003, 0.000001, 0.000000, 0.000000, 0.000000, 0.000000, 0.000000, 0.000000, 0.000000, 0.000000], performanceMetricID:com.apple.XCTPerformanceMetric_WallClockTime, baselineName: "", baselineAverage: , maxPercentRegression: 10.000%, maxPercentRelativeStandardDeviation: 10.000%, maxRegression: 0.100, maxStandardDeviation: 0.100
build	15-Jul-2015 14:56:36	Test Case '-[WishboneTests testPerformanceExample]' passed (0.274 seconds).
build	15-Jul-2015 14:56:36	Test Suite 'WishboneTests' passed at 2015-07-15 21:56:35 +0000.
build	15-Jul-2015 14:56:36		 Executed 2 tests, with 0 failures (0 unexpected) in 0.275 (0.277) seconds
build	15-Jul-2015 14:56:36	Test Suite 'WishboneTests.xctest' passed at 2015-07-15 21:56:35 +0000.
build	15-Jul-2015 14:56:36		 Executed 2 tests, with 0 failures (0 unexpected) in 0.275 (0.277) seconds
build	15-Jul-2015 14:56:36	Test Suite 'All tests' passed at 2015-07-15 21:56:35 +0000.
build	15-Jul-2015 14:56:36		 Executed 2 tests, with 0 failures (0 unexpected) in 0.275 (0.278) seconds
build	15-Jul-2015 14:56:43	2015-07-15 21:56:42 +0000 Start: First Screen
build	15-Jul-2015 14:56:43	2015-07-15 21:56:42 +0000 Debug: target.captureRectOnScreenWithName("{origin:{x:0.00,y:0.00}, size:{height:667.00,width:375.00}}", UIScreen, "First Screen Wed, 15 Jul 2015 21:56:42 GMT")
command	15-Jul-2015 14:56:43	Request to stop 'WUT-BT-JOB1-70' received from wtobey
simple	15-Jul-2015 14:56:43	Failing task since return code of [/bin/sh /Users/wtobey/Desktop/AUITesting/atlassian-bamboo-5.9.1/temp/WUT-BT-JOB1-70-ScriptBuildTask-8388361817005878577.sh] was 143 while expected 0
simple	15-Jul-2015 14:56:43	Finished task 'Build and Run' with result: Failed
simple	15-Jul-2015 14:56:43	Running post build plugin 'npm Cache Cleanup'
simple	15-Jul-2015 14:56:43	Running post build plugin 'NCover Results Collector'
simple	15-Jul-2015 14:56:43	Running post build plugin 'Clover Results Collector'
simple	15-Jul-2015 14:56:43	Running post build plugin 'Docker Container Cleanup'
simple	15-Jul-2015 14:56:43	Running post build plugin 'Artifact Copier'
simple	15-Jul-2015 14:56:43	Finalising the build...
simple	15-Jul-2015 14:56:43	Stopping timer.
simple	15-Jul-2015 14:56:43	Build WUT-BT-JOB1-70 completed.
simple	15-Jul-2015 14:56:43	Running on server: post build plugin 'NCover Results Collector'
simple	15-Jul-2015 14:56:43	Running on server: post build plugin 'Clover Delta Calculator'
simple	15-Jul-2015 14:56:43	Running on server: post build plugin 'Maven Dependencies Postprocessor'
simple	15-Jul-2015 14:56:43	Running on server: post build plugin 'Build Hanging Detection Configuration'
simple	15-Jul-2015 14:56:43	All post build plugins have finished
simple	15-Jul-2015 14:56:43	Generating build results summary...
simple	15-Jul-2015 14:56:43	Saving build results to disk...
simple	15-Jul-2015 14:56:43	Logging substituted variables...
simple	15-Jul-2015 14:56:43	Indexing build results...
simple	15-Jul-2015 14:56:43	Finished building WUT-BT-JOB1-70.
