simple	17-Jul-2015 11:54:00	Build Wishbone UI Testing - Build and Test - Default Job #96 (WUT-BT-JOB1-96) started building on agent Default Agent
simple	17-Jul-2015 11:54:00	
simple	17-Jul-2015 11:54:00	Build working directory is /Users/wtobey/Desktop/AUITesting/bamboo-home/xml-data/build-dir/131073/WUT-BT-JOB1
simple	17-Jul-2015 11:54:00	Executing build Wishbone UI Testing - Build and Test - Default Job #96 (WUT-BT-JOB1-96)
simple	17-Jul-2015 11:54:00	Running pre-build action: VCS Version Collector
simple	17-Jul-2015 11:54:00	Starting task 'Build and Run' of type 'com.atlassian.bamboo.plugins.scripttask:task.builder.script'
command	17-Jul-2015 11:54:00	Beginning to execute external process for build 'Wishbone UI Testing - Build and Test - Default Job #96 (WUT-BT-JOB1-96)'\n ... running command line: \n/bin/sh /Users/wtobey/Desktop/AUITesting/atlassian-bamboo-5.9.1/temp/WUT-BT-JOB1-96-ScriptBuildTask-6512611279716372627.sh\n ... in: /Users/wtobey/Desktop/AUITesting/bamboo-home/xml-data/build-dir/131073/WUT-BT-JOB1\n ... using extra environment variables: \nbamboo_planRepository_1_branch=V-3.0.6\nbamboo_repository_revision_number=6c2c123a812e361046a86aa5b844b0eb0220564c\nbamboo_resultsUrl=http://172.16.34.157:8085/browse/WUT-BT-JOB1-96\nbamboo_repository_983041_revision_number=6c2c123a812e361046a86aa5b844b0eb0220564c\nbamboo_planRepository_1_name=Wishbone\nbamboo_repository_983041_branch_name=V-3.0.6\nbamboo_build_working_directory=/Users/wtobey/Desktop/AUITesting/bamboo-home/xml-data/build-dir/131073/WUT-BT-JOB1\nbamboo_buildKey=WUT-BT-JOB1\nbamboo_shortPlanName=Build and Test\nbamboo_planRepository_name=Wishbone\nbamboo_buildNumber=96\nbamboo_shortJobName=Default Job\nbamboo_buildResultsUrl=http://172.16.34.157:8085/browse/WUT-BT-JOB1-96\nbamboo_planRepository_repositoryUrl=https://github.com/SciDevs/wishbone.git\nbamboo_agentId=131073\nbamboo_planName=Wishbone UI Testing - Build and Test\nbamboo_shortPlanKey=BT\nbamboo_shortJobKey=JOB1\nbamboo_planRepository_revision=6c2c123a812e361046a86aa5b844b0eb0220564c\nbamboo_repository_previous_revision_number=6c2c123a812e361046a86aa5b844b0eb0220564c\nbamboo_buildTimeStamp=2015-07-17T11:54:00.222-07:00\nbamboo_planRepository_previousRevision=6c2c123a812e361046a86aa5b844b0eb0220564c\nbamboo_buildResultKey=WUT-BT-JOB1-96\nbamboo_repository_git_branch=V-3.0.6\nbamboo_repository_branch_name=V-3.0.6\nbamboo_buildPlanName=Wishbone UI Testing - Build and Test - Default Job\nbamboo_repository_983041_git_repositoryUrl=https://github.com/SciDevs/wishbone.git\nbamboo_planRepository_1_revision=6c2c123a812e361046a86aa5b844b0eb0220564c\nbamboo_repository_983041_git_username=wt65074\nbamboo_repository_name=Wishbone\nbamboo_repository_983041_name=Wishbone\nbamboo_dependenciesDisabled=false\nbamboo_planRepository_branch=V-3.0.6\nbamboo_agentWorkingDirectory=/Users/wtobey/Desktop/AUITesting/bamboo-home/xml-data/build-dir/131073\nbamboo_capability_system_git_executable=/usr/bin/git\nbamboo_planRepository_1_previousRevision=6c2c123a812e361046a86aa5b844b0eb0220564c\nbamboo_repository_git_username=wt65074\nbamboo_repository_983041_previous_revision_number=6c2c123a812e361046a86aa5b844b0eb0220564c\nbamboo_planRepository_1_type=gh\nbamboo_planRepository_branchName=V-3.0.6\nbamboo_capability_system_jdk_JDK=/Library/Java/JavaVirtualMachines/jdk1.8.0_20.jdk/Contents/Home\nbamboo_capability_system_jdk_JDK_1_8_0_20=/Library/Java/JavaVirtualMachines/jdk1.8.0_20.jdk/Contents/Home\nbamboo_planRepository_type=gh\nbamboo_planRepository_1_username=wt65074\nbamboo_ManualBuildTriggerReason_userName=wtobey\nbamboo_repository_git_repositoryUrl=https://github.com/SciDevs/wishbone.git\nbamboo_repository_983041_git_branch=V-3.0.6\nbamboo_working_directory=/Users/wtobey/Desktop/AUITesting/bamboo-home/xml-data/build-dir/131073/WUT-BT-JOB1\nbamboo_planKey=WUT-BT\nbamboo_planRepository_1_repositoryUrl=https://github.com/SciDevs/wishbone.git\nbamboo_planRepository_username=wt65074\nbamboo_capability_system_jdk_JDK_1_8=/Library/Java/JavaVirtualMachines/jdk1.8.0_20.jdk/Contents/Home\nbamboo_planRepository_1_branchName=V-3.0.6\n
build	17-Jul-2015 11:54:00	===================================Building Wishbone.app===================================
build	17-Jul-2015 11:54:02	=== BUILD TARGET Wishbone OF PROJECT Wishbone WITH CONFIGURATION Debug ===
build	17-Jul-2015 11:54:02	
build	17-Jul-2015 11:54:02	Check dependencies
build	17-Jul-2015 11:54:03	warning: no rule to process file '/Users/wtobey/Desktop/Wishbone/Wishbone/Shared/MoPubSDK/AdNetworkSupport/Millennial/SDK/README.md' of type net.daringfireball.markdown for architecture x86_64
build	17-Jul-2015 11:54:03	warning: no rule to process file '/Users/wtobey/Desktop/Wishbone/Wishbone/Shared/MoPubSDK/AdNetworkSupport/GoogleAdMob/SDK/README.md' of type net.daringfireball.markdown for architecture x86_64
build	17-Jul-2015 11:54:03	warning: no rule to process file '/Users/wtobey/Desktop/Wishbone/Wishbone/Shared/MoPubSDK/AdNetworkSupport/Chartboost/SDK/README.md' of type net.daringfireball.markdown for architecture x86_64
build	17-Jul-2015 11:54:03	warning: no rule to process file '/Users/wtobey/Desktop/Wishbone/Wishbone/Shared/SDWebImage/README.md' of type net.daringfireball.markdown for architecture x86_64
build	17-Jul-2015 11:54:03	warning: no rule to process file '/Users/wtobey/Desktop/Wishbone/Wishbone/Shared/MoPubSDK/AdNetworkSupport/Vungle/SDK/README.md' of type net.daringfireball.markdown for architecture x86_64
build	17-Jul-2015 11:54:03	Warning: Multiple build commands for output file /Users/wtobey/Library/Developer/Xcode/DerivedData/Wishbone-eekgnurymbvwimgmkjagwaqhgzyt/Build/Products/Debug-iphonesimulator/Wishbone.app/LICENSE
build	17-Jul-2015 11:54:03	Warning: Multiple build commands for output file /Users/wtobey/Library/Developer/Xcode/DerivedData/Wishbone-eekgnurymbvwimgmkjagwaqhgzyt/Build/Products/Debug-iphonesimulator/Wishbone.app/Line@2x.png
build	17-Jul-2015 11:54:03	
build	17-Jul-2015 11:54:03	=== BUILD TARGET WishboneTests OF PROJECT Wishbone WITH CONFIGURATION Debug ===
build	17-Jul-2015 11:54:03	
build	17-Jul-2015 11:54:03	Check dependencies
build	17-Jul-2015 11:54:03	
build	17-Jul-2015 11:54:14	** TEST SUCCEEDED **
build	17-Jul-2015 11:54:14	
build	17-Jul-2015 11:54:14	2015-07-17 11:54:12.632 Wishbone[2917:697920] Flurry: Starting session on Agent Version [Flurry_iOS_142_6.0.0] 
build	17-Jul-2015 11:54:14	2015-07-17 11:54:12.695 Wishbone[2917:697920] <Google> ACTConversionIDReporter: sending ping: https://www.googleadservices.com/pagead/conversion/974033742/?appversion=2.8.7&bundleid=com.Science.Cyclops&label=ZhphCPH6g1YQzqa60AM&lat=0&muid=Y5TRMQGck49YbTUr0vpuIg&osversion=8.4&sdkversion=ct-sdk-i-v3.1.1&timestamp=1437159252.690035&usage_tracking_enabled=1&value=1.00.
build	17-Jul-2015 11:54:14	2015-07-17 11:54:12.714 Wishbone[2917:697920] ADCOLONY 2.4.13.11 [info] AdColony library version: 2.4.13.11 64-bit production
build	17-Jul-2015 11:54:14	2015-07-17 11:54:12.859 Wishbone[2917:698371] ADCOLONY 2.4.13.11 [info] Developer logging enabled
build	17-Jul-2015 11:54:14	2015-07-17 11:54:13.070 Wishbone[2917:697920] AppsFlyer SDK version 2.5.3.15 started
build	17-Jul-2015 11:54:14	2015-07-17 11:54:13.070 Wishbone[2917:698391] Resolved sdk-api-ssl.playhaven.com -> 48.62.108.12
build	17-Jul-2015 11:54:14	2015-07-17 11:54:13.073 Wishbone[2917:698392] Resolved media.playhaven.com -> 48.62.108.12
build	17-Jul-2015 11:54:14	2015-07-17 11:54:13.180 Wishbone[2917:697920] INFO: GoogleAnalytics 3.03c -[GAIReachabilityChecker reachabilityFlagsChanged:] (GAIReachabilityChecker.m:159): Reachability flags update: 0X000002
build	17-Jul-2015 11:54:14	2015-07-17 11:54:13.184 Wishbone[2917:697920] <Google> ACTAutomatedUsageReporterPrivate: sending ping: https://www.googleadservices.com/pagead/conversion/974033742/?appversion=2.8.7&auto=1&bundleid=com.Science.Cyclops&lat=0&muid=Y5TRMQGck49YbTUr0vpuIg&osversion=8.4&sdkversion=ct-sdk-i-v3.1.1&timestamp=1437162853.182944&usage_tracking_enabled=1.
build	17-Jul-2015 11:54:14	2015-07-17 11:54:13.212 Wishbone[2917:697920] [PlayHaven-2.0.2] Sending request: https://sdk-api-ssl.playhaven.com/v3/publisher/open/?ifa=9A1E38C4-F655-4D83-BDE7-1A22C7E468A7&tz=-7.0&app_version=2.8.7&scount=1&os=iPhone+OS+8.4&sig4=x9lz7uTsUfC6f1S-BTXMW6nt8yc&plugin=ios&nonce=0_7u1AZJnQrFm2wFqhMGj0YX2Yo&sdk-ios=2.0.2&token=6b9f6fb7b24d47128221cc82c3b43553&hardware=iPhone+Simulator&connection=2&idfv=7FFE2CF9-4347-4333-84E5-68AB055F05E8&scale=2&height=568&tracking=1&width=320&opt_out=0&ssum=0&languages=en&idiom=0&app=com.Science.Cyclops
build	17-Jul-2015 11:54:14	2015-07-17 11:54:13.366 Wishbone[2917:697920] <Google> ping successful.
build	17-Jul-2015 11:54:14	2015-07-17 11:54:13.367 Wishbone[2917:697920] <Google> ping successful.
build	17-Jul-2015 11:54:14	2015-07-17 11:54:13.388 Wishbone[2917:698353] VERBOSE: GoogleAnalytics 3.03c -[GAIBatchingDispatcher persist:] (GAIBatchingDispatcher.m:418): Saved hit: {
build	17-Jul-2015 11:54:14	    parameters =     {
build	17-Jul-2015 11:54:14	        "&_u" = ".etno";
build	17-Jul-2015 11:54:14	        "&_v" = "mi3.0.3c";
build	17-Jul-2015 11:54:14	        "&an" = Wishbone;
build	17-Jul-2015 11:54:14	        "&av" = "3.0.5";
build	17-Jul-2015 11:54:14	        "&cd" = "Login View";
build	17-Jul-2015 11:54:14	        "&cid" = "a47b3bea-4f5f-4c26-9619-0df1eedadf2d";
build	17-Jul-2015 11:54:14	        "&sr" = 320x568;
build	17-Jul-2015 11:54:14	        "&t" = appview;
build	17-Jul-2015 11:54:14	        "&tid" = "UA-48537804-1";
build	17-Jul-2015 11:54:14	        "&ul" = en;
build	17-Jul-2015 11:54:14	        "&v" = 1;
build	17-Jul-2015 11:54:14	        "&z" = 17313462757701022829;
build	17-Jul-2015 11:54:14	        gaiVersion = "3.03c";
build	17-Jul-2015 11:54:14	    };
build	17-Jul-2015 11:54:14	    timestamp = "2015-07-17 18:54:13 +0000";
build	17-Jul-2015 11:54:14	}
build	17-Jul-2015 11:54:14	2015-07-17 11:54:13.393 Wishbone[2917:698371] ADCOLONY 2.4.13.11 [trace] Configuration succeeded!
build	17-Jul-2015 11:54:14	Test Suite 'All tests' started at 2015-07-17 18:54:13 +0000
build	17-Jul-2015 11:54:14	Test Suite 'WishboneTests.xctest' started at 2015-07-17 18:54:13 +0000
build	17-Jul-2015 11:54:14	Test Suite 'WishboneTests' started at 2015-07-17 18:54:13 +0000
build	17-Jul-2015 11:54:14	Test Case '-[WishboneTests testExample]' started.
build	17-Jul-2015 11:54:14	Test Case '-[WishboneTests testExample]' passed (0.001 seconds).
build	17-Jul-2015 11:54:14	Test Case '-[WishboneTests testPerformanceExample]' started.
build	17-Jul-2015 11:54:14	2015-07-17 11:54:13.476 Wishbone[2917:697920] [PlayHaven-2.0.2] Request recieved HTTP response: 200
build	17-Jul-2015 11:54:14	2015-07-17 11:54:13.478 Wishbone[2917:697920] [PlayHaven-2.0.2] Request finished!
build	17-Jul-2015 11:54:14	2015-07-17 11:54:13.490 Wishbone[2917:698371] ADCOLONY 2.4.13.11 [info] Ads are not ready for zone vz28b7f3058a8a4bbb94
build	17-Jul-2015 11:54:14	/Users/wtobey/Desktop/Wishbone/WishboneTests/WishboneTests.m:35: Test Case '-[WishboneTests testPerformanceExample]' measured [Time, seconds] average: 0.000, relative standard deviation: 95.674%, values: [0.000003, 0.000001, 0.000000, 0.000001, 0.000001, 0.000001, 0.000001, 0.000000, 0.000000, 0.000001], performanceMetricID:com.apple.XCTPerformanceMetric_WallClockTime, baselineName: "", baselineAverage: , maxPercentRegression: 10.000%, maxPercentRelativeStandardDeviation: 10.000%, maxRegression: 0.100, maxStandardDeviation: 0.100
build	17-Jul-2015 11:54:14	Test Case '-[WishboneTests testPerformanceExample]' passed (0.368 seconds).
build	17-Jul-2015 11:54:14	Test Suite 'WishboneTests' passed at 2015-07-17 18:54:13 +0000.
build	17-Jul-2015 11:54:14		 Executed 2 tests, with 0 failures (0 unexpected) in 0.369 (0.370) seconds
build	17-Jul-2015 11:54:14	Test Suite 'WishboneTests.xctest' passed at 2015-07-17 18:54:13 +0000.
build	17-Jul-2015 11:54:14		 Executed 2 tests, with 0 failures (0 unexpected) in 0.369 (0.372) seconds
build	17-Jul-2015 11:54:14	Test Suite 'All tests' passed at 2015-07-17 18:54:13 +0000.
build	17-Jul-2015 11:54:14		 Executed 2 tests, with 0 failures (0 unexpected) in 0.369 (0.374) seconds
build	17-Jul-2015 11:54:14	===================================Building instruments.sh===================================
build	17-Jul-2015 11:54:17	===================================Running instruments.sh===================================
build	17-Jul-2015 11:54:19	2015-07-17 18:54:19 +0000 Error: Script threw an uncaught JavaScript error: Unexpected string literal 'info'. Expected '}' to end a object literal. on line 74 of Wishbone.js
build	17-Jul-2015 11:54:20	Instruments Trace Complete (Duration : 2.115442s; Output : /Users/wtobey/Desktop/AUITesting/instrumentscli0.trace)
build	17-Jul-2015 11:54:20	===================================Running Parser.py===================================
build	17-Jul-2015 11:54:21	The current working directory is /Users/wtobey/Desktop/AUITesting
build	17-Jul-2015 11:54:21	['First Screen', 'Create View', 'Menu', 'Community', 'Daily Dozen']
build	17-Jul-2015 11:54:21	['First Screen', 'Create View', 'Menu', 'Community', 'Daily Dozen']
build	17-Jul-2015 11:54:21	(0, 'First Screen > Skip Login')
build	17-Jul-2015 11:54:21	(0, 'Community > Ad')
build	17-Jul-2015 11:54:21	(0, 'Community > Ad')
build	17-Jul-2015 11:54:21	(1, 'Community > Ad')
build	17-Jul-2015 11:54:21	(2, 'Community > Ad')
build	17-Jul-2015 11:54:21	(3, 'Community > Ad')
build	17-Jul-2015 11:54:21	(4, 'Community > Ad')
build	17-Jul-2015 11:54:21	(5, 'Community > Ad')
build	17-Jul-2015 11:54:21	(0, 'Daily Dozen > Ad')
build	17-Jul-2015 11:54:21	['.DS_Store', '.git', 'Archived Runs', 'atlassian-bamboo-5.9.1', 'bamboo-home', 'BambooTests', 'instruments.sh', 'instrumentscli0.trace', 'parser.py', 'README.md', 'Run 1', 'Run 1 (2)', 'Run 2015-07-15 21:26:31', 'Run 2015-07-15 21:40:12', 'Run 2015-07-15 21:57:29', 'Run 2015-07-16 17:50:14', 'Run 2015-07-16 18:22:38', 'Run 2015-07-16 18:43:44', 'Run 2015-07-16 19:13:06', 'Run 2015-07-16 21:49:14', 'Run 2015-07-16 22:22:17', 'Run 2015-07-17 01:06:57', 'Run 2015-07-17 16:57:11', 'Run 2015-07-17 17:14:59', 'Run 2015-07-17 17:16:49', 'Run 2015-07-17 17:17:39', 'Run 2015-07-17 17:32:06', 'Run 2015-07-17 17:52:57', 'Run 2015-07-17 17:56:31', 'RunSummary.txt', 'Wishbone.js', 'WishboneTemplate.tracetemplate']
build	17-Jul-2015 11:54:21	['/Users/wtobey/Desktop/AUITesting/Run 1/First Screen Fri, 17 Jul 2015 18-28-00 GMT.png', '/Users/wtobey/Desktop/AUITesting/Run 1/First Screen Fri, 17 Jul 2015 18-28-01 GMT 2.png', '/Users/wtobey/Desktop/AUITesting/Run 1/First Screen Fri, 17 Jul 2015 18-28-01 GMT.png', '/Users/wtobey/Desktop/AUITesting/Run 1/First Screen Fri, 17 Jul 2015 18-28-05 GMT.png']
build	17-Jul-2015 11:54:21	['/Users/wtobey/Desktop/AUITesting/Run 1/Create View Fri, 17 Jul 2015 18-28-07 GMT.png', '/Users/wtobey/Desktop/AUITesting/Run 1/Create View Fri, 17 Jul 2015 18-28-12 GMT.png', '/Users/wtobey/Desktop/AUITesting/Run 1/Create View Fri, 17 Jul 2015 18-28-13 GMT.png', '/Users/wtobey/Desktop/AUITesting/Run 1/Create View Fri, 17 Jul 2015 18-28-14 GMT.png', '/Users/wtobey/Desktop/AUITesting/Run 1/Create View Fri, 17 Jul 2015 18-28-16 GMT.png', '/Users/wtobey/Desktop/AUITesting/Run 1/Create View Fri, 17 Jul 2015 18-28-21 GMT.png', '/Users/wtobey/Desktop/AUITesting/Run 1/Create View Fri, 17 Jul 2015 18-28-24 GMT 2.png', '/Users/wtobey/Desktop/AUITesting/Run 1/Create View Fri, 17 Jul 2015 18-28-24 GMT.png', '/Users/wtobey/Desktop/AUITesting/Run 1/Create View Fri, 17 Jul 2015 18-28-30 GMT 2.png', '/Users/wtobey/Desktop/AUITesting/Run 1/Create View Fri, 17 Jul 2015 18-28-30 GMT.png', '/Users/wtobey/Desktop/AUITesting/Run 1/Create View Fri, 17 Jul 2015 18-28-33 GMT.png', '/Users/wtobey/Desktop/AUITesting/Run 1/Create View Fri, 17 Jul 2015 18-28-35 GMT.png', '/Users/wtobey/Desktop/AUITesting/Run 1/Create View Fri, 17 Jul 2015 18-28-45 GMT.png', '/Users/wtobey/Desktop/AUITesting/Run 1/Create View Fri, 17 Jul 2015 18-28-48 GMT.png', '/Users/wtobey/Desktop/AUITesting/Run 1/Create View Fri, 17 Jul 2015 18-29-02 GMT.png', '/Users/wtobey/Desktop/AUITesting/Run 1/Create View Fri, 17 Jul 2015 18-29-03 GMT.png', '/Users/wtobey/Desktop/AUITesting/Run 1/Create View Fri, 17 Jul 2015 18-29-04 GMT.png']
build	17-Jul-2015 11:54:21	['/Users/wtobey/Desktop/AUITesting/Run 1/Menu Fri, 17 Jul 2015 18-28-59 GMT.png', '/Users/wtobey/Desktop/AUITesting/Run 1/Menu Fri, 17 Jul 2015 18-29-00 GMT.png', '/Users/wtobey/Desktop/AUITesting/Run 1/Menu Fri, 17 Jul 2015 18-29-01 GMT.png', '/Users/wtobey/Desktop/AUITesting/Run 1/Menu Fri, 17 Jul 2015 18-29-14 GMT.png', '/Users/wtobey/Desktop/AUITesting/Run 1/Menu Fri, 17 Jul 2015 18-29-18 GMT.png', '/Users/wtobey/Desktop/AUITesting/Run 1/Menu Fri, 17 Jul 2015 18-29-30 GMT.png', '/Users/wtobey/Desktop/AUITesting/Run 1/Menu Fri, 17 Jul 2015 18-29-31 GMT.png', '/Users/wtobey/Desktop/AUITesting/Run 1/Menu Fri, 17 Jul 2015 18-29-37 GMT 2.png', '/Users/wtobey/Desktop/AUITesting/Run 1/Menu Fri, 17 Jul 2015 18-29-37 GMT.png', '/Users/wtobey/Desktop/AUITesting/Run 1/Menu Fri, 17 Jul 2015 18-29-41 GMT.png', '/Users/wtobey/Desktop/AUITesting/Run 1/Menu Fri, 17 Jul 2015 18-29-49 GMT.png', '/Users/wtobey/Desktop/AUITesting/Run 1/Menu Fri, 17 Jul 2015 18-29-52 GMT.png', '/Users/wtobey/Desktop/AUITesting/Run 1/Menu Fri, 17 Jul 2015 18-30-00 GMT 2.png', '/Users/wtobey/Desktop/AUITesting/Run 1/Menu Fri, 17 Jul 2015 18-30-00 GMT 3.png', '/Users/wtobey/Desktop/AUITesting/Run 1/Menu Fri, 17 Jul 2015 18-30-00 GMT.png', '/Users/wtobey/Desktop/AUITesting/Run 1/Menu Fri, 17 Jul 2015 18-30-05 GMT.png']
build	17-Jul-2015 11:54:21	['/Users/wtobey/Desktop/AUITesting/Run 1/Community > Ad at index 20.png', '/Users/wtobey/Desktop/AUITesting/Run 1/Community > Ad at index 40.png', '/Users/wtobey/Desktop/AUITesting/Run 1/Community > Ad at index 41.png', '/Users/wtobey/Desktop/AUITesting/Run 1/Community > Ad at index 42.png', '/Users/wtobey/Desktop/AUITesting/Run 1/Community > Ad at index 43.png', '/Users/wtobey/Desktop/AUITesting/Run 1/Community > Ad at index 44.png', '/Users/wtobey/Desktop/AUITesting/Run 1/Community > Ad at index 45.png', '/Users/wtobey/Desktop/AUITesting/Run 1/Community Card 0 Unvoted.png', '/Users/wtobey/Desktop/AUITesting/Run 1/Community Card 0 Voted.png', '/Users/wtobey/Desktop/AUITesting/Run 1/Community Card 1 Unvoted.png', '/Users/wtobey/Desktop/AUITesting/Run 1/Community Card 1 Voted.png', '/Users/wtobey/Desktop/AUITesting/Run 1/Community Card 10 Unvoted.png', '/Users/wtobey/Desktop/AUITesting/Run 1/Community Card 10 Voted.png', '/Users/wtobey/Desktop/AUITesting/Run 1/Community Card 11 Unvoted.png', '/Users/wtobey/Desktop/AUITesting/Run 1/Community Card 11 Voted.png', '/Users/wtobey/Desktop/AUITesting/Run 1/Community Card 12 Unvoted.png', '/Users/wtobey/Desktop/AUITesting/Run 1/Community Card 12 Voted.png', '/Users/wtobey/Desktop/AUITesting/Run 1/Community Card 13 Unvoted.png', '/Users/wtobey/Desktop/AUITesting/Run 1/Community Card 13 Voted.png', '/Users/wtobey/Desktop/AUITesting/Run 1/Community Card 14 Unvoted.png', '/Users/wtobey/Desktop/AUITesting/Run 1/Community Card 14 Voted.png', '/Users/wtobey/Desktop/AUITesting/Run 1/Community Card 15 Unvoted.png', '/Users/wtobey/Desktop/AUITesting/Run 1/Community Card 15 Voted.png', '/Users/wtobey/Desktop/AUITesting/Run 1/Community Card 16 Unvoted.png', '/Users/wtobey/Desktop/AUITesting/Run 1/Community Card 16 Voted.png', '/Users/wtobey/Desktop/AUITesting/Run 1/Community Card 17 Unvoted.png', '/Users/wtobey/Desktop/AUITesting/Run 1/Community Card 17 Voted.png', '/Users/wtobey/Desktop/AUITesting/Run 1/Community Card 18 Unvoted.png', '/Users/wtobey/Desktop/AUITesting/Run 1/Community Card 18 Voted.png', '/Users/wtobey/Desktop/AUITesting/Run 1/Community Card 19 Unvoted.png', '/Users/wtobey/Desktop/AUITesting/Run 1/Community Card 19 Voted.png', '/Users/wtobey/Desktop/AUITesting/Run 1/Community Card 2 Unvoted.png', '/Users/wtobey/Desktop/AUITesting/Run 1/Community Card 2 Voted.png', '/Users/wtobey/Desktop/AUITesting/Run 1/Community Card 20 Unvoted.png', '/Users/wtobey/Desktop/AUITesting/Run 1/Community Card 20 Voted.png', '/Users/wtobey/Desktop/AUITesting/Run 1/Community Card 21 Unvoted.png', '/Users/wtobey/Desktop/AUITesting/Run 1/Community Card 21 Voted.png', '/Users/wtobey/Desktop/AUITesting/Run 1/Community Card 22 Unvoted.png', '/Users/wtobey/Desktop/AUITesting/Run 1/Community Card 22 Voted.png', '/Users/wtobey/Desktop/AUITesting/Run 1/Community Card 23 Unvoted.png', '/Users/wtobey/Desktop/AUITesting/Run 1/Community Card 23 Voted.png', '/Users/wtobey/Desktop/AUITesting/Run 1/Community Card 24 Unvoted.png', '/Users/wtobey/Desktop/AUITesting/Run 1/Community Card 24 Voted.png', '/Users/wtobey/Desktop/AUITesting/Run 1/Community Card 25 Unvoted.png', '/Users/wtobey/Desktop/AUITesting/Run 1/Community Card 25 Voted.png', '/Users/wtobey/Desktop/AUITesting/Run 1/Community Card 26 Unvoted.png', '/Users/wtobey/Desktop/AUITesting/Run 1/Community Card 26 Voted.png', '/Users/wtobey/Desktop/AUITesting/Run 1/Community Card 27 Unvoted.png', '/Users/wtobey/Desktop/AUITesting/Run 1/Community Card 27 Voted.png', '/Users/wtobey/Desktop/AUITesting/Run 1/Community Card 28 Unvoted.png', '/Users/wtobey/Desktop/AUITesting/Run 1/Community Card 28 Voted.png', '/Users/wtobey/Desktop/AUITesting/Run 1/Community Card 29 Unvoted.png', '/Users/wtobey/Desktop/AUITesting/Run 1/Community Card 29 Voted.png', '/Users/wtobey/Desktop/AUITesting/Run 1/Community Card 3 Unvoted.png', '/Users/wtobey/Desktop/AUITesting/Run 1/Community Card 3 Voted.png', '/Users/wtobey/Desktop/AUITesting/Run 1/Community Card 30 Unvoted.png', '/Users/wtobey/Desktop/AUITesting/Run 1/Community Card 30 Voted.png', '/Users/wtobey/Desktop/AUITesting/Run 1/Community Card 31 Unvoted.png', '/Users/wtobey/Desktop/AUITesting/Run 1/Community Card 31 Voted.png', '/Users/wtobey/Desktop/AUITesting/Run 1/Community Card 32 Unvoted.png', '/Users/wtobey/Desktop/AUITesting/Run 1/Community Card 32 Voted.png', '/Users/wtobey/Desktop/AUITesting/Run 1/Community Card 33 Unvoted.png', '/Users/wtobey/Desktop/AUITesting/Run 1/Community Card 33 Voted.png', '/Users/wtobey/Desktop/AUITesting/Run 1/Community Card 34 Unvoted.png', '/Users/wtobey/Desktop/AUITesting/Run 1/Community Card 34 Voted.png', '/Users/wtobey/Desktop/AUITesting/Run 1/Community Card 35 Unvoted.png', '/Users/wtobey/Desktop/AUITesting/Run 1/Community Card 35 Voted.png', '/Users/wtobey/Desktop/AUITesting/Run 1/Community Card 36 Unvoted.png', '/Users/wtobey/Desktop/AUITesting/Run 1/Community Card 36 Voted.png', '/Users/wtobey/Desktop/AUITesting/Run 1/Community Card 37 Unvoted.png', '/Users/wtobey/Desktop/AUITesting/Run 1/Community Card 37 Voted.png', '/Users/wtobey/Desktop/AUITesting/Run 1/Community Card 38 Unvoted.png', '/Users/wtobey/Desktop/AUITesting/Run 1/Community Card 38 Voted.png', '/Users/wtobey/Desktop/AUITesting/Run 1/Community Card 39 Unvoted.png', '/Users/wtobey/Desktop/AUITesting/Run 1/Community Card 39 Voted.png', '/Users/wtobey/Desktop/AUITesting/Run 1/Community Card 4 Unvoted.png', '/Users/wtobey/Desktop/AUITesting/Run 1/Community Card 4 Voted.png', '/Users/wtobey/Desktop/AUITesting/Run 1/Community Card 40 Unvoted.png', '/Users/wtobey/Desktop/AUITesting/Run 1/Community Card 41 Unvoted.png', '/Users/wtobey/Desktop/AUITesting/Run 1/Community Card 42 Unvoted.png', '/Users/wtobey/Desktop/AUITesting/Run 1/Community Card 43 Unvoted.png', '/Users/wtobey/Desktop/AUITesting/Run 1/Community Card 44 Unvoted.png', '/Users/wtobey/Desktop/AUITesting/Run 1/Community Card 45 Unvoted.png', '/Users/wtobey/Desktop/AUITesting/Run 1/Community Card 46 Unvoted.png', '/Users/wtobey/Desktop/AUITesting/Run 1/Community Card 46 Voted.png', '/Users/wtobey/Desktop/AUITesting/Run 1/Community Card 47 Unvoted.png', '/Users/wtobey/Desktop/AUITesting/Run 1/Community Card 47 Voted.png', '/Users/wtobey/Desktop/AUITesting/Run 1/Community Card 48 Unvoted.png', '/Users/wtobey/Desktop/AUITesting/Run 1/Community Card 48 Voted.png', '/Users/wtobey/Desktop/AUITesting/Run 1/Community Card 49 Unvoted.png', '/Users/wtobey/Desktop/AUITesting/Run 1/Community Card 49 Voted.png', '/Users/wtobey/Desktop/AUITesting/Run 1/Community Card 5 Unvoted.png', '/Users/wtobey/Desktop/AUITesting/Run 1/Community Card 5 Voted.png', '/Users/wtobey/Desktop/AUITesting/Run 1/Community Card 6 Unvoted.png', '/Users/wtobey/Desktop/AUITesting/Run 1/Community Card 6 Voted.png', '/Users/wtobey/Desktop/AUITesting/Run 1/Community Card 7 Unvoted.png', '/Users/wtobey/Desktop/AUITesting/Run 1/Community Card 7 Voted.png', '/Users/wtobey/Desktop/AUITesting/Run 1/Community Card 8 Unvoted.png', '/Users/wtobey/Desktop/AUITesting/Run 1/Community Card 8 Voted.png', '/Users/wtobey/Desktop/AUITesting/Run 1/Community Card 9 Unvoted.png', '/Users/wtobey/Desktop/AUITesting/Run 1/Community Card 9 Voted.png']
error	17-Jul-2015 11:54:21	Traceback (most recent call last):
error	17-Jul-2015 11:54:21	  File "parser.py", line 166, in <module>
error	17-Jul-2015 11:54:21	    shutil.move(retrievedPath, path + "/" + subtest)
error	17-Jul-2015 11:54:21	  File "/System/Library/Frameworks/Python.framework/Versions/2.7/lib/python2.7/shutil.py", line 291, in move
error	17-Jul-2015 11:54:21	    raise Error, "Destination path '%s' already exists" % real_dst
error	17-Jul-2015 11:54:21	shutil.Error: Destination path '/Users/wtobey/Desktop/AUITesting/Run 2015-07-17 18:28:00/Community/Ad/Community > Ad at index 20.png' already exists
build	17-Jul-2015 11:54:21	===================================Removing Trace===================================
build	17-Jul-2015 11:54:21	===================================Shutting Down Simulators===================================
build	17-Jul-2015 11:54:27	===================================Erasing Simulators===================================
build	17-Jul-2015 11:54:29	===================================Squitting Simulators===================================
simple	17-Jul-2015 11:54:29	Finished task 'Build and Run' with result: Success
simple	17-Jul-2015 11:54:29	Running post build plugin 'npm Cache Cleanup'
simple	17-Jul-2015 11:54:29	Running post build plugin 'NCover Results Collector'
simple	17-Jul-2015 11:54:29	Running post build plugin 'Clover Results Collector'
simple	17-Jul-2015 11:54:29	Running post build plugin 'Docker Container Cleanup'
simple	17-Jul-2015 11:54:29	Running post build plugin 'Artifact Copier'
simple	17-Jul-2015 11:54:29	Finalising the build...
simple	17-Jul-2015 11:54:29	Stopping timer.
simple	17-Jul-2015 11:54:29	Build WUT-BT-JOB1-96 completed.
simple	17-Jul-2015 11:54:29	Running on server: post build plugin 'NCover Results Collector'
simple	17-Jul-2015 11:54:29	Running on server: post build plugin 'Clover Delta Calculator'
simple	17-Jul-2015 11:54:29	Running on server: post build plugin 'Maven Dependencies Postprocessor'
simple	17-Jul-2015 11:54:29	Running on server: post build plugin 'Build Hanging Detection Configuration'
simple	17-Jul-2015 11:54:29	All post build plugins have finished
simple	17-Jul-2015 11:54:29	Generating build results summary...
simple	17-Jul-2015 11:54:29	Saving build results to disk...
simple	17-Jul-2015 11:54:29	Logging substituted variables...
simple	17-Jul-2015 11:54:29	Indexing build results...
simple	17-Jul-2015 11:54:29	Finished building WUT-BT-JOB1-96.
